
================================================================
======== txAdmin Starting - 7/28/2022, 6:24:55 AM               
================================================================

================================================================
======== Log Rotated - 7/28/2022, 6:24:55 AM                    
================================================================
[06:25:30] [Tristen_Rodriguez] logged in from 127.0.0.1 via password
[06:26:53] [Tristen_Rodriguez] logged in via in-game ui
[06:32:11] [Tristen_Rodriguez] RESTART SERVER
[06:33:04] [Tristen_Rodriguez] logged in via in-game ui
[06:50:17] [Tristen_Rodriguez] RESTART SERVER
[06:51:00] [Tristen_Rodriguez] logged in via in-game ui
[08:41:08] [Tristen_Rodriguez] RESTART SERVER
[08:41:43] [Tristen_Rodriguez] RESTART SERVER
[09:06:38] [Tristen_Rodriguez] RESTART SERVER
[09:28:19] [Tristen_Rodriguez] RESTART SERVER
[10:14:00] [Tristen_Rodriguez] RESTART SERVER
[10:21:47] [Tristen_Rodriguez] RESTART SERVER
[10:28:04] [Tristen_Rodriguez] RESTART SERVER
[11:47:05] [Tristen_Rodriguez] logged in via in-game ui
[12:08:25] [Tristen_Rodriguez] RESTART SERVER
[12:12:31] [Tristen_Rodriguez] RESTART SERVER
[14:45:01] [Tristen_Rodriguez] RESTART SERVER
[14:46:43] [Tristen_Rodriguez] RESTART SERVER
[14:51:12] [Tristen_Rodriguez] RESTART SERVER
[15:03:20] [Tristen_Rodriguez] logged in via in-game ui
[15:13:03] [Tristen_Rodriguez] RESTART SERVER
[15:15:24] [Tristen_Rodriguez] RESTART SERVER
[15:24:18] [Tristen_Rodriguez] RESTART SERVER
[15:24:51] [Tristen_Rodriguez] logged in via in-game ui
[15:28:46] [Tristen_Rodriguez] ensure "t1ger_keys"
[15:31:54] [Tristen_Rodriguez] RESTART SERVER
[15:44:41] [Tristen_Rodriguez] logged in via in-game ui
[07:15:33] [Tristen_Rodriguez] logged in from 127.0.0.1 via password
[07:15:38] [Tristen_Rodriguez] RESTART SERVER
[07:16:19] [Tristen_Rodriguez] logged in via in-game ui
[07:24:16] [Tristen_Rodriguez] RESTART SERVER
[07:25:43] [Tristen_Rodriguez] logged in via in-game ui
[07:28:20] [Tristen_Rodriguez] RESTART SERVER
[07:29:08] [Tristen_Rodriguez] logged in via in-game ui
[07:32:39] [Tristen_Rodriguez] RESTART SERVER

================================================================
======== txAdmin Starting - 7/29/2022, 7:59:01 AM               
================================================================
[08:00:19] [Tristen_Rodriguez] logged in from 127.0.0.1 via password
[08:00:24] [Tristen_Rodriguez] RESTART SERVER
[08:02:35] [Tristen_Rodriguez] logged in via in-game ui
[08:04:05] [Tristen_Rodriguez] RESTART SERVER
[08:05:58] [Tristen_Rodriguez] RESTART SERVER
[08:06:55] [Tristen_Rodriguez] RESTART SERVER
[08:08:34] [Tristen_Rodriguez] RESTART SERVER
[08:09:17] [Tristen_Rodriguez] RESTART SERVER
