
================================================================
======== txAdmin Starting - 8/7/2022, 12:00:54 AM               
================================================================

================================================================
======== Log Rotated - 8/7/2022, 12:00:54 AM                    
================================================================
[00:01:43] [Tristen_Rodriguez] logged in via in-game ui
[00:05:14] [Tristen_Rodriguez] logged in from 127.0.0.1 via password
[00:06:06] [Tristen_Rodriguez] ensure "radialmenu"
[00:12:26] [Tristen_Rodriguez] logged in via in-game ui
[00:24:54] [Tristen_Rodriguez] RESTART SERVER
[00:25:33] [Tristen_Rodriguez] logged in via in-game ui
[00:28:01] [Tristen_Rodriguez] ensure "t1ger_keys"
[00:28:59] [Tristen_Rodriguez] RESTART SERVER
[00:29:37] [Tristen_Rodriguez] logged in via in-game ui
[00:33:02] [Tristen_Rodriguez] ensure "t1ger_keys"
[00:37:09] [Tristen_Rodriguez] RESTART SERVER
[00:37:48] [Tristen_Rodriguez] logged in via in-game ui
[00:51:52] [Tristen_Rodriguez] RESTART SERVER
[00:52:31] [Tristen_Rodriguez] logged in via in-game ui
[01:27:51] [Tristen_Rodriguez] logged in via in-game ui
[01:56:38] [Tristen_Rodriguez] ensure "esx_accessories"
[02:00:42] [Tristen_Rodriguez] ensure "esx_accessories"
[02:02:59] [Tristen_Rodriguez] logged in via in-game ui

================================================================
======== txAdmin Starting - 8/7/2022, 1:20:18 PM                
================================================================
[13:21:47] [Tristen_Rodriguez] logged in via in-game ui
[13:52:01] [Tristen_Rodriguez] logged in from 127.0.0.1 via password
[13:52:05] [Tristen_Rodriguez] RESTART SERVER
[13:52:46] [Tristen_Rodriguez] logged in via in-game ui
[14:13:09] [Tristen_Rodriguez] RESTART SERVER
[14:13:57] [Tristen_Rodriguez] logged in via in-game ui
[14:15:08] [Tristen_Rodriguez] RESTART SERVER
[14:15:45] [Tristen_Rodriguez] logged in via in-game ui
[15:03:55] [Tristen_Rodriguez] RESTART SERVER
[15:05:06] [Tristen_Rodriguez] logged in via in-game ui
[15:25:40] [Tristen_Rodriguez] RESTART SERVER
[15:51:17] [Tristen_Rodriguez] logged in via in-game ui
[15:59:58] [Tristen_Rodriguez] logged in via in-game ui
[16:21:14] [Tristen_Rodriguez] RESTART SERVER
[16:21:51] [Tristen_Rodriguez] logged in via in-game ui
[17:06:29] [eddy_galapagos] logged in via in-game ui
[17:07:04] [Tristen_Rodriguez] logged in via in-game ui
[18:20:45] [Tristen_Rodriguez] RESTART SERVER
[18:21:24] [Tristen_Rodriguez] logged in via in-game ui
[18:44:26] [Tristen_Rodriguez] RESTART SERVER
[18:45:15] [Tristen_Rodriguez] logged in via in-game ui
[18:55:40] [Tristen_Rodriguez] RESTART SERVER
[18:57:44] [Tristen_Rodriguez] RESTART SERVER
[18:58:15] [Tristen_Rodriguez] logged in via in-game ui
[18:58:51] [Tristen_Rodriguez] RESTART SERVER
[18:59:42] [Tristen_Rodriguez] logged in via in-game ui
[19:42:27] [Tristen_Rodriguez] ensure "esx_policejob"
[19:45:52] [Tristen_Rodriguez] RESTART SERVER
[19:46:33] [Tristen_Rodriguez] logged in via in-game ui
[19:54:27] [Tristen_Rodriguez] RESTART SERVER
[19:55:05] [Tristen_Rodriguez] logged in via in-game ui
[20:00:19] [Tristen_Rodriguez] ensure "esx_policejob"
