
================================================================
======== txAdmin Starting - 7/27/2022, 11:36:29 AM              
================================================================

================================================================
======== Log Rotated - 7/27/2022, 11:36:29 AM                   
================================================================
[11:37:49] [Tristen_Rodriguez] logged in via in-game ui
[13:43:03] [Tristen_Rodriguez] logged in from 127.0.0.1 via password
[13:43:09] [Tristen_Rodriguez] RESTART SERVER
[13:44:49] [Tristen_Rodriguez] logged in via in-game ui
[13:47:36] [Tristen_Rodriguez] RESTART SERVER
[13:55:01] [Tristen_Rodriguez] logged in via in-game ui
[14:06:29] [Tristen_Rodriguez] RESTART SERVER
[14:07:15] [Tristen_Rodriguez] logged in via in-game ui
[16:22:08] [Tristen_Rodriguez] RESTART SERVER
[16:22:59] [Tristen_Rodriguez] logged in via in-game ui
[16:35:38] [Tristen_Rodriguez] RESTART SERVER
[16:35:58] [Tristen_Rodriguez] RESTART SERVER
[16:36:35] [Tristen_Rodriguez] RESTART SERVER
[16:37:55] [Tristen_Rodriguez] RESTART SERVER
[16:39:17] [Tristen_Rodriguez] logged in via in-game ui
[16:58:44] [Tristen_Rodriguez] RESTART SERVER
[16:59:39] [Tristen_Rodriguez] logged in via in-game ui

================================================================
======== txAdmin Starting - 7/27/2022, 7:20:43 PM               
================================================================
[19:21:02] [Tristen_Rodriguez] logged in from 127.0.0.1 via password
[19:22:43] [Tristen_Rodriguez] logged in via in-game ui
[19:28:34] [Tristen_Rodriguez] RESTART SERVER
[19:29:20] [Tristen_Rodriguez] logged in via in-game ui
[19:33:15] [Tristen_Rodriguez] refresh
[19:34:00] [Tristen_Rodriguez] RESTART SERVER
[19:36:24] [Tristen_Rodriguez] RESTART SERVER
[19:37:31] [Tristen_Rodriguez] logged in via in-game ui
[19:41:17] [Tristen_Rodriguez] RESTART SERVER
[19:42:04] [Tristen_Rodriguez] logged in via in-game ui
[19:44:37] [Tristen_Rodriguez] refresh
[19:44:44] [Tristen_Rodriguez] RESTART SERVER
[19:45:41] [Tristen_Rodriguez] logged in via in-game ui
[19:49:51] [Tristen_Rodriguez] RESTART SERVER
[19:50:36] [Tristen_Rodriguez] logged in via in-game ui
[20:00:17] [Tristen_Rodriguez] RESTART SERVER
[20:01:40] [Tristen_Rodriguez] logged in via in-game ui
[20:04:38] [Tristen_Rodriguez] RESTART SERVER
[20:04:51] [Tristen_Rodriguez] RESTART SERVER
[20:06:05] [Tristen_Rodriguez] logged in via in-game ui
[20:22:37] [Tristen_Rodriguez] RESTART SERVER
[20:23:19] [Tristen_Rodriguez] logged in via in-game ui
[20:25:06] [Tristen_Rodriguez] RESTART SERVER
[20:25:45] [Tristen_Rodriguez] logged in via in-game ui
[20:27:07] [Tristen_Rodriguez] RESTART SERVER
[20:30:07] [Tristen_Rodriguez] logged in via in-game ui
[20:47:06] [Tristen_Rodriguez] RESTART SERVER
[20:47:49] [Tristen_Rodriguez] logged in via in-game ui
[21:05:17] [Tristen_Rodriguez] RESTART SERVER
[21:06:04] [Tristen_Rodriguez] logged in via in-game ui
[21:16:26] [Tristen_Rodriguez] RESTART SERVER
[21:17:17] [Tristen_Rodriguez] logged in via in-game ui
[21:22:05] [Tristen_Rodriguez] RESTART SERVER
[21:23:29] [Tristen_Rodriguez] logged in via in-game ui
