
================================================================
======== txAdmin Starting - 7/31/2022, 4:37:48 PM               
================================================================

================================================================
======== Log Rotated - 7/31/2022, 4:37:48 PM                    
================================================================
[16:53:43] [Tristen_Rodriguez] logged in via in-game ui
[19:41:40] [Tristen_Rodriguez] logged in from 127.0.0.1 via password
[19:41:44] [Tristen_Rodriguez] RESTART SERVER
[19:42:27] [Tristen_Rodriguez] logged in via in-game ui
[19:43:29] [Tristen_Rodriguez] logged in via in-game ui
[19:52:45] [Tristen_Rodriguez] RESTART SERVER
[19:55:19] [Tristen_Rodriguez] logged in via in-game ui
[20:00:36] [Tristen_Rodriguez] RESTART SERVER
[20:01:17] [Tristen_Rodriguez] logged in via in-game ui
[20:05:30] [Tristen_Rodriguez] RESTART SERVER
[20:06:35] [Tristen_Rodriguez] logged in via in-game ui
[20:16:56] [Tristen_Rodriguez] RESTART SERVER
[20:18:11] [Tristen_Rodriguez] logged in via in-game ui
[20:34:45] [Tristen_Rodriguez] RESTART SERVER
[20:35:27] [Tristen_Rodriguez] logged in via in-game ui
[20:58:48] [Tristen_Rodriguez] RESTART SERVER
[20:59:58] [Tristen_Rodriguez] logged in via in-game ui
[21:11:12] [Tristen_Rodriguez] RESTART SERVER
[21:11:54] [Tristen_Rodriguez] logged in via in-game ui
[21:15:42] [Tristen_Rodriguez] RESTART SERVER
[21:16:25] [Tristen_Rodriguez] logged in via in-game ui
[21:27:26] [Tristen_Rodriguez] RESTART SERVER
[21:28:09] [Tristen_Rodriguez] logged in via in-game ui
[21:38:29] [Tristen_Rodriguez] RESTART SERVER
[21:39:15] [Tristen_Rodriguez] logged in via in-game ui
[22:02:31] [Tristen_Rodriguez] RESTART SERVER
[22:04:48] [Tristen_Rodriguez] logged in via in-game ui
[22:42:41] [Tristen_Rodriguez] RESTART SERVER
[22:42:56] [Tristen_Rodriguez] RESTART SERVER
[22:44:14] [Tristen_Rodriguez] logged in via in-game ui
[22:57:51] [Tristen_Rodriguez] RESTART SERVER
[22:58:58] [Tristen_Rodriguez] logged in via in-game ui
[23:36:24] [Tristen_Rodriguez] RESTART SERVER
[23:37:08] [Tristen_Rodriguez] logged in via in-game ui
[23:56:46] [Tristen_Rodriguez] RESTART SERVER
[23:57:37] [Tristen_Rodriguez] logged in via in-game ui
[00:22:44] [Tristen_Rodriguez] RESTART SERVER
[00:23:25] [Tristen_Rodriguez] logged in via in-game ui
[00:26:23] [Tristen_Rodriguez] RESTART SERVER
[00:27:03] [Tristen_Rodriguez] logged in via in-game ui

================================================================
======== txAdmin Starting - 8/1/2022, 8:59:08 AM                
================================================================
[08:59:43] [Tristen_Rodriguez] logged in via in-game ui
[09:09:01] [Tristen_Rodriguez] logged in via in-game ui
[11:24:15] [Tristen_Rodriguez] logged in from 127.0.0.1 via password
[11:24:32] [Tristen_Rodriguez] RESTART SERVER
[11:25:41] [Tristen_Rodriguez] logged in via in-game ui
[11:32:41] [Tristen_Rodriguez] RESTART SERVER
[11:36:22] [Tristen_Rodriguez] RESTART SERVER
[11:37:32] [Tristen_Rodriguez] logged in via in-game ui

================================================================
======== txAdmin Starting - 8/1/2022, 12:13:08 PM               
================================================================

================================================================
======== txAdmin Starting - 8/1/2022, 12:20:10 PM               
================================================================
[12:22:12] [Tristen_Rodriguez] logged in via in-game ui
[12:23:04] [Tristen_Rodriguez] logged in from 127.0.0.1 via password
[12:23:07] [Tristen_Rodriguez] RESTART SERVER
[12:23:43] [Tristen_Rodriguez] logged in via in-game ui
[12:26:07] [Tristen_Rodriguez] RESTART SERVER
[12:27:35] [Tristen_Rodriguez] logged in via in-game ui
[12:46:49] [Tristen_Rodriguez] ensure "esx_jobs"
[12:58:53] [Tristen_Rodriguez] logged in via in-game ui
[13:02:23] [Tristen_Rodriguez] logged in via in-game ui
[13:05:45] [Tristen_Rodriguez] RESTART SERVER
[13:09:56] [Tristen_Rodriguez] logged in via in-game ui
[14:25:32] [Tristen_Rodriguez] logged in via in-game ui
[14:40:25] [Tristen_Rodriguez] RESTART SERVER
[14:41:19] [Tristen_Rodriguez] logged in via in-game ui
[14:51:03] [Tristen_Rodriguez] RESTART SERVER
[14:51:43] [Tristen_Rodriguez] logged in via in-game ui
[15:50:27] [Tristen_Rodriguez] logged in via in-game ui
[16:03:02] [Tristen_Rodriguez] RESTART SERVER
[16:03:46] [Tristen_Rodriguez] logged in via in-game ui
[16:56:07] [Tristen_Rodriguez] RESTART SERVER
[16:56:51] [Tristen_Rodriguez] logged in via in-game ui
[17:01:45] [Tristen_Rodriguez] RESTART SERVER
[17:02:16] [Tristen_Rodriguez] RESTART SERVER
[17:06:31] [Tristen_Rodriguez] logged in via in-game ui
[17:08:57] [Tristen_Rodriguez] RESTART SERVER
[17:10:51] [Tristen_Rodriguez] RESTART SERVER
[17:11:30] [Tristen_Rodriguez] RESTART SERVER
[17:12:38] [Tristen_Rodriguez] RESTART SERVER
[17:13:21] [Tristen_Rodriguez] logged in via in-game ui
[17:40:25] [Tristen_Rodriguez] RESTART SERVER
[17:43:57] [Tristen_Rodriguez] RESTART SERVER
[17:45:37] [Tristen_Rodriguez] RESTART SERVER
[17:48:03] [Tristen_Rodriguez] RESTART SERVER
[17:50:43] [Tristen_Rodriguez] RESTART SERVER
[17:56:01] [Tristen_Rodriguez] logged in via in-game ui
[18:14:06] [Tristen_Rodriguez] RESTART SERVER
[18:14:48] [Tristen_Rodriguez] logged in via in-game ui
[18:17:58] [Tristen_Rodriguez] RESTART SERVER
[18:18:38] [Tristen_Rodriguez] logged in via in-game ui
[18:29:43] [Tristen_Rodriguez] RESTART SERVER
[18:30:26] [Tristen_Rodriguez] logged in via in-game ui
[18:38:00] [Tristen_Rodriguez] RESTART SERVER
[18:39:58] [Tristen_Rodriguez] logged in via in-game ui
[19:02:06] [Tristen_Rodriguez] RESTART SERVER
[19:03:16] [Tristen_Rodriguez] logged in via in-game ui
[19:06:33] [Tristen_Rodriguez] RESTART SERVER
[19:07:19] [Tristen_Rodriguez] logged in via in-game ui
[19:08:10] [Tristen_Rodriguez] ensure "esx_policejob"
[19:09:23] [Tristen_Rodriguez] RESTART SERVER
[19:10:04] [Tristen_Rodriguez] logged in via in-game ui
