
================================================================
======== txAdmin Starting - 7/23/2022, 9:07:13 AM               
================================================================

================================================================
======== Log Rotated - 7/23/2022, 9:07:14 AM                    
================================================================
[09:16:33] [Tristen_Rodriguez] logged in via in-game ui
[09:51:20] [Tristen_Rodriguez] logged in from 127.0.0.1 via password
[09:51:51] [Tristen_Rodriguez] Adding admin 'Eddy_Galapagos'.
[10:17:06] [Tristen_Rodriguez] RESTART SERVER
[10:18:30] [Tristen_Rodriguez] RESTART SERVER
[10:19:38] [Tristen_Rodriguez] RESTART SERVER
[10:20:30] [Tristen_Rodriguez] RESTART SERVER
[10:21:43] [Tristen_Rodriguez] RESTART SERVER
[10:22:15] [Tristen_Rodriguez] RESTART SERVER
[10:22:38] [Tristen_Rodriguez] RESTART SERVER

================================================================
======== txAdmin Starting - 7/23/2022, 10:51:12 AM              
================================================================

================================================================
======== txAdmin Starting - 7/23/2022, 11:20:56 AM              
================================================================
[11:22:29] [Tristen_Rodriguez] logged in from 127.0.0.1 via password
[11:22:33] [Tristen_Rodriguez] RESTART SERVER
[11:23:13] [Tristen_Rodriguez] RESTART SERVER
[11:24:57] [Tristen_Rodriguez] RESTART SERVER
[11:29:03] [Tristen_Rodriguez] RESTART SERVER
[11:33:38] [Tristen_Rodriguez] logged in via in-game ui
[11:38:14] [Tristen_Rodriguez] logged in via in-game ui
[11:43:17] [Tristen_Rodriguez] RESTART SERVER
[11:46:09] [Tristen_Rodriguez] RESTART SERVER
[11:46:19] [Tristen_Rodriguez] RESTART SERVER

================================================================
======== txAdmin Starting - 7/23/2022, 11:47:26 AM              
================================================================
[11:48:27] [MONITOR] Restarting server (server failed to start within 300 seconds).
[11:49:28] [MONITOR] Restarting server (server close detected).
[11:50:31] [MONITOR] Restarting server (server close detected).
[11:51:32] [MONITOR] Restarting server (server close detected).
[11:52:35] [MONITOR] Restarting server (server failed to start within 300 seconds).

================================================================
======== txAdmin Starting - 7/23/2022, 12:31:26 PM              
================================================================
[12:32:39] [Tristen_Rodriguez] logged in from 127.0.0.1 via password
[12:48:17] [Tristen_Rodriguez] RESTART SERVER

================================================================
======== txAdmin Starting - 7/23/2022, 12:54:40 PM              
================================================================

================================================================
======== txAdmin Starting - 7/23/2022, 12:57:01 PM              
================================================================
[13:03:57] [Tristen_Rodriguez] logged in from 127.0.0.1 via password
[13:04:06] [Tristen_Rodriguez] RESTART SERVER
[13:11:12] [Tristen_Rodriguez] RESTART SERVER
[13:11:44] [Tristen_Rodriguez] RESTART SERVER

================================================================
======== txAdmin Starting - 7/23/2022, 1:46:41 PM               
================================================================
[13:48:22] [Tristen_Rodriguez] logged in from 127.0.0.1 via password
[13:48:28] [Tristen_Rodriguez] RESTART SERVER
[13:48:54] [Tristen_Rodriguez] RESTART SERVER
[13:53:19] [Tristen_Rodriguez] RESTART SERVER
[13:54:03] [Tristen_Rodriguez] RESTART SERVER
[14:01:23] [Tristen_Rodriguez] RESTART SERVER
[14:10:13] [Tristen_Rodriguez] RESTART SERVER
[14:14:50] [Tristen_Rodriguez] logged in via in-game ui

================================================================
======== txAdmin Starting - 7/23/2022, 2:47:07 PM               
================================================================
[14:50:14] [Tristen_Rodriguez] logged in via in-game ui
[15:03:06] [Tristen_Rodriguez] logged in from 127.0.0.1 via password
[15:03:09] [Tristen_Rodriguez] RESTART SERVER
[15:04:05] [Tristen_Rodriguez] logged in via in-game ui
[15:22:34] [Tristen_Rodriguez] RESTART SERVER
[15:28:43] [Tristen_Rodriguez] RESTART SERVER
[15:30:16] [Tristen_Rodriguez] logged in via in-game ui

================================================================
======== txAdmin Starting - 7/23/2022, 3:43:28 PM               
================================================================
[15:44:23] [Tristen_Rodriguez] logged in via in-game ui

================================================================
======== txAdmin Starting - 7/23/2022, 4:27:43 PM               
================================================================
[16:28:53] [Tristen_Rodriguez] logged in from 127.0.0.1 via password

================================================================
======== txAdmin Starting - 7/23/2022, 4:41:34 PM               
================================================================
[16:44:41] [Tristen_Rodriguez] logged in from 127.0.0.1 via password
[16:44:48] [Tristen_Rodriguez] RESTART SERVER
[16:47:02] [Tristen_Rodriguez] RESTART SERVER
[16:48:04] [Tristen_Rodriguez] RESTART SERVER
[16:55:01] [Tristen_Rodriguez] RESTART SERVER
[16:57:02] [Tristen_Rodriguez] RESTART SERVER
[16:58:04] [Tristen_Rodriguez] RESTART SERVER
[16:59:02] [Tristen_Rodriguez] RESTART SERVER
[17:00:24] [Tristen_Rodriguez] RESTART SERVER
[17:03:01] [Tristen_Rodriguez] RESTART SERVER
[17:03:50] [Tristen_Rodriguez] logged in via in-game ui
[17:05:15] [Tristen_Rodriguez] RESTART SERVER
[17:07:00] [Tristen_Rodriguez] RESTART SERVER
[17:07:44] [Tristen_Rodriguez] RESTART SERVER
[17:10:46] [Tristen_Rodriguez] RESTART SERVER

================================================================
======== txAdmin Starting - 7/23/2022, 5:14:42 PM               
================================================================
[17:15:11] [Tristen_Rodriguez] logged in via in-game ui

================================================================
======== txAdmin Starting - 7/23/2022, 5:25:49 PM               
================================================================
[17:25:55] [Tristen_Rodriguez] logged in from 127.0.0.1 via password
[17:26:33] [Tristen_Rodriguez] RESTART SERVER
[17:27:12] [Tristen_Rodriguez] RESTART SERVER
[17:39:39] [Tristen_Rodriguez] RESTART SERVER
[17:42:40] [Tristen_Rodriguez] RESTART SERVER
[17:44:08] [Tristen_Rodriguez] RESTART SERVER
[17:44:43] [Tristen_Rodriguez] logged in via in-game ui
[17:45:34] [Tristen_Rodriguez] RESTART SERVER
[17:46:13] [Tristen_Rodriguez] logged in via in-game ui
[17:46:21] [Tristen_Rodriguez] RESTART SERVER
[17:47:15] [Tristen_Rodriguez] RESTART SERVER
[17:48:19] [Tristen_Rodriguez] RESTART SERVER
[17:48:52] [Tristen_Rodriguez] logged in via in-game ui
[17:50:28] [Tristen_Rodriguez] RESTART SERVER
[17:50:45] [Tristen_Rodriguez] RESTART SERVER
[17:51:19] [Tristen_Rodriguez] logged in via in-game ui
[17:57:11] [Tristen_Rodriguez] RESTART SERVER
[18:00:42] [Tristen_Rodriguez] logged in via in-game ui
[18:01:21] [Tristen_Rodriguez] RESTART SERVER
[18:02:01] [Tristen_Rodriguez] logged in via in-game ui
[18:02:44] [Tristen_Rodriguez] RESTART SERVER
[18:03:39] [Tristen_Rodriguez] logged in via in-game ui
[18:05:16] [Tristen_Rodriguez] RESTART SERVER
[18:05:55] [Tristen_Rodriguez] logged in via in-game ui

================================================================
======== txAdmin Starting - 7/23/2022, 7:49:46 PM               
================================================================
[19:52:49] [Tristen_Rodriguez] logged in via in-game ui
[20:01:25] [Tristen_Rodriguez] logged in from via NUI iframe
[20:01:34] [Tristen_Rodriguez] Deleting user 'Eddy_Galapagos'.
[20:01:34] [Tristen_Rodriguez] logged in via in-game ui
[20:01:39] [Tristen_Rodriguez] Adding admin 'eddy_galapagos'.
[20:01:39] [Tristen_Rodriguez] logged in via in-game ui
[20:01:39] [eddy_galapagos] logged in via in-game ui
[20:01:47] [Tristen_Rodriguez] logged in via in-game ui
[20:01:47] [eddy_galapagos] logged in via in-game ui
[20:01:49] [Tristen_Rodriguez] Editing user 'eddy_galapagos'.
[20:01:49] [Tristen_Rodriguez] logged in via in-game ui
[20:01:49] [eddy_galapagos] logged in via in-game ui
[20:02:02] [Tristen_Rodriguez] logged in via in-game ui
[20:02:02] [eddy_galapagos] logged in via in-game ui
[20:02:24] [Tristen_Rodriguez] logged in from via NUI iframe
[20:02:43] [Tristen_Rodriguez] Editing user 'eddy_galapagos'.
[20:02:43] [Tristen_Rodriguez] logged in via in-game ui
[20:02:43] [eddy_galapagos] logged in via in-game ui
[20:07:51] [Tristen_Rodriguez] logged in from 127.0.0.1 via password
[20:07:59] [Tristen_Rodriguez] ensure "esx_skin"
[20:08:58] [Tristen_Rodriguez] ensure "esx_skin"
[20:09:21] [Tristen_Rodriguez] RESTART SERVER
[20:10:28] [eddy_galapagos] logged in via in-game ui
[20:11:31] [Tristen_Rodriguez] logged in via in-game ui
[20:12:13] [eddy_galapagos] logged in from via NUI iframe
[20:17:49] [Tristen_Rodriguez] RESTART SERVER
[20:18:34] [Tristen_Rodriguez] Deleting user 'eddy_galapagos'.
[20:18:41] [Tristen_Rodriguez] RESTART SERVER
[20:20:07] [Tristen_Rodriguez] refresh
[20:20:12] [Tristen_Rodriguez] ensure "esx_weaponshop"
[20:20:31] [Tristen_Rodriguez] logged in via in-game ui
[20:22:48] [Tristen_Rodriguez] RESTART SERVER
[20:23:39] [Tristen_Rodriguez] logged in via in-game ui
[20:25:25] [Tristen_Rodriguez] RESTART SERVER
[20:26:15] [Tristen_Rodriguez] logged in via in-game ui
[20:27:23] [Tristen_Rodriguez] logged in via in-game ui
[20:34:21] [Tristen_Rodriguez] RESTART SERVER
[20:35:48] [Tristen_Rodriguez] logged in via in-game ui
[20:37:05] [Tristen_Rodriguez] RESTART SERVER
[20:38:23] [Tristen_Rodriguez] logged in via in-game ui
[20:39:21] [Tristen_Rodriguez] RESTART SERVER
[20:40:00] [Tristen_Rodriguez] RESTART SERVER
[20:40:16] [Tristen_Rodriguez] RESTART SERVER
[20:40:36] [Tristen_Rodriguez] RESTART SERVER
[20:40:49] [Tristen_Rodriguez] RESTART SERVER
[20:41:52] [Tristen_Rodriguez] RESTART SERVER
[20:42:23] [Tristen_Rodriguez] logged in via in-game ui
[20:45:53] [Tristen_Rodriguez] RESTART SERVER
[20:46:59] [Tristen_Rodriguez] logged in via in-game ui
[20:51:59] [Tristen_Rodriguez] RESTART SERVER
[20:57:17] [Tristen_Rodriguez] RESTART SERVER
[20:57:40] [Tristen_Rodriguez] logged in via in-game ui
[21:01:22] [Tristen_Rodriguez] ensure "esx_weaponshop"
[21:02:09] [Tristen_Rodriguez] ensure "esx_weaponshop"
[21:03:54] [Tristen_Rodriguez] ensure "esx_weaponshop"
[21:05:14] [Tristen_Rodriguez] ensure "esx_society"
[21:13:42] [Tristen_Rodriguez] ensure "esx_weaponshop"
[21:15:25] [Tristen_Rodriguez] RESTART SERVER
[21:16:04] [Tristen_Rodriguez] logged in via in-game ui
[21:24:42] [Tristen_Rodriguez] RESTART SERVER
[21:25:21] [Tristen_Rodriguez] logged in via in-game ui
[21:34:25] [Tristen_Rodriguez] RESTART SERVER
[21:35:05] [Tristen_Rodriguez] logged in via in-game ui
[21:38:44] [Tristen_Rodriguez] ensure "gksphone"
[22:54:11] [Tristen_Rodriguez] refresh
[22:54:16] [Tristen_Rodriguez] ensure "removeAllAi"
[23:44:09] [Tristen_Rodriguez] RESTART SERVER
[23:51:17] [Tristen_Rodriguez] RESTART SERVER
[23:51:51] [Tristen_Rodriguez] logged in via in-game ui
[00:03:51] [Tristen_Rodriguez] RESTART SERVER
[00:05:33] [Tristen_Rodriguez] RESTART SERVER
[00:05:57] [Tristen_Rodriguez] logged in via in-game ui
[00:16:31] [Tristen_Rodriguez] RESTART SERVER
[00:17:23] [Tristen_Rodriguez] logged in via in-game ui
[00:18:37] [Tristen_Rodriguez] RESTART SERVER
[00:19:25] [Tristen_Rodriguez] logged in via in-game ui
[00:20:30] [Tristen_Rodriguez] logged in via in-game ui
[00:21:03] [Tristen_Rodriguez] RESTART SERVER
[00:21:48] [Tristen_Rodriguez] logged in via in-game ui
[00:25:36] [Tristen_Rodriguez] RESTART SERVER
[00:26:09] [Tristen_Rodriguez] logged in via in-game ui
