
================================================================
======== Log Rotated - 8/8/2022, 6:45:37 PM                     
================================================================

================================================================
======== FXServer Starting - 8/8/2022, 6:45:37 PM               
================================================================
[    c-scripting-core] Creating script environments for _cfx_internal
[ citizen-server-impl] Scanning resources.
[ citizen-server-impl] [0mFound 95 resources.
[ citizen-server-impl] Some resources have an outdated resource manifest:
[ citizen-server-impl]     - SeatShuffle
[ citizen-server-impl]     - dc_ads
[ citizen-server-impl]     - handsup
[ citizen-server-impl]     - nohelmet
[ citizen-server-impl]     - progressBars
[ citizen-server-impl] 
[ citizen-server-impl] Please update these resources.
[          svadhesive] [0mAuthenticating server license key...
[          svadhesive] Server license key authentication succeeded. Welcome!
[    c-scripting-core] Creating script environments for sessionmanager
[ citizen-server-impl] [0mStarted resource sessionmanager
[    c-scripting-core] Creating script environments for monitor
[      script:monitor] [txAdminClient] Version 4.14.0 starting...
[ citizen-server-impl] Started resource monitor
[              cmdsys] No such command Config.Multichar.
[    c-scripting-core] [97mCreating script environments for yarn
[ citizen-server-impl] Started resource yarn
[    c-scripting-core] Creating script environments for webpack
[ citizen-server-impl] [97mStarted resource webpack
[    c-scripting-core] [0mCreating script environments for chat
[ citizen-server-impl] Started resource chat
[    c-scripting-core] Creating script environments for cron
[ citizen-server-impl] Started resource cron
[    c-scripting-core] Creating script environments for mapmanager
[ citizen-server-impl] Started resource mapmanager
[    c-scripting-core] Creating script environments for hardcap
[ citizen-server-impl] [97mStarted resource hardcap
[    c-scripting-core] [97mCreating script environments for rconlog
[ citizen-server-impl] [97mStarted resource rconlog
[    c-scripting-core] [97mCreating script environments for mysql-async
[ citizen-server-impl] Started resource mysql-async
[    c-scripting-core] [97mCreating script environments for mysql
[ citizen-server-impl] Started resource mysql
[ citizen-server-impl] Started resource spawnmanager
[    c-scripting-core] Creating script environments for es_extended
[ citizen-server-impl] Started resource es_extended
[    c-scripting-core] [97mCreating script environments for async
[ citizen-server-impl] Started resource async
[ citizen-server-impl] Asset eup-stream/mp_f_freemode_01^jbib_002_u.ydd uses 24.0 MiB of physical memory.
[ citizen-server-impl] Asset eup-stream/mp_f_freemode_01^jbib_004_u.ydd uses 24.0 MiB of physical memory.
[ citizen-server-impl] Asset eup-stream/mp_f_freemode_01^jbib_097_u.ydd uses 24.0 MiB of physical memory.
[ citizen-server-impl] Asset eup-stream/mp_m_freemode_01^hair_005_u.ydd uses 24.0 MiB of virtual memory.
[ citizen-server-impl] Asset eup-stream/mp_m_freemode_01^head_diff_052_a_uni.ytd uses 32.0 MiB of physical memory.
[ citizen-server-impl] [94mAsset eup-stream/mp_m_freemode_01^head_diff_053_b_uni.ytd uses 32.0 MiB of physical memory.
[ citizen-server-impl] Asset eup-stream/mp_m_freemode_01^head_diff_056_a_uni.ytd uses 32.0 MiB of physical memory.
[ citizen-server-impl] [94mAsset eup-stream/mp_m_freemode_01^head_diff_060_a_uni.ytd uses 32.0 MiB of physical memory.
[ citizen-server-impl] Asset eup-stream/mp_m_freemode_01^head_diff_061_a_uni.ytd uses 32.0 MiB of physical memory.
[ citizen-server-impl] Asset eup-stream/mp_m_freemode_01^jbib_016_u.ydd uses 32.0 MiB of physical memory.
[ citizen-server-impl] [0mAsset eup-stream/mp_m_freemode_01^jbib_019_u.ydd uses 64.0 MiB of physical memory. Oversized assets can and WILL lead to streaming issues (models not loading/rendering, commonly known as 'texture loss', 'city bug' or 'streaming isn't great').
[ citizen-server-impl] Asset eup-stream/mp_m_freemode_01^jbib_020_u.ydd uses 32.0 MiB of physical memory.
[ citizen-server-impl] [0mAsset eup-stream/mp_m_freemode_01^jbib_031_u.ydd uses 32.0 MiB of physical memory.
[ citizen-server-impl] Asset eup-stream/mp_m_freemode_01^jbib_041_u.ydd uses 40.0 MiB of virtual memory.
[ citizen-server-impl] Asset eup-stream/mp_m_freemode_01^jbib_diff_011_a_uni.ytd uses 32.0 MiB of physical memory.
[ citizen-server-impl] Asset eup-stream/mp_m_freemode_01^jbib_diff_011_e_uni.ytd uses 64.0 MiB of physical memory. Oversized assets can and WILL lead to streaming issues (models not loading/rendering, commonly known as 'texture loss', 'city bug' or 'streaming isn't great').
[ citizen-server-impl] Asset eup-stream/mp_m_freemode_01^jbib_diff_012_c_uni.ytd uses 32.0 MiB of physical memory.
[ citizen-server-impl] [0mAsset eup-stream/mp_m_freemode_01^jbib_diff_012_d_uni.ytd uses 32.0 MiB of physical memory.
[ citizen-server-impl] Asset eup-stream/mp_m_freemode_01^jbib_diff_012_g_uni.ytd uses 32.0 MiB of physical memory.
[ citizen-server-impl] [0mAsset eup-stream/mp_m_freemode_01^jbib_diff_012_k_uni.ytd uses 32.0 MiB of physical memory.
[ citizen-server-impl] [0mAsset eup-stream/mp_m_freemode_01^jbib_diff_012_m_uni.ytd uses 32.0 MiB of physical memory.
[ citizen-server-impl] Asset eup-stream/mp_m_freemode_01^jbib_diff_012_n_uni.ytd uses 32.0 MiB of physical memory.
[ citizen-server-impl] [94mAsset eup-stream/mp_m_freemode_01^jbib_diff_013_k_uni.ytd uses 32.0 MiB of physical memory.
[ citizen-server-impl] [0mAsset eup-stream/mp_m_freemode_01^jbib_diff_013_l_uni.ytd uses 32.0 MiB of physical memory.
[ citizen-server-impl] Asset eup-stream/mp_m_freemode_01^jbib_diff_016_a_uni.ytd uses 32.0 MiB of physical memory.
[ citizen-server-impl] [94mAsset eup-stream/mp_m_freemode_01^jbib_diff_016_b_uni.ytd uses 32.0 MiB of physical memory.
[ citizen-server-impl] [0mAsset eup-stream/mp_m_freemode_01^jbib_diff_016_c_uni.ytd uses 32.0 MiB of physical memory.
[ citizen-server-impl] [94mAsset eup-stream/mp_m_freemode_01^jbib_diff_016_d_uni.ytd uses 32.0 MiB of physical memory.
[ citizen-server-impl] [0mAsset eup-stream/mp_m_freemode_01^jbib_diff_016_e_uni.ytd uses 32.0 MiB of physical memory.
[ citizen-server-impl] Asset eup-stream/mp_m_freemode_01^jbib_diff_016_f_uni.ytd uses 32.0 MiB of physical memory.
[ citizen-server-impl] Asset eup-stream/mp_m_freemode_01^jbib_diff_016_g_uni.ytd uses 32.0 MiB of physical memory.
[ citizen-server-impl] Asset eup-stream/mp_m_freemode_01^jbib_diff_016_h_uni.ytd uses 32.0 MiB of physical memory.
[ citizen-server-impl] Asset eup-stream/mp_m_freemode_01^jbib_diff_016_i_uni.ytd uses 32.0 MiB of physical memory.
[ citizen-server-impl] Asset eup-stream/mp_m_freemode_01^jbib_diff_016_j_uni.ytd uses 32.0 MiB of physical memory.
[ citizen-server-impl] Asset eup-stream/mp_m_freemode_01^jbib_diff_016_k_uni.ytd uses 32.0 MiB of physical memory.
[ citizen-server-impl] Asset eup-stream/mp_m_freemode_01^jbib_diff_016_l_uni.ytd uses 32.0 MiB of physical memory.
[ citizen-server-impl] Asset eup-stream/mp_m_freemode_01^jbib_diff_016_m_uni.ytd uses 32.0 MiB of physical memory.
[ citizen-server-impl] Asset eup-stream/mp_m_freemode_01^jbib_diff_017_a_uni.ytd uses 32.0 MiB of physical memory.
[38;5;73m[ citizen-server-impl] Asset eup-stream/mp_m_freemode_01^jbib_diff_017_b_uni.ytd uses 32.0 MiB of physical memory.
[ citizen-server-impl] [94mAsset eup-stream/mp_m_freemode_01^jbib_diff_017_c_uni.ytd uses 32.0 MiB of physical memory.
[ citizen-server-impl] Asset eup-stream/mp_m_freemode_01^jbib_diff_017_d_uni.ytd uses 32.0 MiB of physical memory.
[ citizen-server-impl] [0mAsset eup-stream/mp_m_freemode_01^jbib_diff_017_e_uni.ytd uses 32.0 MiB of physical memory.
[ citizen-server-impl] Asset eup-stream/mp_m_freemode_01^jbib_diff_017_f_uni.ytd uses 32.0 MiB of physical memory.
[ citizen-server-impl] Asset eup-stream/mp_m_freemode_01^jbib_diff_017_g_uni.ytd uses 32.0 MiB of physical memory.
[ citizen-server-impl] Asset eup-stream/mp_m_freemode_01^jbib_diff_018_a_uni.ytd uses 32.0 MiB of physical memory.
[ citizen-server-impl] [94mAsset eup-stream/mp_m_freemode_01^jbib_diff_018_b_uni.ytd uses 32.0 MiB of physical memory.
[ citizen-server-impl] [0mAsset eup-stream/mp_m_freemode_01^jbib_diff_018_c_uni.ytd uses 32.0 MiB of physical memory.
[ citizen-server-impl] Asset eup-stream/mp_m_freemode_01^jbib_diff_018_d_uni.ytd uses 32.0 MiB of physical memory.
[ citizen-server-impl] Asset eup-stream/mp_m_freemode_01^jbib_diff_018_e_uni.ytd uses 32.0 MiB of physical memory.
[ citizen-server-impl] [0mAsset eup-stream/mp_m_freemode_01^jbib_diff_018_f_uni.ytd uses 32.0 MiB of physical memory.
[ citizen-server-impl] Asset eup-stream/mp_m_freemode_01^jbib_diff_018_g_uni.ytd uses 32.0 MiB of physical memory.
[ citizen-server-impl] [0mAsset eup-stream/mp_m_freemode_01^jbib_diff_018_h_uni.ytd uses 32.0 MiB of physical memory.
[ citizen-server-impl] [0mAsset eup-stream/mp_m_freemode_01^jbib_diff_018_i_uni.ytd uses 32.0 MiB of physical memory.
[ citizen-server-impl] Asset eup-stream/mp_m_freemode_01^jbib_diff_018_j_uni.ytd uses 32.0 MiB of physical memory.
[ citizen-server-impl] Asset eup-stream/mp_m_freemode_01^jbib_diff_018_k_uni.ytd uses 32.0 MiB of physical memory.
[ citizen-server-impl] Asset eup-stream/mp_m_freemode_01^jbib_diff_018_l_uni.ytd uses 32.0 MiB of physical memory.
[ citizen-server-impl] Asset eup-stream/mp_m_freemode_01^jbib_diff_019_a_uni.ytd uses 32.0 MiB of physical memory.
[ citizen-server-impl] Asset eup-stream/mp_m_freemode_01^jbib_diff_019_b_uni.ytd uses 32.0 MiB of physical memory.
[ citizen-server-impl] Asset eup-stream/mp_m_freemode_01^jbib_diff_019_c_uni.ytd uses 32.0 MiB of physical memory.
[ citizen-server-impl] Asset eup-stream/mp_m_freemode_01^jbib_diff_020_a_uni.ytd uses 32.0 MiB of physical memory.
[ citizen-server-impl] [94mAsset eup-stream/mp_m_freemode_01^jbib_diff_020_b_uni.ytd uses 32.0 MiB of physical memory.
[ citizen-server-impl] Asset eup-stream/mp_m_freemode_01^jbib_diff_020_c_uni.ytd uses 32.0 MiB of physical memory.
[ citizen-server-impl] Asset eup-stream/mp_m_freemode_01^jbib_diff_020_d_uni.ytd uses 32.0 MiB of physical memory.
[ citizen-server-impl] Asset eup-stream/mp_m_freemode_01^jbib_diff_020_e_uni.ytd uses 32.0 MiB of physical memory.
[ citizen-server-impl] Asset eup-stream/mp_m_freemode_01^jbib_diff_020_f_uni.ytd uses 32.0 MiB of physical memory.
[ citizen-server-impl] Asset eup-stream/mp_m_freemode_01^jbib_diff_020_g_uni.ytd uses 32.0 MiB of physical memory.[0m
[ citizen-server-impl] Asset eup-stream/mp_m_freemode_01^jbib_diff_020_h_uni.ytd uses 32.0 MiB of physical memory.
[ citizen-server-impl] Asset eup-stream/mp_m_freemode_01^jbib_diff_020_i_uni.ytd uses 32.0 MiB of physical memory.
[ citizen-server-impl] Asset eup-stream/mp_m_freemode_01^jbib_diff_020_j_uni.ytd uses 32.0 MiB of physical memory.
[ citizen-server-impl] Asset eup-stream/mp_m_freemode_01^jbib_diff_020_k_uni.ytd uses 32.0 MiB of physical memory.
[ citizen-server-impl] Asset eup-stream/mp_m_freemode_01^jbib_diff_020_l_uni.ytd uses 32.0 MiB of physical memory.
[ citizen-server-impl] Asset eup-stream/mp_m_freemode_01^jbib_diff_020_m_uni.ytd uses 32.0 MiB of physical memory.
[ citizen-server-impl] Asset eup-stream/mp_m_freemode_01^jbib_diff_020_n_uni.ytd uses 32.0 MiB of physical memory.[0m
[ citizen-server-impl] Asset eup-stream/mp_m_freemode_01^jbib_diff_021_a_uni.ytd uses 32.0 MiB of physical memory.
[ citizen-server-impl] Asset eup-stream/mp_m_freemode_01^jbib_diff_021_b_uni.ytd uses 32.0 MiB of physical memory.
[ citizen-server-impl] Asset eup-stream/mp_m_freemode_01^jbib_diff_021_c_uni.ytd uses 32.0 MiB of physical memory.
[ citizen-server-impl] Asset eup-stream/mp_m_freemode_01^jbib_diff_021_d_uni.ytd uses 32.0 MiB of physical memory.[0m
[ citizen-server-impl] [0mAsset eup-stream/mp_m_freemode_01^jbib_diff_022_a_uni.ytd uses 32.0 MiB of physical memory.
[ citizen-server-impl] [0mAsset eup-stream/mp_m_freemode_01^jbib_diff_022_b_uni.ytd uses 32.0 MiB of physical memory.
[ citizen-server-impl] [0mAsset eup-stream/mp_m_freemode_01^jbib_diff_022_c_uni.ytd uses 32.0 MiB of physical memory.
[ citizen-server-impl] [0mAsset eup-stream/mp_m_freemode_01^jbib_diff_022_d_uni.ytd uses 32.0 MiB of physical memory.
[ citizen-server-impl] Asset eup-stream/mp_m_freemode_01^jbib_diff_022_e_uni.ytd uses 32.0 MiB of physical memory.
[ citizen-server-impl] Asset eup-stream/mp_m_freemode_01^jbib_diff_022_f_uni.ytd uses 32.0 MiB of physical memory.
[38;5;73m[ citizen-server-impl] Asset eup-stream/mp_m_freemode_01^jbib_diff_022_g_uni.ytd uses 32.0 MiB of physical memory.
[ citizen-server-impl] Asset eup-stream/mp_m_freemode_01^jbib_diff_022_h_uni.ytd uses 32.0 MiB of physical memory.
[ citizen-server-impl] Asset eup-stream/mp_m_freemode_01^jbib_diff_022_i_uni.ytd uses 32.0 MiB of physical memory.
[ citizen-server-impl] Asset eup-stream/mp_m_freemode_01^jbib_diff_022_j_uni.ytd uses 32.0 MiB of physical memory.
[ citizen-server-impl] [0mAsset eup-stream/mp_m_freemode_01^jbib_diff_022_k_uni.ytd uses 32.0 MiB of physical memory.
[ citizen-server-impl] Asset eup-stream/mp_m_freemode_01^jbib_diff_022_l_uni.ytd uses 32.0 MiB of physical memory.
[ citizen-server-impl] [0mAsset eup-stream/mp_m_freemode_01^jbib_diff_022_m_uni.ytd uses 32.0 MiB of physical memory.
[ citizen-server-impl] [0mAsset eup-stream/mp_m_freemode_01^jbib_diff_022_n_uni.ytd uses 32.0 MiB of physical memory.
[ citizen-server-impl] Asset eup-stream/mp_m_freemode_01^jbib_diff_022_o_uni.ytd uses 32.0 MiB of physical memory.
[ citizen-server-impl] [0mAsset eup-stream/mp_m_freemode_01^jbib_diff_022_p_uni.ytd uses 32.0 MiB of physical memory.
[38;5;73m[ citizen-server-impl] Asset eup-stream/mp_m_freemode_01^jbib_diff_022_q_uni.ytd uses 32.0 MiB of physical memory.
[38;5;73m[ citizen-server-impl] Asset eup-stream/mp_m_freemode_01^jbib_diff_022_r_uni.ytd uses 32.0 MiB of physical memory.
[ citizen-server-impl] Asset eup-stream/mp_m_freemode_01^jbib_diff_022_s_uni.ytd uses 32.0 MiB of physical memory.
[38;5;73m[ citizen-server-impl] Asset eup-stream/mp_m_freemode_01^jbib_diff_022_t_uni.ytd uses 32.0 MiB of physical memory.
[38;5;73m[ citizen-server-impl] Asset eup-stream/mp_m_freemode_01^jbib_diff_022_u_uni.ytd uses 32.0 MiB of physical memory.
[38;5;73m[ citizen-server-impl] Asset eup-stream/mp_m_freemode_01^jbib_diff_022_v_uni.ytd uses 32.0 MiB of physical memory.
[38;5;73m[ citizen-server-impl] Asset eup-stream/mp_m_freemode_01^jbib_diff_022_w_uni.ytd uses 32.0 MiB of physical memory.
[38;5;73m[ citizen-server-impl] Asset eup-stream/mp_m_freemode_01^jbib_diff_022_x_uni.ytd uses 32.0 MiB of physical memory.
[38;5;73m[ citizen-server-impl] Asset eup-stream/mp_m_freemode_01^jbib_diff_022_y_uni.ytd uses 32.0 MiB of physical memory.
[38;5;73m[ citizen-server-impl] Asset eup-stream/mp_m_freemode_01^jbib_diff_022_z_uni.ytd uses 32.0 MiB of physical memory.
[ citizen-server-impl] Asset eup-stream/mp_m_freemode_01^jbib_diff_026_g_uni.ytd uses 32.0 MiB of physical memory.
[ citizen-server-impl] [0mAsset eup-stream/mp_m_freemode_01^jbib_diff_026_i_uni.ytd uses 32.0 MiB of physical memory.
[ citizen-server-impl] [0mAsset eup-stream/mp_m_freemode_01^jbib_diff_027_c_uni.ytd uses 64.0 MiB of physical memory. Oversized assets can and WILL lead to streaming issues (models not loading/rendering, commonly known as 'texture loss', 'city bug' or 'streaming isn't great').
[ citizen-server-impl] Asset eup-stream/mp_m_freemode_01^jbib_diff_027_d_uni.ytd uses 64.0 MiB of physical memory. Oversized assets can and WILL lead to streaming issues (models not loading/rendering, commonly known as 'texture loss', 'city bug' or 'streaming isn't great').
[ citizen-server-impl] Asset eup-stream/mp_m_freemode_01^jbib_diff_027_e_uni.ytd uses 64.0 MiB of physical memory. Oversized assets can and WILL lead to streaming issues (models not loading/rendering, commonly known as 'texture loss', 'city bug' or 'streaming isn't great').
[ citizen-server-impl] Asset eup-stream/mp_m_freemode_01^jbib_diff_027_g_uni.ytd uses 64.0 MiB of physical memory. Oversized assets can and WILL lead to streaming issues (models not loading/rendering, commonly known as 'texture loss', 'city bug' or 'streaming isn't great').
[ citizen-server-impl] Asset eup-stream/mp_m_freemode_01^jbib_diff_027_h_uni.ytd uses 64.0 MiB of physical memory. Oversized assets can and WILL lead to streaming issues (models not loading/rendering, commonly known as 'texture loss', 'city bug' or 'streaming isn't great').
[ citizen-server-impl] Asset eup-stream/mp_m_freemode_01^jbib_diff_039_a_uni.ytd uses 32.0 MiB of physical memory.
[ citizen-server-impl] [0mAsset eup-stream/mp_m_freemode_01^jbib_diff_039_b_uni.ytd uses 32.0 MiB of physical memory.
[ citizen-server-impl] [0mAsset eup-stream/mp_m_freemode_01^jbib_diff_039_c_uni.ytd uses 32.0 MiB of physical memory.
[ citizen-server-impl] [0mAsset eup-stream/mp_m_freemode_01^jbib_diff_039_d_uni.ytd uses 32.0 MiB of physical memory.
[ citizen-server-impl] [0mAsset eup-stream/mp_m_freemode_01^jbib_diff_039_e_uni.ytd uses 32.0 MiB of physical memory.
[ citizen-server-impl] [0mAsset eup-stream/mp_m_freemode_01^jbib_diff_039_f_uni.ytd uses 32.0 MiB of physical memory.
[ citizen-server-impl] Asset eup-stream/mp_m_freemode_01^jbib_diff_039_g_uni.ytd uses 32.0 MiB of physical memory.
[ citizen-server-impl] Asset eup-stream/mp_m_freemode_01^jbib_diff_039_h_uni.ytd uses 32.0 MiB of physical memory.
[ citizen-server-impl] Asset eup-stream/mp_m_freemode_01^jbib_diff_040_a_uni.ytd uses 32.0 MiB of physical memory.
[ citizen-server-impl] [94mAsset eup-stream/mp_m_freemode_01^jbib_diff_040_b_uni.ytd uses 32.0 MiB of physical memory.
[ citizen-server-impl] Asset eup-stream/mp_m_freemode_01^jbib_diff_040_c_uni.ytd uses 32.0 MiB of physical memory.
[ citizen-server-impl] [0mAsset eup-stream/mp_m_freemode_01^jbib_diff_040_d_uni.ytd uses 32.0 MiB of physical memory.
[ citizen-server-impl] [0mAsset eup-stream/mp_m_freemode_01^jbib_diff_040_k_uni.ytd uses 32.0 MiB of physical memory.
[ citizen-server-impl] [0mAsset eup-stream/mp_m_freemode_01^jbib_diff_040_l_uni.ytd uses 32.0 MiB of physical memory.
[ citizen-server-impl] Asset eup-stream/mp_m_freemode_01^jbib_diff_040_m_uni.ytd uses 32.0 MiB of physical memory.
[ citizen-server-impl] Asset eup-stream/mp_m_freemode_01^jbib_diff_040_n_uni.ytd uses 32.0 MiB of physical memory.
[ citizen-server-impl] Asset eup-stream/mp_m_freemode_01^jbib_diff_040_p_uni.ytd uses 32.0 MiB of physical memory.
[ citizen-server-impl] Asset eup-stream/mp_m_freemode_01^jbib_diff_040_q_uni.ytd uses 32.0 MiB of physical memory.
[ citizen-server-impl] Asset eup-stream/mp_m_freemode_01^jbib_diff_040_r_uni.ytd uses 32.0 MiB of physical memory.
[ citizen-server-impl] [94mAsset eup-stream/mp_m_freemode_01^jbib_diff_040_s_uni.ytd uses 32.0 MiB of physical memory.
[ citizen-server-impl] [0mAsset eup-stream/mp_m_freemode_01^jbib_diff_040_t_uni.ytd uses 32.0 MiB of physical memory.
[ citizen-server-impl] [0mAsset eup-stream/mp_m_freemode_01^jbib_diff_040_u_uni.ytd uses 32.0 MiB of physical memory.
[ citizen-server-impl] [94mAsset eup-stream/mp_m_freemode_01^jbib_diff_040_v_uni.ytd uses 32.0 MiB of physical memory.
[ citizen-server-impl] Asset eup-stream/mp_m_freemode_01^jbib_diff_040_w_uni.ytd uses 32.0 MiB of physical memory.
[ citizen-server-impl] [0mAsset eup-stream/mp_m_freemode_01^jbib_diff_040_x_uni.ytd uses 32.0 MiB of physical memory.
[ citizen-server-impl] [0mAsset eup-stream/mp_m_freemode_01^jbib_diff_040_y_uni.ytd uses 32.0 MiB of physical memory.
[ citizen-server-impl] Asset eup-stream/mp_m_freemode_01^jbib_diff_040_z_uni.ytd uses 32.0 MiB of physical memory.
[ citizen-server-impl] Asset eup-stream/mp_m_freemode_01^jbib_diff_041_f_uni.ytd uses 32.0 MiB of physical memory.
[ citizen-server-impl] Asset eup-stream/mp_m_freemode_01^jbib_diff_041_h_uni.ytd uses 32.0 MiB of physical memory.
[ citizen-server-impl] [0mAsset eup-stream/mp_m_freemode_01^jbib_diff_041_i_uni.ytd uses 32.0 MiB of physical memory.
[ citizen-server-impl] [0mAsset eup-stream/mp_m_freemode_01^jbib_diff_041_j_uni.ytd uses 32.0 MiB of physical memory.
[ citizen-server-impl] [0mAsset eup-stream/mp_m_freemode_01^jbib_diff_041_k_uni.ytd uses 32.0 MiB of physical memory.
[ citizen-server-impl] [0mAsset eup-stream/mp_m_freemode_01^jbib_diff_041_q_uni.ytd uses 32.0 MiB of physical memory.
[ citizen-server-impl] Asset eup-stream/mp_m_freemode_01^jbib_diff_041_r_uni.ytd uses 32.0 MiB of physical memory.
[ citizen-server-impl] Asset eup-stream/mp_m_freemode_01^jbib_diff_041_s_uni.ytd uses 32.0 MiB of physical memory.
[ citizen-server-impl] Asset eup-stream/mp_m_freemode_01^jbib_diff_041_t_uni.ytd uses 32.0 MiB of physical memory.
[ citizen-server-impl] Asset eup-stream/mp_m_freemode_01^jbib_diff_041_u_uni.ytd uses 32.0 MiB of physical memory.
[ citizen-server-impl] Asset eup-stream/mp_m_freemode_01^jbib_diff_041_v_uni.ytd uses 32.0 MiB of physical memory.
[ citizen-server-impl] Asset eup-stream/mp_m_freemode_01^jbib_diff_041_w_uni.ytd uses 32.0 MiB of physical memory.
[ citizen-server-impl] Asset eup-stream/mp_m_freemode_01^jbib_diff_041_x_uni.ytd uses 32.0 MiB of physical memory.
[ citizen-server-impl] Asset eup-stream/mp_m_freemode_01^jbib_diff_041_y_uni.ytd uses 32.0 MiB of physical memory.
[ citizen-server-impl] Asset eup-stream/mp_m_freemode_01^jbib_diff_041_z_uni.ytd uses 32.0 MiB of physical memory.
[ citizen-server-impl] Asset eup-stream/mp_m_freemode_01^jbib_diff_042_b_uni.ytd uses 32.0 MiB of physical memory.
[ citizen-server-impl] Asset eup-stream/mp_m_freemode_01^jbib_diff_042_c_uni.ytd uses 32.0 MiB of physical memory.
[ citizen-server-impl] Asset eup-stream/mp_m_freemode_01^jbib_diff_042_d_uni.ytd uses 32.0 MiB of physical memory.
[ citizen-server-impl] Asset eup-stream/mp_m_freemode_01^jbib_diff_042_e_uni.ytd uses 32.0 MiB of physical memory.
[ citizen-server-impl] Asset eup-stream/mp_m_freemode_01^jbib_diff_042_f_uni.ytd uses 32.0 MiB of physical memory.
[ citizen-server-impl] [94mAsset eup-stream/mp_m_freemode_01^jbib_diff_050_a_uni.ytd uses 32.0 MiB of physical memory.
[ citizen-server-impl] Asset eup-stream/mp_m_freemode_01^jbib_diff_050_b_uni.ytd uses 32.0 MiB of physical memory.
[ citizen-server-impl] [94mAsset eup-stream/mp_m_freemode_01^jbib_diff_050_c_uni.ytd uses 32.0 MiB of physical memory.
[ citizen-server-impl] [0mAsset eup-stream/mp_m_freemode_01^jbib_diff_050_g_uni.ytd uses 32.0 MiB of physical memory.
[ citizen-server-impl] Asset eup-stream/mp_m_freemode_01^jbib_diff_050_i_uni.ytd uses 32.0 MiB of physical memory.
[ citizen-server-impl] [0mAsset eup-stream/mp_m_freemode_01^jbib_diff_050_j_uni.ytd uses 32.0 MiB of physical memory.
[ citizen-server-impl] [0mAsset eup-stream/mp_m_freemode_01^jbib_diff_050_k_uni.ytd uses 32.0 MiB of physical memory.
[ citizen-server-impl] Asset eup-stream/mp_m_freemode_01^jbib_diff_050_l_uni.ytd uses 32.0 MiB of physical memory.
[38;5;73m[ citizen-server-impl] Asset eup-stream/mp_m_freemode_01^jbib_diff_050_m_uni.ytd uses 32.0 MiB of physical memory.
[ citizen-server-impl] Asset eup-stream/mp_m_freemode_01^jbib_diff_052_a_uni.ytd uses 64.0 MiB of physical memory. Oversized assets can and WILL lead to streaming issues (models not loading/rendering, commonly known as 'texture loss', 'city bug' or 'streaming isn't great').
[ citizen-server-impl] [0mAsset eup-stream/mp_m_freemode_01^jbib_diff_054_a_uni.ytd uses 32.0 MiB of physical memory.
[ citizen-server-impl] [0mAsset eup-stream/mp_m_freemode_01^jbib_diff_054_e_uni.ytd uses 64.0 MiB of physical memory. Oversized assets can and WILL lead to streaming issues (models not loading/rendering, commonly known as 'texture loss', 'city bug' or 'streaming isn't great').
[ citizen-server-impl] Asset eup-stream/mp_m_freemode_01^jbib_diff_055_a_uni.ytd uses 32.0 MiB of physical memory.
[ citizen-server-impl] Asset eup-stream/mp_m_freemode_01^jbib_diff_059_b_uni.ytd uses 64.0 MiB of physical memory. Oversized assets can and WILL lead to streaming issues (models not loading/rendering, commonly known as 'texture loss', 'city bug' or 'streaming isn't great').
[ citizen-server-impl] Asset eup-stream/mp_m_freemode_01^jbib_diff_059_c_uni.ytd uses 64.0 MiB of physical memory. Oversized assets can and WILL lead to streaming issues (models not loading/rendering, commonly known as 'texture loss', 'city bug' or 'streaming isn't great').
[ citizen-server-impl] [0mAsset eup-stream/mp_m_freemode_01^jbib_diff_059_d_uni.ytd uses 64.0 MiB of physical memory. Oversized assets can and WILL lead to streaming issues (models not loading/rendering, commonly known as 'texture loss', 'city bug' or 'streaming isn't great').
[ citizen-server-impl] Asset eup-stream/mp_m_freemode_01^jbib_diff_059_e_uni.ytd uses 64.0 MiB of physical memory. Oversized assets can and WILL lead to streaming issues (models not loading/rendering, commonly known as 'texture loss', 'city bug' or 'streaming isn't great').
[ citizen-server-impl] Asset eup-stream/mp_m_freemode_01^jbib_diff_061_a_uni.ytd uses 32.0 MiB of physical memory.
[ citizen-server-impl] [0mAsset eup-stream/mp_m_freemode_01^jbib_diff_061_b_uni.ytd uses 32.0 MiB of physical memory.
[ citizen-server-impl] Asset eup-stream/mp_m_freemode_01^jbib_diff_061_c_uni.ytd uses 128.0 MiB of physical memory. Oversized assets can and WILL lead to streaming issues (models not loading/rendering, commonly known as 'texture loss', 'city bug' or 'streaming isn't great').
[ citizen-server-impl] Asset eup-stream/mp_m_freemode_01^jbib_diff_061_d_uni.ytd uses 32.0 MiB of physical memory.
[ citizen-server-impl] Asset eup-stream/mp_m_freemode_01^jbib_diff_061_e_uni.ytd uses 32.0 MiB of physical memory.
[ citizen-server-impl] Asset eup-stream/mp_m_freemode_01^jbib_diff_061_f_uni.ytd uses 32.0 MiB of physical memory.
[ citizen-server-impl] Asset eup-stream/mp_m_freemode_01^jbib_diff_061_g_uni.ytd uses 32.0 MiB of physical memory.
[ citizen-server-impl] Asset eup-stream/mp_m_freemode_01^jbib_diff_061_h_uni.ytd uses 32.0 MiB of physical memory.
[ citizen-server-impl] Asset eup-stream/mp_m_freemode_01^jbib_diff_061_l_uni.ytd uses 32.0 MiB of physical memory.
[ citizen-server-impl] [0mAsset eup-stream/mp_m_freemode_01^jbib_diff_061_m_uni.ytd uses 32.0 MiB of physical memory.
[ citizen-server-impl] Asset eup-stream/mp_m_freemode_01^jbib_diff_061_n_uni.ytd uses 32.0 MiB of physical memory.
[ citizen-server-impl] Asset eup-stream/mp_m_freemode_01^jbib_diff_061_o_uni.ytd uses 32.0 MiB of physical memory.
[ citizen-server-impl] Asset eup-stream/mp_m_freemode_01^jbib_diff_061_p_uni.ytd uses 32.0 MiB of physical memory.
[ citizen-server-impl] Asset eup-stream/mp_m_freemode_01^jbib_diff_061_q_uni.ytd uses 32.0 MiB of physical memory.
[ citizen-server-impl] Asset eup-stream/mp_m_freemode_01^jbib_diff_061_r_uni.ytd uses 32.0 MiB of physical memory.
[ citizen-server-impl] [0mAsset eup-stream/mp_m_freemode_01^jbib_diff_061_s_uni.ytd uses 32.0 MiB of physical memory.
[ citizen-server-impl] Asset eup-stream/mp_m_freemode_01^jbib_diff_061_t_uni.ytd uses 32.0 MiB of physical memory.
[ citizen-server-impl] Asset eup-stream/mp_m_freemode_01^jbib_diff_062_a_uni.ytd uses 32.0 MiB of physical memory.
[ citizen-server-impl] Asset eup-stream/mp_m_freemode_01^jbib_diff_063_a_uni.ytd uses 32.0 MiB of physical memory.
[ citizen-server-impl] Asset eup-stream/mp_m_freemode_01^jbib_diff_063_b_uni.ytd uses 32.0 MiB of physical memory.
[ citizen-server-impl] Asset eup-stream/mp_m_freemode_01^jbib_diff_063_c_uni.ytd uses 32.0 MiB of physical memory.[0m
[ citizen-server-impl] [0mAsset eup-stream/mp_m_freemode_01^jbib_diff_063_d_uni.ytd uses 32.0 MiB of physical memory.
[ citizen-server-impl] Asset eup-stream/mp_m_freemode_01^jbib_diff_063_e_uni.ytd uses 32.0 MiB of physical memory.
[ citizen-server-impl] [0mAsset eup-stream/mp_m_freemode_01^jbib_diff_064_a_uni.ytd uses 32.0 MiB of physical memory.
[ citizen-server-impl] Asset eup-stream/mp_m_freemode_01^jbib_diff_064_b_uni.ytd uses 32.0 MiB of physical memory.
[ citizen-server-impl] Asset eup-stream/mp_m_freemode_01^jbib_diff_064_c_uni.ytd uses 32.0 MiB of physical memory.
[ citizen-server-impl] [0mAsset eup-stream/mp_m_freemode_01^jbib_diff_064_d_uni.ytd uses 32.0 MiB of physical memory.
[ citizen-server-impl] Asset eup-stream/mp_m_freemode_01^jbib_diff_064_e_uni.ytd uses 32.0 MiB of physical memory.
[ citizen-server-impl] Asset eup-stream/mp_m_freemode_01^jbib_diff_064_f_uni.ytd uses 32.0 MiB of physical memory.
[ citizen-server-impl] Asset eup-stream/mp_m_freemode_01^jbib_diff_067_b_uni.ytd uses 64.0 MiB of physical memory. Oversized assets can and WILL lead to streaming issues (models not loading/rendering, commonly known as 'texture loss', 'city bug' or 'streaming isn't great').
[ citizen-server-impl] Asset eup-stream/mp_m_freemode_01^jbib_diff_067_d_uni.ytd uses 64.0 MiB of physical memory. Oversized assets can and WILL lead to streaming issues (models not loading/rendering, commonly known as 'texture loss', 'city bug' or 'streaming isn't great').
[ citizen-server-impl] Asset eup-stream/mp_m_freemode_01^jbib_diff_067_e_uni.ytd uses 64.0 MiB of physical memory. Oversized assets can and WILL lead to streaming issues (models not loading/rendering, commonly known as 'texture loss', 'city bug' or 'streaming isn't great').[0m
[ citizen-server-impl] Asset eup-stream/mp_m_freemode_01^jbib_diff_076_a_uni.ytd uses 64.0 MiB of physical memory. Oversized assets can and WILL lead to streaming issues (models not loading/rendering, commonly known as 'texture loss', 'city bug' or 'streaming isn't great').
[ citizen-server-impl] Asset eup-stream/mp_m_freemode_01^jbib_diff_076_b_uni.ytd uses 64.0 MiB of physical memory. Oversized assets can and WILL lead to streaming issues (models not loading/rendering, commonly known as 'texture loss', 'city bug' or 'streaming isn't great').
[ citizen-server-impl] Asset eup-stream/mp_m_freemode_01^jbib_diff_076_c_uni.ytd uses 64.0 MiB of physical memory. Oversized assets can and WILL lead to streaming issues (models not loading/rendering, commonly known as 'texture loss', 'city bug' or 'streaming isn't great').
[ citizen-server-impl] Asset eup-stream/mp_m_freemode_01^lowr_diff_001_k_whi.ytd uses 32.0 MiB of physical memory.
[ citizen-server-impl] Asset eup-stream/mp_m_freemode_01^lowr_diff_001_l_whi.ytd uses 32.0 MiB of physical memory.
[ citizen-server-impl] [0mAsset eup-stream/mp_m_freemode_01^lowr_diff_001_n_whi.ytd uses 32.0 MiB of physical memory.
[ citizen-server-impl] [0mAsset eup-stream/mp_m_freemode_01^lowr_diff_001_p_whi.ytd uses 32.0 MiB of physical memory.
[ citizen-server-impl] Asset eup-stream/mp_m_freemode_01^lowr_diff_003_n_whi.ytd uses 32.0 MiB of physical memory.
[ citizen-server-impl] [0mAsset eup-stream/mp_m_freemode_01^lowr_diff_003_p_whi.ytd uses 32.0 MiB of physical memory.
[ citizen-server-impl] [0mAsset eup-stream/mp_m_freemode_01^lowr_diff_004_c_whi.ytd uses 32.0 MiB of physical memory.
[ citizen-server-impl] Asset eup-stream/mp_m_freemode_01^lowr_diff_010_a_whi.ytd uses 32.0 MiB of physical memory.
[ citizen-server-impl] [0mAsset eup-stream/mp_m_freemode_01^lowr_diff_010_b_whi.ytd uses 32.0 MiB of physical memory.
[ citizen-server-impl] [0mAsset eup-stream/mp_m_freemode_01^lowr_diff_010_d_whi.ytd uses 32.0 MiB of physical memory.
[ citizen-server-impl] Asset eup-stream/mp_m_freemode_01^lowr_diff_011_b_whi.ytd uses 32.0 MiB of physical memory.
[ citizen-server-impl] Asset eup-stream/mp_m_freemode_01^lowr_diff_011_c_whi.ytd uses 32.0 MiB of physical memory.
[ citizen-server-impl] Asset eup-stream/mp_m_freemode_01^lowr_diff_011_d_whi.ytd uses 32.0 MiB of physical memory.
[ citizen-server-impl] [94mAsset eup-stream/mp_m_freemode_01^lowr_diff_011_e_whi.ytd uses 32.0 MiB of physical memory.
[ citizen-server-impl] Asset eup-stream/mp_m_freemode_01^lowr_diff_011_f_whi.ytd uses 32.0 MiB of physical memory.
[ citizen-server-impl] Asset eup-stream/mp_m_freemode_01^lowr_diff_011_g_whi.ytd uses 32.0 MiB of physical memory.
[ citizen-server-impl] Asset eup-stream/mp_m_freemode_01^lowr_diff_011_h_whi.ytd uses 32.0 MiB of physical memory.
[ citizen-server-impl] [0mAsset eup-stream/mp_m_freemode_01^lowr_diff_011_i_whi.ytd uses 32.0 MiB of physical memory.
[ citizen-server-impl] [0mAsset eup-stream/mp_m_freemode_01^lowr_diff_013_a_whi.ytd uses 32.0 MiB of physical memory.
[ citizen-server-impl] [0mAsset eup-stream/mp_m_freemode_01^lowr_diff_013_b_whi.ytd uses 32.0 MiB of physical memory.
[ citizen-server-impl] Asset eup-stream/mp_m_freemode_01^lowr_diff_013_i_whi.ytd uses 32.0 MiB of physical memory.
[ citizen-server-impl] Asset eup-stream/mp_m_freemode_01^lowr_diff_013_j_whi.ytd uses 32.0 MiB of physical memory.
[ citizen-server-impl] Started resource eup-stream
[ citizen-server-impl] Started resource eup-ui
[    c-scripting-core] Creating script environments for oxmysql
[ citizen-server-impl] Started resource oxmysql
[    c-scripting-core] [0mCreating script environments for ox_lib
[ citizen-server-impl] Started resource ox_lib
[    c-scripting-core] Creating script environments for ox_inventory
[ citizen-server-impl] Started resource ox_inventory
[ citizen-server-impl] [0mStarted resource esx_animations
[    c-scripting-core] Creating script environments for esx_addonaccount
[ citizen-server-impl] Started resource esx_addonaccount
[ citizen-server-impl] [0mStarted resource skinchanger
[    c-scripting-core] Creating script environments for esx_skin
[ citizen-server-impl] Started resource esx_skin
[    c-scripting-core] Creating script environments for esx_datastore
[ citizen-server-impl] [0mStarted resource esx_datastore
[    c-scripting-core] [0mCreating script environments for esx_accessories
[ citizen-server-impl] Started resource esx_accessories
[    c-scripting-core] Creating script environments for esx_vehicleshop
[ citizen-server-impl] Started resource esx_vehicleshop
[    c-scripting-core] [0mCreating script environments for esx_ambulancejob
[ citizen-server-impl] Started resource esx_ambulancejob
[    c-scripting-core] [0mCreating script environments for esx_allowlist
[ citizen-server-impl] Started resource esx_allowlist
[    c-scripting-core] Creating script environments for esx_status
[ citizen-server-impl] Started resource esx_status
[    c-scripting-core] Creating script environments for esx_basicneeds
[ citizen-server-impl] Started resource esx_basicneeds
[    c-scripting-core] Creating script environments for esx_barbershop
[ citizen-server-impl] Started resource esx_barbershop
[    c-scripting-core] Creating script environments for esx_banking
[ citizen-server-impl] Started resource esx_banking
[    c-scripting-core] [0mCreating script environments for esx_billing
[ citizen-server-impl] [0mStarted resource esx_billing
[    c-scripting-core] Creating script environments for esx_clotheshop
[ citizen-server-impl] Started resource esx_clotheshop
[    c-scripting-core] Creating script environments for esx_identity
[ citizen-server-impl] Started resource esx_identity
[    c-scripting-core] [0mCreating script environments for esx_garage
[ citizen-server-impl] Started resource esx_garage
[    c-scripting-core] [0mCreating script environments for esx_joblisting
[ citizen-server-impl] Started resource esx_joblisting
[    c-scripting-core] [0mCreating script environments for esx_jobs
[ citizen-server-impl] Started resource esx_jobs
[    c-scripting-core] [0mCreating script environments for esx_ktackle
[ citizen-server-impl] Started resource esx_ktackle
[    c-scripting-core] Creating script environments for esx_license
[ citizen-server-impl] Started resource esx_license
[    c-scripting-core] [0mCreating script environments for esx_lscustom
[ citizen-server-impl] Started resource esx_lscustom
[    c-scripting-core] Creating script environments for esx_mining
[ citizen-server-impl] Started resource esx_mining
[ citizen-server-impl] Started resource esx_menu_default
[ citizen-server-impl] Started resource esx_menu_list
[ citizen-server-impl] Started resource esx_menu_dialog
[    c-scripting-core] Creating script environments for esx_society
[ citizen-server-impl] Started resource esx_society
[    c-scripting-core] [0mCreating script environments for esx_mechanicjob
[ citizen-server-impl] Started resource esx_mechanicjob
[    c-scripting-core] Creating script environments for esx_multicharacter
[ citizen-server-impl] Started resource esx_multicharacter
[    c-scripting-core] [0mCreating script environments for esx_notify
[ citizen-server-impl] Started resource esx_notify
[    c-scripting-core] [0mCreating script environments for esx_PawnShop
[ citizen-server-impl] Started resource esx_PawnShop
[    c-scripting-core] Creating script environments for esx_policejob
[ citizen-server-impl] Started resource esx_policejob
[    c-scripting-core] Creating script environments for esx_robcashregister
[ citizen-server-impl] Started resource esx_robcashregister
[    c-scripting-core] [0mCreating script environments for esx_service
[ citizen-server-impl] Started resource esx_service
[    c-scripting-core] [0mCreating script environments for esx_textui
[ citizen-server-impl] Started resource esx_textui
[    c-scripting-core] [0mCreating script environments for NoCarJack
[ citizen-server-impl] Started resource NoCarJack
[    c-scripting-core] Creating script environments for TakeHostage
[ citizen-server-impl] Started resource TakeHostage
[    c-scripting-core] Creating script environments for CarryPeople
[ citizen-server-impl] Started resource CarryPeople
[    c-scripting-core] [0mCreating script environments for pma-voice
[ citizen-server-impl] Started resource pma-voice
[    c-scripting-core] Creating script environments for screenshot-basic
[ citizen-server-impl] Started resource screenshot-basic
[ citizen-server-impl] Started resource dc_loadingscreen
[ citizen-server-impl] Started resource no_map
[ citizen-server-impl] Started resource point_finger
[ citizen-server-impl] Started resource handsup
[ citizen-server-impl] [0mStarted resource dc_ads
[    c-scripting-core] [0mCreating script environments for trew_hud_ui
[ citizen-server-impl] Started resource trew_hud_ui
[    c-scripting-core] Creating script environments for core_crafting
[ citizen-server-impl] Started resource core_crafting
[ citizen-server-impl] Started resource mythic_notify
[ citizen-server-impl] Started resource mythic_progbar
[    c-scripting-core] [0mCreating script environments for interact-sound
[ citizen-server-impl] [0mStarted resource interact-sound
[ citizen-server-impl] Started resource removeAllAi
[ citizen-server-impl] Started resource progressBars
[    c-scripting-core] [0mCreating script environments for t1ger_keys
[ citizen-server-impl] Started resource t1ger_keys
[    c-scripting-core] [0mCreating script environments for police-alerts
[ citizen-server-impl] Started resource police-alerts
[ citizen-server-impl] Started resource nohelmet
[    c-scripting-core] [0mCreating script environments for LegacyFuel
[ citizen-server-impl] Started resource LegacyFuel
[ citizen-server-impl] Started resource SeatShuffle
[ citizen-server-impl] Started resource holsterweapon
[  script:mysql-async] [mysql-async] [SUCCESS] Database server connection established.
[      script:monitor] [txAdminClient] Threads and commands set up. All Ready.
[      script:oxmysql] Database server connection established!
[      script:oxmysql] [DEBUG] esx_addonaccount took 6.8101ms to execute a query!
[      script:oxmysql]     SELECT * FROM addon_account LEFT JOIN addon_account_data ON addon_account.name = addon_account_data.account_name UNION SELECT * FROM addon_account RIGHT JOIN addon_account_data ON addon_account.name = addon_account_data.account_name []
[      script:oxmysql] [DEBUG] ox_inventory took 1.0076ms to execute a query!
[      script:oxmysql]     SELECT * FROM items []
[      script:oxmysql] [DEBUG] esx_society took 1.9144ms to execute a query!
[      script:oxmysql]     SELECT * FROM jobs []
[      script:oxmysql] [97m[DEBUG] es_extended took 2.2793ms to execute a query!
[      script:oxmysql]     SELECT * FROM jobs []
[      script:oxmysql] [DEBUG] ox_inventory took 3.1859ms to execute a query!
[      script:oxmysql]     SELECT owner, name FROM ox_inventory WHERE NOT owner = '' []
[ script:ox_inventory] Remove 'setup/dbcleanup.lua' from fxmanifest.lua
[      script:oxmysql] [DEBUG] esx_society took 2.3691ms to execute a query!
[      script:oxmysql]     SELECT * FROM job_grades []
[  script:esx_society] SCRIPT ERROR: @esx_society/server/main.lua:24: attempt to index a nil value (field '?')
[  script:esx_society] > handler (@esx_society/server/main.lua:24)
[  script:esx_society] > <unknown> (@oxmysql/dist/build.js:21745)
[  script:esx_society] > processTicksAndRejections (node:internal/process/task_queues:96)
[  script:esx_society] > async rawQuery (@oxmysql/dist/build.js:21735)
[      script:oxmysql] [DEBUG] es_extended took 8.8279ms to execute a query!
[      script:oxmysql]     SELECT * FROM job_grades []
[  script:es_extended] [WARNING] Ignoring job grades for "cardealer" due to missing job
[  script:es_extended] [WARNING] Ignoring job grades for "cardealer" due to missing job
[  script:es_extended] [WARNING] Ignoring job grades for "cardealer" due to missing job
[  script:es_extended] [WARNING] Ignoring job grades for "cardealer" due to missing job
[  script:es_extended] [WARNING] Ignoring job grades for "lumberjack" due to missing job
[  script:es_extended] [WARNING] Ignoring job grades for "fisherman" due to missing job
[  script:es_extended] [WARNING] Ignoring job grades for "fueler" due to missing job
[  script:es_extended] [WARNING] Ignoring job grades for "reporter" due to missing job
[  script:es_extended] [WARNING] Ignoring job grades for "tailor" due to missing job
[  script:es_extended] [WARNING] Ignoring job grades for "banker" due to missing job
[  script:es_extended] [WARNING] Ignoring job grades for "banker" due to missing job
[  script:es_extended] [WARNING] Ignoring job grades for "banker" due to missing job
[  script:es_extended] [WARNING] Ignoring job grades for "banker" due to missing job
[  script:es_extended] [WARNING] Ignoring job grades for "banker" due to missing job
[  script:es_extended] [INFO] ESX Legacy initialized
[      script:oxmysql] [DEBUG] ox_inventory took 11.878ms to execute a query!
[      script:oxmysql]     DELETE FROM ox_inventory WHERE lastupdated < (NOW() - INTERVAL 6 MONTH) OR data = "[]" []
[      script:oxmysql] [DEBUG] esx_multicharacter took 13.6397ms to execute a query!
[      script:oxmysql]     SELECT TABLE_NAME, COLUMN_NAME, CHARACTER_MAXIMUM_LENGTH FROM INFORMATION_SCHEMA.COLUMNS WHERE TABLE_SCHEMA = "essentialmode" AND DATA_TYPE = "varchar" AND COLUMN_NAME IN (?) [["identifier","owner"]]
[      script:oxmysql] [93mThere is an update available for oxmysql - please update to the latest release (current version: 2.3.4)
[      script:oxmysql] https://github.com/overextended/oxmysql/releases/tag/v2.4.0
[ citizen-server-impl]         fff                          
[ citizen-server-impl]   cccc ff   xx  xx     rr rr    eee  
[ citizen-server-impl] cc     ffff   xx       rrr  r ee   e 
[ citizen-server-impl] cc     ff     xx   ... rr     eeeee  
[ citizen-server-impl]  ccccc ff   xx  xx ... rr      eeeee 
[ citizen-server-impl]                                      
[ citizen-server-impl] Authenticated with cfx.re Nucleus: https://tristen-rodriguez-xpdqrr.users.cfx.re/
[       script:ox_lib] An update is available for ox_inventory (current version: 2.10.0)
[       script:ox_lib] https://github.com/overextended/ox_inventory/releases/tag/v2.10.3
[ citizen-server-impl] server thread hitch warning: timer interval of 321 milliseconds
[ citizen-server-impl] server thread hitch warning: timer interval of 717 milliseconds
[ script:ox_inventory] [info] Inventory has loaded 162 items
[      script:hardcap] Connecting: trist
[ citizen-server-impl] Server list query returned an error: System.Net.Sockets.SocketException: Host is unreachable <- System.Net.Http.HttpRequestException: Host is unreachable (130.45.20.104:30120)
[      script:oxmysql] [DEBUG] esx_multicharacter took 8.9856ms to execute a query!
[      script:oxmysql]     SELECT slots FROM multicharacter_slots WHERE identifier = ? ["628dc61d93a30424ed1d0dfd1349167666993687"]
[38;5;42m[      script:oxmysql] [DEBUG] esx_multicharacter took 4.9918ms to execute a query!
[      script:oxmysql]     SELECT identifier, accounts, job, job_grade, firstname, lastname, dateofbirth, sex, skin, disabled FROM users WHERE identifier LIKE ? LIMIT ? ["char%:628dc61d93a30424ed1d0dfd1349167666993687",4]
[      script:oxmysql] [0m[DEBUG] es_extended took 3.9241ms to execute a query!
[      script:oxmysql]     SELECT `accounts`, `job`, `job_grade`, `group`, `position`, `inventory`, `skin`, `loadout`, `firstname`, `lastname`, `dateofbirth`, `sex`, `height` FROM `users` WHERE identifier = ? ["char1:628dc61d93a30424ed1d0dfd1349167666993687"]
[                 cmd] Access denied for command add_principal.
[  script:es_extended] [INFO] Player "Tommy Vendetti" has connected to the server. ID: 1
[      script:oxmysql] [DEBUG] esx_status took 1.4069ms to execute a query!
[      script:oxmysql] [93m    SELECT status FROM users WHERE identifier = ? ["char1:628dc61d93a30424ed1d0dfd1349167666993687"]
[      script:oxmysql] [0m[DEBUG] esx_lscustom took 2.1616ms to execute a query!
[      script:oxmysql]     SELECT model, price FROM vehicles []
[38;5;42m[      script:oxmysql] [DEBUG] esx_ambulancejob took 2.5658ms to execute a query!
[      script:oxmysql]     SELECT is_dead FROM users WHERE identifier = ? ["char1:628dc61d93a30424ed1d0dfd1349167666993687"]
[ citizen-server-impl] Server list query returned an error: System.Net.Sockets.SocketException: Host is unreachable <- System.Net.Http.HttpRequestException: Host is unreachable (130.45.20.104:30120)
[ citizen-server-impl] Server list query returned an error: System.Net.Sockets.SocketException: Host is unreachable <- System.Net.Http.HttpRequestException: Host is unreachable (130.45.20.104:30120)
[      script:oxmysql] [93m[DEBUG] esx_garage took 6.1352ms to execute a query!
[      script:oxmysql]     SELECT COUNT(*) as count FROM `owned_vehicles` WHERE `owner` = ? AND `plate` = ? ["char1:628dc61d93a30424ed1d0dfd1349167666993687","QVW 751"]
[      script:oxmysql] [DEBUG] esx_garage took 4.5817ms to execute a query!
[      script:oxmysql]     UPDATE owned_vehicles SET `stored` = ?, `parking` = ?, `pound` = ?, `vehicle` = ? WHERE `plate` = ? AND `owner` = ? [true,"VespucciBoulevard",null,"{\"modDoorSpeaker\":-1,\"modHydrolic\":-1,\"wheelColor\":156,\"modLightbar\":-1,\"modArmor\":-1,\"plateIndex\":0,\"modDashboard\":-1,\"modDial\":-1,\"modFender\":-1,\"plate\":\"QVW 751\",\"modSuspension\":-1,\"modVanityPlate\":-1,\"engineHealth\":1000.0,\"color2\":0,\"modSeats\":-1,\"pearlescentColor\":30,\"modShifterLeavers\":-1,\"modRoof\":-1,\"modTurbo\":false,\"doorsBroken\":{\"0\":false,\"1\":false,\"2\":false,\"3\":false,\"4\":false},\"modSteeringWheel\":-1,\"modAirFilter\":-1,\"tankHealth\":1000.0,\"modFrame\":-1,\"modAerials\":-1,\"modHood\":-1,\"model\":-433375717,\"modPlateHolder\":-1,\"modHorns\":-1,\"modSpeakers\":-1,\"modTrunk\":-1,\"modSideSkirt\":-1,\"modBackWheels\":-1,\"modTrimA\":-1,\"modEngine\":-1,\"dirtLevel\":6.1,\"neonEnabled\":[false,false,false,false],\"tyreSmokeColor\":[255,255,255],\"modBrakes\":-1,\"modAPlate\":-1,\"neonColor\":[255,0,255],\"windowsBroken\":{\"5\":true,\"6\":false,\"7\":false,\"0\":false,\"1\":false,\"2\":true,\"3\":true,\"4\":true},\"modStruts\":-1,\"modTrimB\":-1,\"modRearBumper\":-1,\"modTank\":-1,\"modRightFender\":-1,\"bodyHealth\":1000.0,\"modDoorR\":-1,\"fuelLevel\":19.2,\"modArchCover\":-1,\"modSmokeEnabled\":false,\"modLivery\":-1,\"modFrontWheels\":-1,\"wheels\":2,\"modSpoilers\":-1,\"modExhaust\":-1,\"modEngineBlock\":-1,\"color1\":31,\"modXenon\":false,\"extras\":{\"11\":true},\"windowTint\":-1,\"modOrnaments\":-1,\"xenonColor\":255,\"tyreBurst\":{\"5\":false,\"0\":false,\"1\":false,\"4\":false},\"modGrille\":-1,\"modFrontBumper\":-1,\"modTransmission\":-1}","QVW 751","char1:628dc61d93a30424ed1d0dfd1349167666993687"]
[      script:oxmysql] [DEBUG] esx_garage took 3.0733ms to execute a query!
[      script:oxmysql]     SELECT * FROM `owned_vehicles` WHERE `owner` = ? AND `parking` = ? AND `stored` = 1 ["char1:628dc61d93a30424ed1d0dfd1349167666993687","VespucciBoulevard"]
[      script:oxmysql] [DEBUG] esx_garage took 1.5744ms to execute a query!
[      script:oxmysql]     SELECT * FROM `owned_vehicles` WHERE `owner` = ? AND `stored` = 0 ["char1:628dc61d93a30424ed1d0dfd1349167666993687"][97m
[      script:oxmysql] [DEBUG] esx_garage took 0.8155ms to execute a query!
[      script:oxmysql]     SELECT * FROM `owned_vehicles` WHERE `owner` = ? AND `parking` = ? AND `stored` = 1 ["char1:628dc61d93a30424ed1d0dfd1349167666993687","VespucciBoulevard"]
[      script:oxmysql] [DEBUG] esx_garage took 7.4809ms to execute a query!
[      script:oxmysql]     SELECT * FROM `owned_vehicles` WHERE `owner` = ? AND `stored` = 0 ["char1:628dc61d93a30424ed1d0dfd1349167666993687"]
[ citizen-server-impl] Server list query returned an error: System.Net.Sockets.SocketException: Host is unreachable <- System.Net.Http.HttpRequestException: Host is unreachable (130.45.20.104:30120)
[ script:ox_inventory] [0mSCRIPT ERROR: @ox_inventory/modules/inventory/server.lua:1363: attempt to perform arithmetic on a nil value (field '?')
[ script:ox_inventory] > callback (@ox_inventory/modules/inventory/server.lua:1363)
[ script:ox_inventory] > fn (@ox_lib/init.lua:108)
[      script:oxmysql] [DEBUG] esx_status took 6.9432ms to execute a query!
[      script:oxmysql]     UPDATE users SET status = ? WHERE identifier = ? ["[{\"val\":186100,\"percent\":18.61,\"name\":\"hunger\"},{\"val\":314575,\"percent\":31.4575,\"name\":\"thirst\"}]","char1:628dc61d93a30424ed1d0dfd1349167666993687"]
[      script:oxmysql] [DEBUG] es_extended took 4.7551ms to execute a query!
[      script:oxmysql]     UPDATE `users` SET `accounts` = ?, `job` = ?, `job_grade` = ?, `group` = ?, `position` = ?, `inventory` = ?, `loadout` = ? WHERE `identifier` = ? ["{\"bank\":6555,\"black_money\":378,\"money\":87527696}","mechanic",0,"admin","{\"heading\":262.0,\"z\":31.1,\"y\":-891.1,\"x\":-294.1}","[{\"name\":\"WEAPON_PISTOL\",\"slot\":1,\"metadata\":{\"durability\":92.00000000000016,\"registered\":\"Tommy Vendetti\",\"ammo\":12,\"serial\":\"341280WBR357632\",\"components\":[]},\"count\":1},{\"name\":\"ammo-9\",\"slot\":2,\"count\":459},{\"name\":\"lockpick\",\"slot\":3,\"count\":7},{\"name\":\"WEAPON_STUNGUN\",\"slot\":4,\"metadata\":{\"durability\":99.9,\"registered\":\"Tommy Vendetti\",\"components\":[]},\"count\":1},{\"name\":\"water\",\"slot\":5,\"count\":95},{\"name\":\"money\",\"slot\":6,\"count\":87527696},{\"name\":\"black_money\",\"slot\":8,\"count\":378},{\"name\":\"phone\",\"slot\":9,\"count\":1},{\"name\":\"ammo-rifle\",\"slot\":11,\"count\":170},{\"name\":\"burger\",\"slot\":18,\"count\":84},{\"name\":\"lockpick\",\"slot\":19,\"count\":8}]","[]","char1:628dc61d93a30424ed1d0dfd1349167666993687"]
[  script:es_extended] [INFO] Saved 1 player over 0.0 ms
[      script:oxmysql] [DEBUG] esx_garage took 0.6311ms to execute a query!
[      script:oxmysql]     SELECT * FROM `owned_vehicles` WHERE `owner` = ? AND `parking` = ? AND `stored` = 1 ["char1:628dc61d93a30424ed1d0dfd1349167666993687","VespucciBoulevard"]
[      script:oxmysql] [93m[DEBUG] esx_garage took 0.7533ms to execute a query!
[      script:oxmysql]     SELECT * FROM `owned_vehicles` WHERE `owner` = ? AND `stored` = 0 ["char1:628dc61d93a30424ed1d0dfd1349167666993687"]
[      script:oxmysql] [DEBUG] esx_garage took 4.1034ms to execute a query!
[      script:oxmysql]     UPDATE owned_vehicles SET `stored` = ?, `parking` = ?, `pound` = ?, `vehicle` = ? WHERE `plate` = ? AND `owner` = ? [false,null,null,"{\"modDoorSpeaker\":-1,\"windowTint\":-1,\"wheelColor\":156,\"modLightbar\":-1,\"modArmor\":-1,\"plateIndex\":0,\"modDashboard\":-1,\"modDial\":-1,\"modFender\":-1,\"plate\":\"QVW 751\",\"modSuspension\":-1,\"modVanityPlate\":-1,\"engineHealth\":1000,\"color2\":0,\"modSeats\":-1,\"pearlescentColor\":30,\"wheels\":2,\"modRoof\":-1,\"modTurbo\":false,\"doorsBroken\":{\"0\":false,\"1\":false,\"2\":false,\"3\":false,\"4\":false},\"modSteeringWheel\":-1,\"modAirFilter\":-1,\"tankHealth\":1000,\"modFrame\":-1,\"modAerials\":-1,\"modHood\":-1,\"model\":-433375717,\"modPlateHolder\":-1,\"modHorns\":-1,\"modSpeakers\":-1,\"modTrunk\":-1,\"modSideSkirt\":-1,\"modBackWheels\":-1,\"modLivery\":-1,\"modEngine\":-1,\"dirtLevel\":6.1,\"neonEnabled\":[false,false,false,false],\"tyreSmokeColor\":[255,255,255],\"modBrakes\":-1,\"modAPlate\":-1,\"neonColor\":[255,0,255],\"windowsBroken\":{\"5\":true,\"6\":false,\"7\":false,\"0\":false,\"1\":false,\"2\":true,\"3\":true,\"4\":true},\"xenonColor\":255,\"fuelLevel\":19.2,\"modRearBumper\":-1,\"color1\":31,\"modRightFender\":-1,\"bodyHealth\":1000,\"modDoorR\":-1,\"modTrimB\":-1,\"modArchCover\":-1,\"modSmokeEnabled\":false,\"extras\":{\"11\":true},\"modGrille\":-1,\"modFrontWheels\":-1,\"modSpoilers\":-1,\"modShifterLeavers\":-1,\"modEngineBlock\":-1,\"modStruts\":-1,\"modExhaust\":-1,\"modXenon\":false,\"modTank\":-1,\"modOrnaments\":-1,\"modHydrolic\":-1,\"tyreBurst\":{\"1\":false,\"4\":false,\"5\":false,\"0\":false},\"modTrimA\":-1,\"modFrontBumper\":-1,\"modTransmission\":-1}","QVW 751","char1:628dc61d93a30424ed1d0dfd1349167666993687"]
[38;5;42m[      script:oxmysql] [DEBUG] esx_banking took 2.9897ms to execute a query!
[      script:oxmysql]     SELECT * FROM banking WHERE identifier = ? ["char1:628dc61d93a30424ed1d0dfd1349167666993687"]
[      script:oxmysql] [DEBUG] esx_banking took 1.8616ms to execute a query!
[      script:oxmysql]     SELECT * FROM banking WHERE identifier = ? ["char1:628dc61d93a30424ed1d0dfd1349167666993687"]
[ citizen-server-impl] Server list query returned an error: System.Net.Sockets.SocketException: Host is unreachable <- System.Net.Http.HttpRequestException: Host is unreachable (130.45.20.104:30120)
[ citizen-server-impl] Server list query returned an error: System.Net.Sockets.SocketException: Host is unreachable <- System.Net.Http.HttpRequestException: Host is unreachable (130.45.20.104:30120)
[ citizen-server-impl] Server list query returned an error: System.Net.Sockets.SocketException: Host is unreachable <- System.Net.Http.HttpRequestException: Host is unreachable (130.45.20.104:30120)
[      script:oxmysql] [0m[DEBUG] esx_status took 7.6169ms to execute a query!
[      script:oxmysql]     UPDATE users SET status = ? WHERE identifier = ? ["[{\"val\":67300,\"percent\":6.72999999999999,\"name\":\"hunger\"},{\"val\":825475,\"percent\":82.5475,\"name\":\"thirst\"}]","char1:628dc61d93a30424ed1d0dfd1349167666993687"]
[      script:oxmysql] [DEBUG] es_extended took 4.0896ms to execute a query!
[      script:oxmysql]     UPDATE `users` SET `accounts` = ?, `job` = ?, `job_grade` = ?, `group` = ?, `position` = ?, `inventory` = ?, `loadout` = ? WHERE `identifier` = ? ["{\"bank\":6575,\"black_money\":1561,\"money\":87527696}","police",3,"admin","{\"heading\":223.1,\"z\":31.9,\"y\":6514.2,\"x\":11.6}","[{\"name\":\"WEAPON_PISTOL\",\"slot\":1,\"metadata\":{\"durability\":92.00000000000016,\"registered\":\"Tommy Vendetti\",\"ammo\":12,\"serial\":\"341280WBR357632\",\"components\":[]},\"count\":1},{\"name\":\"ammo-9\",\"slot\":2,\"count\":459},{\"name\":\"lockpick\",\"slot\":3,\"count\":7},{\"name\":\"WEAPON_STUNGUN\",\"slot\":4,\"metadata\":{\"durability\":99.9,\"registered\":\"Tommy Vendetti\",\"components\":[]},\"count\":1},{\"name\":\"water\",\"slot\":5,\"count\":92},{\"name\":\"money\",\"slot\":6,\"count\":87527696},{\"name\":\"black_money\",\"slot\":8,\"count\":1561},{\"name\":\"phone\",\"slot\":9,\"count\":1},{\"name\":\"ammo-rifle\",\"slot\":11,\"count\":170},{\"name\":\"burger\",\"slot\":18,\"count\":84},{\"name\":\"lockpick\",\"slot\":19,\"count\":8}]","[]","char1:628dc61d93a30424ed1d0dfd1349167666993687"]
[  script:es_extended] [INFO] Saved 1 player over 0.0 ms
[      script:oxmysql] [0m[DEBUG] esx_skin took 2.0556ms to execute a query!
[      script:oxmysql]     SELECT skin FROM users WHERE identifier = ? ["char1:628dc61d93a30424ed1d0dfd1349167666993687"]
[ citizen-server-impl] Server list query returned an error: System.Net.Sockets.SocketException: Host is unreachable <- System.Net.Http.HttpRequestException: Host is unreachable (130.45.20.104:30120)
[ citizen-server-impl] Server list query returned an error: System.Net.Sockets.SocketException: Host is unreachable <- System.Net.Http.HttpRequestException: Host is unreachable (130.45.20.104:30120)
[      script:oxmysql] [DEBUG] esx_ambulancejob took 5.948ms to execute a query!
[      script:oxmysql]     UPDATE users SET is_dead = ? WHERE identifier = ? [true,"char1:628dc61d93a30424ed1d0dfd1349167666993687"]
[      script:oxmysql] [0m[DEBUG] esx_ambulancejob took 3.693ms to execute a query!
[      script:oxmysql]     UPDATE users SET is_dead = ? WHERE identifier = ? [false,"char1:628dc61d93a30424ed1d0dfd1349167666993687"]
[ citizen-server-impl] Server list query returned an error: System.Net.Sockets.SocketException: Host is unreachable <- System.Net.Http.HttpRequestException: Host is unreachable (130.45.20.104:30120)
[      script:oxmysql] [DEBUG] esx_status took 4.6894ms to execute a query!
[      script:oxmysql]     UPDATE users SET status = ? WHERE identifier = ? ["[{\"val\":467000,\"percent\":46.7,\"name\":\"hunger\"},{\"val\":675250,\"percent\":67.525,\"name\":\"thirst\"}]","char1:628dc61d93a30424ed1d0dfd1349167666993687"]
[      script:oxmysql] [DEBUG] es_extended took 3.8085ms to execute a query!
[      script:oxmysql]     UPDATE `users` SET `accounts` = ?, `job` = ?, `job_grade` = ?, `group` = ?, `position` = ?, `inventory` = ?, `loadout` = ? WHERE `identifier` = ? ["{\"bank\":6745,\"black_money\":1561,\"money\":87527696}","police",3,"admin","{\"heading\":315.9,\"z\":31.3,\"y\":6524.1,\"x\":-0.4}","[{\"name\":\"WEAPON_PISTOL\",\"slot\":1,\"metadata\":{\"durability\":92.00000000000016,\"registered\":\"Tommy Vendetti\",\"ammo\":12,\"serial\":\"341280WBR357632\",\"components\":[]},\"count\":1},{\"name\":\"burger\",\"slot\":2,\"count\":84},{\"name\":\"lockpick\",\"slot\":3,\"count\":7},{\"name\":\"WEAPON_STUNGUN\",\"slot\":4,\"metadata\":{\"durability\":99.9,\"registered\":\"Tommy Vendetti\",\"components\":[]},\"count\":1},{\"name\":\"water\",\"slot\":5,\"count\":91},{\"name\":\"money\",\"slot\":6,\"count\":87527696},{\"name\":\"black_money\",\"slot\":8,\"count\":1561},{\"name\":\"phone\",\"slot\":9,\"count\":1},{\"name\":\"ammo-rifle\",\"slot\":11,\"count\":170},{\"name\":\"ammo-9\",\"slot\":18,\"count\":459},{\"name\":\"lockpick\",\"slot\":19,\"count\":8}]","[]","char1:628dc61d93a30424ed1d0dfd1349167666993687"]
[  script:es_extended] [INFO] Saved 1 player over 0.0 ms
[      script:oxmysql] [DEBUG] esx_status took 7.8591ms to execute a query!
[38;5;42m[      script:oxmysql]     UPDATE users SET status = ? WHERE identifier = ? ["[{\"val\":348200,\"percent\":34.82,\"name\":\"hunger\"},{\"val\":586150,\"percent\":58.61499999999999,\"name\":\"thirst\"}]","char1:628dc61d93a30424ed1d0dfd1349167666993687"]
[      script:oxmysql] [DEBUG] es_extended took 4.2415ms to execute a query!
[      script:oxmysql]     UPDATE `users` SET `accounts` = ?, `job` = ?, `job_grade` = ?, `group` = ?, `position` = ?, `inventory` = ?, `loadout` = ? WHERE `identifier` = ? ["{\"bank\":6830,\"black_money\":1561,\"money\":87527696}","police",3,"admin","{\"heading\":315.9,\"z\":31.3,\"y\":6524.1,\"x\":-0.4}","[{\"name\":\"WEAPON_PISTOL\",\"slot\":1,\"metadata\":{\"durability\":92.00000000000016,\"registered\":\"Tommy Vendetti\",\"ammo\":12,\"serial\":\"341280WBR357632\",\"components\":[]},\"count\":1},{\"name\":\"burger\",\"slot\":2,\"count\":84},{\"name\":\"lockpick\",\"slot\":3,\"count\":7},{\"name\":\"WEAPON_STUNGUN\",\"slot\":4,\"metadata\":{\"durability\":99.9,\"registered\":\"Tommy Vendetti\",\"components\":[]},\"count\":1},{\"name\":\"water\",\"slot\":5,\"count\":91},{\"name\":\"money\",\"slot\":6,\"count\":87527696},{\"name\":\"black_money\",\"slot\":8,\"count\":1561},{\"name\":\"phone\",\"slot\":9,\"count\":1},{\"name\":\"ammo-rifle\",\"slot\":11,\"count\":170},{\"name\":\"ammo-9\",\"slot\":18,\"count\":459},{\"name\":\"lockpick\",\"slot\":19,\"count\":8}]","[]","char1:628dc61d93a30424ed1d0dfd1349167666993687"]
[38;5;220m[  script:es_extended] [INFO] Saved 1 player over 0.0 ms
[      script:oxmysql] [0m[DEBUG] esx_status took 7.658ms to execute a query!
[      script:oxmysql]     UPDATE users SET status = ? WHERE identifier = ? ["[{\"val\":229400,\"percent\":22.93999999999999,\"name\":\"hunger\"},{\"val\":497050,\"percent\":49.705,\"name\":\"thirst\"}]","char1:628dc61d93a30424ed1d0dfd1349167666993687"]
[      script:oxmysql] [DEBUG] es_extended took 3.8969ms to execute a query!
[      script:oxmysql]     UPDATE `users` SET `accounts` = ?, `job` = ?, `job_grade` = ?, `group` = ?, `position` = ?, `inventory` = ?, `loadout` = ? WHERE `identifier` = ? ["{\"bank\":7000,\"black_money\":1561,\"money\":87527696}","police",3,"admin","{\"heading\":315.9,\"z\":31.3,\"y\":6524.1,\"x\":-0.4}","[{\"name\":\"WEAPON_PISTOL\",\"slot\":1,\"metadata\":{\"durability\":92.00000000000016,\"registered\":\"Tommy Vendetti\",\"ammo\":12,\"serial\":\"341280WBR357632\",\"components\":[]},\"count\":1},{\"name\":\"burger\",\"slot\":2,\"count\":84},{\"name\":\"lockpick\",\"slot\":3,\"count\":7},{\"name\":\"WEAPON_STUNGUN\",\"slot\":4,\"metadata\":{\"durability\":99.9,\"registered\":\"Tommy Vendetti\",\"components\":[]},\"count\":1},{\"name\":\"water\",\"slot\":5,\"count\":91},{\"name\":\"money\",\"slot\":6,\"count\":87527696},{\"name\":\"black_money\",\"slot\":8,\"count\":1561},{\"name\":\"phone\",\"slot\":9,\"count\":1},{\"name\":\"ammo-rifle\",\"slot\":11,\"count\":170},{\"name\":\"ammo-9\",\"slot\":18,\"count\":459},{\"name\":\"lockpick\",\"slot\":19,\"count\":8}]","[]","char1:628dc61d93a30424ed1d0dfd1349167666993687"]
[  script:es_extended] [INFO] Saved 1 player over 0.0 ms
[ citizen-server-impl] Server list query returned an error: System.Net.Sockets.SocketException: Host is unreachable <- System.Net.Http.HttpRequestException: Host is unreachable (130.45.20.104:30120)
[ citizen-server-impl] Server list query returned an error: System.Net.Sockets.SocketException: Host is unreachable <- System.Net.Http.HttpRequestException: Host is unreachable (130.45.20.104:30120)
[ citizen-server-impl] Server list query returned an error: System.Net.Sockets.SocketException: Host is unreachable <- System.Net.Http.HttpRequestException: Host is unreachable (130.45.20.104:30120)
[      script:oxmysql] [DEBUG] esx_status took 6.585ms to execute a query!
[      script:oxmysql]     UPDATE users SET status = ? WHERE identifier = ? ["[{\"val\":110500,\"percent\":11.05,\"name\":\"hunger\"},{\"val\":407875,\"percent\":40.7875,\"name\":\"thirst\"}]","char1:628dc61d93a30424ed1d0dfd1349167666993687"]
[      script:oxmysql] [DEBUG] es_extended took 3.539ms to execute a query!
[      script:oxmysql]     UPDATE `users` SET `accounts` = ?, `job` = ?, `job_grade` = ?, `group` = ?, `position` = ?, `inventory` = ?, `loadout` = ? WHERE `identifier` = ? ["{\"bank\":7085,\"black_money\":1561,\"money\":87527696}","police",3,"admin","{\"heading\":315.9,\"z\":31.3,\"y\":6524.1,\"x\":-0.4}","[{\"name\":\"WEAPON_PISTOL\",\"slot\":1,\"metadata\":{\"durability\":92.00000000000016,\"registered\":\"Tommy Vendetti\",\"ammo\":12,\"serial\":\"341280WBR357632\",\"components\":[]},\"count\":1},{\"name\":\"burger\",\"slot\":2,\"count\":84},{\"name\":\"lockpick\",\"slot\":3,\"count\":7},{\"name\":\"WEAPON_STUNGUN\",\"slot\":4,\"metadata\":{\"durability\":99.9,\"registered\":\"Tommy Vendetti\",\"components\":[]},\"count\":1},{\"name\":\"water\",\"slot\":5,\"count\":91},{\"name\":\"money\",\"slot\":6,\"count\":87527696},{\"name\":\"black_money\",\"slot\":8,\"count\":1561},{\"name\":\"phone\",\"slot\":9,\"count\":1},{\"name\":\"ammo-rifle\",\"slot\":11,\"count\":170},{\"name\":\"ammo-9\",\"slot\":18,\"count\":459},{\"name\":\"lockpick\",\"slot\":19,\"count\":8}]","[]","char1:628dc61d93a30424ed1d0dfd1349167666993687"]
[  script:es_extended] [INFO] Saved 1 player over 0.0 ms
[ citizen-server-impl] Server list query returned an error: System.Net.Sockets.SocketException: Host is unreachable <- System.Net.Http.HttpRequestException: Host is unreachable (130.45.20.104:30120)
[ citizen-server-impl] Server list query returned an error: System.Net.Sockets.SocketException: Host is unreachable <- System.Net.Http.HttpRequestException: Host is unreachable (130.45.20.104:30120)
[ citizen-server-impl] Server list query returned an error: System.Net.Sockets.SocketException: Host is unreachable <- System.Net.Http.HttpRequestException: Host is unreachable (130.45.20.104:30120)
[      script:oxmysql] [DEBUG] esx_ambulancejob took 6.5234ms to execute a query!
[      script:oxmysql]     UPDATE users SET is_dead = ? WHERE identifier = ? [true,"char1:628dc61d93a30424ed1d0dfd1349167666993687"]
[ citizen-server-impl] Server list query returned an error: System.Net.Sockets.SocketException: Host is unreachable <- System.Net.Http.HttpRequestException: Host is unreachable (130.45.20.104:30120)
[      script:oxmysql] [93m[DEBUG] esx_status took 5.3836ms to execute a query!
[      script:oxmysql]     UPDATE users SET status = ? WHERE identifier = ? ["[{\"val\":0,\"percent\":0.0,\"name\":\"hunger\"},{\"val\":318625,\"percent\":31.8625,\"name\":\"thirst\"}]","char1:628dc61d93a30424ed1d0dfd1349167666993687"]
[      script:oxmysql] [97m[DEBUG] es_extended took 4.1254ms to execute a query!
[      script:oxmysql]     UPDATE `users` SET `accounts` = ?, `job` = ?, `job_grade` = ?, `group` = ?, `position` = ?, `inventory` = ?, `loadout` = ? WHERE `identifier` = ? ["{\"bank\":7170,\"black_money\":1561,\"money\":87527696}","police",3,"admin","{\"heading\":315.9,\"z\":31.3,\"y\":6524.1,\"x\":-0.4}","[{\"name\":\"WEAPON_PISTOL\",\"slot\":1,\"metadata\":{\"durability\":92.00000000000016,\"registered\":\"Tommy Vendetti\",\"ammo\":12,\"serial\":\"341280WBR357632\",\"components\":[]},\"count\":1},{\"name\":\"burger\",\"slot\":2,\"count\":84},{\"name\":\"lockpick\",\"slot\":3,\"count\":7},{\"name\":\"WEAPON_STUNGUN\",\"slot\":4,\"metadata\":{\"durability\":99.9,\"registered\":\"Tommy Vendetti\",\"components\":[]},\"count\":1},{\"name\":\"water\",\"slot\":5,\"count\":91},{\"name\":\"money\",\"slot\":6,\"count\":87527696},{\"name\":\"black_money\",\"slot\":8,\"count\":1561},{\"name\":\"phone\",\"slot\":9,\"count\":1},{\"name\":\"ammo-rifle\",\"slot\":11,\"count\":170},{\"name\":\"ammo-9\",\"slot\":18,\"count\":459},{\"name\":\"lockpick\",\"slot\":19,\"count\":8}]","[]","char1:628dc61d93a30424ed1d0dfd1349167666993687"]
[  script:es_extended] [INFO] Saved 1 player over 0.0 ms
[ citizen-server-impl] [91mServer list query returned an error: System.Net.Sockets.SocketException: Host is unreachable <- System.Net.Http.HttpRequestException: Host is unreachable (130.45.20.104:30120)
[ citizen-server-impl] Server list query returned an error: System.Net.Sockets.SocketException: Host is unreachable <- System.Net.Http.HttpRequestException: Host is unreachable (130.45.20.104:30120)
[38;5;73m[ citizen-server-impl] Server list query returned an error: System.Net.Sockets.SocketException: Host is unreachable <- System.Net.Http.HttpRequestException: Host is unreachable (130.45.20.104:30120)
[      script:oxmysql] [DEBUG] esx_status took 8.8938ms to execute a query!
[      script:oxmysql]     UPDATE users SET status = ? WHERE identifier = ? ["[{\"val\":0,\"percent\":0.0,\"name\":\"hunger\"},{\"val\":229450,\"percent\":22.945,\"name\":\"thirst\"}]","char1:628dc61d93a30424ed1d0dfd1349167666993687"]
[      script:oxmysql] [DEBUG] es_extended took 4.3131ms to execute a query!
[      script:oxmysql]     UPDATE `users` SET `accounts` = ?, `job` = ?, `job_grade` = ?, `group` = ?, `position` = ?, `inventory` = ?, `loadout` = ? WHERE `identifier` = ? ["{\"bank\":7340,\"black_money\":1561,\"money\":87527696}","police",3,"admin","{\"heading\":315.9,\"z\":31.3,\"y\":6524.1,\"x\":-0.4}","[{\"name\":\"WEAPON_PISTOL\",\"slot\":1,\"metadata\":{\"durability\":92.00000000000016,\"registered\":\"Tommy Vendetti\",\"ammo\":12,\"serial\":\"341280WBR357632\",\"components\":[]},\"count\":1},{\"name\":\"burger\",\"slot\":2,\"count\":84},{\"name\":\"lockpick\",\"slot\":3,\"count\":7},{\"name\":\"WEAPON_STUNGUN\",\"slot\":4,\"metadata\":{\"durability\":99.9,\"registered\":\"Tommy Vendetti\",\"components\":[]},\"count\":1},{\"name\":\"water\",\"slot\":5,\"count\":91},{\"name\":\"money\",\"slot\":6,\"count\":87527696},{\"name\":\"black_money\",\"slot\":8,\"count\":1561},{\"name\":\"phone\",\"slot\":9,\"count\":1},{\"name\":\"ammo-rifle\",\"slot\":11,\"count\":170},{\"name\":\"ammo-9\",\"slot\":18,\"count\":459},{\"name\":\"lockpick\",\"slot\":19,\"count\":8}]","[]","char1:628dc61d93a30424ed1d0dfd1349167666993687"]
[  script:es_extended] [INFO] Saved 1 player over 0.0 ms
[      script:oxmysql] [0m[DEBUG] esx_ambulancejob took 3.9996ms to execute a query!
[      script:oxmysql]     UPDATE users SET is_dead = ? WHERE identifier = ? [false,"char1:628dc61d93a30424ed1d0dfd1349167666993687"]
[ citizen-server-impl] Server list query returned an error: System.Net.Sockets.SocketException: Host is unreachable <- System.Net.Http.HttpRequestException: Host is unreachable (130.45.20.104:30120)
[ citizen-server-impl] Server list query returned an error: System.Net.Sockets.SocketException: Host is unreachable <- System.Net.Http.HttpRequestException: Host is unreachable (130.45.20.104:30120)
[ citizen-server-impl] [91mServer list query returned an error: System.Net.Sockets.SocketException: Host is unreachable <- System.Net.Http.HttpRequestException: Host is unreachable (130.45.20.104:30120)
[      script:oxmysql] [DEBUG] esx_status took 7.2303ms to execute a query!
[      script:oxmysql]     UPDATE users SET status = ? WHERE identifier = ? ["[{\"val\":391600,\"percent\":39.16,\"name\":\"hunger\"},{\"val\":418700,\"percent\":41.87,\"name\":\"thirst\"}]","char1:628dc61d93a30424ed1d0dfd1349167666993687"]
[      script:oxmysql] [DEBUG] es_extended took 4.0877ms to execute a query!
[      script:oxmysql]     UPDATE `users` SET `accounts` = ?, `job` = ?, `job_grade` = ?, `group` = ?, `position` = ?, `inventory` = ?, `loadout` = ? WHERE `identifier` = ? ["{\"bank\":7425,\"black_money\":0,\"money\":0}","police",3,"admin","{\"heading\":296.1,\"z\":34.2,\"y\":3671.0,\"x\":1836.0}","[]","[]","char1:628dc61d93a30424ed1d0dfd1349167666993687"]
[  script:es_extended] [INFO] Saved 1 player over 0.0 ms
[ citizen-server-impl] Server list query returned an error: System.Net.Sockets.SocketException: Host is unreachable <- System.Net.Http.HttpRequestException: Host is unreachable (130.45.20.104:30120)
[ citizen-server-impl] Server list query returned an error: System.Net.Sockets.SocketException: Host is unreachable <- System.Net.Http.HttpRequestException: Host is unreachable (130.45.20.104:30120)
[ citizen-server-impl] Server list query returned an error: System.Net.Sockets.SocketException: Host is unreachable <- System.Net.Http.HttpRequestException: Host is unreachable (130.45.20.104:30120)
[ citizen-server-impl] Server list query returned an error: System.Net.Sockets.SocketException: Host is unreachable <- System.Net.Http.HttpRequestException: Host is unreachable (130.45.20.104:30120)
[      script:oxmysql] [DEBUG] esx_status took 6.6099ms to execute a query!
[      script:oxmysql]     UPDATE users SET status = ? WHERE identifier = ? ["[{\"val\":272700,\"percent\":27.27,\"name\":\"hunger\"},{\"val\":329525,\"percent\":32.9525,\"name\":\"thirst\"}]","char1:628dc61d93a30424ed1d0dfd1349167666993687"]
[      script:oxmysql] [DEBUG] es_extended took 3.7601ms to execute a query!
[      script:oxmysql]     UPDATE `users` SET `accounts` = ?, `job` = ?, `job_grade` = ?, `group` = ?, `position` = ?, `inventory` = ?, `loadout` = ? WHERE `identifier` = ? ["{\"bank\":7595,\"black_money\":0,\"money\":0}","police",3,"admin","{\"heading\":296.1,\"z\":34.2,\"y\":3671.0,\"x\":1836.0}","[]","[]","char1:628dc61d93a30424ed1d0dfd1349167666993687"]
[  script:es_extended] [INFO[0m] Saved 1 player over 0.0 ms
[ citizen-server-impl] Server list query returned an error: System.Net.Sockets.SocketException: Host is unreachable <- System.Net.Http.HttpRequestException: Host is unreachable (130.45.20.104:30120)
[ citizen-server-impl] Server list query returned an error: System.Net.Sockets.SocketException: Host is unreachable <- System.Net.Http.HttpRequestException: Host is unreachable (130.45.20.104:30120)
[ citizen-server-main] -> Quitting: SIGHUP received
[      script:oxmysql] [0m[DEBUG] esx_status took 5.9384ms to execute a query!
[      script:oxmysql]     UPDATE users SET status = ? WHERE identifier = ? ["[{\"val\":177400,\"percent\":17.74,\"name\":\"hunger\"},{\"val\":258050,\"percent\":25.805,\"name\":\"thirst\"}]","char1:628dc61d93a30424ed1d0dfd1349167666993687"]
[      script:oxmysql] [DEBUG] es_extended took 6.0356ms to execute a query!
[      script:oxmysql]     UPDATE `users` SET `accounts` = ?, `job` = ?, `job_grade` = ?, `group` = ?, `position` = ?, `inventory` = ?, `loadout` = ? WHERE `identifier` = ? ["{\"bank\":7680,\"black_money\":0,\"money\":0}","police",3,"admin","{\"heading\":296.1,\"z\":34.2,\"y\":3671.0,\"x\":1836.0}","[]","[]","char1:628dc61d93a30424ed1d0dfd1349167666993687"]
[  script:es_extended] [INFO] Saved player "Tommy Vendetti"
