
================================================================
======== Log Rotated - 7/30/2022, 9:09:50 AM                    
================================================================

================================================================
======== FXServer Starting - 7/30/2022, 9:09:50 AM              
================================================================
[    c-scripting-core] Creating script environments for _cfx_internal
[ citizen-server-impl] Scanning resources.
[ citizen-server-impl] [0mFound 86 resources.
[ citizen-server-impl] Some resources have an outdated resource manifest:
[ citizen-server-impl]     - SeatShuffle
[ citizen-server-impl]     - dc_ads
[ citizen-server-impl]     - handsup
[ citizen-server-impl]     - nohelmet
[ citizen-server-impl]     - progressBars
[ citizen-server-impl] 
[ citizen-server-impl] Please update these resources.
[          svadhesive] Authenticating server license key...
[          svadhesive] Server license key authentication succeeded. Welcome!
[    c-scripting-core] Creating script environments for sessionmanager
[ citizen-server-impl] [0mStarted resource sessionmanager
[    c-scripting-core] Creating script environments for monitor
[      script:monitor] [txAdminClient] Version 4.14.0 starting...
[ citizen-server-impl] Started resource monitor
[              cmdsys] No such command Config.Multichar.
[    c-scripting-core] Creating script environments for mapmanager
[ citizen-server-impl] Started resource mapmanager
[    c-scripting-core] Creating script environments for yarn
[ citizen-server-impl] Started resource yarn
[    c-scripting-core] Creating script environments for webpack
[ citizen-server-impl] Started resource webpack
[    c-scripting-core] Creating script environments for chat
[ citizen-server-impl] Started resource chat
[    c-scripting-core] Creating script environments for hardcap
[ citizen-server-impl] Started resource hardcap
[    c-scripting-core] Creating script environments for rconlog
[ citizen-server-impl] Started resource rconlog
[    c-scripting-core] [97mCreating script environments for mysql-async
[ citizen-server-impl] Started resource mysql-async
[    c-scripting-core] Creating script environments for mysql
[ citizen-server-impl] Started resource mysql
[ citizen-server-impl] Started resource spawnmanager
[    c-scripting-core] Creating script environments for es_extended
[ citizen-server-impl] Started resource es_extended
[    c-scripting-core] Creating script environments for async
[ citizen-server-impl] Started resource async
[    c-scripting-core] Creating script environments for cron
[ citizen-server-impl] Started resource cron
[ citizen-server-impl] Started resource no_map
[ citizen-server-impl] Started resource point_finger
[ citizen-server-impl] Started resource handsup
[    c-scripting-core] [97mCreating script environments for oxmysql
[ citizen-server-impl] Started resource oxmysql
[ citizen-server-impl] Asset eup-stream/mp_m_freemode_01^hair_005_u.ydd uses 24.0 MiB of virtual memory.
[ citizen-server-impl] Started resource eup-stream
[ citizen-server-impl] Started resource eup-ui
[    c-scripting-core] Creating script environments for esx_identity
[ citizen-server-impl] Started resource esx_identity
[    c-scripting-core] Creating script environments for esx_notify
[ citizen-server-impl] Started resource esx_notify
[    c-scripting-core] Creating script environments for esx_textui
[ citizen-server-impl] Started resource esx_textui
[ citizen-server-impl] Started resource esx_menu_default
[ citizen-server-impl] Started resource esx_menu_list
[ citizen-server-impl] Started resource esx_menu_dialog
[ citizen-server-impl] Started resource skinchanger
[    c-scripting-core] Creating script environments for esx_skin
[ citizen-server-impl] Started resource esx_skin
[    c-scripting-core] Creating script environments for esx_multicharacter
[ citizen-server-impl] Started resource esx_multicharacter
[ citizen-server-impl] Started resource holsterweapon
[    c-scripting-core] Creating script environments for ox_lib
[ citizen-server-impl] Started resource ox_lib
[    c-scripting-core] Creating script environments for ox_inventory
[ citizen-server-impl] Started resource ox_inventory
[ citizen-server-impl] Started resource dc_loadingscreen
[    c-scripting-core] Creating script environments for esx_license
[ citizen-server-impl] Started resource esx_license
[ citizen-server-impl] Started resource dc_ads
[    c-scripting-core] Creating script environments for esx_vehicleshop
[ citizen-server-impl] Started resource esx_vehicleshop
[    c-scripting-core] Creating script environments for esx_ambulancejob
[ citizen-server-impl] Started resource esx_ambulancejob
[    c-scripting-core] Creating script environments for grab
[ citizen-server-impl] Started resource grab
[    c-scripting-core] Creating script environments for esx_garage
[ citizen-server-impl] Started resource esx_garage
[    c-scripting-core] Creating script environments for esx_addonaccount
[ citizen-server-impl] Started resource esx_addonaccount
[    c-scripting-core] Creating script environments for esx_society
[ citizen-server-impl] Started resource esx_society
[    c-scripting-core] [0mCreating script environments for esx_billing
[ citizen-server-impl] Started resource esx_billing
[    c-scripting-core] Creating script environments for esx_mechanicjob
[ citizen-server-impl] Started resource esx_mechanicjob
[    c-scripting-core] [0mCreating script environments for esx_joblisting
[ citizen-server-impl] Started resource esx_joblisting
[    c-scripting-core] Creating script environments for trew_hud_ui
[ citizen-server-impl] Started resource trew_hud_ui
[    c-scripting-core] Creating script environments for esx_status
[ citizen-server-impl] Started resource esx_status
[    c-scripting-core] [0mCreating script environments for esx_basicneeds
[ citizen-server-impl] Started resource esx_basicneeds
[    c-scripting-core] Creating script environments for esx_barbershop
[ citizen-server-impl] Started resource esx_barbershop
[    c-scripting-core] Creating script environments for esx_robcashregister
[ citizen-server-impl] Started resource esx_robcashregister
[    c-scripting-core] Creating script environments for core_crafting
[ citizen-server-impl] Started resource core_crafting
[ citizen-server-impl] Started resource mythic_notify
[ citizen-server-impl] Started resource mythic_progbar
[    c-scripting-core] Creating script environments for interact-sound
[ citizen-server-impl] Started resource interact-sound
[    c-scripting-core] Creating script environments for esx_lscustom
[ citizen-server-impl] Started resource esx_lscustom
[    c-scripting-core] Creating script environments for esx_allowlist
[ citizen-server-impl] Started resource esx_allowlist
[ citizen-server-impl] Started resource removeAllAi
[    c-scripting-core] Creating script environments for esx_banking
[ citizen-server-impl] Started resource esx_banking
[ citizen-server-impl] Started resource esx_animations
[    c-scripting-core] Creating script environments for esx_jobs
[ citizen-server-impl] Started resource esx_jobs
[    c-scripting-core] Creating script environments for esx_datastore
[ citizen-server-impl] Started resource esx_datastore
[ citizen-server-impl] Couldn't find resource esx_policejob.
[    c-scripting-core] Creating script environments for esx_clotheshop
[ citizen-server-impl] Started resource esx_clotheshop
[    c-scripting-core] Creating script environments for esx_service
[ citizen-server-impl] Started resource esx_service
[ citizen-server-impl] Started resource progressBars
[    c-scripting-core] Creating script environments for t1ger_keys
[ citizen-server-impl] Started resource t1ger_keys
[    c-scripting-core] Creating script environments for police-alerts
[ citizen-server-impl] Started resource police-alerts
[ citizen-server-impl] Started resource nohelmet
[    c-scripting-core] Creating script environments for LegacyFuel
[ citizen-server-impl] Started resource LegacyFuel
[ citizen-server-impl] Started resource SeatShuffle
[  script:mysql-async] [mysql-async] [SUCCESS] Database server connection established.
[      script:monitor] [txAdminClient] Threads and commands set up. All Ready.
[      script:oxmysql] Database server connection established!
[      script:oxmysql] [DEBUG] esx_addonaccount took 7.1883ms to execute a query!
[      script:oxmysql]     SELECT * FROM addon_account LEFT JOIN addon_account_data ON addon_account.name = addon_account_data.account_name UNION SELECT * FROM addon_account RIGHT JOIN addon_account_data ON addon_account.name = addon_account_data.account_name []
[      script:oxmysql] [DEBUG] esx_society took 0.8105ms to execute a query!
[      script:oxmysql]     SELECT * FROM jobs []
[      script:oxmysql] [DEBUG] ox_inventory took 1.5516ms to execute a query!
[      script:oxmysql]     SELECT * FROM items []
[      script:oxmysql] [0m[DEBUG] esx_society took 1.5719ms to execute a query!
[      script:oxmysql]     SELECT * FROM job_grades []
[      script:oxmysql] [DEBUG] ox_inventory took 2.9275ms to execute a query!
[      script:oxmysql]     DELETE FROM ox_inventory WHERE lastupdated < (NOW() - INTERVAL 6 MONTH) OR data = "[]" []
[      script:oxmysql] [DEBUG] es_extended took 1.1861ms to execute a query!
[      script:oxmysql]     SELECT * FROM jobs []
[      script:oxmysql] [DEBUG] es_extended took 0.7376ms to execute a query!
[      script:oxmysql]     SELECT * FROM job_grades []
[  script:es_extended] [INFO] ESX Legacy initialized
[      script:oxmysql] [DEBUG] esx_multicharacter took 3.476ms to execute a query!
[      script:oxmysql]     SELECT TABLE_NAME, COLUMN_NAME, CHARACTER_MAXIMUM_LENGTH FROM INFORMATION_SCHEMA.COLUMNS WHERE TABLE_SCHEMA = "essentialmode" AND DATA_TYPE = "varchar" AND COLUMN_NAME IN (?) [["identifier","owner"]]
[ citizen-server-impl]         fff                          
[ citizen-server-impl]   cccc ff   xx  xx     rr rr    eee  
[ citizen-server-impl] cc     ffff   xx       rrr  r ee   e 
[ citizen-server-impl] cc     ff     xx   ... rr     eeeee  
[ citizen-server-impl]  ccccc ff   xx  xx ... rr      eeeee 
[ citizen-server-impl]                                      
[      script:oxmysql] There is an update available for oxmysql - please update to the latest release (current version: 2.3.4)
[      script:oxmysql] https://github.com/overextended/oxmysql/releases/tag/v2.4.0
[ citizen-server-impl] Authenticated with cfx.re Nucleus: https://tristen-rodriguez-xpdqrr.users.cfx.re/
[ script:ox_inventory] [32m[info] Inventory has loaded 192 items
[ citizen-server-main] -> Quitting: SIGHUP received

================================================================
======== FXServer Starting - 7/30/2022, 9:18:54 AM              
================================================================
[    c-scripting-core] Creating script environments for _cfx_internal
[ citizen-server-impl] Scanning resources.
[ citizen-server-impl] Found 85 resources.[0m
[ citizen-server-impl] Some resources have an outdated resource manifest:
[ citizen-server-impl]     - SeatShuffle
[ citizen-server-impl]     - dc_ads
[ citizen-server-impl]     - handsup
[ citizen-server-impl]     - nohelmet
[ citizen-server-impl]     - progressBars
[ citizen-server-impl] 
[ citizen-server-impl] Please update these resources.
[          svadhesive] Authenticating server license key...
[          svadhesive] Server license key authentication succeeded. Welcome!
[    c-scripting-core] Creating script environments for sessionmanager
[ citizen-server-impl] Started resource sessionmanager
[    c-scripting-core] Creating script environments for monitor
[      script:monitor] [txAdminClient] Version 4.14.0 starting...
[ citizen-server-impl] Started resource monitor
[              cmdsys] No such command Config.Multichar.
[    c-scripting-core] Creating script environments for mapmanager
[ citizen-server-impl] Started resource mapmanager
[    c-scripting-core] Creating script environments for yarn
[ citizen-server-impl] Started resource yarn
[    c-scripting-core] Creating script environments for webpack
[ citizen-server-impl] Started resource webpack
[    c-scripting-core] Creating script environments for chat
[ citizen-server-impl] Started resource chat
[    c-scripting-core] [97mCreating script environments for hardcap
[ citizen-server-impl] Started resource hardcap
[    c-scripting-core] [97mCreating script environments for rconlog
[ citizen-server-impl] Started resource rconlog
[    c-scripting-core] [97mCreating script environments for mysql-async
[ citizen-server-impl] Started resource mysql-async
[    c-scripting-core] Creating script environments for mysql
[ citizen-server-impl] Started resource mysql
[ citizen-server-impl] Started resource spawnmanager
[    c-scripting-core] Creating script environments for es_extended
[ citizen-server-impl] Started resource es_extended
[    c-scripting-core] Creating script environments for async
[ citizen-server-impl] [97mStarted resource async
[    c-scripting-core] Creating script environments for cron
[ citizen-server-impl] Started resource cron
[ citizen-server-impl] Asset eup-stream/mp_m_freemode_01^hair_005_u.ydd uses 24.0 MiB of virtual memory.
[ citizen-server-impl] Started resource eup-stream
[ citizen-server-impl] Started resource eup-ui
[    c-scripting-core] Creating script environments for oxmysql
[ citizen-server-impl] Started resource oxmysql
[    c-scripting-core] Creating script environments for ox_lib
[ citizen-server-impl] Started resource ox_lib
[    c-scripting-core] Creating script environments for ox_inventory
[ citizen-server-impl] [0mStarted resource ox_inventory
[    c-scripting-core] Creating script environments for esx_identity
[ citizen-server-impl] Started resource esx_identity
[    c-scripting-core] [0mCreating script environments for esx_notify
[ citizen-server-impl] Started resource esx_notify
[    c-scripting-core] [0mCreating script environments for esx_textui
[ citizen-server-impl] Started resource esx_textui
[ citizen-server-impl] Started resource esx_menu_default
[ citizen-server-impl] Started resource esx_menu_list
[ citizen-server-impl] Started resource esx_menu_dialog
[ citizen-server-impl] Started resource skinchanger
[    c-scripting-core] Creating script environments for esx_skin
[ citizen-server-impl] Started resource esx_skin
[    c-scripting-core] [0mCreating script environments for esx_multicharacter
[ citizen-server-impl] Started resource esx_multicharacter
[    c-scripting-core] Creating script environments for esx_license
[ citizen-server-impl] Started resource esx_license
[    c-scripting-core] Creating script environments for esx_vehicleshop
[ citizen-server-impl] Started resource esx_vehicleshop
[    c-scripting-core] Creating script environments for esx_ambulancejob
[ citizen-server-impl] Started resource esx_ambulancejob
[    c-scripting-core] Creating script environments for esx_garage
[ citizen-server-impl] Started resource esx_garage
[    c-scripting-core] Creating script environments for esx_addonaccount
[ citizen-server-impl] Started resource esx_addonaccount
[    c-scripting-core] Creating script environments for esx_society
[ citizen-server-impl] Started resource esx_society
[    c-scripting-core] Creating script environments for esx_billing
[ citizen-server-impl] Started resource esx_billing
[    c-scripting-core] Creating script environments for esx_mechanicjob
[ citizen-server-impl] Started resource esx_mechanicjob
[    c-scripting-core] Creating script environments for esx_joblisting
[ citizen-server-impl] Started resource esx_joblisting
[    c-scripting-core] Creating script environments for esx_status
[ citizen-server-impl] Started resource esx_status
[    c-scripting-core] Creating script environments for esx_basicneeds
[ citizen-server-impl] Started resource esx_basicneeds
[    c-scripting-core] Creating script environments for esx_barbershop
[ citizen-server-impl] Started resource esx_barbershop
[    c-scripting-core] [0mCreating script environments for esx_robcashregister
[ citizen-server-impl] Started resource esx_robcashregister
[    c-scripting-core] Creating script environments for esx_lscustom
[ citizen-server-impl] Started resource esx_lscustom
[    c-scripting-core] Creating script environments for esx_allowlist
[ citizen-server-impl] Started resource esx_allowlist
[    c-scripting-core] Creating script environments for esx_banking
[ citizen-server-impl] Started resource esx_banking
[ citizen-server-impl] Started resource esx_animations
[    c-scripting-core] Creating script environments for esx_jobs
[ citizen-server-impl] Started resource esx_jobs
[    c-scripting-core] Creating script environments for esx_datastore
[ citizen-server-impl] Started resource esx_datastore
[ citizen-server-impl] Couldn't find resource esx_policejob.
[    c-scripting-core] Creating script environments for esx_clotheshop
[ citizen-server-impl] Started resource esx_clotheshop
[    c-scripting-core] Creating script environments for esx_service
[ citizen-server-impl] Started resource esx_service
[ citizen-server-impl] Started resource dc_loadingscreen
[ citizen-server-impl] Started resource no_map
[ citizen-server-impl] Started resource point_finger
[ citizen-server-impl] Started resource handsup
[ citizen-server-impl] Started resource dc_ads
[    c-scripting-core] Creating script environments for grab
[ citizen-server-impl] Started resource grab
[    c-scripting-core] Creating script environments for trew_hud_ui
[ citizen-server-impl] Started resource trew_hud_ui
[    c-scripting-core] Creating script environments for core_crafting
[ citizen-server-impl] Started resource core_crafting
[ citizen-server-impl] Started resource mythic_notify
[ citizen-server-impl] Started resource mythic_progbar
[    c-scripting-core] [0mCreating script environments for interact-sound
[ citizen-server-impl] Started resource interact-sound
[ citizen-server-impl] Started resource removeAllAi
[ citizen-server-impl] Started resource progressBars
[    c-scripting-core] Creating script environments for t1ger_keys
[ citizen-server-impl] Started resource t1ger_keys
[    c-scripting-core] Creating script environments for police-alerts
[ citizen-server-impl] Started resource police-alerts
[ citizen-server-impl] Started resource nohelmet
[    c-scripting-core] Creating script environments for LegacyFuel
[ citizen-server-impl] Started resource LegacyFuel
[ citizen-server-impl] Started resource SeatShuffle
[ citizen-server-impl] Started resource holsterweapon
[  script:mysql-async] [mysql-async] [SUCCESS] Database server connection established.
[      script:monitor] [txAdminClient] Threads and commands set up. All Ready.
[      script:oxmysql] Database server connection established!
[      script:oxmysql] [93m[DEBUG] esx_addonaccount took 7.0122ms to execute a query!
[      script:oxmysql]     SELECT * FROM addon_account LEFT JOIN addon_account_data ON addon_account.name = addon_account_data.account_name UNION SELECT * FROM addon_account RIGHT JOIN addon_account_data ON addon_account.name = addon_account_data.account_name []
[      script:oxmysql] [93m[DEBUG] esx_society took 0.8791ms to execute a query!
[      script:oxmysql]     SELECT * FROM jobs []
[      script:oxmysql] [DEBUG] ox_inventory took 1.7266ms to execute a query!
[      script:oxmysql]     SELECT * FROM items []
[      script:oxmysql] [DEBUG] esx_society took 1.6231ms to execute a query!
[      script:oxmysql]     SELECT * FROM job_grades []
[      script:oxmysql] [DEBUG] ox_inventory took 3.0054ms to execute a query!
[      script:oxmysql]     DELETE FROM ox_inventory WHERE lastupdated < (NOW() - INTERVAL 6 MONTH) OR data = "[]" []
[      script:oxmysql] [DEBUG] es_extended took 0.863ms to execute a query!
[      script:oxmysql]     SELECT * FROM jobs []
[      script:oxmysql] [97m[DEBUG] es_extended took 0.7507ms to execute a query!
[      script:oxmysql]     SELECT * FROM job_grades []
[  script:es_extended] [INFO] ESX Legacy initialized
[      script:oxmysql] [DEBUG] esx_multicharacter took 3.6113ms to execute a query!
[      script:oxmysql]     SELECT TABLE_NAME, COLUMN_NAME, CHARACTER_MAXIMUM_LENGTH FROM INFORMATION_SCHEMA.COLUMNS WHERE TABLE_SCHEMA = "essentialmode" AND DATA_TYPE = "varchar" AND COLUMN_NAME IN (?) [["identifier","owner"]]
[ citizen-server-impl]         fff                          
[ citizen-server-impl]   cccc ff   xx  xx     rr rr    eee  
[ citizen-server-impl] cc     ffff   xx       rrr  r ee   e 
[ citizen-server-impl] cc     ff     xx   ... rr     eeeee  
[ citizen-server-impl]  ccccc ff   xx  xx ... rr      eeeee 
[ citizen-server-impl]                                      
[ citizen-server-impl] Authenticated with cfx.re Nucleus: https://tristen-rodriguez-xpdqrr.users.cfx.re/
[      script:oxmysql] There is an update available for oxmysql - please update to the latest release (current version: 2.3.4)
[      script:oxmysql] https://github.com/overextended/oxmysql/releases/tag/v2.4.0
[ script:ox_inventory] [info] Inventory has loaded 192 items
[ citizen-server-main] -> Quitting: SIGHUP received
