
================================================================
======== FXServer Starting - 7/17/2022, 1:16:49 PM              
================================================================
[    c-scripting-core] [0mCreating script environments for _cfx_internal
[ citizen-server-impl] Scanning resources.
[ citizen-server-impl] [32mFound 25 resources.
[          svadhesive] Authenticating server license key...
[          svadhesive] Error: Could not authenticate server license key. Your key is inactive.
> quit "Server restarting (Tristen_Rodriguez)."

================================================================
======== FXServer Starting - 7/17/2022, 1:17:14 PM              
================================================================
[    c-scripting-core] Creating script environments for _cfx_internal
[ citizen-server-impl] Scanning resources.
[ citizen-server-impl] Found 25 resources.
[          svadhesive] Authenticating server license key...
[          svadhesive] Server license key authentication succeeded. Welcome!
[    c-scripting-core] Creating script environments for sessionmanager
[ citizen-server-impl] Started resource sessionmanager
[    c-scripting-core] Creating script environments for monitor
[      script:monitor] [txAdminClient] Version 4.14.0 starting...
[ citizen-server-impl] Started resource monitor
[    c-scripting-core] Creating script environments for mapmanager
[ citizen-server-impl] Started resource mapmanager
[    c-scripting-core] Creating script environments for yarn
[ citizen-server-impl] Started resource yarn
[ citizen-server-impl] [97mRunning build tasks on resource webpack - it'll restart once completed.
[    c-resources-core] Could not start dependency webpack for resource chat.
[ citizen-server-impl] Couldn't start resource chat.
[ citizen-server-impl] Started resource spawnmanager
[   script:mapmanager] Started gametype Freeroam
[ citizen-server-impl] Started resource basic-gamemode
[    c-scripting-core] Creating script environments for hardcap
[ citizen-server-impl] Started resource hardcap
[      script:monitor] [txAdminClient] Threads and commands set up. All Ready.
[   script:mapmanager] Started map fivem-map-hipster
[ citizen-server-impl] Started resource fivem-map-hipster
[         script:yarn] [yarn] yarn install v1.22.5
[         script:yarn] 
[ citizen-server-impl]         fff                          
[ citizen-server-impl]   cccc ff   xx  xx     rr rr    eee  
[ citizen-server-impl] cc     ffff   xx       rrr  r ee   e 
[ citizen-server-impl] cc     ff     xx   ... rr     eeeee  
[ citizen-server-impl]  ccccc ff   xx  xx ... rr      eeeee 
[ citizen-server-impl]                                      
[ citizen-server-impl] Authenticated with cfx.re Nucleus: https://tristen-rodriguez-xpdqrr.users.cfx.re/
[         script:yarn] [yarn] [1/4] Resolving packages...
[         script:yarn] 
[         script:yarn] [yarn] [2/4] Fetching packages...
[         script:yarn] 
[         script:yarn] [yarn] info fsevents@2.3.1: The platform "win32" is incompatible with this module.
[         script:yarn] 
[         script:yarn] [yarn] info "fsevents@2.3.1" is an optional dependency and failed compatibility check. Excluding it from installation.
[         script:yarn] 
[         script:yarn] [yarn] info fsevents@1.2.13: The platform "win32" is incompatible with this module.
[         script:yarn] info "fsevents@1.2.13" is an optional dependency and failed compatibility check. Excluding it from installation.
[         script:yarn] 
[         script:yarn] [yarn] [3/4] Linking dependencies...
[         script:yarn] 
[         script:yarn] [yarn] [4/4] Building fresh packages...
[         script:yarn] 
[         script:yarn] Error: [yarn] warning Ignored scripts due to flag.
[         script:yarn] 
[         script:yarn] [yarn] Done in 4.52s.
[         script:yarn] 
[ citizen-server-impl] Build tasks completed - starting resource webpack.
[    c-scripting-core] Creating script environments for webpack
[ citizen-server-impl] Running build tasks on resource chat - it'll restart once completed.
[ citizen-server-impl] Started resource webpack
[         script:yarn] [yarn] yarn install v1.22.5
[         script:yarn] 
[         script:yarn] [yarn] [1/4] Resolving packages...
[         script:yarn] 
[         script:yarn] [yarn] [2/4] Fetching packages...
[         script:yarn] 
[         script:yarn] [yarn] info fsevents@1.2.11: The platform "win32" is incompatible with this module.
[         script:yarn] 
[         script:yarn] [yarn] info "fsevents@1.2.11" is an optional dependency and failed compatibility check. Excluding it from installation.
[         script:yarn] 
[         script:yarn] [yarn] [3/4] Linking dependencies...
[         script:yarn] 
[         script:yarn] [yarn] [4/4] Building fresh packages...
[         script:yarn] 
[         script:yarn] Error: [yarn] warning Ignored scripts due to flag.
[         script:yarn] 
[         script:yarn] [yarn] Done in 6.96s.
[38;5;151m[         script:yarn] 
[      script:webpack] chat: started building webpack.config.js
[ citizen-server-impl] server thread hitch warning: timer interval of 519 milliseconds
[      script:webpack] chat: built webpack.config.js
[ citizen-server-impl] Build tasks completed - starting resource chat.
[    c-scripting-core] Creating script environments for chat
[ citizen-server-impl] Started resource chat
[ citizen-server-impl] Server list query returned an error: System.Threading.Tasks.TaskCanceledException: The operation was canceled. <- System.TimeoutException: The operation was canceled. <- System.Threading.Tasks.TaskCanceledException: The request was canceled due to the configured HttpClient.Timeout of 30 seconds elapsing.
[ citizen-server-impl] Server list query returned an error: System.Threading.Tasks.TaskCanceledException: The operation was canceled. <- System.TimeoutException: The operation was canceled. <- System.Threading.Tasks.TaskCanceledException: The request was canceled due to the configured HttpClient.Timeout of 30 seconds elapsing.
[ citizen-server-impl] Server list query returned an error: System.Threading.Tasks.TaskCanceledException: The operation was canceled. <- System.TimeoutException: The operation was canceled. <- System.Threading.Tasks.TaskCanceledException: The request was canceled due to the configured HttpClient.Timeout of 30 seconds elapsing.
[ citizen-server-impl] Server list query returned an error: System.Threading.Tasks.TaskCanceledException: The operation was canceled. <- System.TimeoutException: The operation was canceled. <- System.Threading.Tasks.TaskCanceledException: The request was canceled due to the configured HttpClient.Timeout of 30 seconds elapsing.
[ citizen-server-impl] Server list query returned an error: System.Threading.Tasks.TaskCanceledException: The operation was canceled. <- System.TimeoutException: The operation was canceled. <- System.Threading.Tasks.TaskCanceledException: The request was canceled due to the configured HttpClient.Timeout of 30 seconds elapsing.
[ citizen-server-impl] [91mServer list query returned an error: System.Threading.Tasks.TaskCanceledException: The operation was canceled. <- System.TimeoutException: The operation was canceled. <- System.Threading.Tasks.TaskCanceledException: The request was canceled due to the configured HttpClient.Timeout of 30 seconds elapsing.
[ citizen-server-impl] Server list query returned an error: System.Threading.Tasks.TaskCanceledException: The operation was canceled. <- System.TimeoutException: The operation was canceled. <- System.Threading.Tasks.TaskCanceledException: The request was canceled due to the configured HttpClient.Timeout of 30 seconds elapsing.
[ citizen-server-impl] sync thread hitch warning: timer interval of 327 milliseconds
[ citizen-server-impl] network thread hitch warning: timer interval of 324 milliseconds
[ citizen-server-impl] server thread hitch warning: timer interval of 361 milliseconds
[ citizen-server-impl] sync thread hitch warning: timer interval of 107400 milliseconds
[38;5;73m[ citizen-server-impl] network thread hitch warning: timer interval of 107402 milliseconds
[ citizen-server-impl] server thread hitch warning: timer interval of 107443 milliseconds
[ citizen-server-impl] Server list query returned an error: System.Threading.Tasks.TaskCanceledException: The operation was canceled. <- System.TimeoutException: The operation was canceled. <- System.Threading.Tasks.TaskCanceledException: The request was canceled due to the configured HttpClient.Timeout of 30 seconds elapsing.
> quit "Server restarting (Tristen_Rodriguez)."
[ citizen-server-main] -> Quitting: Server restarting (Tristen_Rodriguez).

================================================================
======== FXServer Starting - 7/17/2022, 1:42:06 PM              
================================================================
[    c-scripting-core] Creating script environments for _cfx_internal
[ citizen-server-impl] Scanning resources.
[ citizen-server-impl] Found 25 resources.
[          svadhesive] Authenticating server license key...
[          svadhesive] Server license key authentication succeeded. Welcome!
[    c-scripting-core] Creating script environments for sessionmanager
[ citizen-server-impl] Started resource sessionmanager
[    c-scripting-core] Creating script environments for monitor
[      script:monitor] [txAdminClient] Version 4.14.0 starting...
[ citizen-server-impl] Started resource monitor
[    c-scripting-core] Creating script environments for mapmanager
[ citizen-server-impl] Started resource mapmanager
[    c-scripting-core] Creating script environments for yarn
[ citizen-server-impl] Started resource yarn
[    c-scripting-core] Creating script environments for webpack
[ citizen-server-impl] Started resource webpack
[    c-scripting-core] [97mCreating script environments for chat
[ citizen-server-impl] Started resource chat
[ citizen-server-impl] Started resource spawnmanager
[   script:mapmanager] [97mStarted gametype Freeroam
[ citizen-server-impl] Started resource basic-gamemode
[    c-scripting-core] Creating script environments for hardcap
[ citizen-server-impl] Started resource hardcap
[      script:monitor] [txAdminClient] Threads and commands set up. All Ready.
[   script:mapmanager] Started map fivem-map-hipster
[ citizen-server-impl] Started resource fivem-map-hipster
[ citizen-server-impl]         fff                          
[ citizen-server-impl]   cccc ff   xx  xx     rr rr    eee  
[ citizen-server-impl] cc     ffff   xx       rrr  r ee   e 
[ citizen-server-impl] [91mcc     ff     xx   ... rr     eeeee  
[ citizen-server-impl]  ccccc ff   xx  xx ... rr      eeeee 
[38;5;73m[ citizen-server-impl]                                      
[ citizen-server-impl] Authenticated with cfx.re Nucleus: https://tristen-rodriguez-xpdqrr.users.cfx.re/
[ citizen-server-impl] Server list query returned an error: System.Threading.Tasks.TaskCanceledException: The operation was canceled. <- System.TimeoutException: The operation was canceled. <- System.Threading.Tasks.TaskCanceledException: The request was canceled due to the configured HttpClient.Timeout of 30 seconds elapsing.
[ citizen-server-impl] Server list query returned an error: System.Threading.Tasks.TaskCanceledException: The operation was canceled. <- System.TimeoutException: The operation was canceled. <- System.Threading.Tasks.TaskCanceledException: The request was canceled due to the configured HttpClient.Timeout of 30 seconds elapsing.
[ citizen-server-impl] Server list query returned an error: System.Threading.Tasks.TaskCanceledException: The operation was canceled. <- System.TimeoutException: The operation was canceled. <- System.Threading.Tasks.TaskCanceledException: The request was canceled due to the configured HttpClient.Timeout of 30 seconds elapsing.
[38;5;134m[      script:hardcap] Connecting: trist
[ citizen-server-impl] Server list query returned an error: System.Threading.Tasks.TaskCanceledException: The operation was canceled. <- System.TimeoutException: The operation was canceled. <- System.Threading.Tasks.TaskCanceledException: The request was canceled due to the configured HttpClient.Timeout of 30 seconds elapsing.
> quit "Server restarting (Tristen_Rodriguez)."
[ citizen-server-main] -> Quitting: Server restarting (Tristen_Rodriguez).

================================================================
======== FXServer Starting - 7/17/2022, 1:55:11 PM              
================================================================
[    c-scripting-core] Creating script environments for _cfx_internal
[ citizen-server-impl] Scanning resources.
[ citizen-server-impl] Found 25 resources.
[          svadhesive] Authenticating server license key...
[          svadhesive] Server license key authentication succeeded. Welcome!
[    c-scripting-core] Creating script environments for sessionmanager
[ citizen-server-impl] Started resource sessionmanager
[    c-scripting-core] Creating script environments for monitor
[      script:monitor] [txAdminClient] Version 4.14.0 starting...
[ citizen-server-impl] Started resource monitor
[    c-scripting-core] Creating script environments for mapmanager
[ citizen-server-impl] Started resource mapmanager
[    c-scripting-core] [97mCreating script environments for yarn
[ citizen-server-impl] Started resource yarn
[    c-scripting-core] [0mCreating script environments for webpack
[ citizen-server-impl] Started resource webpack
[    c-scripting-core] Creating script environments for chat
[ citizen-server-impl] Started resource chat
[ citizen-server-impl] Started resource spawnmanager
[   script:mapmanager] [0mStarted gametype Freeroam
[ citizen-server-impl] Started resource basic-gamemode
[    c-scripting-core] Creating script environments for hardcap
[ citizen-server-impl] Started resource hardcap
[      script:monitor] [txAdminClient] Threads and commands set up. All Ready.
[   script:mapmanager] Started map fivem-map-skater
[ citizen-server-impl] Started resource fivem-map-skater
[ citizen-server-impl]         fff                          
[ citizen-server-impl] [91m  cccc ff   xx  xx     rr rr    eee  
[ citizen-server-impl] cc     ffff   xx       rrr  r ee   e 
[ citizen-server-impl] cc     ff     xx   ... rr     eeeee  
[ citizen-server-impl]  ccccc ff   xx  xx ... rr      eeeee 
[ citizen-server-impl]                                      
[ citizen-server-impl] Authenticated with cfx.re Nucleus: https://tristen-rodriguez-xpdqrr.users.cfx.re/
[      script:hardcap] Connecting: trist
[ citizen-server-impl] [0mServer list query returned an error: System.Threading.Tasks.TaskCanceledException: The operation was canceled. <- System.TimeoutException: The operation was canceled. <- System.Threading.Tasks.TaskCanceledException: The request was canceled due to the configured HttpClient.Timeout of 30 seconds elapsing.
[         script:chat] trist: tx[0m
[ citizen-server-impl] [91mServer list query returned an error: System.Threading.Tasks.TaskCanceledException: The operation was canceled. <- System.TimeoutException: The operation was canceled. <- System.Threading.Tasks.TaskCanceledException: The request was canceled due to the configured HttpClient.Timeout of 30 seconds elapsing.
[ citizen-server-impl] Server list query returned an error: System.Threading.Tasks.TaskCanceledException: The operation was canceled. <- System.TimeoutException: The operation was canceled. <- System.Threading.Tasks.TaskCanceledException: The request was canceled due to the configured HttpClient.Timeout of 30 seconds elapsing.
[ citizen-server-impl] Server list query returned an error: System.Threading.Tasks.TaskCanceledException: The operation was canceled. <- System.TimeoutException: The operation was canceled. <- System.Threading.Tasks.TaskCanceledException: The request was canceled due to the configured HttpClient.Timeout of 30 seconds elapsing.
[ citizen-server-main] -> Quitting: SIGHUP received

================================================================
======== FXServer Starting - 7/17/2022, 2:16:49 PM              
================================================================
[    c-scripting-core] Creating script environments for _cfx_internal
[ citizen-server-impl] Scanning resources.
[ citizen-server-impl] Found 25 resources.
[          svadhesive] Authenticating server license key...
[          svadhesive] Server license key authentication succeeded. Welcome!
[    c-scripting-core] Creating script environments for sessionmanager
[ citizen-server-impl] [0mStarted resource sessionmanager
[    c-scripting-core] Creating script environments for monitor
[      script:monitor] [txAdminClient] Version 4.14.0 starting...
[ citizen-server-impl] Started resource monitor
[    c-scripting-core] Creating script environments for mapmanager
[ citizen-server-impl] Started resource mapmanager
[    c-scripting-core] [97mCreating script environments for yarn
[ citizen-server-impl] Started resource yarn
[    c-scripting-core] [97mCreating script environments for webpack
[ citizen-server-impl] Started resource webpack
[    c-scripting-core] Creating script environments for chat
[ citizen-server-impl] [97mStarted resource chat
[ citizen-server-impl] Started resource spawnmanager
[   script:mapmanager] [97mStarted gametype Freeroam
[ citizen-server-impl] Started resource basic-gamemode
[38;5;161m[    c-scripting-core] Creating script environments for hardcap
[ citizen-server-impl] Started resource hardcap
[    c-scripting-core] Creating script environments for rconlog
[ citizen-server-impl] Started resource rconlog
[      script:monitor] [txAdminClient] Threads and commands set up. All Ready.
[   script:mapmanager] Started map fivem-map-skater
[ citizen-server-impl] Started resource fivem-map-skater
[ citizen-server-impl] [0m        fff                          
[ citizen-server-impl]   cccc ff   xx  xx     rr rr    eee  
[ citizen-server-impl] cc     ffff   xx       rrr  r ee   e 
[ citizen-server-impl] cc     ff     xx   ... rr     eeeee  
[ citizen-server-impl]  ccccc ff   xx  xx ... rr      eeeee 
[ citizen-server-impl]                                      
[ citizen-server-impl] Authenticated with cfx.re Nucleus: https://tristen-rodriguez-xpdqrr.users.cfx.re/
[ citizen-server-impl] [91mServer list query returned an error: System.Threading.Tasks.TaskCanceledException: The operation was canceled. <- System.TimeoutException: The operation was canceled. <- System.Threading.Tasks.TaskCanceledException: The request was canceled due to the configured HttpClient.Timeout of 30 seconds elapsing.
[ citizen-server-impl] Server list query returned an error: System.Threading.Tasks.TaskCanceledException: The operation was canceled. <- System.TimeoutException: The operation was canceled. <- System.Threading.Tasks.TaskCanceledException: The request was canceled due to the configured HttpClient.Timeout of 30 seconds elapsing.
[ citizen-server-impl] Server list query returned an error: System.Threading.Tasks.TaskCanceledException: The operation was canceled. <- System.TimeoutException: The operation was canceled. <- System.Threading.Tasks.TaskCanceledException: The request was canceled due to the configured HttpClient.Timeout of 30 seconds elapsing.
[ citizen-server-impl] Server list query returned an error: System.Threading.Tasks.TaskCanceledException: The operation was canceled. <- System.TimeoutException: The operation was canceled. <- System.Threading.Tasks.TaskCanceledException: The request was canceled due to the configured HttpClient.Timeout of 30 seconds elapsing.
[ citizen-server-impl] [91mServer list query returned an error: System.Threading.Tasks.TaskCanceledException: The operation was canceled. <- System.TimeoutException: The operation was canceled. <- System.Threading.Tasks.TaskCanceledException: The request was canceled due to the configured HttpClient.Timeout of 30 seconds elapsing.
[ citizen-server-impl] [91mServer list query returned an error: System.Threading.Tasks.TaskCanceledException: The operation was canceled. <- System.TimeoutException: The operation was canceled. <- System.Threading.Tasks.TaskCanceledException: The request was canceled due to the configured HttpClient.Timeout of 30 seconds elapsing.
[ citizen-server-impl] Server list query returned an error: System.Threading.Tasks.TaskCanceledException: The operation was canceled. <- System.TimeoutException: The operation was canceled. <- System.Threading.Tasks.TaskCanceledException: The request was canceled due to the configured HttpClient.Timeout of 30 seconds elapsing.
[ citizen-server-impl] Server list query returned an error: System.Threading.Tasks.TaskCanceledException: The operation was canceled. <- System.TimeoutException: The operation was canceled. <- System.Threading.Tasks.TaskCanceledException: The request was canceled due to the configured HttpClient.Timeout of 30 seconds elapsing.
[ citizen-server-impl] Server list query returned an error: System.Threading.Tasks.TaskCanceledException: The operation was canceled. <- System.TimeoutException: The operation was canceled. <- System.Threading.Tasks.TaskCanceledException: The request was canceled due to the configured HttpClient.Timeout of 30 seconds elapsing.
[ citizen-server-impl] Server list query returned an error: System.Threading.Tasks.TaskCanceledException: The operation was canceled. <- System.TimeoutException: The operation was canceled. <- System.Threading.Tasks.TaskCanceledException: The request was canceled due to the configured HttpClient.Timeout of 30 seconds elapsing.
[ citizen-server-impl] Server list query returned an error: System.Threading.Tasks.TaskCanceledException: The operation was canceled. <- System.TimeoutException: The operation was canceled. <- System.Threading.Tasks.TaskCanceledException: The request was canceled due to the configured HttpClient.Timeout of 30 seconds elapsing.
[ citizen-server-impl] Server list query returned an error: System.Threading.Tasks.TaskCanceledException: The operation was canceled. <- System.TimeoutException: The operation was canceled. <- System.Threading.Tasks.TaskCanceledException: The request was canceled due to the configured HttpClient.Timeout of 30 seconds elapsing.
[ citizen-server-impl] Server list query returned an error: System.Threading.Tasks.TaskCanceledException: The operation was canceled. <- System.TimeoutException: The operation was canceled. <- System.Threading.Tasks.TaskCanceledException: The request was canceled due to the configured HttpClient.Timeout of 30 seconds elapsing.
[ citizen-server-impl] Server list query returned an error: System.Threading.Tasks.TaskCanceledException: The operation was canceled. <- System.TimeoutException: The operation was canceled. <- System.Threading.Tasks.TaskCanceledException: The request was canceled due to the configured HttpClient.Timeout of 30 seconds elapsing.
[ citizen-server-impl] Server list query returned an error: System.Threading.Tasks.TaskCanceledException: The operation was canceled. <- System.TimeoutException: The operation was canceled. <- System.Threading.Tasks.TaskCanceledException: The request was canceled due to the configured HttpClient.Timeout of 30 seconds elapsing.
[ citizen-server-impl] Server list query returned an error: System.Threading.Tasks.TaskCanceledException: The operation was canceled. <- System.TimeoutException: The operation was canceled. <- System.Threading.Tasks.TaskCanceledException: The request was canceled due to the configured HttpClient.Timeout of 30 seconds elapsing.
[ citizen-server-impl] Server list query returned an error: System.Threading.Tasks.TaskCanceledException: The operation was canceled. <- System.TimeoutException: The operation was canceled. <- System.Threading.Tasks.TaskCanceledException: The request was canceled due to the configured HttpClient.Timeout of 30 seconds elapsing.
[ citizen-server-impl] Server list query returned an error: System.Threading.Tasks.TaskCanceledException: The operation was canceled. <- System.TimeoutException: The operation was canceled. <- System.Threading.Tasks.TaskCanceledException: The request was canceled due to the configured HttpClient.Timeout of 30 seconds elapsing.[0m
> quit "Server restarting (Tristen_Rodriguez)."
[ citizen-server-main] -> Quitting: Server restarting (Tristen_Rodriguez).

================================================================
======== FXServer Starting - 7/17/2022, 3:12:46 PM              
================================================================
[                 cmd] No such config file: server_internal.cfg
[    c-scripting-core] Creating script environments for _cfx_internal
[ citizen-server-impl] Scanning resources.
[ citizen-server-impl] [32mFound 25 resources.
[          svadhesive] Authenticating server license key...
[          svadhesive] Server license key authentication succeeded. Welcome!
[    c-scripting-core] Creating script environments for sessionmanager
[ citizen-server-impl] Started resource sessionmanager
[    c-scripting-core] Creating script environments for monitor
[      script:monitor] [txAdminClient] Version 4.14.0 starting...
[ citizen-server-impl] Started resource monitor
[    c-scripting-core] Creating script environments for mapmanager
[ citizen-server-impl] Started resource mapmanager
[    c-scripting-core] [97mCreating script environments for yarn
[ citizen-server-impl] Started resource yarn
[    c-scripting-core] [97mCreating script environments for webpack
[ citizen-server-impl] Started resource webpack
[    c-scripting-core] Creating script environments for chat
[ citizen-server-impl] Started resource chat
[ citizen-server-impl] Started resource spawnmanager
[   script:mapmanager] Started gametype Freeroam
[ citizen-server-impl] Started resource basic-gamemode
[    c-scripting-core] [97mCreating script environments for hardcap
[ citizen-server-impl] [97mStarted resource hardcap
[    c-scripting-core] Creating script environments for rconlog
[ citizen-server-impl] Started resource rconlog
[                 cmd] No such config file: server_internal.cfg
[      script:monitor] [txAdminClient][97m Threads and commands set up. All Ready.
[   script:mapmanager] Started map fivem-map-skater
[ citizen-server-impl] Started resource fivem-map-skater
[ citizen-server-impl]         fff                          
[ citizen-server-impl]   cccc ff   xx  xx     rr rr    eee  
[ citizen-server-impl] cc     ffff   xx       rrr  r ee   e 
[ citizen-server-impl] cc     ff     xx   ... rr     eeeee  
[ citizen-server-impl]  ccccc ff   xx  xx ... rr      eeeee 
[ citizen-server-impl]                                      
[ citizen-server-impl] Authenticated with cfx.re Nucleus: https://tristen-rodriguez-xpdqrr.users.cfx.re/
[ citizen-server-impl] Server list query returned an error: System.Threading.Tasks.TaskCanceledException: The operation was canceled. <- System.TimeoutException: The operation was canceled. <- System.Threading.Tasks.TaskCanceledException: The request was canceled due to the configured HttpClient.Timeout of 30 seconds elapsing.
[ citizen-server-impl] Server list query returned an error: System.Threading.Tasks.TaskCanceledException: The operation was canceled. <- System.TimeoutException: The operation was canceled. <- System.Threading.Tasks.TaskCanceledException: The request was canceled due to the configured HttpClient.Timeout of 30 seconds elapsing.
> txaReportResources
[      script:monitor] [txAdminClient] Sending resources list to txAdmin.
[ citizen-server-impl] Server list query returned an error: System.Threading.Tasks.TaskCanceledException: The operation was canceled. <- System.TimeoutException: The operation was canceled. <- System.Threading.Tasks.TaskCanceledException: The request was canceled due to the configured HttpClient.Timeout of 30 seconds elapsing.
[ citizen-server-impl] [91mServer list query returned an error: System.Net.Sockets.SocketException: Host is unreachable <- System.Net.Http.HttpRequestException: Host is unreachable (130.45.20.104:30120)
> quit "Server restarting (Tristen_Rodriguez)."
[ citizen-server-main] -> Quitting: Server restarting (Tristen_Rodriguez).

================================================================
======== FXServer Starting - 7/17/2022, 3:29:12 PM              
================================================================
[                 cmd] No such config file: server_internal.cfg
[    c-scripting-core] Creating script environments for _cfx_internal
[ citizen-server-impl] Scanning resources.
[ citizen-server-impl] Found 25 resources.
[          svadhesive] Authenticating server license key...
[          svadhesive] Server license key authentication succeeded. Welcome!
[    c-scripting-core] Creating script environments for sessionmanager
[ citizen-server-impl] [0mStarted resource sessionmanager
[    c-scripting-core] Creating script environments for monitor
[      script:monitor] [txAdminClient] Version 4.14.0 starting...
[ citizen-server-impl] Started resource monitor
[    c-scripting-core] Creating script environments for mapmanager
[ citizen-server-impl] [97mStarted resource mapmanager
[    c-scripting-core] Creating script environments for yarn
[ citizen-server-impl] Started resource yarn
[    c-scripting-core] [97mCreating script environments for webpack
[ citizen-server-impl] Started resource webpack
[    c-scripting-core] Creating script environments for chat
[ citizen-server-impl] Started resource chat
[ citizen-server-impl] Started resource spawnmanager
[   script:mapmanager] Started gametype Freeroam
[ citizen-server-impl] Started resource basic-gamemode
[    c-scripting-core] Creating script environments for hardcap
[ citizen-server-impl] Started resource hardcap
[    c-scripting-core] Creating script environments for rconlog
[ citizen-server-impl] Started resource rconlog
[                 cmd] No such config file: server_internal.cfg
[      script:monitor] [txAdminClient] Threads and commands set up. All Ready.
[   script:mapmanager] Started map fivem-map-hipster
[ citizen-server-impl] Started resource fivem-map-hipster
[ citizen-server-impl] [91m        fff                          
[ citizen-server-impl]   cccc ff   xx  xx     rr rr    eee  
[ citizen-server-impl] cc     ffff   xx       rrr  r ee   e 
[ citizen-server-impl] cc     ff     xx   ... rr     eeeee  
[ citizen-server-impl]  ccccc ff   xx  xx ... rr      eeeee 
[ citizen-server-impl]                                      
[ citizen-server-impl] Authenticated with cfx.re Nucleus: https://tristen-rodriguez-xpdqrr.users.cfx.re/
[ citizen-server-impl] Server list query returned an error: System.Net.Sockets.SocketException: Host is unreachable <- System.Net.Http.HttpRequestException: Host is unreachable (130.45.20.104:30120)
[ citizen-server-impl] [91mServer list query returned an error: System.Net.Sockets.SocketException: Host is unreachable <- System.Net.Http.HttpRequestException: Host is unreachable (130.45.20.104:30120)
> quit "Server restarting (Tristen_Rodriguez)."
[ citizen-server-main] -> Quitting: Server restarting (Tristen_Rodriguez).

================================================================
======== FXServer Starting - 7/17/2022, 3:40:15 PM              
================================================================
[                 cmd] No such config file: server_internal.cfg
[    c-scripting-core] Creating script environments for _cfx_internal
[ citizen-server-impl] Scanning resources.
[ citizen-server-impl] Found 25 resources.
[          svadhesive] Authenticating server license key...
[          svadhesive] Server license key authentication succeeded. Welcome!
[    c-scripting-core] Creating script environments for sessionmanager
[ citizen-server-impl] [0mStarted resource sessionmanager
[38;5;161m[    c-scripting-core] Creating script environments for monitor
[      script:monitor] [txAdminClient] Version 4.14.0 starting...
[ citizen-server-impl] Started resource monitor
[    c-scripting-core] Creating script environments for mapmanager
[ citizen-server-impl] Started resource mapmanager
[    c-scripting-core] [97mCreating script environments for yarn
[ citizen-server-impl] Started resource yarn
[    c-scripting-core] Creating script environments for webpack
[ citizen-server-impl] Started resource webpack
[    c-scripting-core] [97mCreating script environments for chat
[ citizen-server-impl] Started resource chat
[ citizen-server-impl] Started resource spawnmanager
[   script:mapmanager] [97mStarted gametype Freeroam
[ citizen-server-impl] Started resource basic-gamemode
[    c-scripting-core] [97mCreating script environments for hardcap
[ citizen-server-impl] Started resource hardcap
[    c-scripting-core] [97mCreating script environments for rconlog
[ citizen-server-impl] Started resource rconlog
[                 cmd] No such config file: server_internal.cfg
[      script:monitor] [txAdminClient] Threads and commands set up. All Ready.
[   script:mapmanager] [97mStarted map fivem-map-skater
[ citizen-server-impl] Started resource fivem-map-skater
[ citizen-server-impl]         fff                          
[38;5;73m[ citizen-server-impl]   cccc ff   xx  xx     rr rr    eee  
[ citizen-server-impl] cc     ffff   xx       rrr  r ee   e 
[ citizen-server-impl] [91mcc     ff     xx   ... rr     eeeee  
[ citizen-server-impl]  ccccc ff   xx  xx ... rr      eeeee 
[ citizen-server-impl]                                      
[ citizen-server-impl] Authenticated with cfx.re Nucleus: https://tristen-rodriguez-xpdqrr.users.cfx.re/
[ citizen-server-impl] Server list query returned an error: System.Net.Sockets.SocketException: Host is unreachable <- System.Net.Http.HttpRequestException: Host is unreachable (130.45.20.104:30120)
[ citizen-server-impl] Server list query returned an error: System.Net.Sockets.SocketException: Host is unreachable <- System.Net.Http.HttpRequestException: Host is unreachable (130.45.20.104:30120)
> quit "Server restarting (Tristen_Rodriguez)."
[ citizen-server-main] -> Quitting: Server restarting (Tristen_Rodriguez).

================================================================
======== FXServer Starting - 7/17/2022, 3:49:02 PM              
================================================================
[                 cmd] No such config file: server_internal.cfg
[    c-scripting-core] Creating script environments for _cfx_internal
[ citizen-server-impl] Scanning resources.
[ citizen-server-impl] [0mFound 25 resources.
[          svadhesive] Authenticating server license key...
[          svadhesive] Server license key authentication succeeded. Welcome!
[    c-scripting-core] Creating script environments for sessionmanager
[ citizen-server-impl] Started resource sessionmanager
[    c-scripting-core] Creating script environments for monitor
[      script:monitor] [txAdminClient] Version 4.14.0 starting...
[ citizen-server-impl] Started resource monitor
[    c-scripting-core] Creating script environments for mapmanager
[ citizen-server-impl] Started resource mapmanager
[    c-scripting-core] Creating script environments for yarn
[ citizen-server-impl] Started resource yarn
[    c-scripting-core] Creating script environments for webpack
[ citizen-server-impl] Started resource webpack
[    c-scripting-core] Creating script environments for chat
[ citizen-server-impl] Started resource chat
[ citizen-server-impl] [97mStarted resource spawnmanager
[   script:mapmanager] [97mStarted gametype Freeroam
[ citizen-server-impl] Started resource basic-gamemode
[    c-scripting-core] Creating script environments for hardcap
[ citizen-server-impl] Started resource hardcap
[    c-scripting-core] Creating script environments for rconlog
[ citizen-server-impl] Started resource rconlog
[                 cmd] No such config file: server_internal.cfg
[      script:monitor] [txAdminClient] Threads and commands set up. All Ready.
[   script:mapmanager] Started map fivem-map-hipster
[38;5;73m[ citizen-server-impl] Started resource fivem-map-hipster
[ citizen-server-impl]         fff                          
[ citizen-server-impl]   cccc ff   xx  xx     rr rr    eee  
[ citizen-server-impl] cc     ffff   xx       rrr  r ee   e 
[ citizen-server-impl] cc     ff     xx   ... rr     eeeee  
[ citizen-server-impl]  ccccc ff   xx  xx ... rr      eeeee 
[ citizen-server-impl]                                      
[ citizen-server-impl] Authenticated with cfx.re Nucleus: https://tristen-rodriguez-xpdqrr.users.cfx.re/
[ citizen-server-impl] [0mServer list query returned an error: System.Threading.Tasks.TaskCanceledException: The operation was canceled. <- System.TimeoutException: The operation was canceled. <- System.Threading.Tasks.TaskCanceledException: The request was canceled due to the configured HttpClient.Timeout of 30 seconds elapsing.
[ citizen-server-impl] [91mServer list query returned an error: System.Threading.Tasks.TaskCanceledException: The operation was canceled. <- System.TimeoutException: The operation was canceled. <- System.Threading.Tasks.TaskCanceledException: The request was canceled due to the configured HttpClient.Timeout of 30 seconds elapsing.
[ citizen-server-impl] Server list query returned an error: System.Threading.Tasks.TaskCanceledException: The operation was canceled. <- System.TimeoutException: The operation was canceled. <- System.Threading.Tasks.TaskCanceledException: The request was canceled due to the configured HttpClient.Timeout of 30 seconds elapsing.
[ citizen-server-impl] Server list query returned an error: System.Threading.Tasks.TaskCanceledException: The operation was canceled. <- System.TimeoutException: The operation was canceled. <- System.Threading.Tasks.TaskCanceledException: The request was canceled due to the configured HttpClient.Timeout of 30 seconds elapsing.
[ citizen-server-impl] Server list query returned an error: System.Threading.Tasks.TaskCanceledException: The operation was canceled. <- System.TimeoutException: The operation was canceled. <- System.Threading.Tasks.TaskCanceledException: The request was canceled due to the configured HttpClient.Timeout of 30 seconds elapsing.
> quit "Server restarting (Tristen_Rodriguez)."
[ citizen-server-main] -> Quitting: Server restarting (Tristen_Rodriguez).

================================================================
======== FXServer Starting - 7/17/2022, 4:06:06 PM              
================================================================
[                 cmd] No such config file: server_internal.cfg
[    c-scripting-core] Creating script environments for _cfx_internal
[ citizen-server-impl] Scanning resources.
[ citizen-server-impl] Found 25 resources.
[          svadhesive] Authenticating server license key...
[          svadhesive] Server license key authentication succeeded. Welcome!
[    c-scripting-core] Creating script environments for sessionmanager
[ citizen-server-impl] Started resource sessionmanager
[    c-scripting-core] Creating script environments for monitor
[      script:monitor] [txAdminClient] Version 4.14.0 starting...
[ citizen-server-impl] Started resource monitor
[    c-scripting-core] Creating script environments for mapmanager
[ citizen-server-impl] Started resource mapmanager
[    c-scripting-core] Creating script environments for yarn
[ citizen-server-impl] Started resource yarn
[    c-scripting-core] Creating script environments for webpack
[ citizen-server-impl] Started resource webpack
[    c-scripting-core] [97mCreating script environments for chat
[ citizen-server-impl] Started resource chat
[ citizen-server-impl] Started resource spawnmanager
[   script:mapmanager] Started gametype Freeroam
[ citizen-server-impl] Started resource basic-gamemode
[    c-scripting-core] Creating script environments for hardcap
[ citizen-server-impl] Started resource hardcap
[    c-scripting-core] Creating script environments for rconlog
[ citizen-server-impl] Started resource rconlog
[                 cmd] No such config file: server_internal.cfg
[      script:monitor] [txAdminClient] Threads and commands set up. All Ready.
[   script:mapmanager] Started map fivem-map-hipster
[ citizen-server-impl] Started resource fivem-map-hipster
[ citizen-server-impl]         fff                          
[ citizen-server-impl]   cccc ff   xx  xx     rr rr    eee  
[ citizen-server-impl] cc     ffff   xx       rrr  r ee   e 
[ citizen-server-impl] cc     ff     xx   ... rr     eeeee  
[ citizen-server-impl]  ccccc ff   xx  xx ... rr      eeeee 
[ citizen-server-impl]                                      
[ citizen-server-impl] Authenticated with cfx.re Nucleus: https://tristen-rodriguez-xpdqrr.users.cfx.re/
[ citizen-server-impl] Server list query returned an error: System.Threading.Tasks.TaskCanceledException: The operation was canceled. <- System.TimeoutException: The operation was canceled. <- System.Threading.Tasks.TaskCanceledException: The request was canceled due to the configured HttpClient.Timeout of 30 seconds elapsing.
[ citizen-server-impl] Server list query returned an error: System.Threading.Tasks.TaskCanceledException: The operation was canceled. <- System.TimeoutException: The operation was canceled. <- System.Threading.Tasks.TaskCanceledException: The request was canceled due to the configured HttpClient.Timeout of 30 seconds elapsing.
[ citizen-server-impl] Server list query returned an error: System.Threading.Tasks.TaskCanceledException: The operation was canceled. <- System.TimeoutException: The operation was canceled. <- System.Threading.Tasks.TaskCanceledException: The request was canceled due to the configured HttpClient.Timeout of 30 seconds elapsing.
[ citizen-server-impl] Server list query returned an error: System.Threading.Tasks.TaskCanceledException: The operation was canceled. <- System.TimeoutException: The operation was canceled. <- System.Threading.Tasks.TaskCanceledException: The request was canceled due to the configured HttpClient.Timeout of 30 seconds elapsing.
[ citizen-server-impl] [91mServer list query returned an error: System.Threading.Tasks.TaskCanceledException: The operation was canceled. <- System.TimeoutException: The operation was canceled. <- System.Threading.Tasks.TaskCanceledException: The request was canceled due to the configured HttpClient.Timeout of 30 seconds elapsing.
[ citizen-server-impl] Server list query returned an error: System.Threading.Tasks.TaskCanceledException: The operation was canceled. <- System.TimeoutException: The operation was canceled. <- System.Threading.Tasks.TaskCanceledException: The request was canceled due to the configured HttpClient.Timeout of 30 seconds elapsing.
[ citizen-server-impl] Server list query returned an error: System.Threading.Tasks.TaskCanceledException: The operation was canceled. <- System.TimeoutException: The operation was canceled. <- System.Threading.Tasks.TaskCanceledException: The request was canceled due to the configured HttpClient.Timeout of 30 seconds elapsing.
[ citizen-server-impl] Server list query returned an error: System.Threading.Tasks.TaskCanceledException: The operation was canceled. <- System.TimeoutException: The operation was canceled. <- System.Threading.Tasks.TaskCanceledException: The request was canceled due to the configured HttpClient.Timeout of 30 seconds elapsing.
> quit "Server restarting (Tristen_Rodriguez)."
[ citizen-server-main] -> Quitting: Server restarting (Tristen_Rodriguez).

================================================================
======== FXServer Starting - 7/17/2022, 4:31:02 PM              
================================================================
[                 cmd] No such config file: server_internal.cfg
[    c-scripting-core] Creating script environments for _cfx_internal
[ citizen-server-impl] Scanning resources.
[ citizen-server-impl] Found 25 resources.
[          svadhesive] Authenticating server license key...
[          svadhesive] Server license key authentication succeeded. Welcome!
[    c-scripting-core] Creating script environments for sessionmanager
[ citizen-server-impl] [0mStarted resource sessionmanager
[    c-scripting-core] Creating script environments for monitor
[      script:monitor] [txAdminClient] Version 4.14.0 starting...
[ citizen-server-impl] Started resource monitor
[    c-scripting-core] Creating script environments for mapmanager
[ citizen-server-impl] Started resource mapmanager
[    c-scripting-core] [97mCreating script environments for yarn
[ citizen-server-impl] Started resource yarn
[    c-scripting-core] Creating script environments for webpack
[ citizen-server-impl] Started resource webpack
[    c-scripting-core] Creating script environments for chat
[ citizen-server-impl] [97mStarted resource chat
[ citizen-server-impl] Started resource spawnmanager
[   script:mapmanager] Started gametype Freeroam
[ citizen-server-impl] Started resource basic-gamemode
[    c-scripting-core] Creating script environments for hardcap
[ citizen-server-impl] Started resource hardcap
[    c-scripting-core] [97mCreating script environments for rconlog
[ citizen-server-impl] Started resource rconlog
[                 cmd] No such config file: server_internal.cfg
[      script:monitor] [txAdminClient] Threads and commands set up. All Ready.
[   script:mapmanager] Started map fivem-map-hipster
[ citizen-server-impl] Started resource fivem-map-hipster
[ citizen-server-impl]         fff                          
[ citizen-server-impl]   cccc ff   xx  xx     rr rr    eee  
[ citizen-server-impl] cc     ffff   xx       rrr  r ee   e 
[ citizen-server-impl] cc     ff     xx   ... rr     eeeee  
[ citizen-server-impl]  ccccc ff   xx  xx ... rr      eeeee 
[ citizen-server-impl]                                      [0m
[ citizen-server-impl] Authenticated with cfx.re Nucleus: https://tristen-rodriguez-xpdqrr.users.cfx.re/
[      script:hardcap] Connecting: trist
[ citizen-server-impl] Server list query returned an error: System.Threading.Tasks.TaskCanceledException: The operation was canceled. <- System.TimeoutException: The operation was canceled. <- System.Threading.Tasks.TaskCanceledException: The request was canceled due to the configured HttpClient.Timeout of 30 seconds elapsing.
[ citizen-server-impl] Server list query returned an error: System.Threading.Tasks.TaskCanceledException: The operation was canceled. <- System.TimeoutException: The operation was canceled. <- System.Threading.Tasks.TaskCanceledException: The request was canceled due to the configured HttpClient.Timeout of 30 seconds elapsing.
[ citizen-server-impl] Server list query returned an error: System.Threading.Tasks.TaskCanceledException: The operation was canceled. <- System.TimeoutException: The operation was canceled. <- System.Threading.Tasks.TaskCanceledException: The request was canceled due to the configured HttpClient.Timeout of 30 seconds elapsing.
[ citizen-server-impl] Server list query returned an error: System.Threading.Tasks.TaskCanceledException: The operation was canceled. <- System.TimeoutException: The operation was canceled. <- System.Threading.Tasks.TaskCanceledException: The request was canceled due to the configured HttpClient.Timeout of 30 seconds elapsing.
[ citizen-server-impl] [0mServer list query returned an error: System.Threading.Tasks.TaskCanceledException: The operation was canceled. <- System.TimeoutException: The operation was canceled. <- System.Threading.Tasks.TaskCanceledException: The request was canceled due to the configured HttpClient.Timeout of 30 seconds elapsing.
[ citizen-server-impl] Server list query returned an error: System.Threading.Tasks.TaskCanceledException: The operation was canceled. <- System.TimeoutException: The operation was canceled. <- System.Threading.Tasks.TaskCanceledException: The request was canceled due to the configured HttpClient.Timeout of 30 seconds elapsing.
[ citizen-server-impl] Server list query returned an error: System.Threading.Tasks.TaskCanceledException: The operation was canceled. <- System.TimeoutException: The operation was canceled. <- System.Threading.Tasks.TaskCanceledException: The request was canceled due to the configured HttpClient.Timeout of 30 seconds elapsing.
[ citizen-server-impl] Server list query returned an error: System.Threading.Tasks.TaskCanceledException: The operation was canceled. <- System.TimeoutException: The operation was canceled. <- System.Threading.Tasks.TaskCanceledException: The request was canceled due to the configured HttpClient.Timeout of 30 seconds elapsing.
[ citizen-server-impl] Server list query returned an error: System.Threading.Tasks.TaskCanceledException: The operation was canceled. <- System.TimeoutException: The operation was canceled. <- System.Threading.Tasks.TaskCanceledException: The request was canceled due to the configured HttpClient.Timeout of 30 seconds elapsing.
[ citizen-server-impl] Server list query returned an error: System.Threading.Tasks.TaskCanceledException: The operation was canceled. <- System.TimeoutException: The operation was canceled. <- System.Threading.Tasks.TaskCanceledException: The request was canceled due to the configured HttpClient.Timeout of 30 seconds elapsing.
[ citizen-server-impl] Server list query returned an error: System.Threading.Tasks.TaskCanceledException: The operation was canceled. <- System.TimeoutException: The operation was canceled. <- System.Threading.Tasks.TaskCanceledException: The request was canceled due to the configured HttpClient.Timeout of 30 seconds elapsing.[0m
[ citizen-server-impl] Server list query returned an error: System.Threading.Tasks.TaskCanceledException: The operation was canceled. <- System.TimeoutException: The operation was canceled. <- System.Threading.Tasks.TaskCanceledException: The request was canceled due to the configured HttpClient.Timeout of 30 seconds elapsing.
[ citizen-server-impl] Server list query returned an error: System.Net.Sockets.SocketException: Host is unreachable <- System.Net.Http.HttpRequestException: Host is unreachable (130.45.20.104:30120)
[ citizen-server-impl] Server list query returned an error: System.Net.Sockets.SocketException: Host is unreachable <- System.Net.Http.HttpRequestException: Host is unreachable (130.45.20.104:30120)
[ citizen-server-impl] Server list query returned an error: System.Net.Sockets.SocketException: Host is unreachable <- System.Net.Http.HttpRequestException: Host is unreachable (130.45.20.104:30120)
[ citizen-server-impl] Server list query returned an error: System.Net.Sockets.SocketException: Host is unreachable <- System.Net.Http.HttpRequestException: Host is unreachable (130.45.20.104:30120)
[ citizen-server-main] -> Quitting: SIGHUP received

================================================================
======== FXServer Starting - 7/17/2022, 5:54:28 PM              
================================================================
[                 cmd] No such config file: server_internal.cfg
[38;5;161m[    c-scripting-core] Creating script environments for _cfx_internal
[ citizen-server-impl] Scanning resources.
[ citizen-server-impl] Found 25 resources.[0m
[          svadhesive] Authenticating server license key...
[          svadhesive] Server license key authentication succeeded. Welcome!
[    c-scripting-core] Creating script environments for sessionmanager
[ citizen-server-impl] Started resource sessionmanager
[    c-scripting-core] Creating script environments for monitor
[      script:monitor] [txAdminClient] Version 4.14.0 starting...
[ citizen-server-impl] Started resource monitor
[    c-scripting-core] Creating script environments for mapmanager
[ citizen-server-impl] Started resource mapmanager
[    c-scripting-core] Creating script environments for yarn
[ citizen-server-impl] Started resource yarn
[    c-scripting-core] Creating script environments for webpack
[ citizen-server-impl] Started resource webpack
[    c-scripting-core] Creating script environments for chat
[ citizen-server-impl] Started resource chat
[ citizen-server-impl] Started resource spawnmanager
[   script:mapmanager] Started gametype Freeroam
[ citizen-server-impl] Started resource basic-gamemode
[    c-scripting-core] Creating script environments for hardcap
[ citizen-server-impl] Started resource hardcap
[    c-scripting-core] Creating script environments for rconlog
[ citizen-server-impl] Started resource rconlog
[                 cmd] No such config file: server_internal.cfg
[      script:monitor] [txAdminClient] Threads and commands set up. All Ready.
[   script:mapmanager] Started map fivem-map-hipster
[ citizen-server-impl] Started resource fivem-map-hipster
[ citizen-server-impl]         fff                          
[38;5;73m[ citizen-server-impl]   cccc ff   xx  xx     rr rr    eee  
[ citizen-server-impl] cc     ffff   xx       rrr  r ee   e 
[ citizen-server-impl] cc     ff     xx   ... rr     eeeee  
[ citizen-server-impl]  ccccc ff   xx  xx ... rr      eeeee 
[ citizen-server-impl]                                      
[ citizen-server-impl] Authenticated with cfx.re Nucleus: https://tristen-rodriguez-xpdqrr.users.cfx.re/
[ citizen-server-impl] Server list query returned an error: System.Net.Sockets.SocketException: Host is unreachable <- System.Net.Http.HttpRequestException: Host is unreachable (130.45.20.104:30120)
[ citizen-server-impl] Server list query returned an error: System.Net.Sockets.SocketException: Host is unreachable <- System.Net.Http.HttpRequestException: Host is unreachable (130.45.20.104:30120)
[ citizen-server-impl] Server list query returned an error: System.Net.Sockets.SocketException: Host is unreachable <- System.Net.Http.HttpRequestException: Host is unreachable (130.45.20.104:30120)
[ citizen-server-impl] Server list query returned an error: System.Net.Sockets.SocketException: Host is unreachable <- System.Net.Http.HttpRequestException: Host is unreachable (130.45.20.104:30120)
[ citizen-server-impl] Server list query returned an error: System.Threading.Tasks.TaskCanceledException: The operation was canceled. <- System.TimeoutException: The operation was canceled. <- System.Threading.Tasks.TaskCanceledException: The request was canceled due to the configured HttpClient.Timeout of 30 seconds elapsing.
[ citizen-server-impl] Server list query returned an error: System.Threading.Tasks.TaskCanceledException: The operation was canceled. <- System.TimeoutException: The operation was canceled. <- System.Threading.Tasks.TaskCanceledException: The request was canceled due to the configured HttpClient.Timeout of 30 seconds elapsing.
[ citizen-server-impl] Server list query returned an error: System.Threading.Tasks.TaskCanceledException: The operation was canceled. <- System.TimeoutException: The operation was canceled. <- System.Threading.Tasks.TaskCanceledException: The request was canceled due to the configured HttpClient.Timeout of 30 seconds elapsing.
[ citizen-server-impl] Server list query returned an error: System.Threading.Tasks.TaskCanceledException: The operation was canceled. <- System.TimeoutException: The operation was canceled. <- System.Threading.Tasks.TaskCanceledException: The request was canceled due to the configured HttpClient.Timeout of 30 seconds elapsing.
[ citizen-server-impl] Server list query returned an error: System.Threading.Tasks.TaskCanceledException: The operation was canceled. <- System.TimeoutException: The operation was canceled. <- System.Threading.Tasks.TaskCanceledException: The request was canceled due to the configured HttpClient.Timeout of 30 seconds elapsing.
[ citizen-server-impl] Server list query returned an error: System.Threading.Tasks.TaskCanceledException: The operation was canceled. <- System.TimeoutException: The operation was canceled. <- System.Threading.Tasks.TaskCanceledException: The request was canceled due to the configured HttpClient.Timeout of 30 seconds elapsing.
[ citizen-server-impl] sync thread hitch warning: timer interval of 339 milliseconds
[ citizen-server-impl] server thread hitch warning: timer interval of 2482529 milliseconds
[ citizen-server-impl] network thread hitch warning: timer interval of 343 milliseconds
[ citizen-server-impl] sync thread hitch warning: timer interval of 2482193 milliseconds
[ citizen-server-impl] network thread hitch warning: timer interval of 2482196 milliseconds
[              server] Error: Loop default seems hung! (last checkin 2485 seconds ago)
[              server] Warning: default watchdog stack: root
> txaEvent "announcement" "{＂author＂:＂txAdmin＂,＂message＂:＂Due to a partial hang, this server will restart in 1 minute. Please disconnect now.＂}"
> quit "Server restarting (hang detected)."
[      script:monitor] handleAnnouncementEvent
[38;5;186m[ citizen-server-main] -> Quitting: Server restarting (hang detected).

================================================================
======== FXServer Starting - 7/17/2022, 7:07:03 PM              
================================================================
[                 cmd] No such config file: server_internal.cfg
[    c-scripting-core] Creating script environments for _cfx_internal
[ citizen-server-impl] Scanning resources.
[ citizen-server-impl] Found 25 resources.
[          svadhesive] Authenticating server license key...
[          svadhesive] Error: An error occurred while checking server license key: Could not resolve host: keymaster.fivem.net - CURL error code 6 (Couldn't resolve host name)
> quit "Server restarting (crash detected)."

================================================================
======== FXServer Starting - 7/17/2022, 7:08:06 PM              
================================================================
[                 cmd] [0mNo such config file: server_internal.cfg
[    c-scripting-core] [0mCreating script environments for _cfx_internal
[38;5;73m[ citizen-server-impl] Scanning resources.
[ citizen-server-impl] Found 25 resources.
[          svadhesive] Authenticating server license key...
[          svadhesive] Server license key authentication succeeded. Welcome!
[    c-scripting-core] Creating script environments for sessionmanager
[ citizen-server-impl] Started resource sessionmanager
[    c-scripting-core] Creating script environments for monitor
[      script:monitor] [txAdminClient] Version 4.14.0 starting...
[ citizen-server-impl] Started resource monitor
[    c-scripting-core] [97mCreating script environments for mapmanager
[ citizen-server-impl] Started resource mapmanager
[    c-scripting-core] Creating script environments for yarn
[ citizen-server-impl] Started resource yarn
[    c-scripting-core] [97mCreating script environments for webpack
[ citizen-server-impl] Started resource webpack
[    c-scripting-core] [97mCreating script environments for chat
[ citizen-server-impl] Started resource chat
[ citizen-server-impl] Started resource spawnmanager
[   script:mapmanager] Started gametype Freeroam
[ citizen-server-impl] Started resource basic-gamemode
[    c-scripting-core] Creating script environments for hardcap
[38;5;73m[ citizen-server-impl] Started resource hardcap
[    c-scripting-core] [0mCreating script environments for rconlog
[ citizen-server-impl] Started resource rconlog
[                 cmd] No such config file: server_internal.cfg
[      script:monitor] [txAdminClient] Threads and commands set up. All Ready.
[   script:mapmanager] [97mStarted map fivem-map-skater
[ citizen-server-impl] Started resource fivem-map-skater
[ citizen-server-impl]         fff                          
[ citizen-server-impl]   cccc ff   xx  xx     rr rr    eee  
[ citizen-server-impl] cc     ffff   xx       rrr  r ee   e 
[ citizen-server-impl] cc     ff     xx   ... rr     eeeee  
[ citizen-server-impl]  ccccc ff   xx  xx ... rr      eeeee 
[ citizen-server-impl]                                      [0m
[ citizen-server-impl] Authenticated with cfx.re Nucleus: https://tristen-rodriguez-xpdqrr.users.cfx.re/
[ citizen-server-impl] Server list query returned an error: System.Threading.Tasks.TaskCanceledException: The operation was canceled. <- System.TimeoutException: The operation was canceled. <- System.Threading.Tasks.TaskCanceledException: The request was canceled due to the configured HttpClient.Timeout of 30 seconds elapsing.
[ citizen-server-impl] Server list query returned an error: System.Threading.Tasks.TaskCanceledException: The operation was canceled. <- System.TimeoutException: The operation was canceled. <- System.Threading.Tasks.TaskCanceledException: The request was canceled due to the configured HttpClient.Timeout of 30 seconds elapsing.
[ citizen-server-impl] Server list query returned an error: System.Threading.Tasks.TaskCanceledException: The operation was canceled. <- System.TimeoutException: The operation was canceled. <- System.Threading.Tasks.TaskCanceledException: The request was canceled due to the configured HttpClient.Timeout of 30 seconds elapsing.
[ citizen-server-impl] Server list query returned an error: System.Threading.Tasks.TaskCanceledException: The operation was canceled. <- System.TimeoutException: The operation was canceled. <- System.Threading.Tasks.TaskCanceledException: The request was canceled due to the configured HttpClient.Timeout of 30 seconds elapsing.
[ citizen-server-impl] Server list query returned an error: System.Threading.Tasks.TaskCanceledException: The operation was canceled. <- System.TimeoutException: The operation was canceled. <- System.Threading.Tasks.TaskCanceledException: The request was canceled due to the configured HttpClient.Timeout of 30 seconds elapsing.
[ citizen-server-impl] Server list query returned an error: System.Threading.Tasks.TaskCanceledException: The operation was canceled. <- System.TimeoutException: The operation was canceled. <- System.Threading.Tasks.TaskCanceledException: The request was canceled due to the configured HttpClient.Timeout of 30 seconds elapsing.
[ citizen-server-impl] Server list query returned an error: System.Threading.Tasks.TaskCanceledException: The operation was canceled. <- System.TimeoutException: The operation was canceled. <- System.Threading.Tasks.TaskCanceledException: The request was canceled due to the configured HttpClient.Timeout of 30 seconds elapsing.
[ citizen-server-impl] sync thread hitch warning: timer interval of 632808 milliseconds
[ citizen-server-impl] server thread hitch warning: timer interval of 632840 milliseconds
[ citizen-server-impl] network thread hitch warning: timer interval of 632808 milliseconds
[ citizen-server-impl] Server list query returned an error: System.Threading.Tasks.TaskCanceledException: The operation was canceled. <- System.TimeoutException: The operation was canceled. <- System.Threading.Tasks.TaskCanceledException: The request was canceled due to the configured HttpClient.Timeout of 30 seconds elapsing.
[ citizen-server-main] -> Quitting: SIGHUP received
