
================================================================
======== Log Rotated - 8/2/2022, 1:31:59 PM                     
================================================================

================================================================
======== FXServer Starting - 8/2/2022, 1:31:59 PM               
================================================================
[    c-scripting-core] Creating script environments for _cfx_internal
[ citizen-server-impl] Scanning resources.
[ citizen-server-impl] Found 93 resources.
[ citizen-server-impl] Some resources have an outdated resource manifest:
[38;5;73m[ citizen-server-impl]     - SeatShuffle
[ citizen-server-impl]     - dc_ads
[ citizen-server-impl]     - handsup
[ citizen-server-impl]     - nohelmet
[ citizen-server-impl]     - progressBars
[ citizen-server-impl] 
[ citizen-server-impl] Please update these resources.
[          svadhesive] Authenticating server license key...
[          svadhesive] Server license key authentication succeeded. Welcome!
[    c-scripting-core] Creating script environments for sessionmanager
[ citizen-server-impl] Started resource sessionmanager
[    c-scripting-core] Creating script environments for monitor
[      script:monitor] [txAdminClient] Version 4.14.0 starting...
[ citizen-server-impl] Started resource monitor
[              cmdsys] No such command Config.Multichar.
[    c-scripting-core] [0mCreating script environments for yarn
[ citizen-server-impl] Started resource yarn
[    c-scripting-core] Creating script environments for webpack
[ citizen-server-impl] Started resource webpack
[    c-scripting-core] Creating script environments for chat
[ citizen-server-impl] Started resource chat
[    c-scripting-core] Creating script environments for cron
[ citizen-server-impl] [97mStarted resource cron
[    c-scripting-core] [97mCreating script environments for mapmanager
[ citizen-server-impl] Started resource mapmanager
[    c-scripting-core] [97mCreating script environments for hardcap
[ citizen-server-impl] Started resource hardcap
[    c-scripting-core] [0mCreating script environments for rconlog
[ citizen-server-impl] Started resource rconlog
[    c-scripting-core] Creating script environments for mysql-async
[ citizen-server-impl] Started resource mysql-async
[    c-scripting-core] Creating script environments for mysql
[ citizen-server-impl] Started resource mysql
[ citizen-server-impl] Started resource spawnmanager
[    c-scripting-core] [97mCreating script environments for es_extended
[ citizen-server-impl] Started resource es_extended
[    c-scripting-core] [97mCreating script environments for async
[ citizen-server-impl] Started resource async
[ citizen-server-impl] [0mAsset eup-stream/mp_f_freemode_01^jbib_002_u.ydd uses 24.0 MiB of physical memory.
[ citizen-server-impl] [0mAsset eup-stream/mp_f_freemode_01^jbib_004_u.ydd uses 24.0 MiB of physical memory.
[ citizen-server-impl] Asset eup-stream/mp_f_freemode_01^jbib_097_u.ydd uses 24.0 MiB of physical memory.
[ citizen-server-impl] Asset eup-stream/mp_m_freemode_01^hair_005_u.ydd uses 24.0 MiB of virtual memory.
[ citizen-server-impl] Started resource eup-stream
[ citizen-server-impl] Started resource eup-ui
[    c-scripting-core] Creating script environments for oxmysql
[ citizen-server-impl] Started resource oxmysql
[    c-scripting-core] Creating script environments for ox_lib
[ citizen-server-impl] Started resource ox_lib
[    c-scripting-core] [0mCreating script environments for ox_inventory
[ citizen-server-impl] Started resource ox_inventory
[ citizen-server-impl] Started resource esx_animations
[    c-scripting-core] Creating script environments for esx_addonaccount
[ citizen-server-impl] Started resource esx_addonaccount
[ citizen-server-impl] Started resource skinchanger
[    c-scripting-core] Creating script environments for esx_skin
[ citizen-server-impl] Started resource esx_skin
[    c-scripting-core] [0mCreating script environments for esx_datastore
[ citizen-server-impl] Started resource esx_datastore
[    c-scripting-core] Creating script environments for esx_accessories
[ citizen-server-impl] Started resource esx_accessories
[    c-scripting-core] Creating script environments for esx_vehicleshop
[ citizen-server-impl] Started resource esx_vehicleshop
[    c-scripting-core] Creating script environments for esx_ambulancejob
[ citizen-server-impl] Started resource esx_ambulancejob
[    c-scripting-core] [0mCreating script environments for esx_allowlist
[ citizen-server-impl] Started resource esx_allowlist
[    c-scripting-core] [0mCreating script environments for esx_status
[ citizen-server-impl] Started resource esx_status
[    c-scripting-core] Creating script environments for esx_basicneeds
[ citizen-server-impl] Started resource esx_basicneeds
[    c-scripting-core] Creating script environments for esx_barbershop
[ citizen-server-impl] Started resource esx_barbershop
[    c-scripting-core] Creating script environments for esx_banking
[ citizen-server-impl] Started resource esx_banking
[    c-scripting-core] Creating script environments for esx_billing
[ citizen-server-impl] Started resource esx_billing
[    c-scripting-core] Creating script environments for esx_clotheshop
[ citizen-server-impl] Started resource esx_clotheshop
[    c-scripting-core] Creating script environments for esx_identity
[ citizen-server-impl] Started resource esx_identity
[    c-scripting-core] [0mCreating script environments for esx_garage
[ citizen-server-impl] Started resource esx_garage
[    c-scripting-core] [0mCreating script environments for esx_joblisting
[ citizen-server-impl] Started resource esx_joblisting
[    c-scripting-core] Creating script environments for esx_jobs
[ citizen-server-impl] Started resource esx_jobs
[    c-scripting-core] Creating script environments for esx_license
[ citizen-server-impl] Started resource esx_license
[    c-scripting-core] Creating script environments for esx_lscustom
[ citizen-server-impl] Started resource esx_lscustom
[    c-scripting-core] Creating script environments for esx_mining
[ citizen-server-impl] Started resource esx_mining
[ citizen-server-impl] Started resource esx_menu_default
[ citizen-server-impl] Started resource esx_menu_list
[ citizen-server-impl] Started resource esx_menu_dialog
[    c-scripting-core] Creating script environments for esx_society
[ citizen-server-impl] Started resource esx_society
[    c-scripting-core] Creating script environments for esx_mechanicjob
[ citizen-server-impl] Started resource esx_mechanicjob
[    c-scripting-core] [0mCreating script environments for esx_multicharacter
[ citizen-server-impl] Started resource esx_multicharacter
[    c-scripting-core] Creating script environments for esx_notify
[ citizen-server-impl] Started resource esx_notify
[    c-scripting-core] [0mCreating script environments for esx_PawnShop
[ citizen-server-impl] Started resource esx_PawnShop
[    c-scripting-core] Creating script environments for esx_policejob
[ citizen-server-impl] Started resource esx_policejob
[    c-scripting-core] Creating script environments for esx_robcashregister
[ citizen-server-impl] Started resource esx_robcashregister
[    c-scripting-core] [0mCreating script environments for esx_service
[ citizen-server-impl] Started resource esx_service
[    c-scripting-core] Creating script environments for esx_thief
[ citizen-server-impl] Started resource esx_thief
[    c-scripting-core] [0mCreating script environments for esx_textui
[ citizen-server-impl] Started resource esx_textui
[    c-scripting-core] [0mCreating script environments for TakeHostage
[ citizen-server-impl] Started resource TakeHostage
[    c-scripting-core] Creating script environments for CarryPeople
[ citizen-server-impl] Started resource CarryPeople
[    c-scripting-core] [0mCreating script environments for pma-voice
[ citizen-server-impl] Started resource pma-voice
[ citizen-server-impl] Couldn't find resource phone.
[    c-scripting-core] Creating script environments for screenshot-basic
[ citizen-server-impl] Started resource screenshot-basic
[ citizen-server-impl] Started resource dc_loadingscreen
[ citizen-server-impl] [0mStarted resource no_map
[ citizen-server-impl] Started resource point_finger
[ citizen-server-impl] Started resource handsup
[ citizen-server-impl] [0mStarted resource dc_ads
[    c-scripting-core] [0mCreating script environments for grab
[ citizen-server-impl] Started resource grab
[    c-scripting-core] [0mCreating script environments for trew_hud_ui
[ citizen-server-impl] Started resource trew_hud_ui
[    c-scripting-core] Creating script environments for core_crafting
[ citizen-server-impl] Started resource core_crafting
[ citizen-server-impl] Started resource mythic_notify
[ citizen-server-impl] Started resource mythic_progbar
[    c-scripting-core] [0mCreating script environments for interact-sound
[ citizen-server-impl] Started resource interact-sound
[ citizen-server-impl] Started resource removeAllAi
[ citizen-server-impl] Started resource progressBars
[    c-scripting-core] [0mCreating script environments for t1ger_keys
[ citizen-server-impl] Started resource t1ger_keys
[    c-scripting-core] Creating script environments for police-alerts
[ citizen-server-impl] Started resource police-alerts
[ citizen-server-impl] Started resource nohelmet
[    c-scripting-core] Creating script environments for LegacyFuel
[ citizen-server-impl] Started resource LegacyFuel
[ citizen-server-impl] Started resource SeatShuffle
[ citizen-server-impl] Started resource holsterweapon
[  script:mysql-async] [mysql-async] [SUCCESS] Database server connection established.
[      script:monitor] [txAdminClient] Threads and commands set up. All Ready.
[      script:oxmysql] Database server connection established!
[      script:oxmysql] [DEBUG] esx_addonaccount took 5.3376ms to execute a query!
[      script:oxmysql]     SELECT * FROM addon_account LEFT JOIN addon_account_data ON addon_account.name = addon_account_data.account_name UNION SELECT * FROM addon_account RIGHT JOIN addon_account_data ON addon_account.name = addon_account_data.account_name []
[      script:oxmysql] [DEBUG] esx_society took 1.138ms to execute a query!
[      script:oxmysql]     SELECT * FROM jobs []
[      script:oxmysql] [DEBUG] ox_inventory took 2.0426ms to execute a query!
[      script:oxmysql]     SELECT * FROM items []
[      script:oxmysql] [DEBUG] esx_society took 1.9052ms to execute a query!
[      script:oxmysql]     SELECT * FROM job_grades []
[      script:oxmysql] [DEBUG] ox_inventory took 2.9685ms to execute a query!
[      script:oxmysql]     DELETE FROM ox_inventory WHERE lastupdated < (NOW() - INTERVAL 6 MONTH) OR data = "[]" []
[      script:oxmysql] [DEBUG] es_extended took 0.9746ms to execute a query!
[      script:oxmysql]     SELECT * FROM jobs []
[      script:oxmysql] [DEBUG] es_extended took 0.8063ms to execute a query!
[      script:oxmysql]     SELECT * FROM job_grades []
[  script:es_extended] [INFO] ESX Legacy initialized
[      script:oxmysql] [97m[DEBUG] esx_multicharacter took 3.4353ms to execute a query!
[      script:oxmysql]     SELECT TABLE_NAME, COLUMN_NAME, CHARACTER_MAXIMUM_LENGTH FROM INFORMATION_SCHEMA.COLUMNS WHERE TABLE_SCHEMA = "essentialmode" AND DATA_TYPE = "varchar" AND COLUMN_NAME IN (?) [["identifier","owner"]]
[      script:oxmysql] There is an update available for oxmysql - please update to the latest release (current version: 2.3.4)
[      script:oxmysql] https://github.com/overextended/oxmysql/releases/tag/v2.4.0
[ citizen-server-impl]         fff                          
[ citizen-server-impl]   cccc ff   xx  xx     rr rr    eee  
[38;5;73m[ citizen-server-impl] cc     ffff   xx       rrr  r ee   e 
[ citizen-server-impl] cc     ff     xx   ... rr     eeeee  
[ citizen-server-impl]  ccccc ff   xx  xx ... rr      eeeee 
[ citizen-server-impl]                                      
[ citizen-server-impl] Authenticated with cfx.re Nucleus: https://tristen-rodriguez-xpdqrr.users.cfx.re/
[       script:ox_lib] An update is available for ox_inventory (current version: 2.9.7)
[       script:ox_lib] https://github.com/overextended/ox_inventory/releases/tag/v2.9.8
[ citizen-server-impl] server thread hitch warning: timer interval of 351 milliseconds
[ script:ox_inventory] [info] Inventory has loaded 192 items
[ citizen-server-impl] server thread hitch warning: timer interval of 717 milliseconds
[ citizen-server-impl] server thread hitch warning: timer interval of 212 milliseconds
[38;5;73m[ citizen-server-impl] [0mserver thread hitch warning: timer interval of 158 milliseconds
[      script:hardcap] Connecting: gunnsiK
[      script:oxmysql] [DEBUG] esx_multicharacter took 46.4358ms to execute a query!
[      script:oxmysql]     SELECT slots FROM multicharacter_slots WHERE identifier = ? ["628dc61d93a30424ed1d0dfd1349167666993687"]
[      script:oxmysql] [DEBUG] esx_multicharacter took 3.3523ms to execute a query!
[      script:oxmysql]     SELECT identifier, accounts, job, job_grade, firstname, lastname, dateofbirth, sex, skin, disabled FROM users WHERE identifier LIKE ? LIMIT ? ["char%:628dc61d93a30424ed1d0dfd1349167666993687",4]
[ citizen-server-impl] server thread hitch warning: timer interval of 169 milliseconds
[ citizen-server-impl] server thread hitch warning: timer interval of 236 milliseconds
[38;5;73m[ citizen-server-impl] server thread hitch warning: timer interval of 195 milliseconds
[ citizen-server-impl] server thread hitch warning: timer interval of 194 milliseconds
[      script:hardcap] Connecting: gunnsiK
[      script:oxmysql] [0m[DEBUG] esx_multicharacter took 1.3514ms to execute a query!
[      script:oxmysql]     SELECT slots FROM multicharacter_slots WHERE identifier = ? ["628dc61d93a30424ed1d0dfd1349167666993687"]
[      script:oxmysql] [93m[DEBUG] esx_multicharacter took 2.3112ms to execute a query!
[      script:oxmysql]     SELECT identifier, accounts, job, job_grade, firstname, lastname, dateofbirth, sex, skin, disabled FROM users WHERE identifier LIKE ? LIMIT ? ["char%:628dc61d93a30424ed1d0dfd1349167666993687",4]
[ citizen-server-impl] server thread hitch warning: timer interval of 164 milliseconds
> quit "Server restarting (Tristen_Rodriguez)."
[ citizen-server-main] -> Quitting: Server restarting (Tristen_Rodriguez).

================================================================
======== FXServer Starting - 8/2/2022, 1:37:33 PM               
================================================================
[    c-scripting-core] Creating script environments for _cfx_internal
[ citizen-server-impl] Scanning resources.[0m
[ citizen-server-impl] [0mFound 93 resources.
[ citizen-server-impl] Some resources have an outdated resource manifest:
[ citizen-server-impl]     - SeatShuffle
[ citizen-server-impl]     - dc_ads
[ citizen-server-impl]     - handsup
[ citizen-server-impl]     - nohelmet
[ citizen-server-impl]     - progressBars
[ citizen-server-impl] 
[ citizen-server-impl] Please update these resources.
[          svadhesive] Authenticating server license key...
[          svadhesive] Server license key authentication succeeded. Welcome!
[    c-scripting-core] Creating script environments for sessionmanager
[ citizen-server-impl] Started resource sessionmanager
[    c-scripting-core] Creating script environments for monitor
[      script:monitor] [txAdminClient] Version 4.14.0 starting...
[ citizen-server-impl] Started resource monitor
[              cmdsys] No such command Config.Multichar.
[    c-scripting-core] [97mCreating script environments for yarn
[ citizen-server-impl] Started resource yarn
[    c-scripting-core] Creating script environments for webpack
[ citizen-server-impl] Started resource webpack
[    c-scripting-core] Creating script environments for chat
[ citizen-server-impl] [97mStarted resource chat
[    c-scripting-core] Creating script environments for cron
[ citizen-server-impl] [97mStarted resource cron
[    c-scripting-core] Creating script environments for mapmanager
[ citizen-server-impl] Started resource mapmanager
[    c-scripting-core] Creating script environments for hardcap
[ citizen-server-impl] Started resource hardcap
[    c-scripting-core] Creating script environments for rconlog
[ citizen-server-impl] [97mStarted resource rconlog
[    c-scripting-core] [97mCreating script environments for mysql-async
[ citizen-server-impl] Started resource mysql-async
[    c-scripting-core] Creating script environments for mysql
[ citizen-server-impl] [97mStarted resource mysql
[ citizen-server-impl] Started resource spawnmanager
[    c-scripting-core] Creating script environments for es_extended
[ citizen-server-impl] Started resource es_extended
[    c-scripting-core] Creating script environments for async
[ citizen-server-impl] Started resource async
[ citizen-server-impl] Asset eup-stream/mp_f_freemode_01^jbib_002_u.ydd uses 24.0 MiB of physical memory.
[ citizen-server-impl] Asset eup-stream/mp_f_freemode_01^jbib_004_u.ydd uses 24.0 MiB of physical memory.
[ citizen-server-impl] Asset eup-stream/mp_f_freemode_01^jbib_097_u.ydd uses 24.0 MiB of physical memory.
[ citizen-server-impl] Asset eup-stream/mp_m_freemode_01^hair_005_u.ydd uses 24.0 MiB of virtual memory.
[ citizen-server-impl] Started resource eup-stream
[ citizen-server-impl] Started resource eup-ui
[    c-scripting-core] Creating script environments for oxmysql
[ citizen-server-impl] Started resource oxmysql
[    c-scripting-core] Creating script environments for ox_lib
[ citizen-server-impl] Started resource ox_lib
[    c-scripting-core] Creating script environments for ox_inventory
[ citizen-server-impl] [0mStarted resource ox_inventory
[ citizen-server-impl] Started resource esx_animations
[    c-scripting-core] [0mCreating script environments for esx_addonaccount
[ citizen-server-impl] [0mStarted resource esx_addonaccount
[ citizen-server-impl] Started resource skinchanger
[    c-scripting-core] Creating script environments for esx_skin
[ citizen-server-impl] Started resource esx_skin
[    c-scripting-core] [0mCreating script environments for esx_datastore
[ citizen-server-impl] Started resource esx_datastore
[    c-scripting-core] Creating script environments for esx_accessories
[ citizen-server-impl] Started resource esx_accessories
[    c-scripting-core] Creating script environments for esx_vehicleshop
[ citizen-server-impl] Started resource esx_vehicleshop
[    c-scripting-core] Creating script environments for esx_ambulancejob
[ citizen-server-impl] Started resource esx_ambulancejob
[    c-scripting-core] Creating script environments for esx_allowlist
[ citizen-server-impl] Started resource esx_allowlist
[    c-scripting-core] Creating script environments for esx_status
[ citizen-server-impl] Started resource esx_status
[    c-scripting-core] Creating script environments for esx_basicneeds
[ citizen-server-impl] Started resource esx_basicneeds
[    c-scripting-core] [0mCreating script environments for esx_barbershop
[ citizen-server-impl] Started resource esx_barbershop
[    c-scripting-core] Creating script environments for esx_banking
[ citizen-server-impl] [0mStarted resource esx_banking
[    c-scripting-core] [0mCreating script environments for esx_billing
[ citizen-server-impl] Started resource esx_billing
[    c-scripting-core] [0mCreating script environments for esx_clotheshop
[ citizen-server-impl] Started resource esx_clotheshop
[    c-scripting-core] [0mCreating script environments for esx_identity
[ citizen-server-impl] Started resource esx_identity
[    c-scripting-core] [0mCreating script environments for esx_garage
[ citizen-server-impl] Started resource esx_garage
[    c-scripting-core] Creating script environments for esx_joblisting
[ citizen-server-impl] Started resource esx_joblisting
[    c-scripting-core] Creating script environments for esx_jobs
[ citizen-server-impl] Started resource esx_jobs
[    c-scripting-core] Creating script environments for esx_license
[ citizen-server-impl] Started resource esx_license
[    c-scripting-core] [0mCreating script environments for esx_lscustom
[ citizen-server-impl] Started resource esx_lscustom
[    c-scripting-core] [0mCreating script environments for esx_mining
[ citizen-server-impl] Started resource esx_mining
[ citizen-server-impl] Started resource esx_menu_default
[ citizen-server-impl] Started resource esx_menu_list
[ citizen-server-impl] Started resource esx_menu_dialog
[    c-scripting-core] [0mCreating script environments for esx_society
[ citizen-server-impl] [0mStarted resource esx_society
[    c-scripting-core] Creating script environments for esx_mechanicjob
[ citizen-server-impl] Started resource esx_mechanicjob
[    c-scripting-core] Creating script environments for esx_multicharacter
[ citizen-server-impl] Started resource esx_multicharacter
[    c-scripting-core] [0mCreating script environments for esx_notify
[ citizen-server-impl] Started resource esx_notify
[    c-scripting-core] [0mCreating script environments for esx_PawnShop
[ citizen-server-impl] [0mStarted resource esx_PawnShop
[    c-scripting-core] Creating script environments for esx_policejob
[ citizen-server-impl] [0mStarted resource esx_policejob
[    c-scripting-core] Creating script environments for esx_robcashregister
[ citizen-server-impl] Started resource esx_robcashregister
[    c-scripting-core] Creating script environments for esx_service
[38;5;73m[ citizen-server-impl] Started resource esx_service
[    c-scripting-core] [0mCreating script environments for esx_thief
[ citizen-server-impl] Started resource esx_thief
[    c-scripting-core] Creating script environments for esx_textui
[ citizen-server-impl] Started resource esx_textui
[    c-scripting-core] Creating script environments for TakeHostage
[ citizen-server-impl] Started resource TakeHostage
[    c-scripting-core] Creating script environments for CarryPeople
[ citizen-server-impl] Started resource CarryPeople
[    c-scripting-core] Creating script environments for pma-voice
[ citizen-server-impl] Started resource pma-voice
[ citizen-server-impl] Couldn't find resource phone.
[    c-scripting-core] Creating script environments for screenshot-basic
[ citizen-server-impl] Started resource screenshot-basic
[ citizen-server-impl] Started resource dc_loadingscreen
[ citizen-server-impl] Started resource no_map
[ citizen-server-impl] Started resource point_finger
[ citizen-server-impl] Started resource handsup
[ citizen-server-impl] Started resource dc_ads
[    c-scripting-core] Creating script environments for grab
[ citizen-server-impl] Started resource grab
[    c-scripting-core] Creating script environments for trew_hud_ui
[ citizen-server-impl] Started resource trew_hud_ui
[38;5;161m[    c-scripting-core] Creating script environments for core_crafting
[ citizen-server-impl] Started resource core_crafting
[ citizen-server-impl] Started resource mythic_notify
[ citizen-server-impl] Started resource mythic_progbar
[38;5;161m[    c-scripting-core] Creating script environments for interact-sound
[ citizen-server-impl] Started resource interact-sound
[ citizen-server-impl] Started resource removeAllAi
[ citizen-server-impl] Started resource progressBars
[    c-scripting-core] Creating script environments for t1ger_keys
[ citizen-server-impl] Started resource t1ger_keys
[    c-scripting-core] [0mCreating script environments for police-alerts
[ citizen-server-impl] Started resource police-alerts
[ citizen-server-impl] Started resource nohelmet
[    c-scripting-core] [0mCreating script environments for LegacyFuel
[ citizen-server-impl] Started resource LegacyFuel
[ citizen-server-impl] Started resource SeatShuffle
[ citizen-server-impl] Started resource holsterweapon
[  script:mysql-async] [mysql-async] [SUCCESS] Database server connection established.
[      script:monitor] [txAdminClient] Threads and commands set up. All Ready.
[      script:oxmysql] Database server connection established!
[      script:oxmysql] [97m[DEBUG] esx_addonaccount took 3.4702ms to execute a query!
[      script:oxmysql]     SELECT * FROM addon_account LEFT JOIN addon_account_data ON addon_account.name = addon_account_data.account_name UNION SELECT * FROM addon_account RIGHT JOIN addon_account_data ON addon_account.name = addon_account_data.account_name []
[      script:oxmysql] [93m[DEBUG] esx_society took 0.6476ms to execute a query!
[      script:oxmysql]     SELECT * FROM jobs []
[      script:oxmysql] [93m[DEBUG] ox_inventory took 1.4088ms to execute a query!
[      script:oxmysql]     SELECT * FROM items []
[      script:oxmysql] [97m[DEBUG] esx_society took 1.6048ms to execute a query!
[      script:oxmysql]     SELECT * FROM job_grades []
[      script:oxmysql] [93m[DEBUG] ox_inventory took 3.1392ms to execute a query!
[      script:oxmysql]     DELETE FROM ox_inventory WHERE lastupdated < (NOW() - INTERVAL 6 MONTH) OR data = "[]" []
[      script:oxmysql] [DEBUG] es_extended took 0.9768ms to execute a query!
[      script:oxmysql]     SELECT * FROM jobs []
[      script:oxmysql] [DEBUG] es_extended took 0.9422ms to execute a query!
[      script:oxmysql]     SELECT * FROM job_grades []
[  script:es_extended] [INFO] ESX Legacy initialized
[      script:oxmysql] [DEBUG] esx_multicharacter took 4.3216ms to execute a query!
[      script:oxmysql]     SELECT TABLE_NAME, COLUMN_NAME, CHARACTER_MAXIMUM_LENGTH FROM INFORMATION_SCHEMA.COLUMNS WHERE TABLE_SCHEMA = "essentialmode" AND DATA_TYPE = "varchar" AND COLUMN_NAME IN (?) [["identifier","owner"]]
[ citizen-server-impl]         fff                          
[38;5;73m[ citizen-server-impl]   cccc ff   xx  xx     rr rr    eee  
[ citizen-server-impl] cc     ffff   xx       rrr  r ee   e 
[ citizen-server-impl] cc     ff     xx   ... rr     eeeee  
[ citizen-server-impl]  ccccc ff   xx  xx ... rr      eeeee 
[ citizen-server-impl]                                      
[ citizen-server-impl] Authenticated with cfx.re Nucleus: https://tristen-rodriguez-xpdqrr.users.cfx.re/
[      script:oxmysql] There is an update available for oxmysql - please update to the latest release (current version: 2.3.4)
[      script:oxmysql] https://github.com/overextended/oxmysql/releases/tag/v2.4.0
[       script:ox_lib] An update is available for ox_inventory (current version: 2.9.7)
[       script:ox_lib] https://github.com/overextended/ox_inventory/releases/tag/v2.9.8
[ citizen-server-impl] [97mserver thread hitch warning: timer interval of 341 milliseconds
[ script:ox_inventory] [info] Inventory has loaded 192 items
[ citizen-server-impl] server thread hitch warning: timer interval of 718 milliseconds
[ citizen-server-impl] server thread hitch warning: timer interval of 158 milliseconds
[ citizen-server-impl] [0mserver thread hitch warning: timer interval of 188 milliseconds
[ citizen-server-impl] server thread hitch warning: timer interval of 192 milliseconds
[ citizen-server-impl] server thread hitch warning: timer interval of 231 milliseconds
[38;5;73m[ citizen-server-impl] server thread hitch warning: timer interval of 170 milliseconds
[ citizen-server-impl] server thread hitch warning: timer interval of 152 milliseconds
[      script:hardcap] Connecting: gunnsiK
[      script:oxmysql] [93m[DEBUG] esx_multicharacter took 1.2846ms to execute a query!
[      script:oxmysql]     SELECT slots FROM multicharacter_slots WHERE identifier = ? ["628dc61d93a30424ed1d0dfd1349167666993687"]
[      script:oxmysql] [97m[DEBUG] esx_multicharacter took 1.4179ms to execute a query!
[      script:oxmysql]     SELECT identifier, accounts, job, job_grade, firstname, lastname, dateofbirth, sex, skin, disabled FROM users WHERE identifier LIKE ? LIMIT ? ["char%:628dc61d93a30424ed1d0dfd1349167666993687",4]
> quit "Server restarting (Tristen_Rodriguez)."
[ citizen-server-main] -> Quitting: Server restarting (Tristen_Rodriguez).

================================================================
======== FXServer Starting - 8/2/2022, 1:39:50 PM               
================================================================
[    c-scripting-core] Creating script environments for _cfx_internal
[ citizen-server-impl] Scanning resources.
[ citizen-server-impl] Found 93 resources.[0m
[ citizen-server-impl] Some resources have an outdated resource manifest:[0m
[ citizen-server-impl]     - SeatShuffle
[ citizen-server-impl]     - dc_ads
[ citizen-server-impl]     - handsup
[ citizen-server-impl]     - nohelmet
[ citizen-server-impl]     - progressBars
[ citizen-server-impl] [0m
[ citizen-server-impl] Please update these resources.
[          svadhesive] Authenticating server license key...
[          svadhesive] Server license key authentication succeeded. Welcome!
[    c-scripting-core] Creating script environments for sessionmanager
[ citizen-server-impl] Started resource sessionmanager
[    c-scripting-core] Creating script environments for monitor
[      script:monitor] [txAdminClient] Version 4.14.0 starting...
[ citizen-server-impl] Started resource monitor
[              cmdsys] [97mNo such command Config.Multichar.
[    c-scripting-core] Creating script environments for yarn
[ citizen-server-impl] Started resource yarn
[    c-scripting-core] Creating script environments for webpack
[ citizen-server-impl] Started resource webpack
[    c-scripting-core] Creating script environments for chat
[ citizen-server-impl] Started resource chat
[    c-scripting-core] Creating script environments for cron
[ citizen-server-impl] Started resource cron
[    c-scripting-core] Creating script environments for mapmanager
[ citizen-server-impl] Started resource mapmanager
[    c-scripting-core] Creating script environments for hardcap
[ citizen-server-impl] Started resource hardcap
[    c-scripting-core] [97mCreating script environments for rconlog
[ citizen-server-impl] Started resource rconlog
[    c-scripting-core] Creating script environments for mysql-async
[ citizen-server-impl] Started resource mysql-async
[    c-scripting-core] Creating script environments for mysql
[ citizen-server-impl] Started resource mysql
[ citizen-server-impl] Started resource spawnmanager
[    c-scripting-core] Creating script environments for es_extended
[ citizen-server-impl] Started resource es_extended
[    c-scripting-core] Creating script environments for async
[ citizen-server-impl] Started resource async
[ citizen-server-impl] Asset eup-stream/mp_f_freemode_01^jbib_002_u.ydd uses 24.0 MiB of physical memory.
[ citizen-server-impl] Asset eup-stream/mp_f_freemode_01^jbib_004_u.ydd uses 24.0 MiB of physical memory.
[ citizen-server-impl] Asset eup-stream/mp_f_freemode_01^jbib_097_u.ydd uses 24.0 MiB of physical memory.
[ citizen-server-impl] Asset eup-stream/mp_m_freemode_01^hair_005_u.ydd uses 24.0 MiB of virtual memory.
[ citizen-server-impl] Started resource eup-stream
[ citizen-server-impl] Started resource eup-ui
[    c-scripting-core] Creating script environments for oxmysql
[ citizen-server-impl] Started resource oxmysql
[    c-scripting-core] [0mCreating script environments for ox_lib
[ citizen-server-impl] Started resource ox_lib
[    c-scripting-core] Creating script environments for ox_inventory
[ citizen-server-impl] Started resource ox_inventory
[ citizen-server-impl] Started resource esx_animations
[    c-scripting-core] Creating script environments for esx_addonaccount
[ citizen-server-impl] Started resource esx_addonaccount
[38;5;73m[ citizen-server-impl] Started resource skinchanger
[    c-scripting-core] Creating script environments for esx_skin
[ citizen-server-impl] Started resource esx_skin
[    c-scripting-core] [0mCreating script environments for esx_datastore
[ citizen-server-impl] Started resource esx_datastore
[38;5;161m[    c-scripting-core] Creating script environments for esx_accessories
[ citizen-server-impl] Started resource esx_accessories
[    c-scripting-core] Creating script environments for esx_vehicleshop
[ citizen-server-impl] [0mStarted resource esx_vehicleshop
[    c-scripting-core] Creating script environments for esx_ambulancejob
[ citizen-server-impl] Started resource esx_ambulancejob
[    c-scripting-core] Creating script environments for esx_allowlist
[ citizen-server-impl] Started resource esx_allowlist
[    c-scripting-core] Creating script environments for esx_status
[ citizen-server-impl] Started resource esx_status
[    c-scripting-core] Creating script environments for esx_basicneeds
[ citizen-server-impl] [0mStarted resource esx_basicneeds
[    c-scripting-core] Creating script environments for esx_barbershop
[ citizen-server-impl] Started resource esx_barbershop
[38;5;161m[    c-scripting-core] Creating script environments for esx_banking
[ citizen-server-impl] [0mStarted resource esx_banking
[38;5;161m[    c-scripting-core] Creating script environments for esx_billing
[ citizen-server-impl] Started resource esx_billing
[    c-scripting-core] Creating script environments for esx_clotheshop
[38;5;73m[ citizen-server-impl] Started resource esx_clotheshop
[    c-scripting-core] Creating script environments for esx_identity
[38;5;73m[ citizen-server-impl] Started resource esx_identity
[    c-scripting-core] Creating script environments for esx_garage
[ citizen-server-impl] [0mStarted resource esx_garage
[38;5;161m[    c-scripting-core] Creating script environments for esx_joblisting
[38;5;73m[ citizen-server-impl] Started resource esx_joblisting
[    c-scripting-core] Creating script environments for esx_jobs
[ citizen-server-impl] Started resource esx_jobs
[    c-scripting-core] Creating script environments for esx_license
[ citizen-server-impl] [0mStarted resource esx_license
[    c-scripting-core] Creating script environments for esx_lscustom
[ citizen-server-impl] Started resource esx_lscustom
[    c-scripting-core] Creating script environments for esx_mining
[ citizen-server-impl] Started resource esx_mining
[ citizen-server-impl] [0mStarted resource esx_menu_default
[ citizen-server-impl] Started resource esx_menu_list
[ citizen-server-impl] Started resource esx_menu_dialog
[38;5;161m[    c-scripting-core] Creating script environments for esx_society
[ citizen-server-impl] Started resource esx_society
[    c-scripting-core] Creating script environments for esx_mechanicjob
[ citizen-server-impl] Started resource esx_mechanicjob
[    c-scripting-core] [0mCreating script environments for esx_multicharacter
[38;5;73m[ citizen-server-impl] Started resource esx_multicharacter
[    c-scripting-core] Creating script environments for esx_notify
[ citizen-server-impl] Started resource esx_notify
[    c-scripting-core] Creating script environments for esx_PawnShop
[38;5;73m[ citizen-server-impl] [0mStarted resource esx_PawnShop
[38;5;161m[    c-scripting-core] Creating script environments for esx_policejob
[ citizen-server-impl] [0mStarted resource esx_policejob
[38;5;161m[    c-scripting-core] Creating script environments for esx_robcashregister
[ citizen-server-impl] [0mStarted resource esx_robcashregister
[    c-scripting-core] Creating script environments for esx_service
[ citizen-server-impl] Started resource esx_service
[    c-scripting-core] Creating script environments for esx_thief
[ citizen-server-impl] Started resource esx_thief
[    c-scripting-core] Creating script environments for esx_textui
[ citizen-server-impl] [0mStarted resource esx_textui
[    c-scripting-core] [0mCreating script environments for TakeHostage
[ citizen-server-impl] [0mStarted resource TakeHostage
[    c-scripting-core] Creating script environments for CarryPeople
[ citizen-server-impl] [0mStarted resource CarryPeople
[38;5;161m[    c-scripting-core] Creating script environments for pma-voice
[38;5;73m[ citizen-server-impl] Started resource pma-voice
[ citizen-server-impl] Couldn't find resource phone.
[38;5;161m[    c-scripting-core] Creating script environments for screenshot-basic
[ citizen-server-impl] Started resource screenshot-basic
[ citizen-server-impl] Started resource dc_loadingscreen
[ citizen-server-impl] Started resource no_map
[ citizen-server-impl] Started resource point_finger
[ citizen-server-impl] Started resource handsup
[ citizen-server-impl] Started resource dc_ads
[    c-scripting-core] Creating script environments for grab
[ citizen-server-impl] Started resource grab
[38;5;161m[    c-scripting-core] Creating script environments for trew_hud_ui
[ citizen-server-impl] Started resource trew_hud_ui
[    c-scripting-core] Creating script environments for core_crafting
[ citizen-server-impl] Started resource core_crafting
[ citizen-server-impl] Started resource mythic_notify
[ citizen-server-impl] Started resource mythic_progbar
[    c-scripting-core] Creating script environments for interact-sound
[ citizen-server-impl] Started resource interact-sound
[38;5;73m[ citizen-server-impl] Started resource removeAllAi
[ citizen-server-impl] [0mStarted resource progressBars
[38;5;161m[    c-scripting-core] Creating script environments for t1ger_keys
[ citizen-server-impl] Started resource t1ger_keys
[    c-scripting-core] [0mCreating script environments for police-alerts
[ citizen-server-impl] Started resource police-alerts
[ citizen-server-impl] Started resource nohelmet
[38;5;161m[    c-scripting-core] Creating script environments for LegacyFuel
[38;5;73m[ citizen-server-impl] Started resource LegacyFuel
[ citizen-server-impl] Started resource SeatShuffle
[38;5;73m[ citizen-server-impl] Started resource holsterweapon
[  script:mysql-async] [mysql-async] [SUCCESS] Database server connection established.
[      script:monitor] [36m[txAdminClient] Threads and commands set up. All Ready.
[      script:oxmysql] Database server connection established!
[      script:oxmysql] [DEBUG] esx_addonaccount took 13.7284ms to execute a query!
[      script:oxmysql]     SELECT * FROM addon_account LEFT JOIN addon_account_data ON addon_account.name = addon_account_data.account_name UNION SELECT * FROM addon_account RIGHT JOIN addon_account_data ON addon_account.name = addon_account_data.account_name []
[      script:oxmysql] [97m[DEBUG] esx_society took 2.5184ms to execute a query!
[      script:oxmysql]     SELECT * FROM jobs []
[      script:oxmysql] [DEBUG] ox_inventory took 3.7364ms to execute a query!
[      script:oxmysql]     SELECT * FROM items []
[      script:oxmysql] [DEBUG] es_extended took 4.7143ms to execute a query!
[      script:oxmysql]     SELECT * FROM jobs []
[      script:oxmysql] [DEBUG] esx_society took 4.2401ms to execute a query!
[      script:oxmysql]     SELECT * FROM job_grades []
[      script:oxmysql] [DEBUG] ox_inventory took 6.0852ms to execute a query!
[      script:oxmysql]     DELETE FROM ox_inventory WHERE lastupdated < (NOW() - INTERVAL 6 MONTH) OR data = "[]" []
[      script:oxmysql] [DEBUG] esx_multicharacter took 10.5502ms to execute a query!
[      script:oxmysql]     SELECT TABLE_NAME, COLUMN_NAME, CHARACTER_MAXIMUM_LENGTH FROM INFORMATION_SCHEMA.COLUMNS WHERE TABLE_SCHEMA = "essentialmode" AND DATA_TYPE = "varchar" AND COLUMN_NAME IN (?) [["identifier","owner"]]
[      script:oxmysql] [DEBUG] es_extended took 7.6271ms to execute a query!
[      script:oxmysql]     SELECT * FROM job_grades []
[  script:es_extended] [INFO] ESX Legacy initialized
[      script:oxmysql] There is an update available for oxmysql - please update to the latest release (current version: 2.3.4)
[      script:oxmysql] https://github.com/overextended/oxmysql/releases/tag/v2.4.0
[ citizen-server-impl]         fff                          
[ citizen-server-impl]   cccc ff   xx  xx     rr rr    eee  
[ citizen-server-impl] cc     ffff   xx       rrr  r ee   e 
[ citizen-server-impl] cc     ff     xx   ... rr     eeeee  
[ citizen-server-impl]  ccccc ff   xx  xx ... rr      eeeee 
[ citizen-server-impl]                                      
[ citizen-server-impl] Authenticated with cfx.re Nucleus: https://tristen-rodriguez-xpdqrr.users.cfx.re/
[38;5;23m[       script:ox_lib] An update is available for ox_inventory (current version: 2.9.7)
[       script:ox_lib] https://github.com/overextended/ox_inventory/releases/tag/v2.9.8
[ citizen-server-impl] [97mserver thread hitch warning: timer interval of 415 milliseconds
[ script:ox_inventory] [97m[info] Inventory has loaded 192 items
[ citizen-server-impl] server thread hitch warning: timer interval of 773 milliseconds
[ citizen-server-impl] server thread hitch warning: timer interval of 151 milliseconds
[      script:hardcap] Connecting: gunnsiK[0m
[ citizen-server-impl] server thread hitch warning: timer interval of 201 milliseconds
[      script:oxmysql] [DEBUG] esx_multicharacter took 0.7051ms to execute a query!
[      script:oxmysql]     SELECT slots FROM multicharacter_slots WHERE identifier = ? ["628dc61d93a30424ed1d0dfd1349167666993687"]
[      script:oxmysql] [DEBUG] esx_multicharacter took 2.1614ms to execute a query!
[      script:oxmysql]     SELECT identifier, accounts, job, job_grade, firstname, lastname, dateofbirth, sex, skin, disabled FROM users WHERE identifier LIKE ? LIMIT ? ["char%:628dc61d93a30424ed1d0dfd1349167666993687",4]
> quit "Server restarting (Tristen_Rodriguez)."
[ citizen-server-main] -> Quitting: Server restarting (Tristen_Rodriguez).

================================================================
======== FXServer Starting - 8/2/2022, 1:45:45 PM               
================================================================
[    c-scripting-core] Creating script environments for _cfx_internal
[ citizen-server-impl] Scanning resources.
[ citizen-server-impl] Found 93 resources.
[ citizen-server-impl] Some resources have an outdated resource manifest:
[ citizen-server-impl]     - SeatShuffle
[ citizen-server-impl]     - dc_ads
[ citizen-server-impl]     - handsup
[ citizen-server-impl]     - nohelmet
[ citizen-server-impl]     - progressBars
[ citizen-server-impl] 
[ citizen-server-impl] Please update these resources.
[          svadhesive] Authenticating server license key...
[          svadhesive] Server license key authentication succeeded. Welcome!
[    c-scripting-core] Creating script environments for sessionmanager
[ citizen-server-impl] Started resource sessionmanager
[    c-scripting-core] [0mCreating script environments for monitor
[      script:monitor] [txAdminClient] Version 4.14.0 starting...
[ citizen-server-impl] Started resource monitor
[              cmdsys] No such command Config.Multichar.
[    c-scripting-core] Creating script environments for yarn
[ citizen-server-impl] Started resource yarn
[38;5;161m[    c-scripting-core] [97mCreating script environments for webpack
[ citizen-server-impl] Started resource webpack
[    c-scripting-core] Creating script environments for chat
[ citizen-server-impl] Started resource chat
[    c-scripting-core] Creating script environments for cron
[ citizen-server-impl] Started resource cron
[    c-scripting-core] Creating script environments for mapmanager
[ citizen-server-impl] Started resource mapmanager
[    c-scripting-core] [97mCreating script environments for hardcap
[ citizen-server-impl] Started resource hardcap
[    c-scripting-core] Creating script environments for rconlog
[ citizen-server-impl] Started resource rconlog
[    c-scripting-core] Creating script environments for mysql-async
[ citizen-server-impl] Started resource mysql-async
[    c-scripting-core] Creating script environments for mysql
[ citizen-server-impl] Started resource mysql
[ citizen-server-impl] Started resource spawnmanager
[    c-scripting-core] Creating script environments for es_extended
[38;5;73m[ citizen-server-impl] Started resource es_extended
[38;5;161m[    c-scripting-core] Creating script environments for async
[ citizen-server-impl] [97mStarted resource async
[ citizen-server-impl] Asset eup-stream/mp_f_freemode_01^jbib_002_u.ydd uses 24.0 MiB of physical memory.
[ citizen-server-impl] Asset eup-stream/mp_f_freemode_01^jbib_004_u.ydd uses 24.0 MiB of physical memory.
[ citizen-server-impl] Asset eup-stream/mp_f_freemode_01^jbib_097_u.ydd uses 24.0 MiB of physical memory.
[ citizen-server-impl] [0mAsset eup-stream/mp_m_freemode_01^hair_005_u.ydd uses 24.0 MiB of virtual memory.
[ citizen-server-impl] Started resource eup-stream
[ citizen-server-impl] [0mStarted resource eup-ui
[    c-scripting-core] [0mCreating script environments for oxmysql
[ citizen-server-impl] Started resource oxmysql
[    c-scripting-core] [0mCreating script environments for ox_lib
[ citizen-server-impl] Started resource ox_lib
[    c-scripting-core] Creating script environments for ox_inventory
[ citizen-server-impl] Started resource ox_inventory
[ citizen-server-impl] Started resource esx_animations
[    c-scripting-core] Creating script environments for esx_addonaccount
[ citizen-server-impl] Started resource esx_addonaccount
[ citizen-server-impl] Started resource skinchanger
[    c-scripting-core] Creating script environments for esx_skin
[ citizen-server-impl] Started resource esx_skin
[    c-scripting-core] Creating script environments for esx_datastore
[ citizen-server-impl] Started resource esx_datastore
[    c-scripting-core] Creating script environments for esx_accessories
[ citizen-server-impl] Started resource esx_accessories
[    c-scripting-core] [0mCreating script environments for esx_vehicleshop
[ citizen-server-impl] Started resource esx_vehicleshop
[    c-scripting-core] Creating script environments for esx_ambulancejob
[ citizen-server-impl] Started resource esx_ambulancejob
[    c-scripting-core] Creating script environments for esx_allowlist
[ citizen-server-impl] Started resource esx_allowlist
[    c-scripting-core] Creating script environments for esx_status
[ citizen-server-impl] Started resource esx_status
[    c-scripting-core] Creating script environments for esx_basicneeds
[ citizen-server-impl] [0mStarted resource esx_basicneeds
[    c-scripting-core] Creating script environments for esx_barbershop
[ citizen-server-impl] Started resource esx_barbershop
[    c-scripting-core] Creating script environments for esx_banking
[ citizen-server-impl] Started resource esx_banking
[    c-scripting-core] Creating script environments for esx_billing
[ citizen-server-impl] Started resource esx_billing
[    c-scripting-core] Creating script environments for esx_clotheshop
[ citizen-server-impl] Started resource esx_clotheshop
[    c-scripting-core] Creating script environments for esx_identity
[ citizen-server-impl] Started resource esx_identity
[    c-scripting-core] Creating script environments for esx_garage
[ citizen-server-impl] Started resource esx_garage
[    c-scripting-core] Creating script environments for esx_joblisting
[ citizen-server-impl] Started resource esx_joblisting
[    c-scripting-core] Creating script environments for esx_jobs
[ citizen-server-impl] Started resource esx_jobs
[    c-scripting-core] Creating script environments for esx_license
[ citizen-server-impl] Started resource esx_license
[    c-scripting-core] Creating script environments for esx_lscustom
[ citizen-server-impl] Started resource esx_lscustom
[    c-scripting-core] Creating script environments for esx_mining
[ citizen-server-impl] Started resource esx_mining
[ citizen-server-impl] Started resource esx_menu_default
[ citizen-server-impl] Started resource esx_menu_list
[ citizen-server-impl] Started resource esx_menu_dialog
[38;5;161m[    c-scripting-core] Creating script environments for esx_society
[ citizen-server-impl] Started resource esx_society
[    c-scripting-core] Creating script environments for esx_mechanicjob
[ citizen-server-impl] Started resource esx_mechanicjob
[    c-scripting-core] Creating script environments for esx_multicharacter
[ citizen-server-impl] Started resource esx_multicharacter
[38;5;161m[    c-scripting-core] Creating script environments for esx_notify
[ citizen-server-impl] [0mStarted resource esx_notify
[    c-scripting-core] Creating script environments for esx_PawnShop
[ citizen-server-impl] [0mStarted resource esx_PawnShop
[    c-scripting-core] Creating script environments for esx_policejob
[ citizen-server-impl] Started resource esx_policejob
[    c-scripting-core] Creating script environments for esx_robcashregister
[ citizen-server-impl] Started resource esx_robcashregister
[38;5;161m[    c-scripting-core] Creating script environments for esx_service
[ citizen-server-impl] Started resource esx_service
[    c-scripting-core] Creating script environments for esx_thief
[ citizen-server-impl] Started resource esx_thief
[    c-scripting-core] Creating script environments for esx_textui
[ citizen-server-impl] Started resource esx_textui
[    c-scripting-core] Creating script environments for TakeHostage
[ citizen-server-impl] Started resource TakeHostage
[    c-scripting-core] Creating script environments for CarryPeople
[ citizen-server-impl] Started resource CarryPeople
[    c-scripting-core] Creating script environments for pma-voice
[ citizen-server-impl] Started resource pma-voice
[ citizen-server-impl] Couldn't find resource phone.
[38;5;161m[    c-scripting-core] Creating script environments for screenshot-basic
[ citizen-server-impl] [0mStarted resource screenshot-basic
[ citizen-server-impl] Started resource dc_loadingscreen
[ citizen-server-impl] Started resource no_map
[ citizen-server-impl] [0mStarted resource point_finger
[ citizen-server-impl] Started resource handsup
[ citizen-server-impl] Started resource dc_ads
[    c-scripting-core] Creating script environments for grab
[ citizen-server-impl] Started resource grab
[    c-scripting-core] Creating script environments for trew_hud_ui
[ citizen-server-impl] Started resource trew_hud_ui
[    c-scripting-core] Creating script environments for core_crafting
[ citizen-server-impl] Started resource core_crafting
[ citizen-server-impl] Started resource mythic_notify
[ citizen-server-impl] Started resource mythic_progbar
[    c-scripting-core] Creating script environments for interact-sound
[ citizen-server-impl] Started resource interact-sound
[ citizen-server-impl] Started resource removeAllAi
[ citizen-server-impl] Started resource progressBars
[    c-scripting-core] Creating script environments for t1ger_keys
[ citizen-server-impl] [0mStarted resource t1ger_keys
[    c-scripting-core] Creating script environments for police-alerts
[ citizen-server-impl] Started resource police-alerts
[ citizen-server-impl] Started resource nohelmet
[    c-scripting-core] Creating script environments for LegacyFuel
[ citizen-server-impl] Started resource LegacyFuel
[ citizen-server-impl] Started resource SeatShuffle
[ citizen-server-impl] Started resource holsterweapon
[  script:mysql-async] [mysql-async] [SUCCESS] Database server connection established.
[      script:monitor] [txAdminClient] Threads and commands set up. All Ready.
[      script:oxmysql] Database server connection established!
[      script:oxmysql] [DEBUG] esx_addonaccount took 5.8027ms to execute a query!
[      script:oxmysql]     SELECT * FROM addon_account LEFT JOIN addon_account_data ON addon_account.name = addon_account_data.account_name UNION SELECT * FROM addon_account RIGHT JOIN addon_account_data ON addon_account.name = addon_account_data.account_name []
[      script:oxmysql] [DEBUG] esx_society took 1.8821ms to execute a query!
[      script:oxmysql]     SELECT * FROM jobs []
[      script:oxmysql] [DEBUG] ox_inventory took 4.2817ms to execute a query!
[      script:oxmysql]     SELECT * FROM items []
[      script:oxmysql] [DEBUG] esx_society took 2.742ms to execute a query!
[      script:oxmysql]     SELECT * FROM job_grades []
[      script:oxmysql] [0m[DEBUG] ox_inventory took 4.4735ms to execute a query!
[      script:oxmysql]     DELETE FROM ox_inventory WHERE lastupdated < (NOW() - INTERVAL 6 MONTH) OR data = "[]" []
[      script:oxmysql] [DEBUG] es_extended took 30.8618ms to execute a query!
[      script:oxmysql]     SELECT * FROM jobs []
[      script:oxmysql] [DEBUG] esx_multicharacter took 32.5125ms to execute a query!
[      script:oxmysql]     SELECT TABLE_NAME, COLUMN_NAME, CHARACTER_MAXIMUM_LENGTH FROM INFORMATION_SCHEMA.COLUMNS WHERE TABLE_SCHEMA = "essentialmode" AND DATA_TYPE = "varchar" AND COLUMN_NAME IN (?) [["identifier","owner"]]
[      script:oxmysql] [DEBUG] es_extended took 3.6696ms to execute a query!
[      script:oxmysql]     SELECT * FROM job_grades []
[  script:es_extended] [INFO] ESX Legacy initialized
[ citizen-server-impl]         fff                          
[ citizen-server-impl]   cccc ff   xx  xx     rr rr    eee  
[ citizen-server-impl] cc     ffff   xx       rrr  r ee   e 
[ citizen-server-impl] cc     ff     xx   ... rr     eeeee  
[ citizen-server-impl]  ccccc ff   xx  xx ... rr      eeeee 
[ citizen-server-impl]                                      
[ citizen-server-impl] Authenticated with cfx.re Nucleus: https://tristen-rodriguez-xpdqrr.users.cfx.re/
[       script:ox_lib] An update is available for ox_inventory (current version: 2.9.7)
[       script:ox_lib] https://github.com/overextended/ox_inventory/releases/tag/v2.9.8
[ citizen-server-impl] server thread hitch warning: timer interval of 554 milliseconds
[      script:oxmysql] [0mThere is an update available for oxmysql - please update to the latest release (current version: 2.3.4)
[      script:oxmysql] https://github.com/overextended/oxmysql/releases/tag/v2.4.0
[ script:ox_inventory] [info][0m Inventory has loaded 192 items
[38;5;73m[ citizen-server-impl] server thread hitch warning: timer interval of 835 milliseconds
[ citizen-server-impl] server thread hitch warning: timer interval of 161 milliseconds
[ citizen-server-impl] server thread hitch warning: timer interval of 196 milliseconds
[ citizen-server-impl] server thread hitch warning: timer interval of 168 milliseconds
[ citizen-server-impl] server thread hitch warning: timer interval of 161 milliseconds
[ citizen-server-impl] server thread hitch warning: timer interval of 199 milliseconds
[      script:hardcap] Connecting: gunnsiK[0m
[      script:oxmysql] [0m[DEBUG] esx_multicharacter took 0.8727ms to execute a query!
[      script:oxmysql]     SELECT slots FROM multicharacter_slots WHERE identifier = ? ["628dc61d93a30424ed1d0dfd1349167666993687"]
[      script:oxmysql] [DEBUG] esx_multicharacter took 1.9813ms to execute a query!
[      script:oxmysql]     SELECT identifier, accounts, job, job_grade, firstname, lastname, dateofbirth, sex, skin, disabled FROM users WHERE identifier LIKE ? LIMIT ? ["char%:628dc61d93a30424ed1d0dfd1349167666993687",4]
[ citizen-server-impl] server thread hitch warning: timer interval of 161 milliseconds
[ citizen-server-impl] Server list query returned an error: System.Net.Sockets.SocketException: Host is unreachable <- System.Net.Http.HttpRequestException: Host is unreachable (130.45.20.104:30120)
[ citizen-server-impl] Server list query returned an error: System.Net.Sockets.SocketException: Host is unreachable <- System.Net.Http.HttpRequestException: Host is unreachable (130.45.20.104:30120)
[ citizen-server-impl] Server list query returned an error: System.Net.Sockets.SocketException: Host is unreachable <- System.Net.Http.HttpRequestException: Host is unreachable (130.45.20.104:30120)
[ citizen-server-impl] Server list query returned an error: System.Net.Sockets.SocketException: Host is unreachable <- System.Net.Http.HttpRequestException: Host is unreachable (130.45.20.104:30120)
[ citizen-server-impl] [0mServer list query returned an error: System.Net.Sockets.SocketException: Host is unreachable <- System.Net.Http.HttpRequestException: Host is unreachable (130.45.20.104:30120)
[ citizen-server-impl] Server list query returned an error: System.Net.Sockets.SocketException: Host is unreachable <- System.Net.Http.HttpRequestException: Host is unreachable (130.45.20.104:30120)
[ citizen-server-impl] network thread hitch warning: timer interval of 246 milliseconds
[ citizen-server-impl] sync thread hitch warning: timer interval of 2847059 milliseconds
[ citizen-server-impl] server thread hitch warning: timer interval of 2847074 milliseconds
[ citizen-server-impl] network thread hitch warning: timer interval of 2846829 milliseconds
[ citizen-server-impl] Server list query returned an error: System.Net.Sockets.SocketException: Host is unreachable <- System.Net.Http.HttpRequestException: Host is unreachable (130.45.20.104:30120)
[ citizen-server-impl] Server list query returned an error: System.Net.Sockets.SocketException: Host is unreachable <- System.Net.Http.HttpRequestException: Host is unreachable (130.45.20.104:30120)
[ citizen-server-impl] Server list query returned an error: System.Net.Sockets.SocketException: Host is unreachable <- System.Net.Http.HttpRequestException: Host is unreachable (130.45.20.104:30120)
[ citizen-server-impl] Server list query returned an error: System.Net.Sockets.SocketException: Host is unreachable <- System.Net.Http.HttpRequestException: Host is unreachable (130.45.20.104:30120)
[ citizen-server-impl] Server list query returned an error: System.Net.Sockets.SocketException: Host is unreachable <- System.Net.Http.HttpRequestException: Host is unreachable (130.45.20.104:30120)
[ citizen-server-impl] Server list query returned an error: System.Net.Sockets.SocketException: Host is unreachable <- System.Net.Http.HttpRequestException: Host is unreachable (130.45.20.104:30120)
[ citizen-server-impl] Server list query returned an error: System.Net.Sockets.SocketException: Host is unreachable <- System.Net.Http.HttpRequestException: Host is unreachable (130.45.20.104:30120)
[ citizen-server-impl] Server list query returned an error: System.Net.Sockets.SocketException: Host is unreachable <- System.Net.Http.HttpRequestException: Host is unreachable (130.45.20.104:30120)
[ citizen-server-impl] Server list query returned an error: System.Net.Sockets.SocketException: Host is unreachable <- System.Net.Http.HttpRequestException: Host is unreachable (130.45.20.104:30120)
[ citizen-server-impl] [91mServer list query returned an error: System.Net.Sockets.SocketException: Host is unreachable <- System.Net.Http.HttpRequestException: Host is unreachable (130.45.20.104:30120)
[ citizen-server-impl] Server list query returned an error: System.Net.Sockets.SocketException: Host is unreachable <- System.Net.Http.HttpRequestException: Host is unreachable (130.45.20.104:30120)
[ citizen-server-impl] Server list query returned an error: System.Net.Sockets.SocketException: Host is unreachable <- System.Net.Http.HttpRequestException: Host is unreachable (130.45.20.104:30120)
[ citizen-server-impl] Server list query returned an error: System.Net.Sockets.SocketException: Host is unreachable <- System.Net.Http.HttpRequestException: Host is unreachable (130.45.20.104:30120)
[ citizen-server-impl] Server list query returned an error: System.Net.Sockets.SocketException: Host is unreachable <- System.Net.Http.HttpRequestException: Host is unreachable (130.45.20.104:30120)
[ citizen-server-impl] network thread hitch warning: timer interval of 273 milliseconds
[ citizen-server-impl] sync thread hitch warning: timer interval of 2307086 milliseconds
[              server] Error: Loop svNetwork seems hung! (last checkin 2307 seconds ago)
[              server] Warning: svNetwork watchdog stack: root
[ citizen-server-impl] network thread hitch warning: timer interval of 2306839 milliseconds
[ citizen-server-impl] server thread hitch warning: timer interval of 2307165 milliseconds
[script:police-alerts] Returned error code:0
[ citizen-server-impl] server thread hitch warning: timer interval of 180 milliseconds
[ citizen-server-impl] Server list query returned an error: System.Net.Sockets.SocketException: Host is unreachable <- System.Net.Http.HttpRequestException: Host is unreachable (130.45.20.104:30120)
> quit "Server restarting (hang detected)."
[ citizen-server-impl] network thread hitch warning: timer interval of 270 milliseconds
[ citizen-server-impl] sync thread hitch warning: timer interval of 4088240 milliseconds
[ citizen-server-impl] server thread hitch warning: timer interval of 4088257 milliseconds
[ citizen-server-impl] network thread hitch warning: timer interval of 4087986 milliseconds
[              server] Error: Loop default seems hung! (last checkin 4090 seconds ago)
[              server] Warning: default watchdog stack: root
[ citizen-server-main] -> Quitting: Server restarting (hang detected).
[script:police-alerts] Returned error code:0

================================================================
======== FXServer Starting - 8/2/2022, 8:39:18 PM               
================================================================
[    c-scripting-core] Creating script environments for _cfx_internal
[ citizen-server-impl] Scanning resources.
[ citizen-server-impl] Found 93 resources.
[ citizen-server-impl] [91mSome resources have an outdated resource manifest:
[ citizen-server-impl]     - SeatShuffle
[ citizen-server-impl]     - dc_ads
[ citizen-server-impl]     - handsup
[ citizen-server-impl]     - nohelmet
[ citizen-server-impl]     - progressBars
[ citizen-server-impl] 
[ citizen-server-impl] Please update these resources.
[          svadhesive] Authenticating server license key...
[          svadhesive] Error: An error occurred while checking server license key: Could not resolve host: keymaster.fivem.net - CURL error code 6 (Couldn't resolve host name)
