
================================================================
======== Log Rotated - 8/11/2022, 8:47:37 PM                    
================================================================

================================================================
======== FXServer Starting - 8/11/2022, 8:47:43 PM              
================================================================
[    c-scripting-core] Creating script environments for _cfx_internal
[ citizen-server-impl] Scanning resources.
[ citizen-server-impl] Found 97 resources.
[ citizen-server-impl] Some resources have an outdated resource manifest:
[38;5;73m[ citizen-server-impl]     - SeatShuffle
[ citizen-server-impl]     - dc_ads
[ citizen-server-impl]     - handsup
[ citizen-server-impl]     - nohelmet
[ citizen-server-impl]     - progressBars
[ citizen-server-impl] 
[ citizen-server-impl] Please update these resources.
[          svadhesive] Authenticating server license key...
[          svadhesive] Server license key authentication succeeded. Welcome!
[    c-scripting-core] Creating script environments for sessionmanager
[ citizen-server-impl] Started resource sessionmanager
[    c-scripting-core] Creating script environments for monitor
[      script:monitor] [txAdminClient] Version 4.14.0 starting...
[ citizen-server-impl] Started resource monitor
[              cmdsys] No such command Config.Multichar.
[    c-scripting-core] Creating script environments for yarn
[ citizen-server-impl] Started resource yarn
[    c-scripting-core] Creating script environments for webpack
[ citizen-server-impl] Started resource webpack
[    c-scripting-core] Creating script environments for chat
[ citizen-server-impl] Started resource chat
[    c-scripting-core] Creating script environments for cron
[ citizen-server-impl] Started resource cron
[    c-scripting-core] [97mCreating script environments for mapmanager
[ citizen-server-impl] Started resource mapmanager
[    c-scripting-core] [97mCreating script environments for hardcap
[ citizen-server-impl] Started resource hardcap
[    c-scripting-core] [97mCreating script environments for rconlog
[ citizen-server-impl] Started resource rconlog
[    c-scripting-core] [97mCreating script environments for mysql-async
[ citizen-server-impl] Started resource mysql-async
[    c-scripting-core] [97mCreating script environments for mysql
[ citizen-server-impl] Started resource mysql
[ citizen-server-impl] Started resource spawnmanager
[    c-scripting-core] Creating script environments for es_extended
[ citizen-server-impl] Started resource es_extended
[    c-scripting-core] Creating script environments for async
[ citizen-server-impl] Started resource async
[ citizen-server-impl] Asset eup-stream/mp_f_freemode_01^jbib_002_u.ydd uses 24.0 MiB of physical memory.
[ citizen-server-impl] Asset eup-stream/mp_f_freemode_01^jbib_004_u.ydd uses 24.0 MiB of physical memory.
[ citizen-server-impl] Asset eup-stream/mp_f_freemode_01^jbib_097_u.ydd uses 24.0 MiB of physical memory.
[ citizen-server-impl] Asset eup-stream/mp_m_freemode_01^hair_005_u.ydd uses 24.0 MiB of virtual memory.
[ citizen-server-impl] [94mAsset eup-stream/mp_m_freemode_01^head_diff_052_a_uni.ytd uses 32.0 MiB of physical memory.
[ citizen-server-impl] Asset eup-stream/mp_m_freemode_01^head_diff_053_b_uni.ytd uses 32.0 MiB of physical memory.
[ citizen-server-impl] Asset eup-stream/mp_m_freemode_01^head_diff_056_a_uni.ytd uses 32.0 MiB of physical memory.
[ citizen-server-impl] Asset eup-stream/mp_m_freemode_01^head_diff_060_a_uni.ytd uses 32.0 MiB of physical memory.
[ citizen-server-impl] Asset eup-stream/mp_m_freemode_01^head_diff_061_a_uni.ytd uses 32.0 MiB of physical memory.
[ citizen-server-impl] Asset eup-stream/mp_m_freemode_01^jbib_diff_011_a_uni.ytd uses 32.0 MiB of physical memory.
[ citizen-server-impl] Asset eup-stream/mp_m_freemode_01^jbib_diff_011_e_uni.ytd uses 64.0 MiB of physical memory. Oversized assets can and WILL lead to streaming issues (models not loading/rendering, commonly known as 'texture loss', 'city bug' or 'streaming isn't great').
[ citizen-server-impl] Asset eup-stream/mp_m_freemode_01^jbib_diff_012_c_uni.ytd uses 32.0 MiB of physical memory.
[ citizen-server-impl] Asset eup-stream/mp_m_freemode_01^jbib_diff_012_d_uni.ytd uses 32.0 MiB of physical memory.
[ citizen-server-impl] Asset eup-stream/mp_m_freemode_01^jbib_diff_012_g_uni.ytd uses 32.0 MiB of physical memory.
[ citizen-server-impl] Asset eup-stream/mp_m_freemode_01^jbib_diff_012_k_uni.ytd uses 32.0 MiB of physical memory.
[ citizen-server-impl] [0mAsset eup-stream/mp_m_freemode_01^jbib_diff_012_m_uni.ytd uses 32.0 MiB of physical memory.
[ citizen-server-impl] Asset eup-stream/mp_m_freemode_01^jbib_diff_012_n_uni.ytd uses 32.0 MiB of physical memory.
[ citizen-server-impl] [94mAsset eup-stream/mp_m_freemode_01^jbib_diff_013_k_uni.ytd uses 32.0 MiB of physical memory.
[ citizen-server-impl] [94mAsset eup-stream/mp_m_freemode_01^jbib_diff_013_l_uni.ytd uses 32.0 MiB of physical memory.
[ citizen-server-impl] Asset eup-stream/mp_m_freemode_01^lowr_diff_001_k_whi.ytd uses 32.0 MiB of physical memory.
[ citizen-server-impl] Asset eup-stream/mp_m_freemode_01^lowr_diff_001_l_whi.ytd uses 32.0 MiB of physical memory.
[ citizen-server-impl] Asset eup-stream/mp_m_freemode_01^lowr_diff_001_n_whi.ytd uses 32.0 MiB of physical memory.
[ citizen-server-impl] Asset eup-stream/mp_m_freemode_01^lowr_diff_001_p_whi.ytd uses 32.0 MiB of physical memory.
[ citizen-server-impl] Asset eup-stream/mp_m_freemode_01^lowr_diff_003_n_whi.ytd uses 32.0 MiB of physical memory.
[ citizen-server-impl] [0mAsset eup-stream/mp_m_freemode_01^lowr_diff_003_p_whi.ytd uses 32.0 MiB of physical memory.
[ citizen-server-impl] [0mAsset eup-stream/mp_m_freemode_01^lowr_diff_004_c_whi.ytd uses 32.0 MiB of physical memory.
[ citizen-server-impl] Asset eup-stream/mp_m_freemode_01^lowr_diff_010_a_whi.ytd uses 32.0 MiB of physical memory.
[ citizen-server-impl] Asset eup-stream/mp_m_freemode_01^lowr_diff_010_b_whi.ytd uses 32.0 MiB of physical memory.
[ citizen-server-impl] [0mAsset eup-stream/mp_m_freemode_01^lowr_diff_010_d_whi.ytd uses 32.0 MiB of physical memory.
[ citizen-server-impl] Asset eup-stream/mp_m_freemode_01^lowr_diff_011_b_whi.ytd uses 32.0 MiB of physical memory.
[ citizen-server-impl] Asset eup-stream/mp_m_freemode_01^lowr_diff_011_c_whi.ytd uses 32.0 MiB of physical memory.
[ citizen-server-impl] [0mAsset eup-stream/mp_m_freemode_01^lowr_diff_011_d_whi.ytd uses 32.0 MiB of physical memory.
[ citizen-server-impl] Asset eup-stream/mp_m_freemode_01^lowr_diff_011_e_whi.ytd uses 32.0 MiB of physical memory.
[ citizen-server-impl] Asset eup-stream/mp_m_freemode_01^lowr_diff_011_f_whi.ytd uses 32.0 MiB of physical memory.
[ citizen-server-impl] Asset eup-stream/mp_m_freemode_01^lowr_diff_011_g_whi.ytd uses 32.0 MiB of physical memory.
[ citizen-server-impl] Asset eup-stream/mp_m_freemode_01^lowr_diff_011_h_whi.ytd uses 32.0 MiB of physical memory.
[ citizen-server-impl] [0mAsset eup-stream/mp_m_freemode_01^lowr_diff_011_i_whi.ytd uses 32.0 MiB of physical memory.
[ citizen-server-impl] Asset eup-stream/mp_m_freemode_01^lowr_diff_013_a_whi.ytd uses 32.0 MiB of physical memory.
[ citizen-server-impl] [94mAsset eup-stream/mp_m_freemode_01^lowr_diff_013_b_whi.ytd uses 32.0 MiB of physical memory.
[ citizen-server-impl] Asset eup-stream/mp_m_freemode_01^lowr_diff_013_i_whi.ytd uses 32.0 MiB of physical memory.
[ citizen-server-impl] [0mAsset eup-stream/mp_m_freemode_01^lowr_diff_013_j_whi.ytd uses 32.0 MiB of physical memory.
[ citizen-server-impl] Started resource eup-stream
[ citizen-server-impl] Started resource eup-ui
[    c-scripting-core] [0mCreating script environments for oxmysql
[ citizen-server-impl] Started resource oxmysql
[    c-scripting-core] Creating script environments for ox_lib
[ citizen-server-impl] Started resource ox_lib
[    c-resources-core] Could not find dependency qtarget for resource ox_doorlock.
[ citizen-server-impl] Couldn't start resource ox_doorlock.
[    c-scripting-core] Creating script environments for ox_inventory
[ citizen-server-impl] Started resource ox_inventory
[ citizen-server-impl] Started resource esx_animations
[    c-scripting-core] [0mCreating script environments for esx_addonaccount
[ citizen-server-impl] Started resource esx_addonaccount
[ citizen-server-impl] Started resource skinchanger
[    c-scripting-core] [0mCreating script environments for esx_skin
[ citizen-server-impl] Started resource esx_skin
[    c-scripting-core] Creating script environments for esx_datastore
[ citizen-server-impl] Started resource esx_datastore
[    c-scripting-core] Creating script environments for esx_accessories
[ citizen-server-impl] Started resource esx_accessories
[    c-scripting-core] Creating script environments for esx_vehicleshop
[ citizen-server-impl] Started resource esx_vehicleshop
[    c-scripting-core] [0mCreating script environments for esx_ambulancejob
[ citizen-server-impl] Started resource esx_ambulancejob
[    c-scripting-core] [0mCreating script environments for esx_allowlist
[ citizen-server-impl] Started resource esx_allowlist
[    c-scripting-core] Creating script environments for esx_status
[ citizen-server-impl] Started resource esx_status
[38;5;161m[    c-scripting-core] Creating script environments for esx_basicneeds
[ citizen-server-impl] Started resource esx_basicneeds
[    c-scripting-core] [0mCreating script environments for esx_barbershop
[ citizen-server-impl] Started resource esx_barbershop
[    c-scripting-core] Creating script environments for esx_banking
[ citizen-server-impl] Started resource esx_banking
[    c-scripting-core] Creating script environments for esx_billing
[ citizen-server-impl] Started resource esx_billing
[    c-scripting-core] Creating script environments for esx_clotheshop
[ citizen-server-impl] Started resource esx_clotheshop
[    c-scripting-core] [0mCreating script environments for esx_identity
[ citizen-server-impl] Started resource esx_identity
[    c-scripting-core] [0mCreating script environments for esx_garage
[ citizen-server-impl] Started resource esx_garage
[    c-scripting-core] [0mCreating script environments for esx_joblisting
[ citizen-server-impl] Started resource esx_joblisting
[    c-scripting-core] Creating script environments for esx_jobs
[ citizen-server-impl] [0mStarted resource esx_jobs
[    c-scripting-core] Creating script environments for esx_ktackle
[ citizen-server-impl] Started resource esx_ktackle
[    c-scripting-core] [0mCreating script environments for esx_license
[ citizen-server-impl] Started resource esx_license
[    c-scripting-core] [0mCreating script environments for esx_lscustom
[ citizen-server-impl] Started resource esx_lscustom
[    c-scripting-core] Creating script environments for esx_mining
[ citizen-server-impl] Started resource esx_mining
[ citizen-server-impl] Started resource esx_menu_default
[ citizen-server-impl] Started resource esx_menu_list
[ citizen-server-impl] Started resource esx_menu_dialog
[    c-scripting-core] Creating script environments for esx_society
[ citizen-server-impl] Started resource esx_society
[    c-scripting-core] Creating script environments for esx_mechanicjob
[ citizen-server-impl] Started resource esx_mechanicjob
[    c-scripting-core] Creating script environments for esx_multicharacter
[ citizen-server-impl] Started resource esx_multicharacter
[    c-scripting-core] Creating script environments for esx_notify
[ citizen-server-impl] Started resource esx_notify
[    c-scripting-core] Creating script environments for esx_PawnShop
[ citizen-server-impl] Started resource esx_PawnShop
[    c-scripting-core] Creating script environments for esx_phone
[ citizen-server-impl] Started resource esx_phone
[    c-scripting-core] Creating script environments for esx_policejob
[ citizen-server-impl] Started resource esx_policejob
[    c-scripting-core] Creating script environments for esx_robcashregister
[ citizen-server-impl] Started resource esx_robcashregister
[    c-scripting-core] Creating script environments for esx_service
[ citizen-server-impl] Started resource esx_service
[    c-scripting-core] Creating script environments for esx_textui
[ citizen-server-impl] Started resource esx_textui
[    c-scripting-core] Creating script environments for NoCarJack
[ citizen-server-impl] Started resource NoCarJack
[    c-scripting-core] Creating script environments for TakeHostage
[ citizen-server-impl] Started resource TakeHostage
[    c-scripting-core] [0mCreating script environments for CarryPeople
[ citizen-server-impl] Started resource CarryPeople
[    c-scripting-core] Creating script environments for pma-voice
[ citizen-server-impl] Started resource pma-voice
[    c-scripting-core] Creating script environments for screenshot-basic
[ citizen-server-impl] Started resource screenshot-basic
[ citizen-server-impl] Started resource dc_loadingscreen
[ citizen-server-impl] Started resource no_map
[ citizen-server-impl] Started resource point_finger
[ citizen-server-impl] Started resource handsup
[ citizen-server-impl] Started resource dc_ads
[    c-scripting-core] Creating script environments for trew_hud_ui
[ citizen-server-impl] Started resource trew_hud_ui
[    c-scripting-core] Creating script environments for core_crafting
[ citizen-server-impl] Started resource core_crafting
[ citizen-server-impl] Started resource mythic_notify
[ citizen-server-impl] Started resource mythic_progbar
[    c-scripting-core] Creating script environments for interact-sound
[ citizen-server-impl] Started resource interact-sound
[ citizen-server-impl] Started resource removeAllAi
[ citizen-server-impl] Started resource progressBars
[    c-scripting-core] Creating script environments for t1ger_keys
[ citizen-server-impl] Started resource t1ger_keys
[    c-scripting-core] Creating script environments for police-alerts
[ citizen-server-impl] Started resource police-alerts
[ citizen-server-impl] Started resource nohelmet
[    c-scripting-core] Creating script environments for LegacyFuel
[ citizen-server-impl] Started resource LegacyFuel
[ citizen-server-impl] Started resource SeatShuffle
[ citizen-server-impl] Started resource holsterweapon
[  script:mysql-async] [mysql-async] [SUCCESS] Database server connection established.
[      script:monitor] [txAdminClient] Threads and commands set up. All Ready.
[      script:oxmysql] Database server connection established!
[      script:oxmysql] [DEBUG] esx_addonaccount took 15.0775ms to execute a query!
[      script:oxmysql]     SELECT * FROM addon_account LEFT JOIN addon_account_data ON addon_account.name = addon_account_data.account_name UNION SELECT * FROM addon_account RIGHT JOIN addon_account_data ON addon_account.name = addon_account_data.account_name []
[      script:oxmysql] [DEBUG] esx_society took 5.8864ms to execute a query!
[      script:oxmysql]     SELECT * FROM jobs []
[      script:oxmysql] [DEBUG] es_extended took 2.0975ms to execute a query!
[      script:oxmysql]     SELECT * FROM jobs [][97m
[      script:oxmysql] [DEBUG] ox_inventory took 4.9705ms to execute a query!
[      script:oxmysql]     SELECT * FROM items []
[      script:oxmysql] [97m[DEBUG] ox_inventory took 5.7694ms to execute a query!
[      script:oxmysql]     SELECT owner, name FROM ox_inventory WHERE NOT owner = '' []
[ script:ox_inventory] Remove 'setup/dbcleanup.lua' from fxmanifest.lua
[      script:oxmysql] [DEBUG] esx_society took 6.3393ms to execute a query!
[      script:oxmysql]     SELECT * FROM job_grades []
[  script:esx_society] SCRIPT ERROR: @esx_society/server/main.lua:24: attempt to index a nil value (field '?')
[  script:esx_society] > handler (@esx_society/server/main.lua:24)
[  script:esx_society] > <unknown> (@oxmysql/dist/build.js:21745)
[  script:esx_society] > processTicksAndRejections (node:internal/process/task_queues:96)
[  script:esx_society] > async rawQuery (@oxmysql/dist/build.js:21735)
[      script:oxmysql] [DEBUG] es_extended took 11.2231ms to execute a query!
[      script:oxmysql]     SELECT * FROM job_grades []
[  script:es_extended] [WARNING] Ignoring job grades for "cardealer" due to missing job
[  script:es_extended] [WARNING] Ignoring job grades for "cardealer" due to missing job
[  script:es_extended] [WARNING] Ignoring job grades for "cardealer" due to missing job
[  script:es_extended] [WARNING] Ignoring job grades for "cardealer" due to missing job
[  script:es_extended] [WARNING] Ignoring job grades for "lumberjack" due to missing job
[  script:es_extended] [WARNING] Ignoring job grades for "fisherman" due to missing job
[  script:es_extended] [WARNING] Ignoring job grades for "fueler" due to missing job
[  script:es_extended] [WARNING] Ignoring job grades for "reporter" due to missing job
[  script:es_extended] [WARNING] Ignoring job grades for "tailor" due to missing job
[  script:es_extended] [WARNING] Ignoring job grades for "banker" due to missing job
[  script:es_extended] [WARNING] Ignoring job grades for "banker" due to missing job
[  script:es_extended] [WARNING] Ignoring job grades for "banker" due to missing job
[  script:es_extended] [WARNING] Ignoring job grades for "banker" due to missing job
[  script:es_extended] [WARNING] Ignoring job grades for "banker" due to missing job
[  script:es_extended] [INFO] ESX Legacy initialized
[      script:oxmysql] [DEBUG] ox_inventory took 11.9411ms to execute a query!
[      script:oxmysql]     DELETE FROM ox_inventory WHERE lastupdated < (NOW() - INTERVAL 6 MONTH) OR data = "[]" []
[      script:oxmysql] [DEBUG] esx_multicharacter took 17.3639ms to execute a query!
[      script:oxmysql]     SELECT TABLE_NAME, COLUMN_NAME, CHARACTER_MAXIMUM_LENGTH FROM INFORMATION_SCHEMA.COLUMNS WHERE TABLE_SCHEMA = "essentialmode" AND DATA_TYPE = "varchar" AND COLUMN_NAME IN (?) [["identifier","owner"]]
[      script:oxmysql] There is an update available for oxmysql - please update to the latest release (current version: 2.3.4)
[      script:oxmysql] https://github.com/overextended/oxmysql/releases/tag/v2.4.0
[ citizen-server-impl]         fff                          
[ citizen-server-impl]   cccc ff   xx  xx     rr rr    eee  
[ citizen-server-impl] cc     ffff   xx       rrr  r ee   e 
[ citizen-server-impl] cc     ff     xx   ... rr     eeeee  
[ citizen-server-impl]  ccccc ff   xx  xx ... rr      eeeee 
[ citizen-server-impl]                                      
[ citizen-server-impl] Authenticated with cfx.re Nucleus: https://tristen-rodriguez-xpdqrr.users.cfx.re/
[       script:ox_lib] An update is available for ox_inventory (current version: 2.10.0)
[       script:ox_lib] https://github.com/overextended/ox_inventory/releases/tag/v2.10.3
[ citizen-server-impl] server thread hitch warning: timer interval of 350 milliseconds
[ script:ox_inventory] [info][0m Inventory has loaded 162 items
[ citizen-server-impl] server thread hitch warning: timer interval of 743 milliseconds
[      script:hardcap] Connecting: trist
[      script:oxmysql] [DEBUG] esx_multicharacter took 6.7646ms to execute a query!
[      script:oxmysql]     SELECT slots FROM multicharacter_slots WHERE identifier = ? ["628dc61d93a30424ed1d0dfd1349167666993687"]
[      script:oxmysql] [DEBUG] esx_multicharacter took 5.6043ms to execute a query!
[      script:oxmysql]     SELECT identifier, accounts, job, job_grade, firstname, lastname, dateofbirth, sex, skin, disabled FROM users WHERE identifier LIKE ? LIMIT ? ["char%:628dc61d93a30424ed1d0dfd1349167666993687",4]
[      script:oxmysql] [DEBUG] es_extended took 3.809ms to execute a query!
[      script:oxmysql]     SELECT `accounts`, `job`, `job_grade`, `group`, `position`, `inventory`, `skin`, `loadout`, `firstname`, `lastname`, `dateofbirth`, `sex`, `height` FROM `users` WHERE identifier = ? ["char1:628dc61d93a30424ed1d0dfd1349167666993687"]
[                 cmd] Access denied for command add_principal.
[  script:es_extended] [INFO] Player "Tommy Vendetti" has connected to the server. ID: 1
[      script:oxmysql] [93m[DEBUG] esx_phone took 0.6616ms to execute a query!
[      script:oxmysql]     SELECT phone_number FROM users WHERE identifier = ? ["char1:628dc61d93a30424ed1d0dfd1349167666993687"]
[      script:oxmysql] [DEBUG] esx_status took 1.3555ms to execute a query!
[      script:oxmysql]     SELECT status FROM users WHERE identifier = ? ["char1:628dc61d93a30424ed1d0dfd1349167666993687"]
[      script:oxmysql] [DEBUG] esx_lscustom took 4.7127ms to execute a query!
[      script:oxmysql]     SELECT model, price FROM vehicles []
[      script:oxmysql] [DEBUG] esx_phone took 9.4623ms to execute a query!
[38;5;42m[      script:oxmysql]     SELECT COUNT(*) as count FROM users WHERE phone_number = ? [88219]
[      script:oxmysql] [0m[97m[DEBUG] esx_phone took 5.7591ms to execute a query!
[38;5;42m[      script:oxmysql]     SELECT * FROM user_contacts WHERE identifier = ? ORDER BY name ASC ["char1:628dc61d93a30424ed1d0dfd1349167666993687"]
[      script:oxmysql] [DEBUG] esx_phone took 11.5105ms to execute a query!
[      script:oxmysql]     UPDATE users SET phone_number = ? WHERE identifier = ? [88219,"char1:628dc61d93a30424ed1d0dfd1349167666993687"]
[      script:oxmysql] [DEBUG] esx_ambulancejob took 1.1705ms to execute a query!
[      script:oxmysql]     SELECT is_dead FROM users WHERE identifier = ? ["char1:628dc61d93a30424ed1d0dfd1349167666993687"]
[      script:oxmysql] [DEBUG] esx_skin took 0.824ms to execute a query!
[      script:oxmysql]     SELECT skin FROM users WHERE identifier = ? ["char1:628dc61d93a30424ed1d0dfd1349167666993687"]
[      script:oxmysql] [93m[DEBUG] esx_ambulancejob took 4.0491ms to execute a query!
[      script:oxmysql]     UPDATE users SET is_dead = ? WHERE identifier = ? [true,"char1:628dc61d93a30424ed1d0dfd1349167666993687"]
[      script:oxmysql] [DEBUG] esx_ambulancejob took 3.747ms to execute a query!
[38;5;42m[      script:oxmysql]     UPDATE users SET is_dead = ? WHERE identifier = ? [false,"char1:628dc61d93a30424ed1d0dfd1349167666993687"]
[  script:es_extended] Coords - Vector3: vec3(2952.975830, 2741.644043, 43.787598)
[  script:es_extended] Coords - Vector4: vec4(2952.975830, 2741.644043, 43.787598, 0.000000)
[ script:ox_inventory] [0mSCRIPT ERROR: @ox_inventory/modules/inventory/server.lua:1363: attempt to perform arithmetic on a nil value (field '?')
[ script:ox_inventory] > callback (@ox_inventory/modules/inventory/server.lua:1363)
[ script:ox_inventory] > fn (@ox_lib/init.lua:108)
[      script:oxmysql] [DEBUG] esx_status took 9.0608ms to execute a query!
[      script:oxmysql]     UPDATE users SET status = ? WHERE identifier = ? ["[{\"percent\":91.25,\"name\":\"hunger\",\"val\":912500},{\"percent\":82.7325,\"name\":\"thirst\",\"val\":827325}]","char1:628dc61d93a30424ed1d0dfd1349167666993687"]
[      script:oxmysql] [DEBUG] es_extended took 5.1342ms to execute a query!
[      script:oxmysql]     UPDATE `users` SET `accounts` = ?, `job` = ?, `job_grade` = ?, `group` = ?, `position` = ?, `inventory` = ?, `loadout` = ? WHERE `identifier` = ? ["{\"bank\":7850,\"black_money\":0,\"money\":1000000}","miner",0,"admin","{\"z\":43.8,\"heading\":90.1,\"x\":2953.1,\"y\":2741.7}","[{\"slot\":1,\"count\":97,\"name\":\"burger\"},{\"slot\":2,\"count\":1000000,\"name\":\"money\"},{\"slot\":3,\"count\":98,\"name\":\"water\"}]","[]","char1:628dc61d93a30424ed1d0dfd1349167666993687"]
[  script:es_extended] [INFO] Saved 1 player over 0.0 ms
> txaReportResources
[      script:monitor] [txAdminClient] Sending resources list to txAdmin.
> ensure "esx_jobs"
[ citizen-server-impl] Stopping resource esx_jobs
[    c-scripting-core] Creating script environments for esx_jobs
[ citizen-server-impl] Started resource esx_jobs
> txaReportResources
[      script:monitor] [0m[txAdminClient] Sending resources list to txAdmin.
[38;5;42m[      script:oxmysql] [DEBUG] esx_skin took 4.6618ms to execute a query!
[      script:oxmysql]     SELECT skin FROM users WHERE identifier = ? ["char1:628dc61d93a30424ed1d0dfd1349167666993687"]
[     script:esx_jobs] SCRIPT ERROR: @esx_jobs/server/main.lua:28: attempt to index a nil value
[      script:oxmysql] [DEBUG] esx_skin took 3.4518ms to execute a query!
[      script:oxmysql]     SELECT skin FROM users WHERE identifier = ? ["char1:628dc61d93a30424ed1d0dfd1349167666993687"]
[      script:oxmysql] [DEBUG] esx_skin took 0.7602ms to execute a query!
[      script:oxmysql]     SELECT skin FROM users WHERE identifier = ? ["char1:628dc61d93a30424ed1d0dfd1349167666993687"]
> quit "Server restarting (Tristen_Rodriguez)."
[ citizen-server-main] -> Quitting: Server restarting (Tristen_Rodriguez).
[      script:oxmysql] [DEBUG] esx_status took 5.3083ms to execute a query!
[      script:oxmysql]     UPDATE users SET status = ? WHERE identifier = ? ["[{\"percent\":98.58,\"name\":\"hunger\",\"val\":985800},{\"percent\":78.27,\"name\":\"thirst\",\"val\":782700}]","char1:628dc61d93a30424ed1d0dfd1349167666993687"]
[38;5;42m[      script:oxmysql] [DEBUG] es_extended took 7.0288ms to execute a query!
[      script:oxmysql]     UPDATE `users` SET `accounts` = ?, `job` = ?, `job_grade` = ?, `group` = ?, `position` = ?, `inventory` = ?, `loadout` = ? WHERE `identifier` = ? ["{\"bank\":7850,\"black_money\":0,\"money\":1000000}","miner",0,"admin","{\"z\":44.2,\"heading\":230.6,\"x\":2954.6,\"y\":2736.9}","[{\"slot\":2,\"count\":1000000,\"name\":\"money\"}]","[]","char1:628dc61d93a30424ed1d0dfd1349167666993687"]
[  script:es_extended] [INFO] Saved player "Tommy Vendetti"

================================================================
======== FXServer Starting - 8/11/2022, 9:03:00 PM              
================================================================
[    c-scripting-core] Creating script environments for _cfx_internal
[ citizen-server-impl] Scanning resources.
[ citizen-server-impl] Found 97 resources.
[38;5;73m[ citizen-server-impl] Some resources have an outdated resource manifest:
[ citizen-server-impl]     - SeatShuffle
[ citizen-server-impl] [0m    - dc_ads
[ citizen-server-impl]     - handsup
[ citizen-server-impl]     - nohelmet
[ citizen-server-impl]     - progressBars
[ citizen-server-impl] 
[ citizen-server-impl] Please update these resources.
[          svadhesive] Authenticating server license key...
[          svadhesive] [0mServer license key authentication succeeded. Welcome!
[    c-scripting-core] Creating script environments for sessionmanager
[ citizen-server-impl] Started resource sessionmanager
[    c-scripting-core] Creating script environments for monitor
[      script:monitor] [txAdminClient] Version 4.14.0 starting...
[ citizen-server-impl] Started resource monitor
[              cmdsys] No such command Config.Multichar.
[    c-scripting-core] Creating script environments for yarn
[ citizen-server-impl] Started resource yarn
[    c-scripting-core] Creating script environments for webpack
[ citizen-server-impl] Started resource webpack
[    c-scripting-core] [97mCreating script environments for chat
[ citizen-server-impl] Started resource chat
[    c-scripting-core] Creating script environments for cron
[ citizen-server-impl] Started resource cron
[    c-scripting-core] Creating script environments for mapmanager
[ citizen-server-impl] Started resource mapmanager
[    c-scripting-core] Creating script environments for hardcap
[ citizen-server-impl] Started resource hardcap
[    c-scripting-core] Creating script environments for rconlog
[ citizen-server-impl] Started resource rconlog
[    c-scripting-core] Creating script environments for mysql-async
[38;5;73m[ citizen-server-impl] Started resource mysql-async
[    c-scripting-core] Creating script environments for mysql
[ citizen-server-impl] Started resource mysql
[ citizen-server-impl] Started resource spawnmanager
[    c-scripting-core] Creating script environments for es_extended
[ citizen-server-impl] Started resource es_extended
[    c-scripting-core] Creating script environments for async
[ citizen-server-impl] Started resource async
[ citizen-server-impl] Asset eup-stream/mp_f_freemode_01^jbib_002_u.ydd uses 24.0 MiB of physical memory.
[ citizen-server-impl] Asset eup-stream/mp_f_freemode_01^jbib_004_u.ydd uses 24.0 MiB of physical memory.
[ citizen-server-impl] Asset eup-stream/mp_f_freemode_01^jbib_097_u.ydd uses 24.0 MiB of physical memory.
[ citizen-server-impl] [0mAsset eup-stream/mp_m_freemode_01^hair_005_u.ydd uses 24.0 MiB of virtual memory.
[ citizen-server-impl] Asset eup-stream/mp_m_freemode_01^head_diff_052_a_uni.ytd uses 32.0 MiB of physical memory.
[ citizen-server-impl] Asset eup-stream/mp_m_freemode_01^head_diff_053_b_uni.ytd uses 32.0 MiB of physical memory.
[ citizen-server-impl] [0mAsset eup-stream/mp_m_freemode_01^head_diff_056_a_uni.ytd uses 32.0 MiB of physical memory.
[ citizen-server-impl] Asset eup-stream/mp_m_freemode_01^head_diff_060_a_uni.ytd uses 32.0 MiB of physical memory.
[38;5;73m[ citizen-server-impl] Asset eup-stream/mp_m_freemode_01^head_diff_061_a_uni.ytd uses 32.0 MiB of physical memory.
[ citizen-server-impl] Asset eup-stream/mp_m_freemode_01^jbib_diff_011_a_uni.ytd uses 32.0 MiB of physical memory.
[ citizen-server-impl] Asset eup-stream/mp_m_freemode_01^jbib_diff_011_e_uni.ytd uses 64.0 MiB of physical memory. Oversized assets can and WILL lead to streaming issues (models not loading/rendering, commonly known as 'texture loss', 'city bug' or 'streaming isn't great').
[ citizen-server-impl] Asset eup-stream/mp_m_freemode_01^jbib_diff_012_c_uni.ytd uses 32.0 MiB of physical memory.
[ citizen-server-impl] Asset eup-stream/mp_m_freemode_01^jbib_diff_012_d_uni.ytd uses 32.0 MiB of physical memory.
[ citizen-server-impl] Asset eup-stream/mp_m_freemode_01^jbib_diff_012_g_uni.ytd uses 32.0 MiB of physical memory.[0m
[38;5;73m[ citizen-server-impl] Asset eup-stream/mp_m_freemode_01^jbib_diff_012_k_uni.ytd uses 32.0 MiB of physical memory.
[ citizen-server-impl] Asset eup-stream/mp_m_freemode_01^jbib_diff_012_m_uni.ytd uses 32.0 MiB of physical memory.
[38;5;73m[ citizen-server-impl] Asset eup-stream/mp_m_freemode_01^jbib_diff_012_n_uni.ytd uses 32.0 MiB of physical memory.
[ citizen-server-impl] Asset eup-stream/mp_m_freemode_01^jbib_diff_013_k_uni.ytd uses 32.0 MiB of physical memory.
[ citizen-server-impl] Asset eup-stream/mp_m_freemode_01^jbib_diff_013_l_uni.ytd uses 32.0 MiB of physical memory.
[ citizen-server-impl] [0mAsset eup-stream/mp_m_freemode_01^lowr_diff_001_k_whi.ytd uses 32.0 MiB of physical memory.
[38;5;73m[ citizen-server-impl] Asset eup-stream/mp_m_freemode_01^lowr_diff_001_l_whi.ytd uses 32.0 MiB of physical memory.
[ citizen-server-impl] Asset eup-stream/mp_m_freemode_01^lowr_diff_001_n_whi.ytd uses 32.0 MiB of physical memory.
[ citizen-server-impl] Asset eup-stream/mp_m_freemode_01^lowr_diff_001_p_whi.ytd uses 32.0 MiB of physical memory.
[ citizen-server-impl] [0mAsset eup-stream/mp_m_freemode_01^lowr_diff_003_n_whi.ytd uses 32.0 MiB of physical memory.
[ citizen-server-impl] Asset eup-stream/mp_m_freemode_01^lowr_diff_003_p_whi.ytd uses 32.0 MiB of physical memory.
[ citizen-server-impl] Asset eup-stream/mp_m_freemode_01^lowr_diff_004_c_whi.ytd uses 32.0 MiB of physical memory.
[ citizen-server-impl] [0mAsset eup-stream/mp_m_freemode_01^lowr_diff_010_a_whi.ytd uses 32.0 MiB of physical memory.
[38;5;73m[ citizen-server-impl] Asset eup-stream/mp_m_freemode_01^lowr_diff_010_b_whi.ytd uses 32.0 MiB of physical memory.
[ citizen-server-impl] Asset eup-stream/mp_m_freemode_01^lowr_diff_010_d_whi.ytd uses 32.0 MiB of physical memory.
[ citizen-server-impl] [94mAsset eup-stream/mp_m_freemode_01^lowr_diff_011_b_whi.ytd uses 32.0 MiB of physical memory.
[38;5;73m[ citizen-server-impl] Asset eup-stream/mp_m_freemode_01^lowr_diff_011_c_whi.ytd uses 32.0 MiB of physical memory.
[ citizen-server-impl] Asset eup-stream/mp_m_freemode_01^lowr_diff_011_d_whi.ytd uses 32.0 MiB of physical memory.
[ citizen-server-impl] Asset eup-stream/mp_m_freemode_01^lowr_diff_011_e_whi.ytd uses 32.0 MiB of physical memory.
[ citizen-server-impl] Asset eup-stream/mp_m_freemode_01^lowr_diff_011_f_whi.ytd uses 32.0 MiB of physical memory.
[ citizen-server-impl] Asset eup-stream/mp_m_freemode_01^lowr_diff_011_g_whi.ytd uses 32.0 MiB of physical memory.
[ citizen-server-impl] Asset eup-stream/mp_m_freemode_01^lowr_diff_011_h_whi.ytd uses 32.0 MiB of physical memory.
[ citizen-server-impl] Asset eup-stream/mp_m_freemode_01^lowr_diff_011_i_whi.ytd uses 32.0 MiB of physical memory.
[ citizen-server-impl] Asset eup-stream/mp_m_freemode_01^lowr_diff_013_a_whi.ytd uses 32.0 MiB of physical memory.
[ citizen-server-impl] Asset eup-stream/mp_m_freemode_01^lowr_diff_013_b_whi.ytd uses 32.0 MiB of physical memory.
[ citizen-server-impl] Asset eup-stream/mp_m_freemode_01^lowr_diff_013_i_whi.ytd uses 32.0 MiB of physical memory.
[38;5;73m[ citizen-server-impl] Asset eup-stream/mp_m_freemode_01^lowr_diff_013_j_whi.ytd uses 32.0 MiB of physical memory.
[ citizen-server-impl] Started resource eup-stream
[ citizen-server-impl] Started resource eup-ui
[    c-scripting-core] Creating script environments for oxmysql
[ citizen-server-impl] Started resource oxmysql
[    c-scripting-core] Creating script environments for ox_lib
[ citizen-server-impl] Started resource ox_lib
[38;5;163m[    c-resources-core] Could not find dependency qtarget for resource ox_doorlock.
[ citizen-server-impl] Couldn't start resource ox_doorlock.
[    c-scripting-core] Creating script environments for ox_inventory
[ citizen-server-impl] Started resource ox_inventory
[ citizen-server-impl] Started resource esx_animations
[    c-scripting-core] Creating script environments for esx_addonaccount
[ citizen-server-impl] Started resource esx_addonaccount
[38;5;73m[ citizen-server-impl] Started resource skinchanger
[    c-scripting-core] Creating script environments for esx_skin
[ citizen-server-impl] Started resource esx_skin
[    c-scripting-core] Creating script environments for esx_datastore
[ citizen-server-impl] Started resource esx_datastore
[    c-scripting-core] Creating script environments for esx_accessories
[ citizen-server-impl] [0mStarted resource esx_accessories
[    c-scripting-core] [0mCreating script environments for esx_vehicleshop
[ citizen-server-impl] Started resource esx_vehicleshop
[    c-scripting-core] Creating script environments for esx_ambulancejob
[ citizen-server-impl] Started resource esx_ambulancejob
[    c-scripting-core] Creating script environments for esx_allowlist
[ citizen-server-impl] Started resource esx_allowlist
[    c-scripting-core] Creating script environments for esx_status
[ citizen-server-impl] Started resource esx_status
[    c-scripting-core] Creating script environments for esx_basicneeds
[ citizen-server-impl] Started resource esx_basicneeds
[    c-scripting-core] Creating script environments for esx_barbershop
[ citizen-server-impl] Started resource esx_barbershop
[    c-scripting-core] Creating script environments for esx_banking
[ citizen-server-impl] [0mStarted resource esx_banking
[    c-scripting-core] Creating script environments for esx_billing
[ citizen-server-impl] Started resource esx_billing
[    c-scripting-core] Creating script environments for esx_clotheshop
[ citizen-server-impl] [0mStarted resource esx_clotheshop
[    c-scripting-core] Creating script environments for esx_identity
[ citizen-server-impl] Started resource esx_identity
[    c-scripting-core] Creating script environments for esx_garage
[ citizen-server-impl] Started resource esx_garage
[    c-scripting-core] Creating script environments for esx_joblisting
[ citizen-server-impl] Started resource esx_joblisting
[    c-scripting-core] Creating script environments for esx_jobs
[38;5;73m[ citizen-server-impl] Started resource esx_jobs
[    c-scripting-core] [0mCreating script environments for esx_ktackle
[ citizen-server-impl] [0mStarted resource esx_ktackle
[    c-scripting-core] Creating script environments for esx_license
[ citizen-server-impl] Started resource esx_license
[    c-scripting-core] [0mCreating script environments for esx_lscustom
[38;5;73m[ citizen-server-impl] Started resource esx_lscustom
[    c-scripting-core] Creating script environments for esx_mining
[ citizen-server-impl] [0mStarted resource esx_mining
[ citizen-server-impl] Started resource esx_menu_default
[ citizen-server-impl] [0mStarted resource esx_menu_list
[ citizen-server-impl] Started resource esx_menu_dialog
[    c-scripting-core] Creating script environments for esx_society
[ citizen-server-impl] Started resource esx_society
[    c-scripting-core] Creating script environments for esx_mechanicjob
[ citizen-server-impl] Started resource esx_mechanicjob
[    c-scripting-core] Creating script environments for esx_multicharacter
[ citizen-server-impl] [0mStarted resource esx_multicharacter
[    c-scripting-core] Creating script environments for esx_notify
[ citizen-server-impl] Started resource esx_notify
[    c-scripting-core] Creating script environments for esx_PawnShop
[ citizen-server-impl] Started resource esx_PawnShop
[    c-scripting-core] Creating script environments for esx_phone
[ citizen-server-impl] Started resource esx_phone
[    c-scripting-core] Creating script environments for esx_policejob
[ citizen-server-impl] Started resource esx_policejob
[    c-scripting-core] Creating script environments for esx_robcashregister
[ citizen-server-impl] Started resource esx_robcashregister
[    c-scripting-core] Creating script environments for esx_service
[ citizen-server-impl] Started resource esx_service
[    c-scripting-core] Creating script environments for esx_textui
[ citizen-server-impl] Started resource esx_textui
[    c-scripting-core] Creating script environments for NoCarJack
[ citizen-server-impl] Started resource NoCarJack
[    c-scripting-core] Creating script environments for TakeHostage
[ citizen-server-impl] Started resource TakeHostage
[    c-scripting-core] Creating script environments for CarryPeople
[ citizen-server-impl] Started resource CarryPeople
[    c-scripting-core] Creating script environments for pma-voice
[ citizen-server-impl] Started resource pma-voice
[    c-scripting-core] [0mCreating script environments for screenshot-basic
[ citizen-server-impl] [0mStarted resource screenshot-basic
[ citizen-server-impl] Started resource dc_loadingscreen
[ citizen-server-impl] [0mStarted resource no_map
[ citizen-server-impl] Started resource point_finger
[ citizen-server-impl] Started resource handsup
[ citizen-server-impl] Started resource dc_ads
[    c-scripting-core] Creating script environments for trew_hud_ui
[ citizen-server-impl] Started resource trew_hud_ui
[    c-scripting-core] Creating script environments for core_crafting
[ citizen-server-impl] Started resource core_crafting
[ citizen-server-impl] Started resource mythic_notify
[ citizen-server-impl] Started resource mythic_progbar
[    c-scripting-core] Creating script environments for interact-sound
[ citizen-server-impl] Started resource interact-sound
[ citizen-server-impl] Started resource removeAllAi
[ citizen-server-impl] Started resource progressBars
[    c-scripting-core] Creating script environments for t1ger_keys
[ citizen-server-impl] Started resource t1ger_keys
[    c-scripting-core] Creating script environments for police-alerts
[ citizen-server-impl] Started resource police-alerts
[ citizen-server-impl] Started resource nohelmet
[    c-scripting-core] [0mCreating script environments for LegacyFuel
[ citizen-server-impl] Started resource LegacyFuel
[ citizen-server-impl] Started resource SeatShuffle
[ citizen-server-impl] Started resource holsterweapon
[  script:mysql-async] [mysql-async] [SUCCESS] Database server connection established.
[      script:monitor] [txAdminClient] Threads and commands set up. All Ready.
[      script:oxmysql] Database server connection established!
[      script:oxmysql] [DEBUG] esx_addonaccount took 7.2872ms to execute a query!
[      script:oxmysql]     SELECT * FROM addon_account LEFT JOIN addon_account_data ON addon_account.name = addon_account_data.account_name UNION SELECT * FROM addon_account RIGHT JOIN addon_account_data ON addon_account.name = addon_account_data.account_name []
[      script:oxmysql] [93m[DEBUG] es_extended took 1.6482ms to execute a query!
[      script:oxmysql]     SELECT * FROM jobs []
[      script:oxmysql] [DEBUG] ox_inventory took 4.5811ms to execute a query!
[      script:oxmysql]     SELECT * FROM items []
[      script:oxmysql] [DEBUG] esx_society took 5.446ms to execute a query!
[      script:oxmysql]     SELECT * FROM jobs []
[      script:oxmysql] [97m[DEBUG] ox_inventory took 6.9032ms to execute a query!
[      script:oxmysql]     SELECT owner, name FROM ox_inventory WHERE NOT owner = '' []
[ script:ox_inventory] Remove 'setup/dbcleanup.lua' from fxmanifest.lua
[      script:oxmysql] [DEBUG] es_extended took 6.0461ms to execute a query!
[      script:oxmysql]     SELECT * FROM job_grades []
[  script:es_extended] [WARNING] Ignoring job grades for "cardealer" due to missing job
[  script:es_extended] [WARNING] Ignoring job grades for "cardealer" due to missing job
[  script:es_extended] [WARNING] Ignoring job grades for "cardealer" due to missing job
[  script:es_extended] [WARNING] Ignoring job grades for "cardealer" due to missing job
[  script:es_extended] [WARNING] Ignoring job grades for "lumberjack" due to missing job
[  script:es_extended] [WARNING] Ignoring job grades for "fisherman" due to missing job
[  script:es_extended] [WARNING] Ignoring job grades for "fueler" due to missing job
[  script:es_extended] [WARNING] Ignoring job grades for "reporter" due to missing job
[  script:es_extended] [WARNING] Ignoring job grades for "tailor" due to missing job
[  script:es_extended] [WARNING] Ignoring job grades for "banker" due to missing job
[  script:es_extended] [WARNING] Ignoring job grades for "banker" due to missing job
[  script:es_extended] [WARNING] Ignoring job grades for "banker" due to missing job
[  script:es_extended] [WARNING] Ignoring job grades for "banker" due to missing job
[  script:es_extended] [WARNING] Ignoring job grades for "banker" due to missing job
[  script:es_extended] [INFO] ESX Legacy initialized
[      script:oxmysql] [DEBUG] ox_inventory took 7.4453ms to execute a query!
[      script:oxmysql]     DELETE FROM ox_inventory WHERE lastupdated < (NOW() - INTERVAL 6 MONTH) OR data = "[]" []
[      script:oxmysql] [DEBUG] esx_multicharacter took 11.8357ms to execute a query!
[      script:oxmysql]     SELECT TABLE_NAME, COLUMN_NAME, CHARACTER_MAXIMUM_LENGTH FROM INFORMATION_SCHEMA.COLUMNS WHERE TABLE_SCHEMA = "essentialmode" AND DATA_TYPE = "varchar" AND COLUMN_NAME IN (?) [["identifier","owner"]]
[      script:oxmysql] [DEBUG] esx_society took 8.9558ms to execute a query!
[      script:oxmysql]     SELECT * FROM job_grades []
[  script:esx_society] SCRIPT ERROR: @esx_society/server/main.lua:24: attempt to index a nil value (field '?')
[  script:esx_society] > handler (@esx_society/server/main.lua:24)
[  script:esx_society] > <unknown> (@oxmysql/dist/build.js:21745)
[  script:esx_society] > processTicksAndRejections (node:internal/process/task_queues:96)
[  script:esx_society] > async rawQuery (@oxmysql/dist/build.js:21735)
[      script:oxmysql] There is an update available for oxmysql - please update to the latest release (current version: 2.3.4)
[      script:oxmysql] https://github.com/overextended/oxmysql/releases/tag/v2.4.0
[ citizen-server-impl]         fff                          
[ citizen-server-impl]   cccc ff   xx  xx     rr rr    eee  
[ citizen-server-impl] cc     ffff   xx       rrr  r ee   e 
[ citizen-server-impl] cc     ff     xx   ... rr     eeeee  
[ citizen-server-impl]  ccccc ff   xx  xx ... rr      eeeee 
[ citizen-server-impl]                                      
[ citizen-server-impl] Authenticated with cfx.re Nucleus: https://tristen-rodriguez-xpdqrr.users.cfx.re/
[       script:ox_lib] An update is available for ox_inventory (current version: 2.10.0)
[       script:ox_lib] https://github.com/overextended/ox_inventory/releases/tag/v2.10.3
[ citizen-server-impl] server thread hitch warning: timer interval of 407 milliseconds
[ script:ox_inventory] [info] Inventory has loaded 162 items
[ citizen-server-impl] server thread hitch warning: timer interval of 769 milliseconds
[38;5;134m[      script:hardcap] Connecting: trist
[      script:oxmysql] [0m[DEBUG] esx_multicharacter took 0.8496ms to execute a query!
[      script:oxmysql]     SELECT slots FROM multicharacter_slots WHERE identifier = ? ["628dc61d93a30424ed1d0dfd1349167666993687"]
[      script:oxmysql] [DEBUG] esx_multicharacter took 1.8157ms to execute a query!
[      script:oxmysql]     SELECT identifier, accounts, job, job_grade, firstname, lastname, dateofbirth, sex, skin, disabled FROM users WHERE identifier LIKE ? LIMIT ? ["char%:628dc61d93a30424ed1d0dfd1349167666993687",4]
[      script:oxmysql] [DEBUG] es_extended took 2.5446ms to execute a query!
[      script:oxmysql]     SELECT `accounts`, `job`, `job_grade`, `group`, `position`, `inventory`, `skin`, `loadout`, `firstname`, `lastname`, `dateofbirth`, `sex`, `height` FROM `users` WHERE identifier = ? ["char1:628dc61d93a30424ed1d0dfd1349167666993687"]
[                 cmd] Access denied for command add_principal.
[  script:es_extended] [INFO] Player "Tommy Vendetti" has connected to the server. ID: 1
[38;5;42m[      script:oxmysql] [DEBUG] esx_status took 1.0481ms to execute a query!
[      script:oxmysql]     SELECT status FROM users WHERE identifier = ? ["char1:628dc61d93a30424ed1d0dfd1349167666993687"]
[38;5;42m[      script:oxmysql] [DEBUG] esx_phone took 3.5312ms to execute a query!
[      script:oxmysql]     SELECT phone_number FROM users WHERE identifier = ? ["char1:628dc61d93a30424ed1d0dfd1349167666993687"]
[      script:oxmysql] [DEBUG] esx_phone took 1.4376ms to execute a query!
[      script:oxmysql]     SELECT * FROM user_contacts WHERE identifier = ? ORDER BY name ASC ["char1:628dc61d93a30424ed1d0dfd1349167666993687"]
[      script:oxmysql] [93m[DEBUG] esx_lscustom took 3.5753ms to execute a query!
[      script:oxmysql]     SELECT model, price FROM vehicles []
[      script:oxmysql] [97m[DEBUG] esx_ambulancejob took 0.973ms to execute a query!
[      script:oxmysql]     SELECT is_dead FROM users WHERE identifier = ? ["char1:628dc61d93a30424ed1d0dfd1349167666993687"]
[      script:oxmysql] [DEBUG] esx_skin took 1.4329ms to execute a query!
[      script:oxmysql]     SELECT skin FROM users WHERE identifier = ? ["char1:628dc61d93a30424ed1d0dfd1349167666993687"]
[     script:esx_jobs] SCRIPT ERROR: @esx_jobs/server/main.lua:28: attempt to index a nil value
[38;5;42m[      script:oxmysql] [DEBUG] esx_skin took 3.2423ms to execute a query!
[      script:oxmysql]     SELECT skin FROM users WHERE identifier = ? ["char1:628dc61d93a30424ed1d0dfd1349167666993687"]
[      script:oxmysql] [DEBUG] esx_skin took 1.0947ms to execute a query!
[      script:oxmysql] [0m    SELECT skin FROM users WHERE identifier = ? ["char1:628dc61d93a30424ed1d0dfd1349167666993687"]
[      script:oxmysql] [DEBUG] esx_status took 9.1619ms to execute a query!
[      script:oxmysql]     UPDATE users SET status = ? WHERE identifier = ? ["[{\"name\":\"hunger\",\"percent\":88.12,\"val\":881200},{\"name\":\"thirst\",\"percent\":70.42500000000001,\"val\":704250}]","char1:628dc61d93a30424ed1d0dfd1349167666993687"]
[      script:oxmysql] [DEBUG] es_extended took 4.9918ms to execute a query!
[      script:oxmysql]     UPDATE `users` SET `accounts` = ?, `job` = ?, `job_grade` = ?, `group` = ?, `position` = ?, `inventory` = ?, `loadout` = ? WHERE `identifier` = ? ["{\"bank\":7850,\"black_money\":0,\"money\":1000000}","miner",0,"admin","{\"y\":2739.4,\"z\":43.8,\"heading\":317.5,\"x\":2958.4}","[{\"slot\":2,\"count\":1000000,\"name\":\"money\"}]","[]","char1:628dc61d93a30424ed1d0dfd1349167666993687"]
[  script:es_extended] [INFO] Saved 1 player over 0.0 ms
[      script:oxmysql] [93m[DEBUG] esx_status took 8.1363ms to execute a query!
[      script:oxmysql]     UPDATE users SET status = ? WHERE identifier = ? ["[{\"name\":\"hunger\",\"percent\":76.22,\"val\":762200},{\"name\":\"thirst\",\"percent\":61.5,\"val\":615000}]","char1:628dc61d93a30424ed1d0dfd1349167666993687"]
[      script:oxmysql] [DEBUG] es_extended took 1.4349ms to execute a query!
[      script:oxmysql]     UPDATE `users` SET `accounts` = ?, `job` = ?, `job_grade` = ?, `group` = ?, `position` = ?, `inventory` = ?, `loadout` = ? WHERE `identifier` = ? ["{\"bank\":7850,\"black_money\":0,\"money\":1000000}","miner",0,"admin","{\"y\":2739.4,\"z\":43.8,\"heading\":317.5,\"x\":2958.4}","[{\"slot\":2,\"count\":1000000,\"name\":\"money\"}]","[]","char1:628dc61d93a30424ed1d0dfd1349167666993687"]
[  script:es_extended] [INFO] Saved 1 player over 0.0 ms
[38;5;42m[      script:oxmysql] [DEBUG] esx_status took 11.0186ms to execute a query!
[      script:oxmysql]     UPDATE users SET status = ? WHERE identifier = ? ["[{\"name\":\"hunger\",\"percent\":64.32,\"val\":643200},{\"name\":\"thirst\",\"percent\":52.575,\"val\":525750}]","char1:628dc61d93a30424ed1d0dfd1349167666993687"]
[38;5;42m[      script:oxmysql] [DEBUG] es_extended took 1.9097ms to execute a query!
[      script:oxmysql]     UPDATE `users` SET `accounts` = ?, `job` = ?, `job_grade` = ?, `group` = ?, `position` = ?, `inventory` = ?, `loadout` = ? WHERE `identifier` = ? ["{\"bank\":7850,\"black_money\":0,\"money\":1000000}","miner",0,"admin","{\"y\":2739.4,\"z\":43.8,\"heading\":317.5,\"x\":2958.4}","[{\"slot\":2,\"count\":1000000,\"name\":\"money\"}]","[]","char1:628dc61d93a30424ed1d0dfd1349167666993687"]
[38;5;220m[  script:es_extended] [INFO] Saved 1 player over 0.0 ms
[      script:oxmysql] [DEBUG] esx_status took 7.2039ms to execute a query!
[      script:oxmysql]     UPDATE users SET status = ? WHERE identifier = ? ["[{\"name\":\"hunger\",\"percent\":52.41,\"val\":524100},{\"name\":\"thirst\",\"percent\":43.6425,\"val\":436425}]","char1:628dc61d93a30424ed1d0dfd1349167666993687"]
[      script:oxmysql] [93m[DEBUG] es_extended took 2.2064ms to execute a query!
[      script:oxmysql]     UPDATE `users` SET `accounts` = ?, `job` = ?, `job_grade` = ?, `group` = ?, `position` = ?, `inventory` = ?, `loadout` = ? WHERE `identifier` = ? ["{\"bank\":7850,\"black_money\":0,\"money\":1000000}","miner",0,"admin","{\"y\":2739.4,\"z\":43.8,\"heading\":317.5,\"x\":2958.4}","[{\"slot\":2,\"count\":1000000,\"name\":\"money\"}]","[]","char1:628dc61d93a30424ed1d0dfd1349167666993687"]
[  script:es_extended] [INFO] Saved 1 player over 0.0 ms
[      script:oxmysql] [DEBUG] esx_status took 6.3736ms to execute a query!
[      script:oxmysql]     UPDATE users SET status = ? WHERE identifier = ? ["[{\"name\":\"hunger\",\"percent\":40.51,\"val\":405100},{\"name\":\"thirst\",\"percent\":34.7175,\"val\":347175}]","char1:628dc61d93a30424ed1d0dfd1349167666993687"]
[      script:oxmysql] [93m[DEBUG] es_extended took 1.0308ms to execute a query!
[      script:oxmysql]     UPDATE `users` SET `accounts` = ?, `job` = ?, `job_grade` = ?, `group` = ?, `position` = ?, `inventory` = ?, `loadout` = ? WHERE `identifier` = ? ["{\"bank\":7850,\"black_money\":0,\"money\":1000000}","miner",0,"admin","{\"y\":2739.4,\"z\":43.8,\"heading\":317.5,\"x\":2958.4}","[{\"slot\":2,\"count\":1000000,\"name\":\"money\"}]","[]","char1:628dc61d93a30424ed1d0dfd1349167666993687"]
[  script:es_extended] [INFO] Saved 1 player over 0.0 ms
[      script:hardcap] Connecting: oriet[0m
[      script:oxmysql] [DEBUG] esx_multicharacter took 1.9408ms to execute a query!
[      script:oxmysql]     SELECT slots FROM multicharacter_slots WHERE identifier = ? ["6fe86f782b48d558b27a9a4e163d54cae806aba6"]
[      script:oxmysql] [DEBUG] esx_multicharacter took 1.411ms to execute a query!
[      script:oxmysql]     SELECT identifier, accounts, job, job_grade, firstname, lastname, dateofbirth, sex, skin, disabled FROM users WHERE identifier LIKE ? LIMIT ? ["char%:6fe86f782b48d558b27a9a4e163d54cae806aba6",4]
[      script:oxmysql] [DEBUG] es_extended took 2.8488ms to execute a query!
[      script:oxmysql]     SELECT `accounts`, `job`, `job_grade`, `group`, `position`, `inventory`, `skin`, `loadout`, `firstname`, `lastname`, `dateofbirth`, `sex`, `height` FROM `users` WHERE identifier = ? ["char1:6fe86f782b48d558b27a9a4e163d54cae806aba6"]
[                 cmd] Access denied for command add_principal.
[  script:es_extended] [INFO] Player "Adan Cabrera" has connected to the server. ID: 2
[      script:oxmysql] [DEBUG] esx_status took 1.5033ms to execute a query!
[      script:oxmysql]     SELECT status FROM users WHERE identifier = ? ["char1:6fe86f782b48d558b27a9a4e163d54cae806aba6"]
[      script:oxmysql] [DEBUG] esx_phone took 2.8491ms to execute a query!
[      script:oxmysql]     SELECT phone_number FROM users WHERE identifier = ? ["char1:6fe86f782b48d558b27a9a4e163d54cae806aba6"]
[      script:oxmysql] [DEBUG] esx_phone took 7.8156ms to execute a query!
[      script:oxmysql]     SELECT COUNT(*) as count FROM users WHERE phone_number = ? [57364]
[      script:oxmysql] [DEBUG] esx_phone took 2.4253ms to execute a query!
[      script:oxmysql]     SELECT * FROM user_contacts WHERE identifier = ? ORDER BY name ASC ["char1:6fe86f782b48d558b27a9a4e163d54cae806aba6"]
[      script:oxmysql] [DEBUG] esx_phone took 3.725ms to execute a query!
[      script:oxmysql]     UPDATE users SET phone_number = ? WHERE identifier = ? [57364,"char1:6fe86f782b48d558b27a9a4e163d54cae806aba6"]
[      script:oxmysql] [DEBUG] esx_ambulancejob took 1.6696ms to execute a query!
[      script:oxmysql]     SELECT is_dead FROM users WHERE identifier = ? ["char1:6fe86f782b48d558b27a9a4e163d54cae806aba6"]
[  script:esx_service] [esx_service] [WARNING] A service "police" is not activated
[  script:esx_service] [91mSCRIPT ERROR: @esx_service/server/main.lua:29: bad argument #1 to 'pairs' (table expected, got nil)
[  script:esx_service] > handler (@esx_service/server/main.lua:29)
> quit "Server restarting (Tristen_Rodriguez)."
[ citizen-server-main] -> Quitting: Server restarting (Tristen_Rodriguez).
[      script:oxmysql] [DEBUG] es_extended took 1.1695ms to execute a query!
[      script:oxmysql]     UPDATE `users` SET `accounts` = ?, `job` = ?, `job_grade` = ?, `group` = ?, `position` = ?, `inventory` = ?, `loadout` = ? WHERE `identifier` = ? ["{\"bank\":7850,\"black_money\":0,\"money\":1000000}","miner",0,"admin","{\"y\":2739.4,\"z\":43.8,\"heading\":317.5,\"x\":2958.4}","[{\"slot\":2,\"count\":1000000,\"name\":\"money\"}]","[]","char1:628dc61d93a30424ed1d0dfd1349167666993687"]
[  script:es_extended] [INFO] Saved player "Tommy Vendetti"
[      script:oxmysql] [93m[DEBUG] esx_status took 3.2329ms to execute a query!
[      script:oxmysql]     UPDATE users SET status = ? WHERE identifier = ? ["[{\"name\":\"hunger\",\"percent\":36.34,\"val\":363400},{\"name\":\"thirst\",\"percent\":31.59,\"val\":315900}]","char1:628dc61d93a30424ed1d0dfd1349167666993687"]
[      script:oxmysql] [DEBUG] esx_status took 5.2506ms to execute a query!
[      script:oxmysql]     UPDATE users SET status = ? WHERE identifier = ? ["[{\"val\":650800,\"percent\":65.08,\"name\":\"hunger\"},{\"val\":744400,\"percent\":74.44,\"name\":\"thirst\"}]","char1:6fe86f782b48d558b27a9a4e163d54cae806aba6"]
[      script:oxmysql] [DEBUG] es_extended took 5.5927ms to execute a query!
[      script:oxmysql]     UPDATE `users` SET `accounts` = ?, `job` = ?, `job_grade` = ?, `group` = ?, `position` = ?, `inventory` = ?, `loadout` = ? WHERE `identifier` = ? ["{\"bank\":600540,\"black_money\":0,\"money\":479995}","police",4,"user","{\"y\":-988.8,\"z\":28.9,\"heading\":57.8,\"x\":409.0}","[{\"slot\":1,\"metadata\":{\"durability\":100,\"components\":[]},\"count\":1,\"name\":\"WEAPON_FLASHLIGHT\"},{\"slot\":2,\"metadata\":{\"ammo\":0,\"components\":[],\"serial\":\"414422POL721819\",\"registered\":\"Tommy Vendetti\",\"durability\":99.09999999999997},\"count\":1,\"name\":\"WEAPON_CARBINERIFLE\"},{\"slot\":3,\"metadata\":{\"durability\":100,\"components\":[],\"registered\":\"Adan Cabrera\"},\"count\":1,\"name\":\"WEAPON_STUNGUN\"},{\"slot\":6,\"count\":479995,\"name\":\"money\"},{\"slot\":7,\"count\":100,\"name\":\"ammo-rifle\"},{\"slot\":8,\"count\":25,\"name\":\"burger\"},{\"slot\":9,\"count\":25,\"name\":\"water\"},{\"slot\":10,\"count\":1,\"name\":\"ammo-9\"}]","[]","char1:6fe86f782b48d558b27a9a4e163d54cae806aba6"]
[  script:es_extended] [INFO] Saved player "Adan Cabrera"

================================================================
======== FXServer Starting - 8/11/2022, 9:56:33 PM              
================================================================
[    c-scripting-core] Creating script environments for _cfx_internal
[ citizen-server-impl] Scanning resources.
[ citizen-server-impl] Found 97 resources.
[ citizen-server-impl] Some resources have an outdated resource manifest:
[ citizen-server-impl]     - SeatShuffle
[ citizen-server-impl]     - dc_ads
[ citizen-server-impl]     - handsup
[ citizen-server-impl]     - nohelmet
[ citizen-server-impl]     - progressBars
[ citizen-server-impl] 
[ citizen-server-impl] Please update these resources.
[          svadhesive] Authenticating server license key...
[          svadhesive] Server license key authentication succeeded. Welcome!
[    c-scripting-core] Creating script environments for sessionmanager
[ citizen-server-impl] Started resource sessionmanager
[    c-scripting-core] [0mCreating script environments for monitor
[      script:monitor] [txAdminClient] Version 4.14.0 starting...
[ citizen-server-impl] Started resource monitor
[              cmdsys] [97mNo such command Config.Multichar.
[38;5;161m[    c-scripting-core] Creating script environments for yarn
[ citizen-server-impl] Started resource yarn
[    c-scripting-core] Creating script environments for webpack
[ citizen-server-impl] Started resource webpack
[    c-scripting-core] Creating script environments for chat
[ citizen-server-impl] Started resource chat
[    c-scripting-core] Creating script environments for cron
[ citizen-server-impl] Started resource cron
[    c-scripting-core] Creating script environments for mapmanager
[ citizen-server-impl] Started resource mapmanager
[    c-scripting-core] Creating script environments for hardcap
[ citizen-server-impl] Started resource hardcap
[    c-scripting-core] Creating script environments for rconlog
[ citizen-server-impl] Started resource rconlog
[    c-scripting-core] Creating script environments for mysql-async
[ citizen-server-impl] [0mStarted resource mysql-async
[    c-scripting-core] Creating script environments for mysql
[ citizen-server-impl] Started resource mysql
[ citizen-server-impl] Started resource spawnmanager
[    c-scripting-core] Creating script environments for es_extended
[ citizen-server-impl] Started resource es_extended
[    c-scripting-core] Creating script environments for async
[ citizen-server-impl] [0mStarted resource async
[ citizen-server-impl] Asset eup-stream/mp_f_freemode_01^jbib_002_u.ydd uses 24.0 MiB of physical memory.
[ citizen-server-impl] Asset eup-stream/mp_f_freemode_01^jbib_004_u.ydd uses 24.0 MiB of physical memory.
[ citizen-server-impl] [94mAsset eup-stream/mp_f_freemode_01^jbib_097_u.ydd uses 24.0 MiB of physical memory.
[ citizen-server-impl] Asset eup-stream/mp_m_freemode_01^hair_005_u.ydd uses 24.0 MiB of virtual memory.
[ citizen-server-impl] Asset eup-stream/mp_m_freemode_01^head_diff_052_a_uni.ytd uses 32.0 MiB of physical memory.
[ citizen-server-impl] Asset eup-stream/mp_m_freemode_01^head_diff_053_b_uni.ytd uses 32.0 MiB of physical memory.
[ citizen-server-impl] Asset eup-stream/mp_m_freemode_01^head_diff_056_a_uni.ytd uses 32.0 MiB of physical memory.
[ citizen-server-impl] Asset eup-stream/mp_m_freemode_01^head_diff_060_a_uni.ytd uses 32.0 MiB of physical memory.
[ citizen-server-impl] Asset eup-stream/mp_m_freemode_01^head_diff_061_a_uni.ytd uses 32.0 MiB of physical memory.
[ citizen-server-impl] [0mAsset eup-stream/mp_m_freemode_01^jbib_diff_011_a_uni.ytd uses 32.0 MiB of physical memory.
[ citizen-server-impl] Asset eup-stream/mp_m_freemode_01^jbib_diff_011_e_uni.ytd uses 64.0 MiB of physical memory. Oversized assets can and WILL lead to streaming issues (models not loading/rendering, commonly known as 'texture loss', 'city bug' or 'streaming isn't great').
[ citizen-server-impl] Asset eup-stream/mp_m_freemode_01^jbib_diff_012_c_uni.ytd uses 32.0 MiB of physical memory.
[ citizen-server-impl] Asset eup-stream/mp_m_freemode_01^jbib_diff_012_d_uni.ytd uses 32.0 MiB of physical memory.
[ citizen-server-impl] Asset eup-stream/mp_m_freemode_01^jbib_diff_012_g_uni.ytd uses 32.0 MiB of physical memory.
[ citizen-server-impl] Asset eup-stream/mp_m_freemode_01^jbib_diff_012_k_uni.ytd uses 32.0 MiB of physical memory.
[ citizen-server-impl] Asset eup-stream/mp_m_freemode_01^jbib_diff_012_m_uni.ytd uses 32.0 MiB of physical memory.
[ citizen-server-impl] Asset eup-stream/mp_m_freemode_01^jbib_diff_012_n_uni.ytd uses 32.0 MiB of physical memory.
[38;5;73m[ citizen-server-impl] Asset eup-stream/mp_m_freemode_01^jbib_diff_013_k_uni.ytd uses 32.0 MiB of physical memory.
[ citizen-server-impl] Asset eup-stream/mp_m_freemode_01^jbib_diff_013_l_uni.ytd uses 32.0 MiB of physical memory.
[ citizen-server-impl] Asset eup-stream/mp_m_freemode_01^lowr_diff_001_k_whi.ytd uses 32.0 MiB of physical memory.
[ citizen-server-impl] Asset eup-stream/mp_m_freemode_01^lowr_diff_001_l_whi.ytd uses 32.0 MiB of physical memory.
[ citizen-server-impl] Asset eup-stream/mp_m_freemode_01^lowr_diff_001_n_whi.ytd uses 32.0 MiB of physical memory.
[ citizen-server-impl] Asset eup-stream/mp_m_freemode_01^lowr_diff_001_p_whi.ytd uses 32.0 MiB of physical memory.
[ citizen-server-impl] Asset eup-stream/mp_m_freemode_01^lowr_diff_003_n_whi.ytd uses 32.0 MiB of physical memory.
[ citizen-server-impl] Asset eup-stream/mp_m_freemode_01^lowr_diff_003_p_whi.ytd uses 32.0 MiB of physical memory.
[ citizen-server-impl] Asset eup-stream/mp_m_freemode_01^lowr_diff_004_c_whi.ytd uses 32.0 MiB of physical memory.
[ citizen-server-impl] [94mAsset eup-stream/mp_m_freemode_01^lowr_diff_010_a_whi.ytd uses 32.0 MiB of physical memory.
[ citizen-server-impl] Asset eup-stream/mp_m_freemode_01^lowr_diff_010_b_whi.ytd uses 32.0 MiB of physical memory.
[ citizen-server-impl] Asset eup-stream/mp_m_freemode_01^lowr_diff_010_d_whi.ytd uses 32.0 MiB of physical memory.
[ citizen-server-impl] Asset eup-stream/mp_m_freemode_01^lowr_diff_011_b_whi.ytd uses 32.0 MiB of physical memory.
[ citizen-server-impl] Asset eup-stream/mp_m_freemode_01^lowr_diff_011_c_whi.ytd uses 32.0 MiB of physical memory.
[ citizen-server-impl] Asset eup-stream/mp_m_freemode_01^lowr_diff_011_d_whi.ytd uses 32.0 MiB of physical memory.
[ citizen-server-impl] [94mAsset eup-stream/mp_m_freemode_01^lowr_diff_011_e_whi.ytd uses 32.0 MiB of physical memory.
[ citizen-server-impl] Asset eup-stream/mp_m_freemode_01^lowr_diff_011_f_whi.ytd uses 32.0 MiB of physical memory.
[ citizen-server-impl] Asset eup-stream/mp_m_freemode_01^lowr_diff_011_g_whi.ytd uses 32.0 MiB of physical memory.[0m
[ citizen-server-impl] Asset eup-stream/mp_m_freemode_01^lowr_diff_011_h_whi.ytd uses 32.0 MiB of physical memory.
[ citizen-server-impl] Asset eup-stream/mp_m_freemode_01^lowr_diff_011_i_whi.ytd uses 32.0 MiB of physical memory.
[ citizen-server-impl] Asset eup-stream/mp_m_freemode_01^lowr_diff_013_a_whi.ytd uses 32.0 MiB of physical memory.
[ citizen-server-impl] Asset eup-stream/mp_m_freemode_01^lowr_diff_013_b_whi.ytd uses 32.0 MiB of physical memory.
[ citizen-server-impl] Asset eup-stream/mp_m_freemode_01^lowr_diff_013_i_whi.ytd uses 32.0 MiB of physical memory.
[ citizen-server-impl] Asset eup-stream/mp_m_freemode_01^lowr_diff_013_j_whi.ytd uses 32.0 MiB of physical memory.
[ citizen-server-impl] Started resource eup-stream
[ citizen-server-impl] Started resource eup-ui
[    c-scripting-core] Creating script environments for oxmysql
[ citizen-server-impl] Started resource oxmysql
[    c-scripting-core] Creating script environments for ox_lib
[ citizen-server-impl] Started resource ox_lib
[    c-resources-core] Could not find dependency qtarget for resource ox_doorlock.
[ citizen-server-impl] Couldn't start resource ox_doorlock.
[    c-scripting-core] Creating script environments for ox_inventory
[ citizen-server-impl] Started resource ox_inventory
[ citizen-server-impl] Started resource esx_animations
[    c-scripting-core] Creating script environments for esx_addonaccount
[ citizen-server-impl] Started resource esx_addonaccount
[ citizen-server-impl] Started resource skinchanger
[    c-scripting-core] Creating script environments for esx_skin
[38;5;73m[ citizen-server-impl] Started resource esx_skin
[    c-scripting-core] Creating script environments for esx_datastore
[ citizen-server-impl] Started resource esx_datastore
[    c-scripting-core] Creating script environments for esx_accessories
[ citizen-server-impl] Started resource esx_accessories
[    c-scripting-core] Creating script environments for esx_vehicleshop
[ citizen-server-impl] Started resource esx_vehicleshop
[    c-scripting-core] [0mCreating script environments for esx_ambulancejob
[ citizen-server-impl] [0mStarted resource esx_ambulancejob
[    c-scripting-core] [0mCreating script environments for esx_allowlist
[ citizen-server-impl] Started resource esx_allowlist
[    c-scripting-core] Creating script environments for esx_status
[ citizen-server-impl] Started resource esx_status
[    c-scripting-core] Creating script environments for esx_basicneeds
[ citizen-server-impl] Started resource esx_basicneeds
[    c-scripting-core] Creating script environments for esx_barbershop
[ citizen-server-impl] Started resource esx_barbershop
[    c-scripting-core] Creating script environments for esx_banking
[ citizen-server-impl] Started resource esx_banking
[    c-scripting-core] Creating script environments for esx_billing
[ citizen-server-impl] Started resource esx_billing
[    c-scripting-core] Creating script environments for esx_clotheshop
[ citizen-server-impl] Started resource esx_clotheshop
[    c-scripting-core] Creating script environments for esx_identity
[ citizen-server-impl] Started resource esx_identity
[    c-scripting-core] Creating script environments for esx_garage
[ citizen-server-impl] Started resource esx_garage
[    c-scripting-core] Creating script environments for esx_joblisting
[ citizen-server-impl] Started resource esx_joblisting
[    c-scripting-core] Creating script environments for esx_jobs
[ citizen-server-impl] Started resource esx_jobs
[    c-scripting-core] Creating script environments for esx_ktackle
[ citizen-server-impl] Started resource esx_ktackle
[    c-scripting-core] Creating script environments for esx_license
[ citizen-server-impl] Started resource esx_license
[    c-scripting-core] Creating script environments for esx_lscustom
[ citizen-server-impl] Started resource esx_lscustom
[    c-scripting-core] Creating script environments for esx_mining
[ citizen-server-impl] Started resource esx_mining
[ citizen-server-impl] Started resource esx_menu_default
[ citizen-server-impl] Started resource esx_menu_list
[ citizen-server-impl] Started resource esx_menu_dialog
[    c-scripting-core] Creating script environments for esx_society
[ citizen-server-impl] Started resource esx_society
[    c-scripting-core] Creating script environments for esx_mechanicjob
[ citizen-server-impl] Started resource esx_mechanicjob
[    c-scripting-core] Creating script environments for esx_multicharacter
[ citizen-server-impl] Started resource esx_multicharacter
[    c-scripting-core] Creating script environments for esx_notify
[ citizen-server-impl] Started resource esx_notify
[    c-scripting-core] Creating script environments for esx_PawnShop
[ citizen-server-impl] Started resource esx_PawnShop
[    c-scripting-core] Creating script environments for esx_phone
[ citizen-server-impl] Started resource esx_phone
[    c-scripting-core] Creating script environments for esx_policejob
[ citizen-server-impl] Started resource esx_policejob
[38;5;161m[    c-scripting-core] Creating script environments for esx_robcashregister
[ citizen-server-impl] Started resource esx_robcashregister
[    c-scripting-core] Creating script environments for esx_service
[ citizen-server-impl] [0mStarted resource esx_service
[38;5;161m[    c-scripting-core] Creating script environments for esx_textui
[ citizen-server-impl] Started resource esx_textui
[    c-scripting-core] Creating script environments for NoCarJack
[ citizen-server-impl] Started resource NoCarJack
[38;5;161m[    c-scripting-core] Creating script environments for TakeHostage
[ citizen-server-impl] Started resource TakeHostage
[    c-scripting-core] Creating script environments for CarryPeople
[ citizen-server-impl] Started resource CarryPeople
[    c-scripting-core] Creating script environments for pma-voice
[ citizen-server-impl] Started resource pma-voice
[    c-scripting-core] Creating script environments for screenshot-basic
[ citizen-server-impl] Started resource screenshot-basic
[ citizen-server-impl] Started resource dc_loadingscreen
[ citizen-server-impl] Started resource no_map
[ citizen-server-impl] Started resource point_finger
[ citizen-server-impl] Started resource handsup
[ citizen-server-impl] Started resource dc_ads
[    c-scripting-core] Creating script environments for trew_hud_ui
[ citizen-server-impl] [0mStarted resource trew_hud_ui
[    c-scripting-core] Creating script environments for core_crafting
[ citizen-server-impl] Started resource core_crafting
[ citizen-server-impl] Started resource mythic_notify
[ citizen-server-impl] Started resource mythic_progbar
[    c-scripting-core] Creating script environments for interact-sound
[ citizen-server-impl] Started resource interact-sound
[ citizen-server-impl] Started resource removeAllAi
[ citizen-server-impl] Started resource progressBars
[    c-scripting-core] Creating script environments for t1ger_keys
[ citizen-server-impl] Started resource t1ger_keys
[    c-scripting-core] Creating script environments for police-alerts
[ citizen-server-impl] Started resource police-alerts
[ citizen-server-impl] Started resource nohelmet
[    c-scripting-core] Creating script environments for LegacyFuel
[ citizen-server-impl] Started resource LegacyFuel
[ citizen-server-impl] Started resource SeatShuffle
[ citizen-server-impl] Started resource holsterweapon
[  script:mysql-async] [mysql-async] [SUCCESS] Database server connection established.
[      script:monitor] [txAdminClient] Threads and commands set up. All Ready.
[      script:oxmysql] Database server connection established!
[      script:oxmysql] [DEBUG] esx_addonaccount took 4.8854ms to execute a query!
[      script:oxmysql]     SELECT * FROM addon_account LEFT JOIN addon_account_data ON addon_account.name = addon_account_data.account_name UNION SELECT * FROM addon_account RIGHT JOIN addon_account_data ON addon_account.name = addon_account_data.account_name []
[      script:oxmysql] [DEBUG] esx_society took 1.055ms to execute a query!
[      script:oxmysql]     SELECT * FROM jobs []
[38;5;42m[      script:oxmysql] [DEBUG] ox_inventory took 3.2573ms to execute a query!
[      script:oxmysql]     SELECT * FROM items []
[      script:oxmysql] [DEBUG] ox_inventory took 5.0185ms to execute a query!
[      script:oxmysql]     SELECT owner, name FROM ox_inventory WHERE NOT owner = '' []
[ script:ox_inventory] Remove 'setup/dbcleanup.lua' from fxmanifest.lua
[38;5;42m[      script:oxmysql] [DEBUG] esx_society took 6.7ms to execute a query!
[      script:oxmysql]     SELECT * FROM job_grades []
[  script:esx_society] SCRIPT ERROR: @esx_society/server/main.lua:24: attempt to index a nil value (field '?')
[  script:esx_society] > handler (@esx_society/server/main.lua:24)
[  script:esx_society] > <unknown> (@oxmysql/dist/build.js:21745)
[  script:esx_society] > processTicksAndRejections (node:internal/process/task_queues:96)
[  script:esx_society] > async rawQuery (@oxmysql/dist/build.js:21735)
[      script:oxmysql] [DEBUG] ox_inventory took 11.1029ms to execute a query!
[      script:oxmysql]     DELETE FROM ox_inventory WHERE lastupdated < (NOW() - INTERVAL 6 MONTH) OR data = "[]" []
[      script:oxmysql] [DEBUG] es_extended took 0.9496ms to execute a query!
[      script:oxmysql]     SELECT * FROM jobs []
[      script:oxmysql] [DEBUG] es_extended took 1.0183ms to execute a query!
[      script:oxmysql]     SELECT * FROM job_grades []
[  script:es_extended] [WARNING] Ignoring job grades for "cardealer" due to missing job
[  script:es_extended] [WARNING] Ignoring job grades for "cardealer" due to missing job
[  script:es_extended] [WARNING] Ignoring job grades for "cardealer" due to missing job
[  script:es_extended] [WARNING] Ignoring job grades for "cardealer" due to missing job
[  script:es_extended] [WARNING] Ignoring job grades for "lumberjack" due to missing job
[  script:es_extended] [WARNING] Ignoring job grades for "fisherman" due to missing job
[  script:es_extended] [WARNING] Ignoring job grades for "fueler" due to missing job
[  script:es_extended] [WARNING] Ignoring job grades for "reporter" due to missing job
[  script:es_extended] [WARNING] Ignoring job grades for "tailor" due to missing job
[  script:es_extended] [WARNING] Ignoring job grades for "banker" due to missing job
[  script:es_extended] [WARNING] Ignoring job grades for "banker" due to missing job
[  script:es_extended] [WARNING] Ignoring job grades for "banker" due to missing job
[  script:es_extended] [WARNING] Ignoring job grades for "banker" due to missing job
[  script:es_extended] [WARNING] Ignoring job grades for "banker" due to missing job
[  script:es_extended] [INFO] ESX Legacy initialized
[      script:oxmysql] [DEBUG] esx_multicharacter took 4.511ms to execute a query!
[      script:oxmysql]     SELECT TABLE_NAME, COLUMN_NAME, CHARACTER_MAXIMUM_LENGTH FROM INFORMATION_SCHEMA.COLUMNS WHERE TABLE_SCHEMA = "essentialmode" AND DATA_TYPE = "varchar" AND COLUMN_NAME IN (?) [["identifier","owner"]]
[ citizen-server-impl]         fff                          
[38;5;73m[ citizen-server-impl]   cccc ff   xx  xx     rr rr    eee  
[ citizen-server-impl] cc     ffff   xx       rrr  r ee   e 
[ citizen-server-impl] cc     ff     xx   ... rr     eeeee  
[ citizen-server-impl]  ccccc ff   xx  xx ... rr      eeeee 
[ citizen-server-impl]                                      
[ citizen-server-impl] Authenticated with cfx.re Nucleus: https://tristen-rodriguez-xpdqrr.users.cfx.re/
[      script:oxmysql] There is an update available for oxmysql - please update to the latest release (current version: 2.3.4)
[      script:oxmysql] https://github.com/overextended/oxmysql/releases/tag/v2.4.0
[       script:ox_lib] An update is available for ox_inventory (current version: 2.10.0)
[       script:ox_lib] https://github.com/overextended/ox_inventory/releases/tag/v2.10.3
[ citizen-server-impl] server thread hitch warning: timer interval of 351 milliseconds
[ script:ox_inventory] [info] Inventory has loaded 162 items
[ citizen-server-impl] server thread hitch warning: timer interval of 739 milliseconds
[      script:hardcap] Connecting: oriet
[      script:oxmysql] [93m[DEBUG] esx_multicharacter took 6.0741ms to execute a query!
[      script:oxmysql]     SELECT slots FROM multicharacter_slots WHERE identifier = ? ["6fe86f782b48d558b27a9a4e163d54cae806aba6"]
[      script:oxmysql] [DEBUG] esx_multicharacter took 1.8016ms to execute a query!
[      script:oxmysql]     SELECT identifier, accounts, job, job_grade, firstname, lastname, dateofbirth, sex, skin, disabled FROM users WHERE identifier LIKE ? LIMIT ? ["char%:6fe86f782b48d558b27a9a4e163d54cae806aba6",4]
[      script:oxmysql] [DEBUG] es_extended took 2.7638ms to execute a query!
[      script:oxmysql]     SELECT `accounts`, `job`, `job_grade`, `group`, `position`, `inventory`, `skin`, `loadout`, `firstname`, `lastname`, `dateofbirth`, `sex`, `height` FROM `users` WHERE identifier = ? ["char1:6fe86f782b48d558b27a9a4e163d54cae806aba6"]
[38;5;171m[                 cmd] Access denied for command add_principal.
[  script:es_extended] [INFO] Player "Adan Cabrera" has connected to the server. ID: 1
[      script:oxmysql] [DEBUG] esx_phone took 0.5587ms to execute a query!
[      script:oxmysql]     SELECT phone_number FROM users WHERE identifier = ? ["char1:6fe86f782b48d558b27a9a4e163d54cae806aba6"]
[      script:oxmysql] [DEBUG] esx_status took 1.3045ms to execute a query!
[      script:oxmysql]     SELECT status FROM users WHERE identifier = ? ["char1:6fe86f782b48d558b27a9a4e163d54cae806aba6"]
[      script:oxmysql] [DEBUG] esx_phone took 0.9192ms to execute a query!
[      script:oxmysql]     SELECT * FROM user_contacts WHERE identifier = ? ORDER BY name ASC ["char1:6fe86f782b48d558b27a9a4e163d54cae806aba6"]
[      script:oxmysql] [DEBUG] esx_lscustom took 5.5888ms to execute a query!
[      script:oxmysql]     SELECT model, price FROM vehicles []
[      script:oxmysql] [DEBUG] esx_ambulancejob took 0.6188ms to execute a query!
[      script:oxmysql]     SELECT is_dead FROM users WHERE identifier = ? ["char1:6fe86f782b48d558b27a9a4e163d54cae806aba6"]
[      script:hardcap] Connecting: trist
[      script:oxmysql] [DEBUG] esx_multicharacter took 0.6903ms to execute a query!
[      script:oxmysql]     SELECT slots FROM multicharacter_slots WHERE identifier = ? ["628dc61d93a30424ed1d0dfd1349167666993687"]
[38;5;42m[      script:oxmysql] [DEBUG] esx_multicharacter took 0.682ms to execute a query!
[      script:oxmysql]     SELECT identifier, accounts, job, job_grade, firstname, lastname, dateofbirth, sex, skin, disabled FROM users WHERE identifier LIKE ? LIMIT ? ["char%:628dc61d93a30424ed1d0dfd1349167666993687",4]
[      script:oxmysql] [DEBUG] es_extended took 0.8067ms to execute a query!
[      script:oxmysql]     SELECT `accounts`, `job`, `job_grade`, `group`, `position`, `inventory`, `skin`, `loadout`, `firstname`, `lastname`, `dateofbirth`, `sex`, `height` FROM `users` WHERE identifier = ? ["char1:628dc61d93a30424ed1d0dfd1349167666993687"]
[38;5;171m[                 cmd] Access denied for command add_principal.
[  script:es_extended] [INFO] Player "Tommy Vendetti" has connected to the server. ID: 2
[38;5;42m[      script:oxmysql] [DEBUG] esx_phone took 0.5487ms to execute a query!
[      script:oxmysql]     SELECT phone_number FROM users WHERE identifier = ? ["char1:628dc61d93a30424ed1d0dfd1349167666993687"]
[38;5;42m[      script:oxmysql] [DEBUG] esx_status took 1.1221ms to execute a query!
[      script:oxmysql]     SELECT status FROM users WHERE identifier = ? ["char1:628dc61d93a30424ed1d0dfd1349167666993687"]
[      script:oxmysql] [DEBUG] esx_phone took 0.613ms to execute a query!
[      script:oxmysql]     SELECT * FROM user_contacts WHERE identifier = ? ORDER BY name ASC ["char1:628dc61d93a30424ed1d0dfd1349167666993687"]
[38;5;42m[      script:oxmysql] [DEBUG] esx_ambulancejob took 3.069ms to execute a query!
[      script:oxmysql]     SELECT is_dead FROM users WHERE identifier = ? ["char1:628dc61d93a30424ed1d0dfd1349167666993687"]
[      script:oxmysql] [DEBUG] esx_skin took 0.7501ms to execute a query!
[      script:oxmysql]     SELECT skin FROM users WHERE identifier = ? ["char1:6fe86f782b48d558b27a9a4e163d54cae806aba6"]
[      script:oxmysql] [DEBUG] esx_skin took 0.8249ms to execute a query!
[      script:oxmysql]     SELECT skin FROM users WHERE identifier = ? ["char1:628dc61d93a30424ed1d0dfd1349167666993687"]
[script:esx_vehiclesh] [esx_vehicleshop] [INFO] Paying rent cron job started
[  script:mysql-async] [31m[MariaDB:10.4.24-MariaDB] [ERROR] [esx_vehicleshop] An error happens for query "SELECT owner, rent_price, plate FROM rented_vehicles : []": ER_NO_SUCH_TABLE: Table 'essentialmode.rented_vehicles' doesn't exist
[script:esx_vehiclesh] SCRIPT ERROR: @esx_vehicleshop/server/main.lua:434: bad argument #1 to 'for iterator' (table expected, got nil)
[script:esx_vehiclesh] > ref (@esx_vehicleshop/server/main.lua:434)
[script:esx_vehiclesh] > <unknown> (@mysql-async/mysql-async.js:15543)
[38;5;159m[  script:mysql-async] 
[38;5;42m[      script:oxmysql] [DEBUG] esx_billing took 2.6783ms to execute a query!
[      script:oxmysql]     SELECT amount, id, label FROM billing WHERE identifier = ? ["char1:6fe86f782b48d558b27a9a4e163d54cae806aba6"]
[      script:oxmysql] [DEBUG] esx_phone took 0.9472ms to execute a query!
[      script:oxmysql]     SELECT phone_number, identifier FROM users WHERE phone_number = ? [57364]
[      script:oxmysql] [DEBUG] esx_phone took 4.3072ms to execute a query!
[      script:oxmysql]     INSERT INTO user_contacts (identifier, name, number) VALUES (?, ?, ?) ["char1:628dc61d93a30424ed1d0dfd1349167666993687","ace",57364]
[    script:esx_phone] [97mesx_phone: MESSAGE => Tommy Vendetti@57364: yooo
[      script:oxmysql] [97m[DEBUG] esx_skin took 0.9961ms to execute a query!
[      script:oxmysql]     SELECT skin FROM users WHERE identifier = ? ["char1:628dc61d93a30424ed1d0dfd1349167666993687"]
[      script:oxmysql] [DEBUG] esx_skin took 0.6038ms to execute a query!
[      script:oxmysql]     SELECT skin FROM users WHERE identifier = ? ["char1:628dc61d93a30424ed1d0dfd1349167666993687"]
[      script:oxmysql] [DEBUG] esx_skin took 0.5751ms to execute a query!
[      script:oxmysql]     SELECT skin FROM users WHERE identifier = ? ["char1:6fe86f782b48d558b27a9a4e163d54cae806aba6"]
[      script:oxmysql] [93m[DEBUG] esx_skin took 0.5898ms to execute a query!
[      script:oxmysql]     SELECT skin FROM users WHERE identifier = ? ["char1:6fe86f782b48d558b27a9a4e163d54cae806aba6"]
[      script:oxmysql] [93m[DEBUG] esx_status took 3.8795ms to execute a query!
[      script:oxmysql]     UPDATE users SET status = ? WHERE identifier = ? ["[{\"percent\":56.91,\"name\":\"hunger\",\"val\":569100},{\"percent\":68.3125,\"name\":\"thirst\",\"val\":683125}]","char1:6fe86f782b48d558b27a9a4e163d54cae806aba6"]
[      script:oxmysql] [DEBUG] es_extended took 7.2584ms to execute a query!
[      script:oxmysql]     UPDATE `users` SET `accounts` = ?, `job` = ?, `job_grade` = ?, `group` = ?, `position` = ?, `inventory` = ?, `loadout` = ? WHERE `identifier` = ? ["{\"black_money\":0,\"bank\":600540,\"money\":479995}","miner",0,"user","{\"y\":2738.0,\"x\":2956.4,\"heading\":46.0,\"z\":44.0}","[{\"metadata\":{\"durability\":100,\"components\":[]},\"slot\":1,\"count\":1,\"name\":\"WEAPON_FLASHLIGHT\"},{\"metadata\":{\"durability\":99.09999999999997,\"ammo\":0,\"serial\":\"414422POL721819\",\"components\":[],\"registered\":\"Tommy Vendetti\"},\"slot\":2,\"count\":1,\"name\":\"WEAPON_CARBINERIFLE\"},{\"metadata\":{\"durability\":100,\"components\":[],\"registered\":\"Adan Cabrera\"},\"slot\":3,\"count\":1,\"name\":\"WEAPON_STUNGUN\"},{\"slot\":6,\"count\":479995,\"name\":\"money\"},{\"slot\":7,\"count\":100,\"name\":\"ammo-rifle\"},{\"slot\":8,\"count\":25,\"name\":\"burger\"},{\"slot\":9,\"count\":25,\"name\":\"water\"},{\"slot\":10,\"count\":1,\"name\":\"ammo-9\"}]","[]","char1:6fe86f782b48d558b27a9a4e163d54cae806aba6"]
[  script:es_extended] [INFO] Saved player "Adan Cabrera"
[      script:oxmysql] [DEBUG] esx_status took 4.0313ms to execute a query!
[      script:oxmysql]     UPDATE users SET status = ? WHERE identifier = ? ["[{\"percent\":26.87,\"name\":\"hunger\",\"val\":268700},{\"percent\":24.4875,\"name\":\"thirst\",\"val\":244875}]","char1:628dc61d93a30424ed1d0dfd1349167666993687"]
[      script:oxmysql] [97m[DEBUG] es_extended took 4.0212ms to execute a query!
[      script:oxmysql]     UPDATE `users` SET `accounts` = ?, `job` = ?, `job_grade` = ?, `group` = ?, `position` = ?, `inventory` = ?, `loadout` = ? WHERE `identifier` = ? ["{\"black_money\":0,\"bank\":7850,\"money\":1000000}","miner",0,"admin","{\"y\":2740.9,\"x\":2953.8,\"heading\":216.0,\"z\":43.9}","[{\"slot\":2,\"count\":1000000,\"name\":\"money\"}]","[]","char1:628dc61d93a30424ed1d0dfd1349167666993687"]
[  script:es_extended] [INFO] Saved 1 player over 0.0 ms
[      script:oxmysql] [DEBUG] es_extended took 1.3127ms to execute a query!
[      script:oxmysql]     UPDATE `users` SET `accounts` = ?, `job` = ?, `job_grade` = ?, `group` = ?, `position` = ?, `inventory` = ?, `loadout` = ? WHERE `identifier` = ? ["{\"black_money\":0,\"bank\":7850,\"money\":1000000}","miner",0,"admin","{\"y\":2740.9,\"x\":2953.8,\"heading\":216.0,\"z\":43.9}","[{\"slot\":2,\"count\":1000000,\"name\":\"money\"}]","[]","char1:628dc61d93a30424ed1d0dfd1349167666993687"]
[  script:es_extended] [INFO] Saved player "Tommy Vendetti"
[      script:oxmysql] [0m[DEBUG] esx_status took 4.0035ms to execute a query!
[      script:oxmysql]     UPDATE users SET status = ? WHERE identifier = ? ["[{\"percent\":23.36,\"name\":\"hunger\",\"val\":233600},{\"percent\":21.855,\"name\":\"thirst\",\"val\":218550}]","char1:628dc61d93a30424ed1d0dfd1349167666993687"]
[ citizen-server-main] -> Quitting: SIGHUP received
