
================================================================
======== txAdmin Starting - 7/17/2022, 1:00:19 PM               
================================================================
[1:17:22 PM] txAdmin: Logger started
[1:42:09 PM] txAdmin: Logger started
[1:55:14 PM] txAdmin: Logger started
[1:55:28 PM] [Fyb7k#1] trist: joined with identifiers [license:628dc61d93a30424ed1d0dfd1349167666993687; xbl:2535440257277580; live:914798168668122; fivem:1734549; license2:628dc61d93a30424ed1d0dfd1349167666993687]
[1:56:13 PM] [Fyb7k#1] trist: said "tx"
[1:56:44 PM] [Fyb7k#1] trist: enabled god mode
[1:56:54 PM] [Fyb7k#1] trist: spawned a vehicle (model: issi5)
[2:07:23 PM] [Fyb7k#1] trist: disconnected (Server shutting down: SIGHUP received)

================================================================
======== txAdmin Starting - 7/17/2022, 2:16:48 PM               
================================================================
[2:16:51 PM] txAdmin: Logger started
[3:12:48 PM] txAdmin: Logger started
[3:29:14 PM] txAdmin: Logger started
[3:40:17 PM] txAdmin: Logger started
[3:49:05 PM] txAdmin: Logger started
[4:06:08 PM] txAdmin: Logger started
[4:31:04 PM] txAdmin: Logger started
[4:31:29 PM] [6kThD#1] trist: joined with identifiers [license:628dc61d93a30424ed1d0dfd1349167666993687; xbl:2535440257277580; live:914798168668122; fivem:1734549; license2:628dc61d93a30424ed1d0dfd1349167666993687]
[4:32:01 PM] [6kThD#1] trist: disconnected (Disconnected.)

================================================================
======== txAdmin Starting - 7/17/2022, 5:54:27 PM               
================================================================
[5:54:30 PM] txAdmin: Logger started
[7:08:08 PM] txAdmin: Logger started
