
================================================================
======== Log Rotated - 7/29/2022, 12:00:00 AM                   
================================================================
[7:15:48 AM] txAdmin: Logger started
[7:16:04 AM] [9yFXh#1] gunnsiK: joined with identifiers [steam:110000141fbd95a; license:628dc61d93a30424ed1d0dfd1349167666993687; xbl:2535440257277580; live:914798168668122; discord:825590084870471730; fivem:1734549; license2:628dc61d93a30424ed1d0dfd1349167666993687]
[7:18:04 AM] [9yFXh#1] gunnsiK: teleported to a waypoint
[7:24:17 AM] [9yFXh#1] gunnsiK: disconnected (Server shutting down: Server restarting (Tristen_Rodriguez).)
[7:24:25 AM] txAdmin: Logger started
[7:25:31 AM] [afFRH#1] gunnsiK: joined with identifiers [steam:110000141fbd95a; license:628dc61d93a30424ed1d0dfd1349167666993687; xbl:2535440257277580; live:914798168668122; discord:825590084870471730; fivem:1734549; license2:628dc61d93a30424ed1d0dfd1349167666993687]
[7:28:21 AM] [afFRH#1] gunnsiK: disconnected (Server shutting down: Server restarting (Tristen_Rodriguez).)
[7:28:29 AM] txAdmin: Logger started
[7:28:55 AM] [37Mqd#1] gunnsiK: joined with identifiers [steam:110000141fbd95a; license:628dc61d93a30424ed1d0dfd1349167666993687; xbl:2535440257277580; live:914798168668122; discord:825590084870471730; fivem:1734549; license2:628dc61d93a30424ed1d0dfd1349167666993687]
[7:31:50 AM] [37Mqd#1] gunnsiK: disconnected (Exiting)
[7:32:46 AM] txAdmin: Logger started

================================================================
======== txAdmin Starting - 7/29/2022, 7:59:01 AM               
================================================================
[7:59:06 AM] txAdmin: Logger started
[8:00:31 AM] txAdmin: Logger started
[8:02:18 AM] [DVXqF#1] gunnsiK: joined with identifiers [steam:110000141fbd95a; license:628dc61d93a30424ed1d0dfd1349167666993687; xbl:2535440257277580; live:914798168668122; discord:825590084870471730; fivem:1734549; license2:628dc61d93a30424ed1d0dfd1349167666993687]
[8:03:25 AM] [DVXqF#1] gunnsiK: disconnected (Exiting)
[8:04:13 AM] txAdmin: Logger started
[8:06:04 AM] txAdmin: Logger started
[8:07:02 AM] txAdmin: Logger started
[8:08:42 AM] txAdmin: Logger started
[8:09:24 AM] txAdmin: Logger started
