
================================================================
======== Log Rotated - 7/28/2022, 12:00:00 AM                   
================================================================

================================================================
======== txAdmin Starting - 7/28/2022, 6:24:55 AM               
================================================================
[6:25:03 AM] txAdmin: Logger started
[6:26:36 AM] [6JcLf#1] gunnsiK: joined with identifiers [steam:110000141fbd95a; license:628dc61d93a30424ed1d0dfd1349167666993687; xbl:2535440257277580; live:914798168668122; discord:825590084870471730; fivem:1734549; license2:628dc61d93a30424ed1d0dfd1349167666993687]
[6:27:34 AM] [6JcLf#1] gunnsiK: teleported to a waypoint
[6:31:49 AM] [6JcLf#1] gunnsiK: disconnected (Exiting)
[6:32:21 AM] txAdmin: Logger started
[6:32:46 AM] [Ht9DU#1] gunnsiK: joined with identifiers [steam:110000141fbd95a; license:628dc61d93a30424ed1d0dfd1349167666993687; xbl:2535440257277580; live:914798168668122; discord:825590084870471730; fivem:1734549; license2:628dc61d93a30424ed1d0dfd1349167666993687]
[6:50:17 AM] [Ht9DU#1] gunnsiK: disconnected (Server shutting down: Server restarting (Tristen_Rodriguez).)
[6:50:31 AM] txAdmin: Logger started
[6:50:47 AM] [anbMp#1] gunnsiK: joined with identifiers [steam:110000141fbd95a; license:628dc61d93a30424ed1d0dfd1349167666993687; xbl:2535440257277580; live:914798168668122; discord:825590084870471730; fivem:1734549; license2:628dc61d93a30424ed1d0dfd1349167666993687]
[6:51:21 AM] [anbMp#1] gunnsiK: teleported to a waypoint
[7:10:06 AM] [anbMp#1] gunnsiK: disconnected (Exiting)
[8:41:14 AM] txAdmin: Logger started
[8:41:49 AM] txAdmin: Logger started
[9:00:43 AM] [cHxWA#1] Young Ace: joined with identifiers [license:6fe86f782b48d558b27a9a4e163d54cae806aba6; xbl:2533274829899171; live:985156248450191; discord:803069931209097217; fivem:7634620; license2:6fe86f782b48d558b27a9a4e163d54cae806aba6]
[9:02:07 AM] [cHxWA#1] Young Ace: disconnected (Exiting)
[9:02:22 AM] [cHxWA#2] Young Ace: joined with identifiers [license:6fe86f782b48d558b27a9a4e163d54cae806aba6; xbl:2533274829899171; live:985156248450191; discord:803069931209097217; fivem:7634620; license2:6fe86f782b48d558b27a9a4e163d54cae806aba6]
[9:06:47 AM] txAdmin: Logger started
[9:07:02 AM] [4PmjM#1] Young Ace: joined with identifiers [license:6fe86f782b48d558b27a9a4e163d54cae806aba6; xbl:2533274829899171; live:985156248450191; discord:803069931209097217; fivem:7634620; license2:6fe86f782b48d558b27a9a4e163d54cae806aba6]
[9:08:29 AM] [4PmjM#1] Young Ace: disconnected (Exiting)
[9:08:42 AM] [4PmjM#2] Young Ace: joined with identifiers [license:6fe86f782b48d558b27a9a4e163d54cae806aba6; xbl:2533274829899171; live:985156248450191; discord:803069931209097217; fivem:7634620; license2:6fe86f782b48d558b27a9a4e163d54cae806aba6]
[9:12:32 AM] [4PmjM#2] Young Ace: disconnected (Exiting)
[9:12:53 AM] [4PmjM#3] Young Ace: joined with identifiers [license:6fe86f782b48d558b27a9a4e163d54cae806aba6; xbl:2533274829899171; live:985156248450191; discord:803069931209097217; fivem:7634620; license2:6fe86f782b48d558b27a9a4e163d54cae806aba6]
[9:28:19 AM] [4PmjM#3] Young Ace: disconnected (Server shutting down: Server restarting (Tristen_Rodriguez).)
[9:28:28 AM] txAdmin: Logger started
[9:28:44 AM] [4H86y#1] Young Ace: joined with identifiers [license:6fe86f782b48d558b27a9a4e163d54cae806aba6; xbl:2533274829899171; live:985156248450191; discord:803069931209097217; fivem:7634620; license2:6fe86f782b48d558b27a9a4e163d54cae806aba6]
[9:34:37 AM] [4H86y#1] Young Ace: died from suicide (Pistol)
[9:37:40 AM] [4H86y#1] Young Ace: disconnected (Exiting)
[9:38:06 AM] [4H86y#2] Young Ace: joined with identifiers [license:6fe86f782b48d558b27a9a4e163d54cae806aba6; xbl:2533274829899171; live:985156248450191; discord:803069931209097217; fivem:7634620; license2:6fe86f782b48d558b27a9a4e163d54cae806aba6]
[9:38:33 AM] [4H86y#2] Young Ace: died from suicide (Falling)
[9:46:01 AM] [4H86y#2] Young Ace: disconnected (Exiting)
[10:14:08 AM] txAdmin: Logger started
[10:21:55 AM] txAdmin: Logger started
[10:26:25 AM] [gRtgy#1] Young Ace: joined with identifiers [steam:110000142ab66e3; license:6fe86f782b48d558b27a9a4e163d54cae806aba6; xbl:2533274829899171; live:985156248450191; discord:803069931209097217; fivem:7634620; license2:6fe86f782b48d558b27a9a4e163d54cae806aba6]
[10:26:53 AM] [gRtgy#1] Young Ace: died from suicide (Falling)
[10:27:16 AM] [gRtgy#1] Young Ace: disconnected (Exiting)
[10:27:34 AM] [gRtgy#2] Young Ace: joined with identifiers [steam:110000142ab66e3; license:6fe86f782b48d558b27a9a4e163d54cae806aba6; xbl:2533274829899171; live:985156248450191; discord:803069931209097217; fivem:7634620; license2:6fe86f782b48d558b27a9a4e163d54cae806aba6]
[10:28:11 AM] txAdmin: Logger started
[10:28:32 AM] [WBUTd#1] Young Ace: joined with identifiers [steam:110000142ab66e3; license:6fe86f782b48d558b27a9a4e163d54cae806aba6; xbl:2533274829899171; live:985156248450191; discord:803069931209097217; fivem:7634620; license2:6fe86f782b48d558b27a9a4e163d54cae806aba6]
[10:29:49 AM] [WBUTd#1] Young Ace: disconnected (Exiting)
[10:30:03 AM] [WBUTd#2] Young Ace: joined with identifiers [steam:110000142ab66e3; license:6fe86f782b48d558b27a9a4e163d54cae806aba6; xbl:2533274829899171; live:985156248450191; discord:803069931209097217; fivem:7634620; license2:6fe86f782b48d558b27a9a4e163d54cae806aba6]
[10:30:28 AM] [WBUTd#2] Young Ace: died from suicide (Falling)
[10:31:41 AM] [WBUTd#2] Young Ace: disconnected (Server->client connection timed out. Last seen 30797 msec ago.)
[10:37:33 AM] [WBUTd#3] Young Ace: joined with identifiers [steam:110000142ab66e3; license:6fe86f782b48d558b27a9a4e163d54cae806aba6; xbl:2533274829899171; live:985156248450191; discord:803069931209097217; fivem:7634620; license2:6fe86f782b48d558b27a9a4e163d54cae806aba6]
[10:54:01 AM] [WBUTd#3] Young Ace: disconnected (Exiting)
[11:21:50 AM] [WBUTd#4] Young Ace: joined with identifiers [steam:110000142ab66e3; license:6fe86f782b48d558b27a9a4e163d54cae806aba6; xbl:2533274829899171; live:985156248450191; discord:803069931209097217; fivem:7634620; license2:6fe86f782b48d558b27a9a4e163d54cae806aba6]
[11:44:21 AM] [WBUTd#4] Young Ace: died from suicide (Fist)
[11:46:44 AM] [WBUTd#5] gunnsiK: joined with identifiers [steam:110000141fbd95a; license:628dc61d93a30424ed1d0dfd1349167666993687; xbl:2535440257277580; live:914798168668122; discord:825590084870471730; fivem:1734549; license2:628dc61d93a30424ed1d0dfd1349167666993687]
[11:49:38 AM] [WBUTd#5] gunnsiK: teleported to a waypoint
[11:58:09 AM] [WBUTd#5] gunnsiK: disconnected (Exiting)
[12:02:50 PM] [WBUTd#4] Young Ace: disconnected (Exiting)
[12:08:34 PM] txAdmin: Logger started
[12:12:39 PM] txAdmin: Logger started
