
================================================================
======== txAdmin Starting - 7/19/2022, 12:25:19 PM              
================================================================

================================================================
======== Log Rotated - 7/19/2022, 12:25:20 PM                   
================================================================
[12:25:23 PM] txAdmin: Logger started
[12:29:02 PM] [a3xCB#1] trist: joined with identifiers [license:628dc61d93a30424ed1d0dfd1349167666993687; xbl:2535440257277580; live:914798168668122; discord:825590084870471730; fivem:1734549; license2:628dc61d93a30424ed1d0dfd1349167666993687]
[12:29:39 PM] [a3xCB#1] trist: disconnected (Exiting)

================================================================
======== txAdmin Starting - 7/19/2022, 12:57:46 PM              
================================================================
[12:57:49 PM] txAdmin: Logger started

================================================================
======== txAdmin Starting - 7/19/2022, 1:23:13 PM               
================================================================
[1:23:16 PM] txAdmin: Logger started

================================================================
======== txAdmin Starting - 7/19/2022, 1:45:27 PM               
================================================================
[1:45:30 PM] txAdmin: Logger started

================================================================
======== txAdmin Starting - 7/19/2022, 1:52:57 PM               
================================================================
[1:53:00 PM] txAdmin: Logger started

================================================================
======== txAdmin Starting - 7/19/2022, 2:09:02 PM               
================================================================

================================================================
======== txAdmin Starting - 7/19/2022, 2:22:44 PM               
================================================================
[2:22:47 PM] txAdmin: Logger started

================================================================
======== txAdmin Starting - 7/19/2022, 2:39:03 PM               
================================================================
[2:39:06 PM] txAdmin: Logger started

================================================================
======== txAdmin Starting - 7/19/2022, 2:51:15 PM               
================================================================
[2:51:18 PM] txAdmin: Logger started

================================================================
======== txAdmin Starting - 7/19/2022, 2:54:07 PM               
================================================================
[2:54:11 PM] txAdmin: Logger started
[3:05:03 PM] [EX8py#1] gunnsiK: joined with identifiers [steam:110000141fbd95a; license:628dc61d93a30424ed1d0dfd1349167666993687; xbl:2535440257277580; live:914798168668122; discord:825590084870471730; fivem:1734549; license2:628dc61d93a30424ed1d0dfd1349167666993687]
[3:05:42 PM] [EX8py#1] gunnsiK: disconnected (Exiting)

================================================================
======== txAdmin Starting - 7/19/2022, 3:18:08 PM               
================================================================

================================================================
======== txAdmin Starting - 7/19/2022, 3:19:46 PM               
================================================================
[3:19:50 PM] txAdmin: Logger started

================================================================
======== txAdmin Starting - 7/19/2022, 3:54:36 PM               
================================================================
[3:54:40 PM] txAdmin: Logger started
[3:55:26 PM] [r4BD4#1] gunnsiK: joined with identifiers [steam:110000141fbd95a; license:628dc61d93a30424ed1d0dfd1349167666993687; xbl:2535440257277580; live:914798168668122; discord:825590084870471730; fivem:1734549; license2:628dc61d93a30424ed1d0dfd1349167666993687]
[3:56:01 PM] [r4BD4#1] gunnsiK: disconnected (Disconnected.)
[3:56:26 PM] [r4BD4#2] gunnsiK: joined with identifiers [steam:110000141fbd95a; license:628dc61d93a30424ed1d0dfd1349167666993687; xbl:2535440257277580; live:914798168668122; discord:825590084870471730; fivem:1734549; license2:628dc61d93a30424ed1d0dfd1349167666993687]
[3:56:55 PM] [r4BD4#2] gunnsiK: disconnected (Exiting)

================================================================
======== txAdmin Starting - 7/19/2022, 4:17:03 PM               
================================================================
[4:17:05 PM] txAdmin: Logger started
[4:17:33 PM] [mmm6P#1] gunnsiK: joined with identifiers [steam:110000141fbd95a; license:628dc61d93a30424ed1d0dfd1349167666993687; xbl:2535440257277580; live:914798168668122; discord:825590084870471730; fivem:1734549; license2:628dc61d93a30424ed1d0dfd1349167666993687]
[4:19:26 PM] [mmm6P#1] gunnsiK: disconnected (Exiting)
[5:18:57 PM] txAdmin: Logger started

================================================================
======== txAdmin Starting - 7/19/2022, 5:49:55 PM               
================================================================
[5:49:58 PM] txAdmin: Logger started
[5:51:15 PM] [hqYzU#1] gunnsiK: joined with identifiers [steam:110000141fbd95a; license:628dc61d93a30424ed1d0dfd1349167666993687; xbl:2535440257277580; live:914798168668122; discord:825590084870471730; fivem:1734549; license2:628dc61d93a30424ed1d0dfd1349167666993687]
[5:51:55 PM] [hqYzU#1] gunnsiK: disconnected (Exiting)

================================================================
======== txAdmin Starting - 7/19/2022, 6:10:59 PM               
================================================================
[6:11:02 PM] txAdmin: Logger started

================================================================
======== txAdmin Starting - 7/19/2022, 6:15:48 PM               
================================================================
[6:15:51 PM] txAdmin: Logger started
[6:17:26 PM] [yayK4#1] gunnsiK: joined with identifiers [steam:110000141fbd95a; license:628dc61d93a30424ed1d0dfd1349167666993687; xbl:2535440257277580; live:914798168668122; discord:825590084870471730; fivem:1734549; license2:628dc61d93a30424ed1d0dfd1349167666993687]
[6:17:40 PM] [yayK4#1] gunnsiK: said "/exit"
[6:17:50 PM] [yayK4#1] gunnsiK: disconnected (Disconnected.)
[6:26:06 PM] [yayK4#2] 12109: joined with identifiers [license:1489f7e5c635214b4c632b15dcce3a540d78da63; live:844425935631261; fivem:2372467; license2:1489f7e5c635214b4c632b15dcce3a540d78da63]
[6:26:37 PM] [yayK4#3] gunnsiK: joined with identifiers [steam:110000141fbd95a; license:628dc61d93a30424ed1d0dfd1349167666993687; xbl:2535440257277580; live:914798168668122; discord:825590084870471730; fivem:1734549; license2:628dc61d93a30424ed1d0dfd1349167666993687]
[6:27:41 PM] [yayK4#3] gunnsiK: disconnected (Exiting)
[6:27:48 PM] [yayK4#2] 12109: disconnected (Server shutting down: SIGHUP received)

================================================================
======== txAdmin Starting - 7/19/2022, 8:01:11 PM               
================================================================
[8:01:14 PM] txAdmin: Logger started
[8:01:34 PM] [g6CKj#1] gunnsiK: joined with identifiers [steam:110000141fbd95a; license:628dc61d93a30424ed1d0dfd1349167666993687; xbl:2535440257277580; live:914798168668122; discord:825590084870471730; fivem:1734549; license2:628dc61d93a30424ed1d0dfd1349167666993687]
[8:03:05 PM] [g6CKj#1] gunnsiK: disconnected (Exiting)
[8:14:23 PM] txAdmin: Logger started
[8:14:46 PM] [dazBe#1] gunnsiK: joined with identifiers [steam:110000141fbd95a; license:628dc61d93a30424ed1d0dfd1349167666993687; xbl:2535440257277580; live:914798168668122; discord:825590084870471730; fivem:1734549; license2:628dc61d93a30424ed1d0dfd1349167666993687]
[8:15:18 PM] [dazBe#1] gunnsiK: spawned a vehicle (model: sc1)
[8:16:30 PM] [dazBe#1] gunnsiK: disconnected (Exiting)
