
================================================================
======== txAdmin Starting - 8/7/2022, 12:00:54 AM               
================================================================

================================================================
======== Log Rotated - 8/7/2022, 12:00:54 AM                    
================================================================
[12:01:01 AM] txAdmin: Logger started
[12:01:27 AM] [QFQaM#1] trist: joined with identifiers [license:628dc61d93a30424ed1d0dfd1349167666993687; xbl:2535440257277580; live:914798168668122; discord:825590084870471730; fivem:1734549; license2:628dc61d93a30424ed1d0dfd1349167666993687]
[12:07:29 AM] [QFQaM#2] Ace: joined with identifiers [steam:110000142ab66e3; license:6fe86f782b48d558b27a9a4e163d54cae806aba6; xbl:2533274829899171; live:985156248450191; discord:803069931209097217; fivem:7634620; license2:6fe86f782b48d558b27a9a4e163d54cae806aba6]
[12:11:20 AM] [QFQaM#2] Ace: died from suicide (Falling)
[12:11:37 AM] [QFQaM#1] trist: disconnected (Game crashed: Ran out of rage::netGameEvent pool space.)
[12:12:07 AM] [QFQaM#3] trist: joined with identifiers [license:628dc61d93a30424ed1d0dfd1349167666993687; xbl:2535440257277580; live:914798168668122; discord:825590084870471730; fivem:1734549; license2:628dc61d93a30424ed1d0dfd1349167666993687]
[12:20:44 AM] [QFQaM#3] trist: teleported to a waypoint
[12:22:32 AM] [QFQaM#3] trist: said "/carlock"
[12:22:43 AM] [QFQaM#2] Ace: said "/carlock"
[12:22:54 AM] [QFQaM#2] Ace: said "/carlock"
[12:23:05 AM] [QFQaM#2] Ace: said "/carlock"
[12:24:54 AM] [QFQaM#2] Ace: disconnected (Server shutting down: Server restarting (Tristen_Rodriguez).)
[12:24:54 AM] [QFQaM#3] trist: disconnected (Server shutting down: Server restarting (Tristen_Rodriguez).)
[12:25:04 AM] txAdmin: Logger started
[12:25:19 AM] [eG4hL#1] Ace: joined with identifiers [steam:110000142ab66e3; license:6fe86f782b48d558b27a9a4e163d54cae806aba6; xbl:2533274829899171; live:985156248450191; discord:803069931209097217; fivem:7634620; license2:6fe86f782b48d558b27a9a4e163d54cae806aba6]
[12:25:20 AM] [eG4hL#2] trist: joined with identifiers [license:628dc61d93a30424ed1d0dfd1349167666993687; xbl:2535440257277580; live:914798168668122; discord:825590084870471730; fivem:1734549; license2:628dc61d93a30424ed1d0dfd1349167666993687]
[12:26:03 AM] [eG4hL#2] trist: teleported to a waypoint
[12:28:59 AM] [eG4hL#1] Ace: disconnected (Server shutting down: Server restarting (Tristen_Rodriguez).)
[12:28:59 AM] [eG4hL#2] trist: disconnected (Server shutting down: Server restarting (Tristen_Rodriguez).)
[12:29:08 AM] txAdmin: Logger started
[12:29:24 AM] [EbKBq#1] trist: joined with identifiers [license:628dc61d93a30424ed1d0dfd1349167666993687; xbl:2535440257277580; live:914798168668122; discord:825590084870471730; fivem:1734549; license2:628dc61d93a30424ed1d0dfd1349167666993687]
[12:29:24 AM] [EbKBq#2] Ace: joined with identifiers [steam:110000142ab66e3; license:6fe86f782b48d558b27a9a4e163d54cae806aba6; xbl:2533274829899171; live:985156248450191; discord:803069931209097217; fivem:7634620; license2:6fe86f782b48d558b27a9a4e163d54cae806aba6]
[12:30:20 AM] [EbKBq#1] trist: teleported to a waypoint
[12:30:40 AM] [EbKBq#1] trist: teleported to a waypoint
[12:34:34 AM] [EbKBq#1] trist: teleported to a waypoint
[12:35:19 AM] [EbKBq#1] trist: teleported to a waypoint
[12:37:09 AM] [EbKBq#2] Ace: disconnected (Server shutting down: Server restarting (Tristen_Rodriguez).)
[12:37:09 AM] [EbKBq#1] trist: disconnected (Server shutting down: Server restarting (Tristen_Rodriguez).)
[12:37:18 AM] txAdmin: Logger started
[12:37:35 AM] [t3tat#1] trist: joined with identifiers [license:628dc61d93a30424ed1d0dfd1349167666993687; xbl:2535440257277580; live:914798168668122; discord:825590084870471730; fivem:1734549; license2:628dc61d93a30424ed1d0dfd1349167666993687]
[12:38:01 AM] [t3tat#2] Ace: joined with identifiers [steam:110000142ab66e3; license:6fe86f782b48d558b27a9a4e163d54cae806aba6; xbl:2533274829899171; live:985156248450191; discord:803069931209097217; fivem:7634620; license2:6fe86f782b48d558b27a9a4e163d54cae806aba6]
[12:48:40 AM] [t3tat#2] Ace: said "/drop"
[12:50:55 AM] [t3tat#2] Ace: said "/t"
[12:52:01 AM] txAdmin: Logger started
[12:52:18 AM] [VPYDT#1] trist: joined with identifiers [license:628dc61d93a30424ed1d0dfd1349167666993687; xbl:2535440257277580; live:914798168668122; discord:825590084870471730; fivem:1734549; license2:628dc61d93a30424ed1d0dfd1349167666993687]
[12:52:20 AM] [VPYDT#2] Ace: joined with identifiers [steam:110000142ab66e3; license:6fe86f782b48d558b27a9a4e163d54cae806aba6; xbl:2533274829899171; live:985156248450191; discord:803069931209097217; fivem:7634620; license2:6fe86f782b48d558b27a9a4e163d54cae806aba6]
[12:54:49 AM] [VPYDT#1] trist: spawned a vehicle (model: adder)
[12:58:21 AM] [VPYDT#2] Ace: died from suicide (Falling)
[1:02:05 AM] [VPYDT#1] trist: said "/rob"
[1:04:37 AM] [VPYDT#2] Ace: died from Pistol by trist
[1:05:52 AM] [VPYDT#1] trist: disconnected (Exiting)
[1:06:19 AM] [VPYDT#2] Ace: disconnected (Exiting)
[1:24:49 AM] [VPYDT#3] 12109: joined with identifiers [license:1489f7e5c635214b4c632b15dcce3a540d78da63; live:844425935631261; discord:836843200140148776; fivem:2372467; license2:1489f7e5c635214b4c632b15dcce3a540d78da63]
[1:27:35 AM] [VPYDT#4] trist: joined with identifiers [license:628dc61d93a30424ed1d0dfd1349167666993687; xbl:2535440257277580; live:914798168668122; discord:825590084870471730; fivem:1734549; license2:628dc61d93a30424ed1d0dfd1349167666993687]
[1:29:10 AM] [VPYDT#4] trist: summoned player [#3] 12109
[1:29:11 AM] [VPYDT#4] trist: died from suicide
[1:31:13 AM] [VPYDT#4] trist: said "/takehostag"
[1:33:22 AM] [VPYDT#3] 12109: died from suicide (Falling)
[1:55:12 AM] [VPYDT#4] trist: teleported to a waypoint
[2:01:18 AM] [VPYDT#4] trist: enabled god mode
[2:02:21 AM] [VPYDT#4] trist: disconnected (Exiting)
[2:02:43 AM] [VPYDT#5] trist: joined with identifiers [license:628dc61d93a30424ed1d0dfd1349167666993687; xbl:2535440257277580; live:914798168668122; discord:825590084870471730; fivem:1734549; license2:628dc61d93a30424ed1d0dfd1349167666993687]
[2:08:17 AM] [VPYDT#5] trist: died from suicide (Pistol)
[2:18:32 AM] [VPYDT#3] 12109: died from Stungun by trist
[2:19:00 AM] [VPYDT#5] trist: died from Fist by 12109
[2:22:28 AM] [VPYDT#5] trist: spawned a vehicle (model: adder)
[2:22:34 AM] [VPYDT#5] trist: spawned a vehicle (model: caddy)
[2:22:39 AM] [VPYDT#5] trist: spawned a vehicle (model: trophytruck)
[2:23:45 AM] [VPYDT#5] trist: spawned a vehicle (model: apc)
[2:24:37 AM] [VPYDT#5] trist: spawned a vehicle (model: rhino)
[2:24:48 AM] [VPYDT#5] trist: caused an explosion (CAR)
[2:24:54 AM] [VPYDT#5] trist: caused an explosion (CAR)
[2:25:00 AM] [VPYDT#5] trist: caused an explosion (CAR)
[2:25:01 AM] [VPYDT#5] trist: caused an explosion (CAR)
[2:25:09 AM] [VPYDT#5] trist: caused an explosion (CAR)
[2:25:16 AM] [VPYDT#5] trist: caused an explosion (CAR)
[2:25:20 AM] [VPYDT#5] trist: caused an explosion (CAR)
[2:26:01 AM] [VPYDT#5] trist: died from suicide (Fire)
[2:27:47 AM] [VPYDT#5] trist: spawned a vehicle (model: chernobog)
[2:28:13 AM] [VPYDT#5] trist: enabled god mode
[2:29:48 AM] [VPYDT#5] trist: spawned a vehicle (model: duster)
[2:30:10 AM] [VPYDT#5] trist: spawned a vehicle (model: titan)
[2:30:12 AM] [VPYDT#5] trist: caused an explosion (PLANE)
[2:30:12 AM] [VPYDT#5] trist: caused an explosion (PLANE)
[2:30:12 AM] [VPYDT#5] trist: caused an explosion (PLANE)
[2:30:12 AM] [VPYDT#5] trist: caused an explosion (PLANE)
[2:30:13 AM] [VPYDT#5] trist: caused an explosion (PLANE)
[2:30:39 AM] [VPYDT#5] trist: teleported to a waypoint
[2:30:53 AM] [VPYDT#6] Charles Motherfucker: joined with identifiers [steam:11000013c5d5ef3; license:4eb58b52e2184fce93ebccb5c464cf852f05503d; xbl:2535434523928392; live:914798830097337; discord:681152957504684096; fivem:7593646; license2:1dae71af55c9b84adb84501d3f2125dfa6b19d49]
[2:30:55 AM] [VPYDT#5] trist: spawned a vehicle (model: titan)
[2:31:05 AM] [VPYDT#6] Charles Motherfucker: disconnected (Disconnected.)
[2:31:58 AM] [VPYDT#5] trist: caused an explosion (PLANE)
[2:31:58 AM] [VPYDT#5] trist: caused an explosion (PLANE)
[2:31:58 AM] [VPYDT#5] trist: caused an explosion (PLANE)
[2:31:58 AM] [VPYDT#5] trist: caused an explosion (PLANE)
[2:35:11 AM] [VPYDT#5] trist: teleported to a waypoint
[2:35:11 AM] [VPYDT#5] trist: teleported to a waypoint
[2:36:13 AM] [VPYDT#5] trist: enabled noclip
[2:36:14 AM] [VPYDT#5] trist: became mortal (standard mode)
[2:44:21 AM] [VPYDT#5] trist: disconnected (Exiting)
[2:44:50 AM] [VPYDT#3] 12109: disconnected (Exiting)

================================================================
======== txAdmin Starting - 8/7/2022, 1:20:18 PM                
================================================================
[1:20:26 PM] txAdmin: Logger started
[1:21:31 PM] [8BBAz#1] trist: joined with identifiers [license:628dc61d93a30424ed1d0dfd1349167666993687; xbl:2535440257277580; live:914798168668122; discord:825590084870471730; fivem:1734549; license2:628dc61d93a30424ed1d0dfd1349167666993687]
[1:22:18 PM] [8BBAz#1] trist: enabled noclip
[1:22:19 PM] [8BBAz#1] trist: became mortal (standard mode)
[1:22:23 PM] [8BBAz#1] trist: teleported to a waypoint
[1:24:43 PM] [8BBAz#1] trist: teleported to a waypoint
[1:25:55 PM] [8BBAz#1] trist: teleported to a waypoint
[1:26:28 PM] [8BBAz#1] trist: spawned a vehicle (model: adder)
[1:27:22 PM] [8BBAz#1] trist: teleported to a waypoint
[1:52:13 PM] txAdmin: Logger started
[1:52:34 PM] [ActAj#1] trist: joined with identifiers [license:628dc61d93a30424ed1d0dfd1349167666993687; xbl:2535440257277580; live:914798168668122; discord:825590084870471730; fivem:1734549; license2:628dc61d93a30424ed1d0dfd1349167666993687]
[1:53:49 PM] [ActAj#1] trist: teleported to a waypoint
[1:54:22 PM] [ActAj#1] trist: teleported to a waypoint
[1:56:53 PM] [ActAj#1] trist: teleported to a waypoint
[1:57:17 PM] [ActAj#1] trist: teleported to a waypoint
[2:13:16 PM] txAdmin: Logger started
[2:13:45 PM] [ewCR9#1] trist: joined with identifiers [license:628dc61d93a30424ed1d0dfd1349167666993687; xbl:2535440257277580; live:914798168668122; discord:825590084870471730; fivem:1734549; license2:628dc61d93a30424ed1d0dfd1349167666993687]
[2:15:08 PM] [ewCR9#1] trist: disconnected (Server shutting down: Server restarting (Tristen_Rodriguez).)
[2:15:16 PM] txAdmin: Logger started
[2:15:33 PM] [tXEja#1] trist: joined with identifiers [license:628dc61d93a30424ed1d0dfd1349167666993687; xbl:2535440257277580; live:914798168668122; discord:825590084870471730; fivem:1734549; license2:628dc61d93a30424ed1d0dfd1349167666993687]
[2:40:15 PM] [tXEja#1] trist: said "tx"
[2:40:19 PM] [tXEja#1] trist: teleported to a waypoint
[2:44:55 PM] [tXEja#1] trist: teleported to a waypoint
[3:03:44 PM] [tXEja#1] trist: disconnected (Exiting)
[3:04:06 PM] txAdmin: Logger started
[3:04:49 PM] [DGdrV#1] trist: joined with identifiers [license:628dc61d93a30424ed1d0dfd1349167666993687; xbl:2535440257277580; live:914798168668122; discord:825590084870471730; fivem:1734549; license2:628dc61d93a30424ed1d0dfd1349167666993687]
[3:05:23 PM] [DGdrV#1] trist: teleported to a waypoint
[3:25:50 PM] txAdmin: Logger started
[3:51:05 PM] [arYqK#1] trist: joined with identifiers [license:628dc61d93a30424ed1d0dfd1349167666993687; xbl:2535440257277580; live:914798168668122; discord:825590084870471730; fivem:1734549; license2:628dc61d93a30424ed1d0dfd1349167666993687]
[3:59:23 PM] [arYqK#1] trist: disconnected (Exiting)
[3:59:42 PM] [arYqK#2] trist: joined with identifiers [license:628dc61d93a30424ed1d0dfd1349167666993687; xbl:2535440257277580; live:914798168668122; discord:825590084870471730; fivem:1734549; license2:628dc61d93a30424ed1d0dfd1349167666993687]
[4:21:28 PM] txAdmin: Logger started
[4:21:40 PM] [URBPF#1] trist: joined with identifiers [license:628dc61d93a30424ed1d0dfd1349167666993687; xbl:2535440257277580; live:914798168668122; discord:825590084870471730; fivem:1734549; license2:628dc61d93a30424ed1d0dfd1349167666993687]
[4:22:35 PM] [URBPF#1] trist: teleported to a waypoint
[4:37:04 PM] [URBPF#2] 12109: joined with identifiers [license:1489f7e5c635214b4c632b15dcce3a540d78da63; live:844425935631261; fivem:2372467; license2:1489f7e5c635214b4c632b15dcce3a540d78da63]
[4:39:54 PM] [URBPF#1] trist: teleported to a waypoint
[4:40:57 PM] [URBPF#1] trist: teleported to a waypoint
[4:41:16 PM] [URBPF#1] trist: teleported to a waypoint
[4:46:32 PM] [URBPF#2] 12109: disconnected (Exiting)
[5:04:40 PM] [URBPF#1] trist: disconnected (Exiting)
[5:06:13 PM] [URBPF#3] Eddy_Galapagos: joined with identifiers [steam:1100001046b0419; license:35c7810a0f67b382c1b40b8fcacbfd9d60e393c9; xbl:2533274894145646; live:985156417703726; discord:533928210962972673; fivem:2246200; license2:35c7810a0f67b382c1b40b8fcacbfd9d60e393c9]
[5:06:46 PM] [URBPF#4] trist: joined with identifiers [license:628dc61d93a30424ed1d0dfd1349167666993687; xbl:2535440257277580; live:914798168668122; discord:825590084870471730; fivem:1734549; license2:628dc61d93a30424ed1d0dfd1349167666993687]
[5:10:34 PM] [URBPF#4] trist: teleported to a waypoint
[5:12:06 PM] [URBPF#4] trist: teleported to a waypoint
[5:13:28 PM] [URBPF#4] trist: teleported to a waypoint
[5:15:48 PM] [URBPF#4] trist: teleported to a waypoint
[5:16:15 PM] [URBPF#5] Ace: joined with identifiers [steam:110000142ab66e3; license:6fe86f782b48d558b27a9a4e163d54cae806aba6; xbl:2533274829899171; live:985156248450191; discord:803069931209097217; fivem:7634620; license2:6fe86f782b48d558b27a9a4e163d54cae806aba6]
[5:20:23 PM] [URBPF#3] Eddy_Galapagos: said "/lock"
[5:39:18 PM] [URBPF#3] Eddy_Galapagos: disconnected (Exiting)
[5:48:25 PM] [URBPF#5] Ace: disconnected (Disconnected.)
[6:20:45 PM] [URBPF#4] trist: disconnected (Server shutting down: Server restarting (Tristen_Rodriguez).)
[6:21:01 PM] txAdmin: Logger started
[6:21:11 PM] [me79g#1] trist: joined with identifiers [license:628dc61d93a30424ed1d0dfd1349167666993687; xbl:2535440257277580; live:914798168668122; discord:825590084870471730; fivem:1734549; license2:628dc61d93a30424ed1d0dfd1349167666993687]
[6:21:49 PM] [me79g#1] trist: teleported to a waypoint
[6:26:11 PM] [me79g#1] trist: died from suicide (Falling)
[6:44:27 PM] [me79g#1] trist: disconnected (Server shutting down: Server restarting (Tristen_Rodriguez).)
[6:44:43 PM] txAdmin: Logger started
[6:45:01 PM] [HL4yr#1] trist: joined with identifiers [license:628dc61d93a30424ed1d0dfd1349167666993687; xbl:2535440257277580; live:914798168668122; discord:825590084870471730; fivem:1734549; license2:628dc61d93a30424ed1d0dfd1349167666993687]
[6:55:56 PM] txAdmin: Logger started
[6:57:59 PM] txAdmin: Logger started
[6:58:02 PM] [8XkkN#1] trist: joined with identifiers [license:628dc61d93a30424ed1d0dfd1349167666993687; xbl:2535440257277580; live:914798168668122; discord:825590084870471730; fivem:1734549; license2:628dc61d93a30424ed1d0dfd1349167666993687]
[6:58:28 PM] [8XkkN#1] trist: disconnected (Game crashed: Invalid pgRawStreamer call - fileName == NULL.)
[6:59:05 PM] txAdmin: Logger started
[6:59:24 PM] [iAxy9#1] trist: joined with identifiers [license:628dc61d93a30424ed1d0dfd1349167666993687; xbl:2535440257277580; live:914798168668122; discord:825590084870471730; fivem:1734549; license2:628dc61d93a30424ed1d0dfd1349167666993687]
[7:10:42 PM] [iAxy9#2] Ace: joined with identifiers [steam:110000142ab66e3; license:6fe86f782b48d558b27a9a4e163d54cae806aba6; xbl:2533274829899171; live:985156248450191; discord:803069931209097217; fivem:7634620; license2:6fe86f782b48d558b27a9a4e163d54cae806aba6]
[7:24:20 PM] [iAxy9#1] trist: died from suicide (Falling)
[7:32:12 PM] [iAxy9#1] trist: teleported to a waypoint
[7:45:10 PM] [iAxy9#2] Ace: disconnected (Game crashed: Ran out of rage::netGameEvent pool space.)
[7:45:44 PM] [iAxy9#3] Ace: joined with identifiers [steam:110000142ab66e3; license:6fe86f782b48d558b27a9a4e163d54cae806aba6; xbl:2533274829899171; live:985156248450191; discord:803069931209097217; fivem:7634620; license2:6fe86f782b48d558b27a9a4e163d54cae806aba6]
[7:46:11 PM] txAdmin: Logger started
[7:46:20 PM] [8za3L#1] trist: joined with identifiers [license:628dc61d93a30424ed1d0dfd1349167666993687; xbl:2535440257277580; live:914798168668122; discord:825590084870471730; fivem:1734549; license2:628dc61d93a30424ed1d0dfd1349167666993687]
[7:54:27 PM] [8za3L#1] trist: disconnected (Server shutting down: Server restarting (Tristen_Rodriguez).)
[7:54:36 PM] txAdmin: Logger started
[7:54:52 PM] [XiydH#1] trist: joined with identifiers [license:628dc61d93a30424ed1d0dfd1349167666993687; xbl:2535440257277580; live:914798168668122; discord:825590084870471730; fivem:1734549; license2:628dc61d93a30424ed1d0dfd1349167666993687]
[8:01:27 PM] [XiydH#1] trist: disconnected (Exiting)
