
================================================================
======== txAdmin Starting - 8/11/2022, 8:47:37 PM               
================================================================

================================================================
======== Log Rotated - 8/11/2022, 8:47:37 PM                    
================================================================
[8:47:49 PM] txAdmin: Logger started
[8:48:31 PM] [AHFVw#1] trist: joined with identifiers [license:628dc61d93a30424ed1d0dfd1349167666993687; xbl:2535440257277580; live:914798168668122; discord:825590084870471730; fivem:1734549; license2:628dc61d93a30424ed1d0dfd1349167666993687]
[8:49:34 PM] [AHFVw#1] trist: died from suicide (Falling)
[8:53:37 PM] [AHFVw#1] trist: teleported to a waypoint
[9:03:06 PM] txAdmin: Logger started
[9:03:27 PM] [YtkA6#1] trist: joined with identifiers [license:628dc61d93a30424ed1d0dfd1349167666993687; xbl:2535440257277580; live:914798168668122; discord:825590084870471730; fivem:1734549; license2:628dc61d93a30424ed1d0dfd1349167666993687]
[9:54:27 PM] [YtkA6#2] oriet: joined with identifiers [license:6fe86f782b48d558b27a9a4e163d54cae806aba6; xbl:2533274829899171; live:985156248450191; discord:803069931209097217; fivem:7634620; license2:6fe86f782b48d558b27a9a4e163d54cae806aba6]
[9:56:31 PM] [YtkA6#1] trist: disconnected (Server shutting down: Server restarting (Tristen_Rodriguez).)
[9:56:31 PM] [YtkA6#2] oriet: disconnected (Server shutting down: Server restarting (Tristen_Rodriguez).)
[9:56:40 PM] txAdmin: Logger started
[9:57:37 PM] [7cwzk#1] oriet: joined with identifiers [license:6fe86f782b48d558b27a9a4e163d54cae806aba6; xbl:2533274829899171; live:985156248450191; discord:803069931209097217; fivem:7634620; license2:6fe86f782b48d558b27a9a4e163d54cae806aba6]
[9:58:10 PM] [7cwzk#2] trist: joined with identifiers [license:628dc61d93a30424ed1d0dfd1349167666993687; xbl:2535440257277580; live:914798168668122; discord:825590084870471730; fivem:1734549; license2:628dc61d93a30424ed1d0dfd1349167666993687]
[10:03:42 PM] [7cwzk#2] trist: teleported to a waypoint
[10:04:06 PM] [7cwzk#2] trist: teleported to a waypoint
[10:04:57 PM] [7cwzk#1] oriet: disconnected (Disconnected.)
[10:09:49 PM] [7cwzk#2] trist: disconnected (Exiting)
