
================================================================
======== txAdmin Starting - 7/27/2022, 11:36:29 AM              
================================================================

================================================================
======== Log Rotated - 7/27/2022, 11:36:29 AM                   
================================================================
[11:36:32 AM] txAdmin: Logger started
[11:37:32 AM] [DEmGe#1] gunnsiK: joined with identifiers [steam:110000141fbd95a; license:628dc61d93a30424ed1d0dfd1349167666993687; xbl:2535440257277580; live:914798168668122; discord:825590084870471730; fivem:1734549; license2:628dc61d93a30424ed1d0dfd1349167666993687]
[11:48:13 AM] [DEmGe#1] gunnsiK: teleported to a waypoint
[11:48:58 AM] [DEmGe#1] gunnsiK: teleported to a waypoint
[11:56:00 AM] [DEmGe#1] gunnsiK: disconnected (Exiting)
[1:37:13 PM] [DEmGe#2] Ace: joined with identifiers [steam:110000142ab66e3; license:6fe86f782b48d558b27a9a4e163d54cae806aba6; xbl:2533274829899171; live:985156248450191; discord:803069931209097217; fivem:7634620; license2:6fe86f782b48d558b27a9a4e163d54cae806aba6]
[1:41:45 PM] [DEmGe#2] Ace: disconnected (Exiting)
[1:41:57 PM] [DEmGe#3] Ace: joined with identifiers [steam:110000142ab66e3; license:6fe86f782b48d558b27a9a4e163d54cae806aba6; xbl:2533274829899171; live:985156248450191; discord:803069931209097217; fivem:7634620; license2:6fe86f782b48d558b27a9a4e163d54cae806aba6]
[1:43:09 PM] [DEmGe#3] Ace: disconnected (Server shutting down: Server restarting (Tristen_Rodriguez).)
[1:43:14 PM] txAdmin: Logger started
[1:43:32 PM] [CnJW4#1] Ace: joined with identifiers [steam:110000142ab66e3; license:6fe86f782b48d558b27a9a4e163d54cae806aba6; xbl:2533274829899171; live:985156248450191; discord:803069931209097217; fivem:7634620; license2:6fe86f782b48d558b27a9a4e163d54cae806aba6]
[1:44:32 PM] [CnJW4#2] gunnsiK: joined with identifiers [steam:110000141fbd95a; license:628dc61d93a30424ed1d0dfd1349167666993687; xbl:2535440257277580; live:914798168668122; discord:825590084870471730; fivem:1734549; license2:628dc61d93a30424ed1d0dfd1349167666993687]
[1:46:05 PM] [CnJW4#1] Ace: disconnected (Exiting)
[1:46:33 PM] [CnJW4#3] Ace: joined with identifiers [steam:110000142ab66e3; license:6fe86f782b48d558b27a9a4e163d54cae806aba6; xbl:2533274829899171; live:985156248450191; discord:803069931209097217; fivem:7634620; license2:6fe86f782b48d558b27a9a4e163d54cae806aba6]
[1:47:24 PM] [CnJW4#2] gunnsiK: disconnected (Exiting)
[1:47:36 PM] [CnJW4#3] Ace: disconnected (Server shutting down: Server restarting (Tristen_Rodriguez).)
[1:47:41 PM] txAdmin: Logger started
[1:47:59 PM] [GWiec#1] Ace: joined with identifiers [steam:110000142ab66e3; license:6fe86f782b48d558b27a9a4e163d54cae806aba6; xbl:2533274829899171; live:985156248450191; discord:803069931209097217; fivem:7634620; license2:6fe86f782b48d558b27a9a4e163d54cae806aba6]
[1:54:44 PM] [GWiec#2] gunnsiK: joined with identifiers [steam:110000141fbd95a; license:628dc61d93a30424ed1d0dfd1349167666993687; xbl:2535440257277580; live:914798168668122; discord:825590084870471730; fivem:1734549; license2:628dc61d93a30424ed1d0dfd1349167666993687]
[1:55:52 PM] [GWiec#2] gunnsiK: teleported to a waypoint
[2:01:14 PM] [GWiec#2] gunnsiK: teleported to a waypoint
[2:01:14 PM] [GWiec#2] gunnsiK: teleported to a waypoint
[2:05:20 PM] [GWiec#2] gunnsiK: spawned a vehicle (model: adder)
[2:06:38 PM] txAdmin: Logger started
[2:06:54 PM] [DgBDL#1] Ace: joined with identifiers [steam:110000142ab66e3; license:6fe86f782b48d558b27a9a4e163d54cae806aba6; xbl:2533274829899171; live:985156248450191; discord:803069931209097217; fivem:7634620; license2:6fe86f782b48d558b27a9a4e163d54cae806aba6]
[2:07:02 PM] [DgBDL#2] gunnsiK: joined with identifiers [steam:110000141fbd95a; license:628dc61d93a30424ed1d0dfd1349167666993687; xbl:2535440257277580; live:914798168668122; discord:825590084870471730; fivem:1734549; license2:628dc61d93a30424ed1d0dfd1349167666993687]
[2:07:31 PM] [DgBDL#2] gunnsiK: spawned a vehicle (model: adder)
[2:10:38 PM] [DgBDL#2] gunnsiK: teleported to a waypoint
[2:10:46 PM] [DgBDL#2] gunnsiK: spawned a vehicle (model: adder)
[2:11:26 PM] [DgBDL#2] gunnsiK: teleported to a waypoint
[2:36:32 PM] [DgBDL#2] gunnsiK: died from suicide (Falling)
[3:42:15 PM] [DgBDL#2] gunnsiK: disconnected (Exiting)
[3:48:59 PM] [DgBDL#1] Ace: disconnected (Exiting)
[4:22:17 PM] txAdmin: Logger started
[4:22:38 PM] [qFwj4#1] gunnsiK: joined with identifiers [steam:110000141fbd95a; license:628dc61d93a30424ed1d0dfd1349167666993687; xbl:2535440257277580; live:914798168668122; discord:825590084870471730; fivem:1734549; license2:628dc61d93a30424ed1d0dfd1349167666993687]
[4:23:29 PM] [qFwj4#1] gunnsiK: teleported to a waypoint
[4:23:56 PM] [qFwj4#1] gunnsiK: teleported to a waypoint
[4:35:38 PM] [qFwj4#1] gunnsiK: disconnected (Server shutting down: Server restarting (Tristen_Rodriguez).)
[4:35:53 PM] txAdmin: Logger started
[4:36:15 PM] txAdmin: Logger started
[4:36:22 PM] [V8Mnc#1] gunnsiK: joined with identifiers [steam:110000141fbd95a; license:628dc61d93a30424ed1d0dfd1349167666993687; xbl:2535440257277580; live:914798168668122; discord:825590084870471730; fivem:1734549; license2:628dc61d93a30424ed1d0dfd1349167666993687]
[4:36:35 PM] [V8Mnc#1] gunnsiK: disconnected (Server shutting down: Server restarting (Tristen_Rodriguez).)
[4:36:43 PM] txAdmin: Logger started
[4:38:02 PM] txAdmin: Logger started
[4:39:00 PM] [FgKyt#1] gunnsiK: joined with identifiers [steam:110000141fbd95a; license:628dc61d93a30424ed1d0dfd1349167666993687; xbl:2535440257277580; live:914798168668122; discord:825590084870471730; fivem:1734549; license2:628dc61d93a30424ed1d0dfd1349167666993687]
[4:43:04 PM] [FgKyt#1] gunnsiK: teleported to a waypoint
[4:43:04 PM] [FgKyt#1] gunnsiK: teleported to a waypoint
[4:43:15 PM] [FgKyt#1] gunnsiK: teleported to a waypoint
[4:44:13 PM] [FgKyt#1] gunnsiK: disconnected (Exiting)
[4:58:54 PM] txAdmin: Logger started
[4:59:22 PM] [Tzhcp#1] gunnsiK: joined with identifiers [steam:110000141fbd95a; license:628dc61d93a30424ed1d0dfd1349167666993687; xbl:2535440257277580; live:914798168668122; discord:825590084870471730; fivem:1734549; license2:628dc61d93a30424ed1d0dfd1349167666993687]
[5:00:17 PM] [Tzhcp#1] gunnsiK: teleported to a waypoint
[5:01:32 PM] [Tzhcp#1] gunnsiK: disconnected (Exiting)

================================================================
======== txAdmin Starting - 7/27/2022, 7:20:43 PM               
================================================================
[7:20:51 PM] txAdmin: Logger started
[7:22:25 PM] [YERaM#1] gunnsiK: joined with identifiers [steam:110000141fbd95a; license:628dc61d93a30424ed1d0dfd1349167666993687; xbl:2535440257277580; live:914798168668122; discord:825590084870471730; fivem:1734549; license2:628dc61d93a30424ed1d0dfd1349167666993687]
[7:24:37 PM] [YERaM#1] gunnsiK: teleported to a waypoint
[7:25:29 PM] [YERaM#1] gunnsiK: disconnected (Exiting)
[7:28:47 PM] txAdmin: Logger started
[7:29:03 PM] [ge9TM#1] gunnsiK: joined with identifiers [steam:110000141fbd95a; license:628dc61d93a30424ed1d0dfd1349167666993687; xbl:2535440257277580; live:914798168668122; discord:825590084870471730; fivem:1734549; license2:628dc61d93a30424ed1d0dfd1349167666993687]
[7:33:52 PM] [ge9TM#1] gunnsiK: disconnected (Exiting)
[7:34:09 PM] txAdmin: Logger started
[7:36:32 PM] txAdmin: Logger started
[7:37:15 PM] [dWB7e#1] gunnsiK: joined with identifiers [steam:110000141fbd95a; license:628dc61d93a30424ed1d0dfd1349167666993687; xbl:2535440257277580; live:914798168668122; discord:825590084870471730; fivem:1734549; license2:628dc61d93a30424ed1d0dfd1349167666993687]
[7:38:57 PM] [dWB7e#1] gunnsiK: teleported to a waypoint
[7:41:18 PM] [dWB7e#1] gunnsiK: disconnected (Server shutting down: Server restarting (Tristen_Rodriguez).)
[7:41:32 PM] txAdmin: Logger started
[7:41:52 PM] [9ynmC#1] gunnsiK: joined with identifiers [steam:110000141fbd95a; license:628dc61d93a30424ed1d0dfd1349167666993687; xbl:2535440257277580; live:914798168668122; discord:825590084870471730; fivem:1734549; license2:628dc61d93a30424ed1d0dfd1349167666993687]
[7:42:39 PM] [9ynmC#1] gunnsiK: teleported to a waypoint
[7:44:58 PM] txAdmin: Logger started
[7:45:27 PM] [iUCVr#1] gunnsiK: joined with identifiers [steam:110000141fbd95a; license:628dc61d93a30424ed1d0dfd1349167666993687; xbl:2535440257277580; live:914798168668122; discord:825590084870471730; fivem:1734549; license2:628dc61d93a30424ed1d0dfd1349167666993687]
[7:48:26 PM] [iUCVr#1] gunnsiK: died from suicide (Falling)
[7:48:42 PM] [iUCVr#1] gunnsiK: healed themself
[7:50:05 PM] txAdmin: Logger started
[7:50:24 PM] [mcx3t#1] gunnsiK: joined with identifiers [steam:110000141fbd95a; license:628dc61d93a30424ed1d0dfd1349167666993687; xbl:2535440257277580; live:914798168668122; discord:825590084870471730; fivem:1734549; license2:628dc61d93a30424ed1d0dfd1349167666993687]
[7:56:14 PM] [mcx3t#1] gunnsiK: teleported to a waypoint
[8:00:14 PM] [mcx3t#1] gunnsiK: disconnected (Exiting)
[8:00:26 PM] txAdmin: Logger started
[8:01:24 PM] [N7kN7#1] gunnsiK: joined with identifiers [steam:110000141fbd95a; license:628dc61d93a30424ed1d0dfd1349167666993687; xbl:2535440257277580; live:914798168668122; discord:825590084870471730; fivem:1734549; license2:628dc61d93a30424ed1d0dfd1349167666993687]
[8:04:33 PM] [N7kN7#1] gunnsiK: disconnected (Exiting)
[8:04:47 PM] txAdmin: Logger started
[8:05:01 PM] txAdmin: Logger started
[8:05:48 PM] [XRD6d#1] gunnsiK: joined with identifiers [steam:110000141fbd95a; license:628dc61d93a30424ed1d0dfd1349167666993687; xbl:2535440257277580; live:914798168668122; discord:825590084870471730; fivem:1734549; license2:628dc61d93a30424ed1d0dfd1349167666993687]
[8:20:02 PM] [XRD6d#1] gunnsiK: teleported to a waypoint
[8:22:37 PM] [XRD6d#1] gunnsiK: disconnected (Server shutting down: Server restarting (Tristen_Rodriguez).)
[8:22:50 PM] txAdmin: Logger started
[8:23:06 PM] [4JGDY#1] gunnsiK: joined with identifiers [steam:110000141fbd95a; license:628dc61d93a30424ed1d0dfd1349167666993687; xbl:2535440257277580; live:914798168668122; discord:825590084870471730; fivem:1734549; license2:628dc61d93a30424ed1d0dfd1349167666993687]
[8:25:17 PM] txAdmin: Logger started
[8:25:32 PM] [nVgE8#1] gunnsiK: joined with identifiers [steam:110000141fbd95a; license:628dc61d93a30424ed1d0dfd1349167666993687; xbl:2535440257277580; live:914798168668122; discord:825590084870471730; fivem:1734549; license2:628dc61d93a30424ed1d0dfd1349167666993687]
[8:27:18 PM] txAdmin: Logger started
[8:29:55 PM] [V7PfJ#1] gunnsiK: joined with identifiers [steam:110000141fbd95a; license:628dc61d93a30424ed1d0dfd1349167666993687; xbl:2535440257277580; live:914798168668122; discord:825590084870471730; fivem:1734549; license2:628dc61d93a30424ed1d0dfd1349167666993687]
[8:47:07 PM] [V7PfJ#1] gunnsiK: disconnected (Server shutting down: Server restarting (Tristen_Rodriguez).)
[8:47:19 PM] txAdmin: Logger started
[8:47:36 PM] [tanJ8#1] gunnsiK: joined with identifiers [steam:110000141fbd95a; license:628dc61d93a30424ed1d0dfd1349167666993687; xbl:2535440257277580; live:914798168668122; discord:825590084870471730; fivem:1734549; license2:628dc61d93a30424ed1d0dfd1349167666993687]
[9:05:29 PM] txAdmin: Logger started
[9:05:51 PM] [rXcak#1] gunnsiK: joined with identifiers [steam:110000141fbd95a; license:628dc61d93a30424ed1d0dfd1349167666993687; xbl:2535440257277580; live:914798168668122; discord:825590084870471730; fivem:1734549; license2:628dc61d93a30424ed1d0dfd1349167666993687]
[9:16:27 PM] [rXcak#1] gunnsiK: disconnected (Server shutting down: Server restarting (Tristen_Rodriguez).)
[9:16:37 PM] txAdmin: Logger started
[9:17:04 PM] [hYpVn#1] gunnsiK: joined with identifiers [steam:110000141fbd95a; license:628dc61d93a30424ed1d0dfd1349167666993687; xbl:2535440257277580; live:914798168668122; discord:825590084870471730; fivem:1734549; license2:628dc61d93a30424ed1d0dfd1349167666993687]
[9:22:16 PM] txAdmin: Logger started
[9:23:16 PM] [4gNYi#1] gunnsiK: joined with identifiers [steam:110000141fbd95a; license:628dc61d93a30424ed1d0dfd1349167666993687; xbl:2535440257277580; live:914798168668122; discord:825590084870471730; fivem:1734549; license2:628dc61d93a30424ed1d0dfd1349167666993687]
[9:44:42 PM] [4gNYi#1] gunnsiK: disconnected (Exiting)
