
================================================================
======== txAdmin Starting - 7/23/2022, 9:07:13 AM               
================================================================

================================================================
======== Log Rotated - 7/23/2022, 9:07:14 AM                    
================================================================
[9:07:16 AM] txAdmin: Logger started
[9:16:16 AM] [wdFFr#1] gunnsiK: joined with identifiers [steam:110000141fbd95a; license:628dc61d93a30424ed1d0dfd1349167666993687; xbl:2535440257277580; live:914798168668122; discord:825590084870471730; fivem:1734549; license2:628dc61d93a30424ed1d0dfd1349167666993687]
[9:17:19 AM] [wdFFr#1] gunnsiK: disconnected (Exiting)
[9:21:26 AM] [wdFFr#2] Eddy_Galapagos: joined with identifiers [license:35c7810a0f67b382c1b40b8fcacbfd9d60e393c9; xbl:2533274894145646; live:985156417703726; discord:533928210962972673; fivem:2246200; license2:35c7810a0f67b382c1b40b8fcacbfd9d60e393c9]
[9:35:47 AM] [wdFFr#2] Eddy_Galapagos: said "I miss you TJ, I know you should be able to see this lol"
[9:36:47 AM] [wdFFr#3] easymoneylu: joined with identifiers [steam:110000142c1fcfc; license:fcf7687c739a0744481a29d4c71cbba9ec5cae64; xbl:2535472615004035; live:844428492441357; discord:741345247229116416; fivem:2549877; license2:036e90b4fe69bcc6cad0a290b3aac80944571a47]
[10:03:22 AM] [wdFFr#2] Eddy_Galapagos: died from suicide
[10:05:05 AM] [wdFFr#3] easymoneylu: died from suicide (Pistol)
[10:08:27 AM] [wdFFr#2] Eddy_Galapagos: died from suicide (Carbine Rifle)
[10:17:06 AM] [wdFFr#2] Eddy_Galapagos: disconnected (Server shutting down: Server restarting (Tristen_Rodriguez).)
[10:17:06 AM] [wdFFr#3] easymoneylu: disconnected (Server shutting down: Server restarting (Tristen_Rodriguez).)
[10:17:11 AM] txAdmin: Logger started
[10:18:34 AM] txAdmin: Logger started
[10:19:01 AM] [cJhiX#1] Eddy_Galapagos: joined with identifiers [license:35c7810a0f67b382c1b40b8fcacbfd9d60e393c9; xbl:2533274894145646; live:985156417703726; discord:533928210962972673; fivem:2246200; license2:35c7810a0f67b382c1b40b8fcacbfd9d60e393c9]
[10:19:21 AM] [cJhiX#1] Eddy_Galapagos: disconnected (Disconnected.)
[10:19:43 AM] txAdmin: Logger started
[10:20:35 AM] txAdmin: Logger started
[10:21:47 AM] txAdmin: Logger started
[10:22:19 AM] txAdmin: Logger started
[10:22:43 AM] txAdmin: Logger started
[10:23:34 AM] [qYEXj#1] easymoneylu: joined with identifiers [steam:110000142c1fcfc; license:fcf7687c739a0744481a29d4c71cbba9ec5cae64; xbl:2535472615004035; live:844428492441357; discord:741345247229116416; fivem:2549877; license2:036e90b4fe69bcc6cad0a290b3aac80944571a47]
[10:24:32 AM] [qYEXj#1] easymoneylu: said "/skin"
[10:25:55 AM] [qYEXj#2] Eddy_Galapagos: joined with identifiers [steam:1100001046b0419; license:35c7810a0f67b382c1b40b8fcacbfd9d60e393c9; xbl:2533274894145646; live:985156417703726; discord:533928210962972673; fivem:2246200; license2:35c7810a0f67b382c1b40b8fcacbfd9d60e393c9]
[10:27:19 AM] [qYEXj#2] Eddy_Galapagos: said "/skins"
[10:27:25 AM] [qYEXj#2] Eddy_Galapagos: said "/skin"
[10:27:53 AM] [qYEXj#2] Eddy_Galapagos: said "/skin"
[10:41:59 AM] [qYEXj#1] easymoneylu: disconnected (Exiting)

================================================================
======== txAdmin Starting - 7/23/2022, 10:51:12 AM              
================================================================
[10:51:15 AM] txAdmin: Logger started

================================================================
======== txAdmin Starting - 7/23/2022, 11:20:56 AM              
================================================================
[11:20:59 AM] txAdmin: Logger started
[11:22:38 AM] txAdmin: Logger started
[11:23:18 AM] txAdmin: Logger started
[11:25:02 AM] txAdmin: Logger started
[11:29:08 AM] txAdmin: Logger started
[11:33:21 AM] [M6RqV#1] gunnsiK: joined with identifiers [steam:110000141fbd95a; license:628dc61d93a30424ed1d0dfd1349167666993687; xbl:2535440257277580; live:914798168668122; discord:825590084870471730; fivem:1734549; license2:628dc61d93a30424ed1d0dfd1349167666993687]
[11:37:58 AM] [M6RqV#2] gunnsiK: joined with identifiers [steam:110000141fbd95a; license:628dc61d93a30424ed1d0dfd1349167666993687; xbl:2535440257277580; live:914798168668122; discord:825590084870471730; fivem:1734549; license2:628dc61d93a30424ed1d0dfd1349167666993687]
[11:38:00 AM] [M6RqV#1] gunnsiK: disconnected (Server->client connection timed out. Last seen 30587 msec ago.)
[11:43:17 AM] [M6RqV#2] gunnsiK: disconnected (Server shutting down: Server restarting (Tristen_Rodriguez).)
[11:43:23 AM] txAdmin: Logger started

================================================================
======== txAdmin Starting - 7/23/2022, 11:47:26 AM              
================================================================

================================================================
======== txAdmin Starting - 7/23/2022, 12:31:26 PM              
================================================================
[12:31:40 PM] txAdmin: Logger started
[12:48:22 PM] txAdmin: Logger started

================================================================
======== txAdmin Starting - 7/23/2022, 12:54:40 PM              
================================================================
[12:54:43 PM] txAdmin: Logger started

================================================================
======== txAdmin Starting - 7/23/2022, 12:57:01 PM              
================================================================
[12:57:04 PM] txAdmin: Logger started
[1:01:27 PM] [4WBAY#1] Eddy_Galapagos: joined with identifiers [steam:1100001046b0419; license:35c7810a0f67b382c1b40b8fcacbfd9d60e393c9; xbl:2533274894145646; live:985156417703726; discord:533928210962972673; fivem:2246200; license2:35c7810a0f67b382c1b40b8fcacbfd9d60e393c9]
[1:04:11 PM] txAdmin: Logger started
[1:05:09 PM] [FFnDK#1] Eddy_Galapagos: joined with identifiers [steam:1100001046b0419; license:35c7810a0f67b382c1b40b8fcacbfd9d60e393c9; xbl:2533274894145646; live:985156417703726; discord:533928210962972673; fivem:2246200; license2:35c7810a0f67b382c1b40b8fcacbfd9d60e393c9]
[1:05:37 PM] [FFnDK#1] Eddy_Galapagos: said "/skin"
[1:11:17 PM] txAdmin: Logger started
[1:11:49 PM] txAdmin: Logger started
[1:12:57 PM] [TRYBf#1] Eddy_Galapagos: joined with identifiers [steam:1100001046b0419; license:35c7810a0f67b382c1b40b8fcacbfd9d60e393c9; xbl:2533274894145646; live:985156417703726; discord:533928210962972673; fivem:2246200; license2:35c7810a0f67b382c1b40b8fcacbfd9d60e393c9]
[1:19:46 PM] [TRYBf#1] Eddy_Galapagos: said "//q"
[1:19:48 PM] [TRYBf#1] Eddy_Galapagos: disconnected (Exiting)

================================================================
======== txAdmin Starting - 7/23/2022, 1:46:41 PM               
================================================================
[1:46:45 PM] txAdmin: Logger started
[1:48:33 PM] txAdmin: Logger started
[1:48:59 PM] txAdmin: Logger started
[1:54:08 PM] txAdmin: Logger started
[2:01:28 PM] txAdmin: Logger started
[2:10:19 PM] txAdmin: Logger started
[2:14:33 PM] [TKXHK#1] gunnsiK: joined with identifiers [steam:110000141fbd95a; license:628dc61d93a30424ed1d0dfd1349167666993687; xbl:2535440257277580; live:914798168668122; discord:825590084870471730; fivem:1734549; license2:628dc61d93a30424ed1d0dfd1349167666993687]
[2:15:45 PM] [TKXHK#1] gunnsiK: disconnected (Exiting)

================================================================
======== txAdmin Starting - 7/23/2022, 2:47:07 PM               
================================================================
[2:47:10 PM] txAdmin: Logger started
[2:49:58 PM] [HaJP4#1] gunnsiK: joined with identifiers [steam:110000141fbd95a; license:628dc61d93a30424ed1d0dfd1349167666993687; xbl:2535440257277580; live:914798168668122; discord:825590084870471730; fivem:1734549; license2:628dc61d93a30424ed1d0dfd1349167666993687]
[2:50:55 PM] [HaJP4#1] gunnsiK: disconnected (Exiting)
[3:03:14 PM] txAdmin: Logger started
[3:03:48 PM] [xAwbQ#1] gunnsiK: joined with identifiers [steam:110000141fbd95a; license:628dc61d93a30424ed1d0dfd1349167666993687; xbl:2535440257277580; live:914798168668122; discord:825590084870471730; fivem:1734549; license2:628dc61d93a30424ed1d0dfd1349167666993687]
[3:06:36 PM] [xAwbQ#1] gunnsiK: disconnected (Server->client connection timed out. Last seen 33902 msec ago.)
[3:22:39 PM] txAdmin: Logger started
[3:28:48 PM] txAdmin: Logger started
[3:30:00 PM] [CdCEr#1] gunnsiK: joined with identifiers [steam:110000141fbd95a; license:628dc61d93a30424ed1d0dfd1349167666993687; xbl:2535440257277580; live:914798168668122; discord:825590084870471730; fivem:1734549; license2:628dc61d93a30424ed1d0dfd1349167666993687]
[3:36:47 PM] [CdCEr#1] gunnsiK: disconnected (Server shutting down: SIGHUP received)

================================================================
======== txAdmin Starting - 7/23/2022, 3:43:28 PM               
================================================================
[3:43:31 PM] txAdmin: Logger started
[3:44:07 PM] [pBtRt#1] gunnsiK: joined with identifiers [steam:110000141fbd95a; license:628dc61d93a30424ed1d0dfd1349167666993687; xbl:2535440257277580; live:914798168668122; discord:825590084870471730; fivem:1734549; license2:628dc61d93a30424ed1d0dfd1349167666993687]

================================================================
======== txAdmin Starting - 7/23/2022, 4:27:44 PM               
================================================================
[4:27:46 PM] txAdmin: Logger started

================================================================
======== txAdmin Starting - 7/23/2022, 4:41:34 PM               
================================================================
[4:41:37 PM] txAdmin: Logger started
[4:44:52 PM] txAdmin: Logger started
[4:47:07 PM] txAdmin: Logger started
[4:48:09 PM] txAdmin: Logger started
[4:55:06 PM] txAdmin: Logger started
[4:57:06 PM] txAdmin: Logger started
[4:58:08 PM] txAdmin: Logger started
[4:59:07 PM] txAdmin: Logger started
[5:00:29 PM] txAdmin: Logger started
[5:03:05 PM] txAdmin: Logger started
[5:03:34 PM] [T8DrJ#1] gunnsiK: joined with identifiers [steam:110000141fbd95a; license:628dc61d93a30424ed1d0dfd1349167666993687; xbl:2535440257277580; live:914798168668122; discord:825590084870471730; fivem:1734549; license2:628dc61d93a30424ed1d0dfd1349167666993687]
[5:05:20 PM] txAdmin: Logger started
[5:07:05 PM] txAdmin: Logger started
[5:07:48 PM] txAdmin: Logger started
[5:10:51 PM] txAdmin: Logger started

================================================================
======== txAdmin Starting - 7/23/2022, 5:14:42 PM               
================================================================
[5:14:45 PM] txAdmin: Logger started
[5:14:56 PM] [ecRFN#1] gunnsiK: joined with identifiers [steam:110000141fbd95a; license:628dc61d93a30424ed1d0dfd1349167666993687; xbl:2535440257277580; live:914798168668122; discord:825590084870471730; fivem:1734549; license2:628dc61d93a30424ed1d0dfd1349167666993687]
[5:16:38 PM] [ecRFN#1] gunnsiK: said "/skin"
[5:16:47 PM] [ecRFN#1] gunnsiK: said "/skinchanger"
[5:24:19 PM] [ecRFN#1] gunnsiK: disconnected (Server shutting down: SIGHUP received)

================================================================
======== txAdmin Starting - 7/23/2022, 5:25:49 PM               
================================================================
[5:25:52 PM] txAdmin: Logger started
[5:26:37 PM] txAdmin: Logger started
[5:27:17 PM] txAdmin: Logger started
[5:39:43 PM] txAdmin: Logger started
[5:42:45 PM] txAdmin: Logger started
[5:44:13 PM] txAdmin: Logger started
[5:44:31 PM] [eVpWT#1] gunnsiK: joined with identifiers [steam:110000141fbd95a; license:628dc61d93a30424ed1d0dfd1349167666993687; xbl:2535440257277580; live:914798168668122; discord:825590084870471730; fivem:1734549; license2:628dc61d93a30424ed1d0dfd1349167666993687]
[5:45:40 PM] txAdmin: Logger started
[5:46:01 PM] [TFMFB#1] gunnsiK: joined with identifiers [steam:110000141fbd95a; license:628dc61d93a30424ed1d0dfd1349167666993687; xbl:2535440257277580; live:914798168668122; discord:825590084870471730; fivem:1734549; license2:628dc61d93a30424ed1d0dfd1349167666993687]
[5:46:21 PM] [TFMFB#1] gunnsiK: disconnected (Server shutting down: Server restarting (Tristen_Rodriguez).)
[5:46:26 PM] txAdmin: Logger started
[5:47:19 PM] txAdmin: Logger started
[5:48:23 PM] txAdmin: Logger started
[5:48:41 PM] [XJWzP#1] gunnsiK: joined with identifiers [steam:110000141fbd95a; license:628dc61d93a30424ed1d0dfd1349167666993687; xbl:2535440257277580; live:914798168668122; discord:825590084870471730; fivem:1734549; license2:628dc61d93a30424ed1d0dfd1349167666993687]
[5:50:28 PM] [XJWzP#1] gunnsiK: disconnected (Server shutting down: Server restarting (Tristen_Rodriguez).)
[5:50:33 PM] txAdmin: Logger started
[5:50:49 PM] txAdmin: Logger started
[5:51:07 PM] [nKjpJ#1] gunnsiK: joined with identifiers [steam:110000141fbd95a; license:628dc61d93a30424ed1d0dfd1349167666993687; xbl:2535440257277580; live:914798168668122; discord:825590084870471730; fivem:1734549; license2:628dc61d93a30424ed1d0dfd1349167666993687]
[5:57:16 PM] txAdmin: Logger started
[6:00:30 PM] [tc7DA#1] gunnsiK: joined with identifiers [steam:110000141fbd95a; license:628dc61d93a30424ed1d0dfd1349167666993687; xbl:2535440257277580; live:914798168668122; discord:825590084870471730; fivem:1734549; license2:628dc61d93a30424ed1d0dfd1349167666993687]
[6:01:26 PM] txAdmin: Logger started
[6:01:48 PM] [eRUw3#1] gunnsiK: joined with identifiers [steam:110000141fbd95a; license:628dc61d93a30424ed1d0dfd1349167666993687; xbl:2535440257277580; live:914798168668122; discord:825590084870471730; fivem:1734549; license2:628dc61d93a30424ed1d0dfd1349167666993687]
[6:02:49 PM] txAdmin: Logger started
[6:03:27 PM] [FzKbd#1] gunnsiK: joined with identifiers [steam:110000141fbd95a; license:628dc61d93a30424ed1d0dfd1349167666993687; xbl:2535440257277580; live:914798168668122; discord:825590084870471730; fivem:1734549; license2:628dc61d93a30424ed1d0dfd1349167666993687]
[6:05:21 PM] txAdmin: Logger started
[6:05:42 PM] [qNhef#1] gunnsiK: joined with identifiers [steam:110000141fbd95a; license:628dc61d93a30424ed1d0dfd1349167666993687; xbl:2535440257277580; live:914798168668122; discord:825590084870471730; fivem:1734549; license2:628dc61d93a30424ed1d0dfd1349167666993687]
[6:15:11 PM] [qNhef#1] gunnsiK: disconnected (Server shutting down: SIGHUP received)

================================================================
======== txAdmin Starting - 7/23/2022, 7:49:46 PM               
================================================================
[7:49:49 PM] txAdmin: Logger started
[7:52:24 PM] [4TCeL#1] Eddy_Galapagos: joined with identifiers [steam:1100001046b0419; license:35c7810a0f67b382c1b40b8fcacbfd9d60e393c9; xbl:2533274894145646; live:985156417703726; discord:533928210962972673; fivem:2246200; license2:35c7810a0f67b382c1b40b8fcacbfd9d60e393c9]
[7:52:34 PM] [4TCeL#2] gunnsiK: joined with identifiers [steam:110000141fbd95a; license:628dc61d93a30424ed1d0dfd1349167666993687; xbl:2535440257277580; live:914798168668122; discord:825590084870471730; fivem:1734549; license2:628dc61d93a30424ed1d0dfd1349167666993687]
[7:54:47 PM] [4TCeL#1] Eddy_Galapagos: disconnected (Exiting)
[7:55:11 PM] [4TCeL#3] Eddy_Galapagos: joined with identifiers [steam:1100001046b0419; license:35c7810a0f67b382c1b40b8fcacbfd9d60e393c9; xbl:2533274894145646; live:985156417703726; discord:533928210962972673; fivem:2246200; license2:35c7810a0f67b382c1b40b8fcacbfd9d60e393c9]
[7:57:15 PM] [4TCeL#3] Eddy_Galapagos: died from suicide (Falling)
[7:58:19 PM] [4TCeL#3] Eddy_Galapagos: disconnected (Exiting)
[7:59:18 PM] [4TCeL#4] Eddy_Galapagos: joined with identifiers [steam:1100001046b0419; license:35c7810a0f67b382c1b40b8fcacbfd9d60e393c9; xbl:2533274894145646; live:985156417703726; discord:533928210962972673; fivem:2246200; license2:35c7810a0f67b382c1b40b8fcacbfd9d60e393c9]
[8:01:11 PM] [4TCeL#2] gunnsiK: triggered drunk effect on [#4] Eddy_Galapagos
[8:09:26 PM] txAdmin: Logger started
[8:10:17 PM] [wQkNw#1] Eddy_Galapagos: joined with identifiers [steam:1100001046b0419; license:35c7810a0f67b382c1b40b8fcacbfd9d60e393c9; xbl:2533274894145646; live:985156417703726; discord:533928210962972673; fivem:2246200; license2:35c7810a0f67b382c1b40b8fcacbfd9d60e393c9]
[8:11:19 PM] [wQkNw#2] gunnsiK: joined with identifiers [steam:110000141fbd95a; license:628dc61d93a30424ed1d0dfd1349167666993687; xbl:2535440257277580; live:914798168668122; discord:825590084870471730; fivem:1734549; license2:628dc61d93a30424ed1d0dfd1349167666993687]
[8:12:00 PM] [wQkNw#1] Eddy_Galapagos: spawned a vehicle (model: faggio)
[8:12:55 PM] [wQkNw#1] Eddy_Galapagos: teleported to player [??] unknown (x=-113.710, y=565.292, z=196.042)
[8:13:34 PM] [wQkNw#1] Eddy_Galapagos: teleported to player [??] unknown (x=-825.442, y=96.013, z=53.004)
[8:14:31 PM] [wQkNw#1] Eddy_Galapagos: said "Tell me a car you want me to spawn"
[8:15:52 PM] [wQkNw#1] Eddy_Galapagos: spawned a vehicle (model: sultan)
[8:15:58 PM] [wQkNw#1] Eddy_Galapagos: spawned a vehicle (model: sultanrs)
[8:17:50 PM] [wQkNw#1] Eddy_Galapagos: disconnected (Server shutting down: Server restarting (Tristen_Rodriguez).)
[8:17:50 PM] [wQkNw#2] gunnsiK: disconnected (Server shutting down: Server restarting (Tristen_Rodriguez).)
[8:17:55 PM] txAdmin: Logger started
[8:18:46 PM] txAdmin: Logger started
[8:19:46 PM] [QJ3dT#1] Eddy_Galapagos: joined with identifiers [steam:1100001046b0419; license:35c7810a0f67b382c1b40b8fcacbfd9d60e393c9; xbl:2533274894145646; live:985156417703726; discord:533928210962972673; fivem:2246200; license2:35c7810a0f67b382c1b40b8fcacbfd9d60e393c9]
[8:20:19 PM] [QJ3dT#2] gunnsiK: joined with identifiers [steam:110000141fbd95a; license:628dc61d93a30424ed1d0dfd1349167666993687; xbl:2535440257277580; live:914798168668122; discord:825590084870471730; fivem:1734549; license2:628dc61d93a30424ed1d0dfd1349167666993687]
[8:22:26 PM] [QJ3dT#1] Eddy_Galapagos: said "/buy"
[8:22:37 PM] [QJ3dT#1] Eddy_Galapagos: said "/gun"
[8:22:40 PM] [QJ3dT#1] Eddy_Galapagos: said "/b"
[8:22:48 PM] [QJ3dT#1] Eddy_Galapagos: disconnected (Server shutting down: Server restarting (Tristen_Rodriguez).)
[8:22:48 PM] [QJ3dT#2] gunnsiK: disconnected (Server shutting down: Server restarting (Tristen_Rodriguez).)
[8:22:53 PM] txAdmin: Logger started
[8:23:26 PM] [ADTNB#1] Eddy_Galapagos: joined with identifiers [steam:1100001046b0419; license:35c7810a0f67b382c1b40b8fcacbfd9d60e393c9; xbl:2533274894145646; live:985156417703726; discord:533928210962972673; fivem:2246200; license2:35c7810a0f67b382c1b40b8fcacbfd9d60e393c9]
[8:23:26 PM] [ADTNB#2] gunnsiK: joined with identifiers [steam:110000141fbd95a; license:628dc61d93a30424ed1d0dfd1349167666993687; xbl:2535440257277580; live:914798168668122; discord:825590084870471730; fivem:1734549; license2:628dc61d93a30424ed1d0dfd1349167666993687]
[8:25:02 PM] [ADTNB#2] gunnsiK: disconnected (Server->client connection timed out. Last seen 33956 msec ago.)
[8:25:30 PM] txAdmin: Logger started
[8:25:59 PM] [PfTHr#1] gunnsiK: joined with identifiers [steam:110000141fbd95a; license:628dc61d93a30424ed1d0dfd1349167666993687; xbl:2535440257277580; live:914798168668122; discord:825590084870471730; fivem:1734549; license2:628dc61d93a30424ed1d0dfd1349167666993687]
[8:26:10 PM] [PfTHr#2] Eddy_Galapagos: joined with identifiers [steam:1100001046b0419; license:35c7810a0f67b382c1b40b8fcacbfd9d60e393c9; xbl:2533274894145646; live:985156417703726; discord:533928210962972673; fivem:2246200; license2:35c7810a0f67b382c1b40b8fcacbfd9d60e393c9]
[8:26:52 PM] [PfTHr#1] gunnsiK: disconnected (Exiting)
[8:27:07 PM] [PfTHr#3] gunnsiK: joined with identifiers [steam:110000141fbd95a; license:628dc61d93a30424ed1d0dfd1349167666993687; xbl:2535440257277580; live:914798168668122; discord:825590084870471730; fivem:1734549; license2:628dc61d93a30424ed1d0dfd1349167666993687]
[8:34:21 PM] [PfTHr#3] gunnsiK: disconnected (Server shutting down: Server restarting (Tristen_Rodriguez).)
[8:34:21 PM] [PfTHr#2] Eddy_Galapagos: disconnected (Server shutting down: Server restarting (Tristen_Rodriguez).)
[8:34:27 PM] txAdmin: Logger started
[8:35:29 PM] [KQrmJ#1] Eddy_Galapagos: joined with identifiers [steam:1100001046b0419; license:35c7810a0f67b382c1b40b8fcacbfd9d60e393c9; xbl:2533274894145646; live:985156417703726; discord:533928210962972673; fivem:2246200; license2:35c7810a0f67b382c1b40b8fcacbfd9d60e393c9]
[8:35:37 PM] [KQrmJ#2] gunnsiK: joined with identifiers [steam:110000141fbd95a; license:628dc61d93a30424ed1d0dfd1349167666993687; xbl:2535440257277580; live:914798168668122; discord:825590084870471730; fivem:1734549; license2:628dc61d93a30424ed1d0dfd1349167666993687]
[8:37:02 PM] [KQrmJ#2] gunnsiK: disconnected (Exiting)
[8:37:05 PM] [KQrmJ#1] Eddy_Galapagos: disconnected (Server shutting down: Server restarting (Tristen_Rodriguez).)
[8:37:10 PM] txAdmin: Logger started
[8:38:09 PM] [wKqrJ#1] gunnsiK: joined with identifiers [steam:110000141fbd95a; license:628dc61d93a30424ed1d0dfd1349167666993687; xbl:2535440257277580; live:914798168668122; discord:825590084870471730; fivem:1734549; license2:628dc61d93a30424ed1d0dfd1349167666993687]
[8:38:20 PM] [wKqrJ#2] Eddy_Galapagos: joined with identifiers [steam:1100001046b0419; license:35c7810a0f67b382c1b40b8fcacbfd9d60e393c9; xbl:2533274894145646; live:985156417703726; discord:533928210962972673; fivem:2246200; license2:35c7810a0f67b382c1b40b8fcacbfd9d60e393c9]
[8:39:22 PM] [wKqrJ#1] gunnsiK: disconnected (Server shutting down: Server restarting (Tristen_Rodriguez).)
[8:39:22 PM] [wKqrJ#2] Eddy_Galapagos: disconnected (Server shutting down: Server restarting (Tristen_Rodriguez).)
[8:39:26 PM] txAdmin: Logger started
[8:40:05 PM] txAdmin: Logger started
[8:40:21 PM] txAdmin: Logger started
[8:40:40 PM] txAdmin: Logger started
[8:40:54 PM] txAdmin: Logger started
[8:41:05 PM] [mRi3R#1] Eddy_Galapagos: joined with identifiers [steam:1100001046b0419; license:35c7810a0f67b382c1b40b8fcacbfd9d60e393c9; xbl:2533274894145646; live:985156417703726; discord:533928210962972673; fivem:2246200; license2:35c7810a0f67b382c1b40b8fcacbfd9d60e393c9]
[8:41:56 PM] txAdmin: Logger started
[8:42:08 PM] [rwCee#1] gunnsiK: joined with identifiers [steam:110000141fbd95a; license:628dc61d93a30424ed1d0dfd1349167666993687; xbl:2535440257277580; live:914798168668122; discord:825590084870471730; fivem:1734549; license2:628dc61d93a30424ed1d0dfd1349167666993687]
[8:43:10 PM] [rwCee#2] Eddy_Galapagos: joined with identifiers [steam:1100001046b0419; license:35c7810a0f67b382c1b40b8fcacbfd9d60e393c9; xbl:2533274894145646; live:985156417703726; discord:533928210962972673; fivem:2246200; license2:35c7810a0f67b382c1b40b8fcacbfd9d60e393c9]
[8:45:58 PM] txAdmin: Logger started
[8:46:48 PM] [VnNzE#1] gunnsiK: joined with identifiers [steam:110000141fbd95a; license:628dc61d93a30424ed1d0dfd1349167666993687; xbl:2535440257277580; live:914798168668122; discord:825590084870471730; fivem:1734549; license2:628dc61d93a30424ed1d0dfd1349167666993687]
[8:50:51 PM] [VnNzE#2] Eddy_Galapagos: joined with identifiers [steam:1100001046b0419; license:35c7810a0f67b382c1b40b8fcacbfd9d60e393c9; xbl:2533274894145646; live:985156417703726; discord:533928210962972673; fivem:2246200; license2:35c7810a0f67b382c1b40b8fcacbfd9d60e393c9]
[8:51:43 PM] [VnNzE#2] Eddy_Galapagos: disconnected (Server->client connection timed out. Last seen 49787 msec ago.)
[8:52:04 PM] txAdmin: Logger started
[8:56:00 PM] [ntjbF#1] Eddy_Galapagos: joined with identifiers [license:35c7810a0f67b382c1b40b8fcacbfd9d60e393c9; xbl:2533274894145646; live:985156417703726; discord:533928210962972673; fivem:2246200; license2:35c7810a0f67b382c1b40b8fcacbfd9d60e393c9]
[8:57:21 PM] txAdmin: Logger started
[8:57:29 PM] [yeiKE#1] gunnsiK: joined with identifiers [steam:110000141fbd95a; license:628dc61d93a30424ed1d0dfd1349167666993687; xbl:2535440257277580; live:914798168668122; discord:825590084870471730; fivem:1734549; license2:628dc61d93a30424ed1d0dfd1349167666993687]
[9:01:57 PM] [yeiKE#2] Eddy_Galapagos: joined with identifiers [license:35c7810a0f67b382c1b40b8fcacbfd9d60e393c9; xbl:2533274894145646; live:985156417703726; discord:533928210962972673; fivem:2246200; license2:35c7810a0f67b382c1b40b8fcacbfd9d60e393c9]
[9:14:44 PM] [yeiKE#1] gunnsiK: summoned player [#2] Eddy_Galapagos
[9:15:25 PM] [yeiKE#1] gunnsiK: disconnected (Server shutting down: Server restarting (Tristen_Rodriguez).)
[9:15:25 PM] [yeiKE#2] Eddy_Galapagos: disconnected (Server shutting down: Server restarting (Tristen_Rodriguez).)
[9:15:30 PM] txAdmin: Logger started
[9:15:52 PM] [qNcRa#1] gunnsiK: joined with identifiers [steam:110000141fbd95a; license:628dc61d93a30424ed1d0dfd1349167666993687; xbl:2535440257277580; live:914798168668122; discord:825590084870471730; fivem:1734549; license2:628dc61d93a30424ed1d0dfd1349167666993687]
[9:24:42 PM] [qNcRa#1] gunnsiK: disconnected (Server shutting down: Server restarting (Tristen_Rodriguez).)
[9:24:48 PM] txAdmin: Logger started
[9:25:09 PM] [FBagX#1] gunnsiK: joined with identifiers [steam:110000141fbd95a; license:628dc61d93a30424ed1d0dfd1349167666993687; xbl:2535440257277580; live:914798168668122; discord:825590084870471730; fivem:1734549; license2:628dc61d93a30424ed1d0dfd1349167666993687]
[9:25:45 PM] [FBagX#2] Eddy_Galapagos: joined with identifiers [license:35c7810a0f67b382c1b40b8fcacbfd9d60e393c9; xbl:2533274894145646; live:985156417703726; discord:533928210962972673; fivem:2246200; license2:35c7810a0f67b382c1b40b8fcacbfd9d60e393c9]
[9:34:14 PM] [FBagX#1] gunnsiK: died from Ranover by Vehicle by Eddy_Galapagos
[9:34:31 PM] txAdmin: Logger started
[9:34:53 PM] [ewxPV#1] gunnsiK: joined with identifiers [steam:110000141fbd95a; license:628dc61d93a30424ed1d0dfd1349167666993687; xbl:2535440257277580; live:914798168668122; discord:825590084870471730; fivem:1734549; license2:628dc61d93a30424ed1d0dfd1349167666993687]
[9:35:21 PM] [ewxPV#2] Eddy_Galapagos: joined with identifiers [license:35c7810a0f67b382c1b40b8fcacbfd9d60e393c9; xbl:2533274894145646; live:985156417703726; discord:533928210962972673; fivem:2246200; license2:35c7810a0f67b382c1b40b8fcacbfd9d60e393c9]
[9:49:25 PM] [ewxPV#1] gunnsiK: died from Fist by Eddy_Galapagos
[9:52:03 PM] [ewxPV#2] Eddy_Galapagos: said "/bank"
[9:52:07 PM] [ewxPV#2] Eddy_Galapagos: said "/inv"
[10:13:23 PM] [ewxPV#3] 12109: joined with identifiers [license:1489f7e5c635214b4c632b15dcce3a540d78da63; live:844425935631261; fivem:2372467; license2:1489f7e5c635214b4c632b15dcce3a540d78da63]
[10:19:08 PM] [ewxPV#1] gunnsiK: healed themself
[10:19:15 PM] [ewxPV#1] gunnsiK: enabled god mode
[10:20:03 PM] [ewxPV#2] Eddy_Galapagos: died from Fist by gunnsiK
[10:20:12 PM] [ewxPV#1] gunnsiK: healed all players!
[10:28:01 PM] [ewxPV#2] Eddy_Galapagos: said "/exit"
[10:28:35 PM] [ewxPV#2] Eddy_Galapagos: disconnected (Disconnected.)
[10:30:04 PM] [ewxPV#4] Eddy_Galapagos: joined with identifiers [license:35c7810a0f67b382c1b40b8fcacbfd9d60e393c9; xbl:2533274894145646; live:985156417703726; discord:533928210962972673; fivem:2246200; license2:35c7810a0f67b382c1b40b8fcacbfd9d60e393c9]
[10:35:07 PM] [ewxPV#3] 12109: disconnected (Exiting)
[10:38:13 PM] [ewxPV#5] 12109: joined with identifiers [license:1489f7e5c635214b4c632b15dcce3a540d78da63; live:844425935631261; fivem:2372467; license2:1489f7e5c635214b4c632b15dcce3a540d78da63]
[10:39:41 PM] [ewxPV#4] Eddy_Galapagos: died from suicide (Fist)
[10:40:46 PM] [ewxPV#4] Eddy_Galapagos: said "/die"
[10:40:50 PM] [ewxPV#4] Eddy_Galapagos: said "/suicide"
[10:41:08 PM] [ewxPV#4] Eddy_Galapagos: disconnected (Disconnected.)
[10:42:40 PM] [ewxPV#1] gunnsiK: teleported to player [??] unknown (x=-160.787, y=602.360, z=200.996)
[10:54:43 PM] [ewxPV#1] gunnsiK: summoned player [#5] 12109
[10:55:25 PM] [ewxPV#1] gunnsiK: summoned player [#5] 12109
[10:55:37 PM] [ewxPV#1] gunnsiK: set [#5] 12109 on fire
[10:55:40 PM] [ewxPV#1] gunnsiK: healed player [#5] 12109
[10:55:42 PM] [ewxPV#1] gunnsiK: triggered wild attack on [#5] 12109
[10:55:45 PM] [ewxPV#5] 12109: died from suicide (Fire)
[10:55:54 PM] [ewxPV#1] gunnsiK: healed all players!
[10:56:03 PM] [ewxPV#1] gunnsiK: enabled noclip
[10:56:09 PM] [ewxPV#1] gunnsiK: became mortal (standard mode)
[10:56:59 PM] [ewxPV#1] gunnsiK: died from Fist by 12109
[10:57:14 PM] [ewxPV#1] gunnsiK: set [#5] 12109 on fire
[10:57:16 PM] [ewxPV#1] gunnsiK: triggered drunk effect on [#5] 12109
[10:57:18 PM] [ewxPV#5] 12109: died from Fire by gunnsiK
[10:57:21 PM] [ewxPV#1] gunnsiK: healed player [#5] 12109
[10:57:25 PM] [ewxPV#1] gunnsiK: healed player [#5] 12109
[10:57:35 PM] [ewxPV#1] gunnsiK: healed player [#1] gunnsiK
[10:57:59 PM] [ewxPV#1] gunnsiK: spawned a vehicle (model: buzzard2)
[10:59:13 PM] [ewxPV#1] gunnsiK: summoned player [#5] 12109
[11:01:37 PM] [ewxPV#1] gunnsiK: died from suicide (Vehicle Rotors)
[11:01:46 PM] [ewxPV#5] 12109: died from suicide
[11:01:46 PM] [ewxPV#5] 12109: caused an explosion (PLANE)
[11:01:55 PM] [ewxPV#1] gunnsiK: healed player [#1] gunnsiK
[11:01:57 PM] [ewxPV#1] gunnsiK: healed player [#5] 12109
[11:02:08 PM] [ewxPV#1] gunnsiK: summoned player [#5] 12109
[11:02:31 PM] [ewxPV#1] gunnsiK: healed themself
[11:02:32 PM] [ewxPV#1] gunnsiK: healed themself
[11:02:34 PM] [ewxPV#1] gunnsiK: healed themself
[11:02:36 PM] [ewxPV#1] gunnsiK: enabled god mode
[11:03:57 PM] [ewxPV#5] 12109: died from suicide (Falling)
[11:04:12 PM] [ewxPV#1] gunnsiK: healed player [#5] 12109
[11:34:34 PM] [ewxPV#5] 12109: disconnected (Server->client connection timed out. Last seen 34065 msec ago.)
[11:44:15 PM] txAdmin: Logger started
[11:51:22 PM] txAdmin: Logger started
[11:51:39 PM] [X3Jay#1] gunnsiK: joined with identifiers [steam:110000141fbd95a; license:628dc61d93a30424ed1d0dfd1349167666993687; xbl:2535440257277580; live:914798168668122; discord:825590084870471730; fivem:1734549; license2:628dc61d93a30424ed1d0dfd1349167666993687]
