
================================================================
======== Log Rotated - 7/24/2022, 12:00:00 AM                   
================================================================
[12:03:57 AM] txAdmin: Logger started
[12:05:38 AM] txAdmin: Logger started
[12:05:45 AM] [k6Afr#1] gunnsiK: joined with identifiers [steam:110000141fbd95a; license:628dc61d93a30424ed1d0dfd1349167666993687; xbl:2535440257277580; live:914798168668122; discord:825590084870471730; fivem:1734549; license2:628dc61d93a30424ed1d0dfd1349167666993687]
[12:16:36 AM] txAdmin: Logger started
[12:17:12 AM] [XgtKK#1] gunnsiK: joined with identifiers [steam:110000141fbd95a; license:628dc61d93a30424ed1d0dfd1349167666993687; xbl:2535440257277580; live:914798168668122; discord:825590084870471730; fivem:1734549; license2:628dc61d93a30424ed1d0dfd1349167666993687]
[12:18:37 AM] [XgtKK#1] gunnsiK: disconnected (Server shutting down: Server restarting (Tristen_Rodriguez).)
[12:18:42 AM] txAdmin: Logger started
[12:19:13 AM] [yxVL9#1] gunnsiK: joined with identifiers [steam:110000141fbd95a; license:628dc61d93a30424ed1d0dfd1349167666993687; xbl:2535440257277580; live:914798168668122; discord:825590084870471730; fivem:1734549; license2:628dc61d93a30424ed1d0dfd1349167666993687]
[12:19:39 AM] [yxVL9#1] gunnsiK: disconnected (Exiting)
[12:20:13 AM] [yxVL9#2] gunnsiK: joined with identifiers [steam:110000141fbd95a; license:628dc61d93a30424ed1d0dfd1349167666993687; xbl:2535440257277580; live:914798168668122; discord:825590084870471730; fivem:1734549; license2:628dc61d93a30424ed1d0dfd1349167666993687]
[12:21:00 AM] [yxVL9#2] gunnsiK: disconnected (Exiting)
[12:21:07 AM] txAdmin: Logger started
[12:21:34 AM] [W6gRB#1] gunnsiK: joined with identifiers [steam:110000141fbd95a; license:628dc61d93a30424ed1d0dfd1349167666993687; xbl:2535440257277580; live:914798168668122; discord:825590084870471730; fivem:1734549; license2:628dc61d93a30424ed1d0dfd1349167666993687]
[12:25:41 AM] txAdmin: Logger started
[12:25:58 AM] [9JFN8#1] gunnsiK: joined with identifiers [steam:110000141fbd95a; license:628dc61d93a30424ed1d0dfd1349167666993687; xbl:2535440257277580; live:914798168668122; discord:825590084870471730; fivem:1734549; license2:628dc61d93a30424ed1d0dfd1349167666993687]
[12:29:29 AM] [9JFN8#1] gunnsiK: disconnected (Exiting)

================================================================
======== txAdmin Starting - 7/24/2022, 10:56:24 AM              
================================================================
[10:56:27 AM] txAdmin: Logger started

================================================================
======== txAdmin Starting - 7/24/2022, 11:44:12 AM              
================================================================
[11:44:16 AM] txAdmin: Logger started
[11:47:08 AM] txAdmin: Logger started
[12:02:04 PM] txAdmin: Logger started
[12:03:13 PM] [UdibN#1] trist: joined with identifiers [license:628dc61d93a30424ed1d0dfd1349167666993687; xbl:2535440257277580; live:914798168668122; discord:825590084870471730; fivem:1734549; license2:628dc61d93a30424ed1d0dfd1349167666993687]
[12:06:29 PM] [UdibN#2] Eddy_Galapagos: joined with identifiers [steam:1100001046b0419; license:35c7810a0f67b382c1b40b8fcacbfd9d60e393c9; xbl:2533274894145646; live:985156417703726; discord:533928210962972673; fivem:2246200; license2:35c7810a0f67b382c1b40b8fcacbfd9d60e393c9]
[12:18:43 PM] [UdibN#1] trist: set [#2] Eddy_Galapagos on fire
[12:18:49 PM] [UdibN#2] Eddy_Galapagos: died from suicide (Fire)
[12:19:01 PM] [UdibN#1] trist: healed player [#2] Eddy_Galapagos
[12:21:01 PM] [UdibN#1] trist: said "/animenu"
[12:26:58 PM] [UdibN#2] Eddy_Galapagos: died from Assault Rifle by trist
[12:27:15 PM] [UdibN#1] trist: healed player [#2] Eddy_Galapagos
[12:27:39 PM] [UdibN#1] trist: died from Pistol by Eddy_Galapagos
[12:27:49 PM] [UdibN#1] trist: healed themself
[12:50:12 PM] txAdmin: Logger started
[12:51:32 PM] [4jaRC#1] trist: joined with identifiers [license:628dc61d93a30424ed1d0dfd1349167666993687; xbl:2535440257277580; live:914798168668122; discord:825590084870471730; fivem:1734549; license2:628dc61d93a30424ed1d0dfd1349167666993687]
[12:52:48 PM] [4jaRC#2] Eddy_Galapagos: joined with identifiers [steam:1100001046b0419; license:35c7810a0f67b382c1b40b8fcacbfd9d60e393c9; xbl:2533274894145646; live:985156417703726; discord:533928210962972673; fivem:2246200; license2:35c7810a0f67b382c1b40b8fcacbfd9d60e393c9]
[1:01:34 PM] [4jaRC#2] Eddy_Galapagos: died from Pistol by trist
[1:01:42 PM] [4jaRC#1] trist: healed player [#2] Eddy_Galapagos
[1:04:17 PM] [4jaRC#1] trist: died from Ranover by Vehicle by Eddy_Galapagos
[1:06:21 PM] [4jaRC#1] trist: healed themself
[1:08:18 PM] txAdmin: Logger started
[1:08:54 PM] [Jpay3#1] Eddy_Galapagos: joined with identifiers [steam:1100001046b0419; license:35c7810a0f67b382c1b40b8fcacbfd9d60e393c9; xbl:2533274894145646; live:985156417703726; discord:533928210962972673; fivem:2246200; license2:35c7810a0f67b382c1b40b8fcacbfd9d60e393c9]
[1:09:31 PM] [Jpay3#2] trist: joined with identifiers [license:628dc61d93a30424ed1d0dfd1349167666993687; xbl:2535440257277580; live:914798168668122; discord:825590084870471730; fivem:1734549; license2:628dc61d93a30424ed1d0dfd1349167666993687]
[1:12:41 PM] [Jpay3#1] Eddy_Galapagos: died from Pistol by trist
[1:12:52 PM] [Jpay3#2] trist: healed player [#1] Eddy_Galapagos
[1:13:57 PM] [Jpay3#1] Eddy_Galapagos: died from suicide
[1:16:14 PM] [Jpay3#1] Eddy_Galapagos: disconnected (Exiting)
[1:47:44 PM] [Jpay3#3] 12109: joined with identifiers [license:1489f7e5c635214b4c632b15dcce3a540d78da63; live:844425935631261; fivem:2372467; license2:1489f7e5c635214b4c632b15dcce3a540d78da63]
[2:00:23 PM] [Jpay3#2] trist: disconnected (Server shutting down: Server restarting (Tristen_Rodriguez).)
[2:00:23 PM] [Jpay3#3] 12109: disconnected (Server shutting down: Server restarting (Tristen_Rodriguez).)
[2:00:29 PM] txAdmin: Logger started
[2:01:34 PM] [YDNEm#1] trist: joined with identifiers [license:628dc61d93a30424ed1d0dfd1349167666993687; xbl:2535440257277580; live:914798168668122; discord:825590084870471730; fivem:1734549; license2:628dc61d93a30424ed1d0dfd1349167666993687]
[2:05:34 PM] txAdmin: Logger started
[2:06:12 PM] [dB3Jf#1] trist: joined with identifiers [license:628dc61d93a30424ed1d0dfd1349167666993687; xbl:2535440257277580; live:914798168668122; discord:825590084870471730; fivem:1734549; license2:628dc61d93a30424ed1d0dfd1349167666993687]
[2:06:29 PM] [dB3Jf#2] Eddy_Galapagos: joined with identifiers [steam:1100001046b0419; license:35c7810a0f67b382c1b40b8fcacbfd9d60e393c9; xbl:2533274894145646; live:985156417703726; discord:533928210962972673; fivem:2246200; license2:35c7810a0f67b382c1b40b8fcacbfd9d60e393c9]
[2:09:03 PM] [dB3Jf#1] trist: summoned player [#2] Eddy_Galapagos
[2:14:17 PM] [dB3Jf#1] trist: spawned a vehicle (model: volatus)
[2:19:23 PM] [dB3Jf#1] trist: said "tx"
[2:19:30 PM] [dB3Jf#1] trist: spawned a vehicle (model: volatus)
[2:20:57 PM] [dB3Jf#1] trist: caused an explosion (PLANE)
[2:20:57 PM] [dB3Jf#1] trist: died from suicide (Explosion)
[2:21:18 PM] [dB3Jf#1] trist: healed themself
[2:22:11 PM] [dB3Jf#2] Eddy_Galapagos: disconnected (Server shutting down: Server restarting (Tristen_Rodriguez).)
[2:22:11 PM] [dB3Jf#1] trist: disconnected (Server shutting down: Server restarting (Tristen_Rodriguez).)
[2:22:16 PM] txAdmin: Logger started
[2:22:39 PM] [hmkdh#1] Eddy_Galapagos: joined with identifiers [steam:1100001046b0419; license:35c7810a0f67b382c1b40b8fcacbfd9d60e393c9; xbl:2533274894145646; live:985156417703726; discord:533928210962972673; fivem:2246200; license2:35c7810a0f67b382c1b40b8fcacbfd9d60e393c9]
[2:23:14 PM] [hmkdh#2] trist: joined with identifiers [license:628dc61d93a30424ed1d0dfd1349167666993687; xbl:2535440257277580; live:914798168668122; discord:825590084870471730; fivem:1734549; license2:628dc61d93a30424ed1d0dfd1349167666993687]
[2:24:57 PM] [hmkdh#2] trist: died from suicide (Fist)
[2:25:14 PM] [hmkdh#2] trist: healed player [#1] Eddy_Galapagos
[2:25:17 PM] [hmkdh#2] trist: healed player [#2] trist
[2:25:20 PM] [hmkdh#2] trist: healed player [#1] Eddy_Galapagos
[2:25:20 PM] [hmkdh#2] trist: healed player [#1] Eddy_Galapagos
[2:30:28 PM] [hmkdh#2] trist: disconnected (Exiting)
[2:30:48 PM] [hmkdh#3] trist: joined with identifiers [license:628dc61d93a30424ed1d0dfd1349167666993687; xbl:2535440257277580; live:914798168668122; discord:825590084870471730; fivem:1734549; license2:628dc61d93a30424ed1d0dfd1349167666993687]
[2:30:56 PM] [hmkdh#1] Eddy_Galapagos: disconnected (Server shutting down: Server restarting (Tristen_Rodriguez).)
[2:30:56 PM] [hmkdh#3] trist: disconnected (Server shutting down: Server restarting (Tristen_Rodriguez).)
[2:31:01 PM] txAdmin: Logger started
[2:31:23 PM] [ALTdr#1] Eddy_Galapagos: joined with identifiers [steam:1100001046b0419; license:35c7810a0f67b382c1b40b8fcacbfd9d60e393c9; xbl:2533274894145646; live:985156417703726; discord:533928210962972673; fivem:2246200; license2:35c7810a0f67b382c1b40b8fcacbfd9d60e393c9]
[2:33:19 PM] [ALTdr#1] Eddy_Galapagos: said "/glasses"
[2:35:31 PM] [ALTdr#1] Eddy_Galapagos: disconnected (Server shutting down: Server restarting (Tristen_Rodriguez).)
[2:35:35 PM] txAdmin: Logger started
[2:36:02 PM] [VrUjd#1] trist: joined with identifiers [license:628dc61d93a30424ed1d0dfd1349167666993687; xbl:2535440257277580; live:914798168668122; discord:825590084870471730; fivem:1734549; license2:628dc61d93a30424ed1d0dfd1349167666993687]
[2:36:09 PM] [VrUjd#2] Eddy_Galapagos: joined with identifiers [steam:1100001046b0419; license:35c7810a0f67b382c1b40b8fcacbfd9d60e393c9; xbl:2533274894145646; live:985156417703726; discord:533928210962972673; fivem:2246200; license2:35c7810a0f67b382c1b40b8fcacbfd9d60e393c9]
[2:37:41 PM] [VrUjd#2] Eddy_Galapagos: said "animmenu"
[2:38:41 PM] [VrUjd#1] trist: disconnected (Exiting)
[2:39:39 PM] [VrUjd#3] trist: joined with identifiers [license:628dc61d93a30424ed1d0dfd1349167666993687; xbl:2535440257277580; live:914798168668122; discord:825590084870471730; fivem:1734549; license2:628dc61d93a30424ed1d0dfd1349167666993687]
[2:42:29 PM] [VrUjd#2] Eddy_Galapagos: said "ids"
[2:42:34 PM] [VrUjd#2] Eddy_Galapagos: said "/ids"
[2:42:37 PM] [VrUjd#2] Eddy_Galapagos: said "id"
[2:42:39 PM] [VrUjd#2] Eddy_Galapagos: said "/id"
[2:46:00 PM] [VrUjd#3] trist: teleported to player [??] unknown (x=-373.688, y=-1204.378, z=43.400)
[2:46:14 PM] [VrUjd#3] trist: teleported to player [??] unknown (x=-447.613, y=-1271.011, z=44.866)
[2:49:59 PM] [VrUjd#2] Eddy_Galapagos: died from Knife by trist
[2:50:13 PM] [VrUjd#3] trist: healed player [#2] Eddy_Galapagos
[2:50:33 PM] [VrUjd#2] Eddy_Galapagos: healed themself
[2:50:35 PM] [VrUjd#2] Eddy_Galapagos: healed all players!
[2:50:47 PM] [VrUjd#3] trist: enabled god mode
[2:50:52 PM] [VrUjd#2] Eddy_Galapagos: became mortal (standard mode)
[2:50:54 PM] [VrUjd#2] Eddy_Galapagos: died from Knife by trist
[2:51:00 PM] [VrUjd#2] Eddy_Galapagos: healed all players!
[2:51:02 PM] [VrUjd#2] Eddy_Galapagos: healed all players!
[2:51:05 PM] [VrUjd#2] Eddy_Galapagos: died from Knife by trist
[2:51:08 PM] [VrUjd#2] Eddy_Galapagos: healed all players!
[2:51:10 PM] [VrUjd#2] Eddy_Galapagos: enabled god mode
[2:52:44 PM] [VrUjd#2] Eddy_Galapagos: made a server-wide announcement: Server restart imminent
[2:54:04 PM] [VrUjd#2] Eddy_Galapagos: triggered drunk effect on [#3] trist
[2:55:14 PM] [VrUjd#2] Eddy_Galapagos: said "/give"
[2:56:11 PM] [VrUjd#2] Eddy_Galapagos: became mortal (standard mode)
[2:56:18 PM] [VrUjd#2] Eddy_Galapagos: became mortal (standard mode)
[2:59:21 PM] [VrUjd#2] Eddy_Galapagos: healed player [#2] Eddy_Galapagos
[3:00:12 PM] [VrUjd#2] Eddy_Galapagos: said "/q"
[3:00:28 PM] [VrUjd#2] Eddy_Galapagos: disconnected (Exiting)
[3:00:57 PM] [VrUjd#4] Eddy_Galapagos: joined with identifiers [steam:1100001046b0419; license:35c7810a0f67b382c1b40b8fcacbfd9d60e393c9; xbl:2533274894145646; live:985156417703726; discord:533928210962972673; fivem:2246200; license2:35c7810a0f67b382c1b40b8fcacbfd9d60e393c9]
[3:17:24 PM] [VrUjd#3] trist: caused an explosion (BIKE)
[3:22:53 PM] [VrUjd#3] trist: disconnected (Server shutting down: Server restarting (Tristen_Rodriguez).)
[3:22:53 PM] [VrUjd#4] Eddy_Galapagos: disconnected (Server shutting down: Server restarting (Tristen_Rodriguez).)
[3:22:58 PM] txAdmin: Logger started
[3:23:22 PM] [PXAMF#1] Eddy_Galapagos: joined with identifiers [steam:1100001046b0419; license:35c7810a0f67b382c1b40b8fcacbfd9d60e393c9; xbl:2533274894145646; live:985156417703726; discord:533928210962972673; fivem:2246200; license2:35c7810a0f67b382c1b40b8fcacbfd9d60e393c9]
[3:23:33 PM] [PXAMF#2] trist: joined with identifiers [license:628dc61d93a30424ed1d0dfd1349167666993687; xbl:2535440257277580; live:914798168668122; discord:825590084870471730; fivem:1734549; license2:628dc61d93a30424ed1d0dfd1349167666993687]
[3:26:14 PM] [PXAMF#2] trist: summoned player [#1] Eddy_Galapagos
[3:32:21 PM] txAdmin: Logger started
[3:32:45 PM] [M9Um7#1] Eddy_Galapagos: joined with identifiers [steam:1100001046b0419; license:35c7810a0f67b382c1b40b8fcacbfd9d60e393c9; xbl:2533274894145646; live:985156417703726; discord:533928210962972673; fivem:2246200; license2:35c7810a0f67b382c1b40b8fcacbfd9d60e393c9]
[3:34:23 PM] [M9Um7#2] trist: joined with identifiers [license:628dc61d93a30424ed1d0dfd1349167666993687; xbl:2535440257277580; live:914798168668122; discord:825590084870471730; fivem:1734549; license2:628dc61d93a30424ed1d0dfd1349167666993687]
[3:37:12 PM] [M9Um7#1] Eddy_Galapagos: teleported to player [??] unknown (x=33.376, y=-1347.481, z=29.482)
[3:37:44 PM] [M9Um7#2] trist: spawned a vehicle (model: toros)
[3:39:06 PM] [M9Um7#2] trist: enabled god mode
[3:39:31 PM] [M9Um7#1] Eddy_Galapagos: repaired their vehicle
[3:39:33 PM] [M9Um7#1] Eddy_Galapagos: repaired their vehicle
[3:39:34 PM] [M9Um7#1] Eddy_Galapagos: repaired their vehicle
[3:39:39 PM] [M9Um7#1] Eddy_Galapagos: repaired their vehicle
[3:44:40 PM] [M9Um7#1] Eddy_Galapagos: died from suicide (Fist)
[3:45:05 PM] [M9Um7#1] Eddy_Galapagos: healed themself
[3:45:10 PM] [M9Um7#1] Eddy_Galapagos: enabled god mode
[3:45:13 PM] [M9Um7#1] Eddy_Galapagos: said "tx"
[3:45:15 PM] [M9Um7#1] Eddy_Galapagos: said "tx"
[3:46:10 PM] [M9Um7#1] Eddy_Galapagos: became mortal (standard mode)
[3:46:16 PM] [M9Um7#1] Eddy_Galapagos: said "tx"
[3:48:29 PM] [M9Um7#1] Eddy_Galapagos: died from suicide (Pistol)
[3:48:35 PM] [M9Um7#3] easymoneylu: joined with identifiers [steam:110000142c1fcfc; license:fcf7687c739a0744481a29d4c71cbba9ec5cae64; xbl:2535472615004035; live:844428492441357; discord:741345247229116416; fivem:2549877; license2:036e90b4fe69bcc6cad0a290b3aac80944571a47]
[3:51:03 PM] [M9Um7#1] Eddy_Galapagos: enabled god mode
[3:51:14 PM] [M9Um7#1] Eddy_Galapagos: healed themself
[3:51:37 PM] [M9Um7#1] Eddy_Galapagos: spawned a vehicle (model: sultanrs)
[3:52:02 PM] [M9Um7#1] Eddy_Galapagos: teleported to player [??] unknown (x=-113.710, y=565.292, z=196.042)
[3:54:39 PM] [M9Um7#1] Eddy_Galapagos: repaired their vehicle
[3:55:03 PM] [M9Um7#1] Eddy_Galapagos: enabled noclip
[3:55:08 PM] [M9Um7#1] Eddy_Galapagos: became mortal (standard mode)
[3:55:24 PM] [M9Um7#1] Eddy_Galapagos: teleported to player [??] unknown (x=-266.189, y=-963.125, z=31.218)
[3:58:39 PM] [M9Um7#1] Eddy_Galapagos: disconnected (Exiting)
[3:59:40 PM] [M9Um7#4] Eddy_Galapagos: joined with identifiers [steam:1100001046b0419; license:35c7810a0f67b382c1b40b8fcacbfd9d60e393c9; xbl:2533274894145646; live:985156417703726; discord:533928210962972673; fivem:2246200; license2:35c7810a0f67b382c1b40b8fcacbfd9d60e393c9]
[4:11:39 PM] [M9Um7#3] easymoneylu: died from Knife by Eddy_Galapagos
[4:11:48 PM] [M9Um7#4] Eddy_Galapagos: healed all players!
[4:11:53 PM] [M9Um7#4] Eddy_Galapagos: healed all players!
[4:12:38 PM] [M9Um7#4] Eddy_Galapagos: died from Fist by easymoneylu
[4:12:47 PM] [M9Um7#4] Eddy_Galapagos: healed all players!
[4:12:49 PM] [M9Um7#4] Eddy_Galapagos: enabled god mode
[4:13:10 PM] [M9Um7#4] Eddy_Galapagos: became mortal (standard mode)
[4:13:42 PM] [M9Um7#4] Eddy_Galapagos: disconnected (Exiting)
[4:14:10 PM] [M9Um7#5] Eddy_Galapagos: joined with identifiers [steam:1100001046b0419; license:35c7810a0f67b382c1b40b8fcacbfd9d60e393c9; xbl:2533274894145646; live:985156417703726; discord:533928210962972673; fivem:2246200; license2:35c7810a0f67b382c1b40b8fcacbfd9d60e393c9]
[4:14:19 PM] [M9Um7#3] easymoneylu: disconnected (Exiting)
[4:14:51 PM] [M9Um7#6] easymoneylu: joined with identifiers [steam:110000142c1fcfc; license:fcf7687c739a0744481a29d4c71cbba9ec5cae64; xbl:2535472615004035; live:844428492441357; discord:741345247229116416; fivem:2549877; license2:036e90b4fe69bcc6cad0a290b3aac80944571a47]
[4:16:15 PM] [M9Um7#5] Eddy_Galapagos: repaired their vehicle
[4:16:18 PM] [M9Um7#5] Eddy_Galapagos: said "tx"
[4:16:21 PM] [M9Um7#5] Eddy_Galapagos: said "tx"
[4:20:17 PM] [M9Um7#5] Eddy_Galapagos: summoned player [#6] easymoneylu
[4:21:08 PM] [M9Um7#5] Eddy_Galapagos: spawned a vehicle (model: infernus)
[4:21:36 PM] [M9Um7#5] Eddy_Galapagos: died from Ranover by Vehicle by easymoneylu
[4:21:49 PM] [M9Um7#5] Eddy_Galapagos: healed all players!
[4:26:34 PM] [M9Um7#2] trist: disconnected (Server shutting down: Server restarting (Tristen_Rodriguez).)
[4:26:34 PM] [M9Um7#5] Eddy_Galapagos: disconnected (Server shutting down: Server restarting (Tristen_Rodriguez).)
[4:26:34 PM] [M9Um7#6] easymoneylu: disconnected (Server shutting down: Server restarting (Tristen_Rodriguez).)
[4:26:39 PM] txAdmin: Logger started
[4:27:03 PM] [dBHBV#1] Eddy_Galapagos: joined with identifiers [steam:1100001046b0419; license:35c7810a0f67b382c1b40b8fcacbfd9d60e393c9; xbl:2533274894145646; live:985156417703726; discord:533928210962972673; fivem:2246200; license2:35c7810a0f67b382c1b40b8fcacbfd9d60e393c9]
[4:27:44 PM] [dBHBV#1] Eddy_Galapagos: spawned a vehicle (model: toros)
[4:28:06 PM] [dBHBV#2] easymoneylu: joined with identifiers [steam:110000142c1fcfc; license:fcf7687c739a0744481a29d4c71cbba9ec5cae64; xbl:2535472615004035; live:844428492441357; discord:741345247229116416; fivem:2549877; license2:036e90b4fe69bcc6cad0a290b3aac80944571a47]
[4:28:38 PM] [dBHBV#3] trist: joined with identifiers [license:628dc61d93a30424ed1d0dfd1349167666993687; xbl:2535440257277580; live:914798168668122; discord:825590084870471730; fivem:1734549; license2:628dc61d93a30424ed1d0dfd1349167666993687]
[4:29:28 PM] [dBHBV#3] trist: summoned player [#2] easymoneylu
[4:29:37 PM] [dBHBV#3] trist: summoned player [#1] Eddy_Galapagos
[4:30:14 PM] [dBHBV#1] Eddy_Galapagos: died from Pistol by easymoneylu
[4:30:25 PM] [dBHBV#1] Eddy_Galapagos: healed themself
[4:31:27 PM] [dBHBV#1] Eddy_Galapagos: became mortal (standard mode)
[4:31:58 PM] [dBHBV#1] Eddy_Galapagos: died from Pistol by easymoneylu
[4:32:02 PM] [dBHBV#1] Eddy_Galapagos: healed themself
[4:32:05 PM] [dBHBV#1] Eddy_Galapagos: enabled god mode
[4:32:10 PM] [dBHBV#3] trist: died from Pistol by easymoneylu
[4:32:17 PM] [dBHBV#3] trist: healed themself
[4:32:24 PM] [dBHBV#1] Eddy_Galapagos: disconnected (Exiting)
[4:32:59 PM] [dBHBV#3] trist: disconnected (Exiting)
[4:33:21 PM] [dBHBV#4] Eddy_Galapagos: joined with identifiers [steam:1100001046b0419; license:35c7810a0f67b382c1b40b8fcacbfd9d60e393c9; xbl:2533274894145646; live:985156417703726; discord:533928210962972673; fivem:2246200; license2:35c7810a0f67b382c1b40b8fcacbfd9d60e393c9]
[4:36:05 PM] [dBHBV#5] trist: joined with identifiers [license:628dc61d93a30424ed1d0dfd1349167666993687; xbl:2535440257277580; live:914798168668122; discord:825590084870471730; fivem:1734549; license2:628dc61d93a30424ed1d0dfd1349167666993687]
[4:37:28 PM] [dBHBV#4] Eddy_Galapagos: triggered drunk effect on [#2] easymoneylu
[4:37:34 PM] [dBHBV#4] Eddy_Galapagos: set [#2] easymoneylu on fire
[4:37:37 PM] [dBHBV#2] easymoneylu: died from suicide (Fire)
[4:37:50 PM] [dBHBV#4] Eddy_Galapagos: healed all players!
[4:38:01 PM] [dBHBV#4] Eddy_Galapagos: triggered wild attack on [#2] easymoneylu
[4:38:16 PM] [dBHBV#4] Eddy_Galapagos: repaired their vehicle
[4:38:30 PM] [dBHBV#4] Eddy_Galapagos: triggered wild attack on [#2] easymoneylu
[4:38:52 PM] [dBHBV#4] Eddy_Galapagos: triggered wild attack on [#2] easymoneylu
[4:38:53 PM] [dBHBV#4] Eddy_Galapagos: triggered wild attack on [#2] easymoneylu
[4:38:53 PM] [dBHBV#4] Eddy_Galapagos: triggered wild attack on [#2] easymoneylu
[4:38:54 PM] [dBHBV#4] Eddy_Galapagos: triggered wild attack on [#2] easymoneylu
[4:38:54 PM] [dBHBV#4] Eddy_Galapagos: triggered wild attack on [#2] easymoneylu
[4:39:04 PM] [dBHBV#2] easymoneylu: died from suicide (Animal)
[4:39:47 PM] [dBHBV#4] Eddy_Galapagos: healed all players!
[4:39:47 PM] [dBHBV#5] trist: triggered wild attack on [#4] Eddy_Galapagos
[4:39:51 PM] [dBHBV#5] trist: triggered wild attack on [#2] easymoneylu
[4:39:52 PM] [dBHBV#4] Eddy_Galapagos: enabled god mode
[4:40:06 PM] [dBHBV#4] Eddy_Galapagos: toggled freeze on player [#2] easymoneylu
[4:40:19 PM] [dBHBV#4] Eddy_Galapagos: triggered drunk effect on [#2] easymoneylu
[4:40:33 PM] [dBHBV#2] easymoneylu: died from suicide (Fist)
[4:40:54 PM] [dBHBV#2] easymoneylu: disconnected (Exiting)
[4:42:38 PM] [dBHBV#6] easymoneylu: joined with identifiers [steam:110000142c1fcfc; license:fcf7687c739a0744481a29d4c71cbba9ec5cae64; xbl:2535472615004035; live:844428492441357; discord:741345247229116416; fivem:2549877; license2:036e90b4fe69bcc6cad0a290b3aac80944571a47]
[4:43:50 PM] [dBHBV#5] trist: died from Pistol by easymoneylu
[4:43:57 PM] [dBHBV#4] Eddy_Galapagos: triggered wild attack on [#6] easymoneylu
[4:43:58 PM] [dBHBV#4] Eddy_Galapagos: triggered wild attack on [#6] easymoneylu
[4:43:58 PM] [dBHBV#4] Eddy_Galapagos: triggered wild attack on [#6] easymoneylu
[4:44:27 PM] [dBHBV#6] easymoneylu: died from Fist by Eddy_Galapagos
[4:44:39 PM] [dBHBV#4] Eddy_Galapagos: healed all players!
[4:44:47 PM] [dBHBV#6] easymoneylu: died from Bat by Eddy_Galapagos
[4:45:04 PM] [dBHBV#4] Eddy_Galapagos: healed all players!
[4:45:12 PM] [dBHBV#4] Eddy_Galapagos: set [#6] easymoneylu on fire
[4:45:17 PM] [dBHBV#6] easymoneylu: died from Fire by Eddy_Galapagos
[4:45:50 PM] txAdmin: Logger started
[4:47:01 PM] txAdmin: Logger started
[4:47:31 PM] [e86Y3#1] Eddy_Galapagos: joined with identifiers [steam:1100001046b0419; license:35c7810a0f67b382c1b40b8fcacbfd9d60e393c9; xbl:2533274894145646; live:985156417703726; discord:533928210962972673; fivem:2246200; license2:35c7810a0f67b382c1b40b8fcacbfd9d60e393c9]
[4:47:53 PM] [e86Y3#2] easymoneylu: joined with identifiers [steam:110000142c1fcfc; license:fcf7687c739a0744481a29d4c71cbba9ec5cae64; xbl:2535472615004035; live:844428492441357; discord:741345247229116416; fivem:2549877; license2:036e90b4fe69bcc6cad0a290b3aac80944571a47]
[4:48:54 PM] [e86Y3#1] Eddy_Galapagos: died from Pistol by easymoneylu
[4:49:43 PM] [e86Y3#3] trist: joined with identifiers [license:628dc61d93a30424ed1d0dfd1349167666993687; xbl:2535440257277580; live:914798168668122; discord:825590084870471730; fivem:1734549; license2:628dc61d93a30424ed1d0dfd1349167666993687]
[4:58:44 PM] [e86Y3#3] trist: died from Knife by easymoneylu
[4:58:55 PM] [e86Y3#1] Eddy_Galapagos: died from Knife by easymoneylu
[5:00:15 PM] [e86Y3#2] easymoneylu: said "/dance"
[5:05:30 PM] [e86Y3#2] easymoneylu: died from Pistol by trist
[5:05:37 PM] [e86Y3#3] trist: died from Pistol by Eddy_Galapagos
[5:06:06 PM] [e86Y3#3] trist: died from Fist by easymoneylu
[5:06:20 PM] [e86Y3#1] Eddy_Galapagos: died from Knife by easymoneylu
[5:07:55 PM] [e86Y3#4] oriet: joined with identifiers [license:6fe86f782b48d558b27a9a4e163d54cae806aba6; xbl:2533274829899171; live:985156248450191; discord:803069931209097217; fivem:7634620; license2:6fe86f782b48d558b27a9a4e163d54cae806aba6]
[5:19:29 PM] [e86Y3#1] Eddy_Galapagos: disconnected (Server shutting down: Server restarting (Tristen_Rodriguez).)
[5:19:29 PM] [e86Y3#2] easymoneylu: disconnected (Server shutting down: Server restarting (Tristen_Rodriguez).)
[5:19:29 PM] [e86Y3#4] oriet: disconnected (Server shutting down: Server restarting (Tristen_Rodriguez).)
[5:19:29 PM] [e86Y3#3] trist: disconnected (Server shutting down: Server restarting (Tristen_Rodriguez).)
[5:19:34 PM] txAdmin: Logger started
[5:19:56 PM] [8H8xG#1] trist: joined with identifiers [license:628dc61d93a30424ed1d0dfd1349167666993687; xbl:2535440257277580; live:914798168668122; discord:825590084870471730; fivem:1734549; license2:628dc61d93a30424ed1d0dfd1349167666993687]
[5:20:39 PM] [8H8xG#2] oriet: joined with identifiers [license:6fe86f782b48d558b27a9a4e163d54cae806aba6; xbl:2533274829899171; live:985156248450191; discord:803069931209097217; fivem:7634620; license2:6fe86f782b48d558b27a9a4e163d54cae806aba6]
[5:20:43 PM] [8H8xG#3] easymoneylu: joined with identifiers [steam:110000142c1fcfc; license:fcf7687c739a0744481a29d4c71cbba9ec5cae64; xbl:2535472615004035; live:844428492441357; discord:741345247229116416; fivem:2549877; license2:036e90b4fe69bcc6cad0a290b3aac80944571a47]
[5:29:33 PM] [8H8xG#4] JustDC5Chris: joined with identifiers [steam:110000147e908da; license:17cf7d256e0b2b98a8b8d7451c229b4cd73ea58d; xbl:2535448309510376; live:914801504916470; discord:823035223641686047; fivem:7644619; license2:17cf7d256e0b2b98a8b8d7451c229b4cd73ea58d]
[5:42:57 PM] [8H8xG#5] Eddy_Galapagos: joined with identifiers [steam:1100001046b0419; license:35c7810a0f67b382c1b40b8fcacbfd9d60e393c9; xbl:2533274894145646; live:985156417703726; discord:533928210962972673; fivem:2246200; license2:35c7810a0f67b382c1b40b8fcacbfd9d60e393c9]
[5:43:40 PM] [8H8xG#5] Eddy_Galapagos: teleported to player [??] unknown (x=-1447.437, y=-242.387, z=49.820)
[5:47:54 PM] [8H8xG#5] Eddy_Galapagos: spawned a vehicle (model: toros)
[5:49:36 PM] [8H8xG#5] Eddy_Galapagos: repaired their vehicle
[5:49:40 PM] [8H8xG#5] Eddy_Galapagos: healed themself
[5:50:33 PM] [8H8xG#5] Eddy_Galapagos: died from Pistol by easymoneylu
[5:50:48 PM] [8H8xG#5] Eddy_Galapagos: healed themself
[5:50:52 PM] [8H8xG#2] oriet: died from Fist by JustDC5Chris
[5:50:54 PM] [8H8xG#5] Eddy_Galapagos: enabled god mode
[5:51:21 PM] [8H8xG#4] JustDC5Chris: died from Knife by easymoneylu
[5:51:25 PM] [8H8xG#3] easymoneylu: died from Fist by Eddy_Galapagos
[5:51:42 PM] [8H8xG#5] Eddy_Galapagos: healed all players!
[5:51:58 PM] [8H8xG#5] Eddy_Galapagos: triggered wild attack on [#2] oriet
[5:51:58 PM] [8H8xG#5] Eddy_Galapagos: triggered wild attack on [#2] oriet
[5:51:59 PM] [8H8xG#5] Eddy_Galapagos: triggered wild attack on [#2] oriet
[5:52:15 PM] [8H8xG#2] oriet: died from suicide (Animal)
[5:52:34 PM] [8H8xG#5] Eddy_Galapagos: healed all players!
[5:52:41 PM] [8H8xG#4] JustDC5Chris: died from Fist by easymoneylu
[5:52:53 PM] [8H8xG#5] Eddy_Galapagos: healed all players!
[5:54:08 PM] [8H8xG#3] easymoneylu: died from Ranover by Vehicle by JustDC5Chris
[5:54:11 PM] [8H8xG#5] Eddy_Galapagos: spawned a vehicle (model: turismor)
[5:54:30 PM] [8H8xG#4] JustDC5Chris: died from suicide
[5:54:38 PM] [8H8xG#1] trist: died from suicide
[5:54:54 PM] [8H8xG#5] Eddy_Galapagos: healed all players!
[5:54:59 PM] [8H8xG#5] Eddy_Galapagos: healed all players!
[5:55:27 PM] [8H8xG#5] Eddy_Galapagos: healed all players!
[5:55:37 PM] [8H8xG#5] Eddy_Galapagos: triggered drunk effect on [#2] oriet
[5:55:49 PM] [8H8xG#3] easymoneylu: died from Ranover by Vehicle by JustDC5Chris
[5:55:53 PM] [8H8xG#5] Eddy_Galapagos: healed all players!
[5:56:35 PM] [8H8xG#5] Eddy_Galapagos: triggered drunk effect on [#4] JustDC5Chris
[5:57:05 PM] [8H8xG#3] easymoneylu: died from Fist by JustDC5Chris
[5:57:25 PM] [8H8xG#5] Eddy_Galapagos: triggered wild attack on [#4] JustDC5Chris
[5:57:26 PM] [8H8xG#5] Eddy_Galapagos: triggered wild attack on [#4] JustDC5Chris
[5:57:26 PM] [8H8xG#5] Eddy_Galapagos: triggered wild attack on [#4] JustDC5Chris
[5:57:57 PM] [8H8xG#1] trist: died from Ranover by Vehicle by oriet
[5:58:08 PM] [8H8xG#5] Eddy_Galapagos: made a server-wide announcement: Dont be a troll
[5:58:35 PM] [8H8xG#5] Eddy_Galapagos: triggered drunk effect on [#3] easymoneylu
[5:58:45 PM] [8H8xG#5] Eddy_Galapagos: triggered drunk effect on [#2] oriet
[5:58:50 PM] [8H8xG#5] Eddy_Galapagos: triggered drunk effect on [#4] JustDC5Chris
[5:59:15 PM] [8H8xG#5] Eddy_Galapagos: triggered drunk effect on [#5] Eddy_Galapagos
[6:00:07 PM] [8H8xG#5] Eddy_Galapagos: teleported to player [??] unknown (x=42.435, y=-1118.400, z=28.808)
[6:00:36 PM] [8H8xG#1] trist: healed themself
[6:00:49 PM] [8H8xG#1] trist: disconnected (Exiting)
[6:00:53 PM] [8H8xG#5] Eddy_Galapagos: spawned a vehicle (model: sultanrs)
[6:01:27 PM] [8H8xG#5] Eddy_Galapagos: spawned a vehicle (model: sultanrs)
[6:01:49 PM] txAdmin: Logger started
[6:02:10 PM] [DxGLE#1] oriet: joined with identifiers [license:6fe86f782b48d558b27a9a4e163d54cae806aba6; xbl:2533274829899171; live:985156248450191; discord:803069931209097217; fivem:7634620; license2:6fe86f782b48d558b27a9a4e163d54cae806aba6]
[6:02:50 PM] [DxGLE#2] trist: joined with identifiers [license:628dc61d93a30424ed1d0dfd1349167666993687; xbl:2535440257277580; live:914798168668122; discord:825590084870471730; fivem:1734549; license2:628dc61d93a30424ed1d0dfd1349167666993687]
[6:03:58 PM] [DxGLE#3] JustDC5Chris: joined with identifiers [steam:110000147e908da; license:17cf7d256e0b2b98a8b8d7451c229b4cd73ea58d; xbl:2535448309510376; live:914801504916470; discord:823035223641686047; fivem:7644619; license2:17cf7d256e0b2b98a8b8d7451c229b4cd73ea58d]
[6:04:01 PM] [DxGLE#2] trist: summoned player [#1] oriet
[6:04:11 PM] [DxGLE#2] trist: summoned player [#3] JustDC5Chris
[6:04:56 PM] [DxGLE#2] trist: summoned player [#3] JustDC5Chris
[6:05:38 PM] [DxGLE#4] Eddy_Galapagos: joined with identifiers [steam:1100001046b0419; license:35c7810a0f67b382c1b40b8fcacbfd9d60e393c9; xbl:2533274894145646; live:985156417703726; discord:533928210962972673; fivem:2246200; license2:35c7810a0f67b382c1b40b8fcacbfd9d60e393c9]
[6:05:49 PM] [DxGLE#2] trist: summoned player [#4] Eddy_Galapagos
[6:09:39 PM] [DxGLE#1] oriet: disconnected (Server shutting down: Server restarting (Tristen_Rodriguez).)
[6:09:39 PM] [DxGLE#2] trist: disconnected (Server shutting down: Server restarting (Tristen_Rodriguez).)
[6:09:39 PM] [DxGLE#3] JustDC5Chris: disconnected (Server shutting down: Server restarting (Tristen_Rodriguez).)
[6:09:39 PM] [DxGLE#4] Eddy_Galapagos: disconnected (Server shutting down: Server restarting (Tristen_Rodriguez).)
[6:09:45 PM] txAdmin: Logger started
[6:10:03 PM] [qyB4p#1] oriet: joined with identifiers [license:6fe86f782b48d558b27a9a4e163d54cae806aba6; xbl:2533274829899171; live:985156248450191; discord:803069931209097217; fivem:7634620; license2:6fe86f782b48d558b27a9a4e163d54cae806aba6]
[6:10:32 PM] [qyB4p#2] JustDC5Chris: joined with identifiers [steam:110000147e908da; license:17cf7d256e0b2b98a8b8d7451c229b4cd73ea58d; xbl:2535448309510376; live:914801504916470; discord:823035223641686047; fivem:7644619; license2:17cf7d256e0b2b98a8b8d7451c229b4cd73ea58d]
[6:10:50 PM] [qyB4p#3] trist: joined with identifiers [license:628dc61d93a30424ed1d0dfd1349167666993687; xbl:2535440257277580; live:914798168668122; discord:825590084870471730; fivem:1734549; license2:628dc61d93a30424ed1d0dfd1349167666993687]
[6:11:37 PM] [qyB4p#3] trist: teleported to player [??] unknown (x=-41.459, y=-1099.886, z=26.062)
[6:12:24 PM] [qyB4p#4] Eddy_Galapagos: joined with identifiers [steam:1100001046b0419; license:35c7810a0f67b382c1b40b8fcacbfd9d60e393c9; xbl:2533274894145646; live:985156417703726; discord:533928210962972673; fivem:2246200; license2:35c7810a0f67b382c1b40b8fcacbfd9d60e393c9]
[6:15:00 PM] [qyB4p#4] Eddy_Galapagos: disconnected (Server shutting down: Server restarting (Tristen_Rodriguez).)
[6:15:00 PM] [qyB4p#1] oriet: disconnected (Server shutting down: Server restarting (Tristen_Rodriguez).)
[6:15:00 PM] [qyB4p#2] JustDC5Chris: disconnected (Server shutting down: Server restarting (Tristen_Rodriguez).)
[6:15:00 PM] [qyB4p#3] trist: disconnected (Server shutting down: Server restarting (Tristen_Rodriguez).)
[6:15:05 PM] txAdmin: Logger started
[6:15:25 PM] [CJLfL#1] oriet: joined with identifiers [license:6fe86f782b48d558b27a9a4e163d54cae806aba6; xbl:2533274829899171; live:985156248450191; discord:803069931209097217; fivem:7634620; license2:6fe86f782b48d558b27a9a4e163d54cae806aba6]
[6:15:31 PM] [CJLfL#2] JustDC5Chris: joined with identifiers [steam:110000147e908da; license:17cf7d256e0b2b98a8b8d7451c229b4cd73ea58d; xbl:2535448309510376; live:914801504916470; discord:823035223641686047; fivem:7644619; license2:17cf7d256e0b2b98a8b8d7451c229b4cd73ea58d]
[6:15:51 PM] [CJLfL#3] easymoneylu: joined with identifiers [steam:110000142c1fcfc; license:fcf7687c739a0744481a29d4c71cbba9ec5cae64; xbl:2535472615004035; live:844428492441357; discord:741345247229116416; fivem:2549877; license2:036e90b4fe69bcc6cad0a290b3aac80944571a47]
[6:16:08 PM] [CJLfL#4] trist: joined with identifiers [license:628dc61d93a30424ed1d0dfd1349167666993687; xbl:2535440257277580; live:914798168668122; discord:825590084870471730; fivem:1734549; license2:628dc61d93a30424ed1d0dfd1349167666993687]
[6:16:17 PM] [CJLfL#5] Eddy_Galapagos: joined with identifiers [steam:1100001046b0419; license:35c7810a0f67b382c1b40b8fcacbfd9d60e393c9; xbl:2533274894145646; live:985156417703726; discord:533928210962972673; fivem:2246200; license2:35c7810a0f67b382c1b40b8fcacbfd9d60e393c9]
[6:19:29 PM] [CJLfL#2] JustDC5Chris: died from suicide
[6:19:47 PM] [CJLfL#5] Eddy_Galapagos: spawned a vehicle (model: infernus)
[6:19:54 PM] [CJLfL#5] Eddy_Galapagos: healed themself
[6:19:57 PM] [CJLfL#5] Eddy_Galapagos: repaired their vehicle
[6:21:06 PM] [CJLfL#5] Eddy_Galapagos: healed all players!
[6:21:28 PM] [CJLfL#5] Eddy_Galapagos: summoned player [#2] JustDC5Chris
[6:22:00 PM] [CJLfL#5] Eddy_Galapagos: toggled freeze on player [#2] JustDC5Chris
[6:22:07 PM] [CJLfL#5] Eddy_Galapagos: toggled freeze on player [#2] JustDC5Chris
[6:22:16 PM] [CJLfL#2] JustDC5Chris: died from Ranover by Vehicle by Eddy_Galapagos
[6:22:27 PM] [CJLfL#5] Eddy_Galapagos: healed all players!
[6:22:42 PM] [CJLfL#5] Eddy_Galapagos: disconnected (Server shutting down: Server restarting (Tristen_Rodriguez).)
[6:22:42 PM] [CJLfL#1] oriet: disconnected (Server shutting down: Server restarting (Tristen_Rodriguez).)
[6:22:42 PM] [CJLfL#2] JustDC5Chris: disconnected (Server shutting down: Server restarting (Tristen_Rodriguez).)
[6:22:42 PM] [CJLfL#3] easymoneylu: disconnected (Server shutting down: Server restarting (Tristen_Rodriguez).)
[6:22:42 PM] [CJLfL#4] trist: disconnected (Server shutting down: Server restarting (Tristen_Rodriguez).)
[6:22:48 PM] txAdmin: Logger started
[6:23:08 PM] [NqJQC#1] oriet: joined with identifiers [license:6fe86f782b48d558b27a9a4e163d54cae806aba6; xbl:2533274829899171; live:985156248450191; discord:803069931209097217; fivem:7634620; license2:6fe86f782b48d558b27a9a4e163d54cae806aba6]
[6:23:15 PM] [NqJQC#2] JustDC5Chris: joined with identifiers [steam:110000147e908da; license:17cf7d256e0b2b98a8b8d7451c229b4cd73ea58d; xbl:2535448309510376; live:914801504916470; discord:823035223641686047; fivem:7644619; license2:17cf7d256e0b2b98a8b8d7451c229b4cd73ea58d]
[6:23:20 PM] [NqJQC#3] trist: joined with identifiers [license:628dc61d93a30424ed1d0dfd1349167666993687; xbl:2535440257277580; live:914798168668122; discord:825590084870471730; fivem:1734549; license2:628dc61d93a30424ed1d0dfd1349167666993687]
[6:23:31 PM] [NqJQC#4] easymoneylu: joined with identifiers [steam:110000142c1fcfc; license:fcf7687c739a0744481a29d4c71cbba9ec5cae64; xbl:2535472615004035; live:844428492441357; discord:741345247229116416; fivem:2549877; license2:036e90b4fe69bcc6cad0a290b3aac80944571a47]
[6:23:38 PM] [NqJQC#5] Eddy_Galapagos: joined with identifiers [steam:1100001046b0419; license:35c7810a0f67b382c1b40b8fcacbfd9d60e393c9; xbl:2533274894145646; live:985156417703726; discord:533928210962972673; fivem:2246200; license2:35c7810a0f67b382c1b40b8fcacbfd9d60e393c9]
[6:23:41 PM] [NqJQC#2] JustDC5Chris: died from suicide (Falling)
[6:27:29 PM] [NqJQC#1] oriet: died from Knife by JustDC5Chris
[6:29:24 PM] [NqJQC#2] JustDC5Chris: died from Pistol by oriet
[6:29:27 PM] [NqJQC#5] Eddy_Galapagos: spawned a vehicle (model: tampa)
[6:29:42 PM] [NqJQC#5] Eddy_Galapagos: died from Pistol by oriet
[6:29:51 PM] [NqJQC#5] Eddy_Galapagos: healed all players!
[6:29:55 PM] [NqJQC#5] Eddy_Galapagos: healed all players!
[6:30:34 PM] [NqJQC#2] JustDC5Chris: died from Pistol by oriet
[6:30:48 PM] [NqJQC#5] Eddy_Galapagos: triggered wild attack on [#1] oriet
[6:30:49 PM] [NqJQC#5] Eddy_Galapagos: triggered wild attack on [#1] oriet
[6:30:49 PM] [NqJQC#5] Eddy_Galapagos: triggered wild attack on [#1] oriet
[6:30:49 PM] [NqJQC#5] Eddy_Galapagos: triggered wild attack on [#1] oriet
[6:31:02 PM] [NqJQC#5] Eddy_Galapagos: triggered wild attack on [#1] oriet
[6:31:03 PM] [NqJQC#5] Eddy_Galapagos: triggered wild attack on [#1] oriet
[6:31:03 PM] [NqJQC#5] Eddy_Galapagos: triggered wild attack on [#1] oriet
[6:31:04 PM] [NqJQC#5] Eddy_Galapagos: triggered wild attack on [#1] oriet
[6:31:05 PM] [NqJQC#5] Eddy_Galapagos: triggered wild attack on [#1] oriet
[6:31:05 PM] [NqJQC#5] Eddy_Galapagos: triggered wild attack on [#1] oriet
[6:31:07 PM] [NqJQC#5] Eddy_Galapagos: triggered wild attack on [#1] oriet
[6:31:09 PM] [NqJQC#5] Eddy_Galapagos: triggered wild attack on [#1] oriet
[6:31:09 PM] [NqJQC#5] Eddy_Galapagos: triggered wild attack on [#1] oriet
[6:31:20 PM] [NqJQC#5] Eddy_Galapagos: started spectating player [#1] oriet
[6:31:32 PM] [NqJQC#5] Eddy_Galapagos: set [#1] oriet on fire
[6:31:34 PM] [NqJQC#1] oriet: died from suicide (Animal)
[6:32:20 PM] [NqJQC#1] oriet: died from Fist by JustDC5Chris
[6:33:27 PM] [NqJQC#3] trist: healed player [#1] oriet
[6:33:32 PM] [NqJQC#3] trist: summoned player [#1] oriet
[6:33:53 PM] [NqJQC#5] Eddy_Galapagos: spawned a vehicle (model: tampa)
[6:33:59 PM] [NqJQC#5] Eddy_Galapagos: deleted a vehicle
[6:37:21 PM] [NqJQC#5] Eddy_Galapagos: deleted a vehicle
[6:37:29 PM] [NqJQC#5] Eddy_Galapagos: deleted a vehicle
[6:39:57 PM] [NqJQC#1] oriet: disconnected (Server shutting down: Server restarting (Tristen_Rodriguez).)
[6:39:57 PM] [NqJQC#2] JustDC5Chris: disconnected (Server shutting down: Server restarting (Tristen_Rodriguez).)
[6:39:57 PM] [NqJQC#4] easymoneylu: disconnected (Server shutting down: Server restarting (Tristen_Rodriguez).)
[6:39:57 PM] [NqJQC#3] trist: disconnected (Server shutting down: Server restarting (Tristen_Rodriguez).)
[6:39:57 PM] [NqJQC#5] Eddy_Galapagos: disconnected (Server shutting down: Server restarting (Tristen_Rodriguez).)
[6:40:02 PM] txAdmin: Logger started
[6:40:32 PM] [8KnXn#1] JustDC5Chris: joined with identifiers [steam:110000147e908da; license:17cf7d256e0b2b98a8b8d7451c229b4cd73ea58d; xbl:2535448309510376; live:914801504916470; discord:823035223641686047; fivem:7644619; license2:17cf7d256e0b2b98a8b8d7451c229b4cd73ea58d]
[6:40:38 PM] [8KnXn#2] oriet: joined with identifiers [license:6fe86f782b48d558b27a9a4e163d54cae806aba6; xbl:2533274829899171; live:985156248450191; discord:803069931209097217; fivem:7634620; license2:6fe86f782b48d558b27a9a4e163d54cae806aba6]
[6:41:13 PM] [8KnXn#3] Eddy_Galapagos: joined with identifiers [steam:1100001046b0419; license:35c7810a0f67b382c1b40b8fcacbfd9d60e393c9; xbl:2533274894145646; live:985156417703726; discord:533928210962972673; fivem:2246200; license2:35c7810a0f67b382c1b40b8fcacbfd9d60e393c9]
[6:43:28 PM] [8KnXn#4] trist: joined with identifiers [license:628dc61d93a30424ed1d0dfd1349167666993687; xbl:2535440257277580; live:914798168668122; discord:825590084870471730; fivem:1734549; license2:628dc61d93a30424ed1d0dfd1349167666993687]
[6:43:58 PM] [8KnXn#5] easymoneylu: joined with identifiers [steam:110000142c1fcfc; license:fcf7687c739a0744481a29d4c71cbba9ec5cae64; xbl:2535472615004035; live:844428492441357; discord:741345247229116416; fivem:2549877; license2:036e90b4fe69bcc6cad0a290b3aac80944571a47]
[6:48:34 PM] [8KnXn#3] Eddy_Galapagos: repaired their vehicle
[6:49:45 PM] [8KnXn#3] Eddy_Galapagos: repaired their vehicle
[6:49:46 PM] [8KnXn#3] Eddy_Galapagos: repaired their vehicle
[6:50:35 PM] [8KnXn#5] easymoneylu: died from Ranover by Vehicle by oriet
[6:52:55 PM] [8KnXn#1] JustDC5Chris: died from Knife by easymoneylu
[6:56:43 PM] [8KnXn#1] JustDC5Chris: died from Fist by easymoneylu
[6:57:51 PM] txAdmin: Logger started
[6:58:14 PM] [HBLTJ#1] oriet: joined with identifiers [license:6fe86f782b48d558b27a9a4e163d54cae806aba6; xbl:2533274829899171; live:985156248450191; discord:803069931209097217; fivem:7634620; license2:6fe86f782b48d558b27a9a4e163d54cae806aba6]
[6:58:19 PM] [HBLTJ#2] Eddy_Galapagos: joined with identifiers [steam:1100001046b0419; license:35c7810a0f67b382c1b40b8fcacbfd9d60e393c9; xbl:2533274894145646; live:985156417703726; discord:533928210962972673; fivem:2246200; license2:35c7810a0f67b382c1b40b8fcacbfd9d60e393c9]
[6:58:22 PM] [HBLTJ#3] trist: joined with identifiers [license:628dc61d93a30424ed1d0dfd1349167666993687; xbl:2535440257277580; live:914798168668122; discord:825590084870471730; fivem:1734549; license2:628dc61d93a30424ed1d0dfd1349167666993687]
[6:58:23 PM] [HBLTJ#4] JustDC5Chris: joined with identifiers [steam:110000147e908da; license:17cf7d256e0b2b98a8b8d7451c229b4cd73ea58d; xbl:2535448309510376; live:914801504916470; discord:823035223641686047; fivem:7644619; license2:17cf7d256e0b2b98a8b8d7451c229b4cd73ea58d]
[6:58:24 PM] [HBLTJ#5] easymoneylu: joined with identifiers [steam:110000142c1fcfc; license:fcf7687c739a0744481a29d4c71cbba9ec5cae64; xbl:2535472615004035; live:844428492441357; discord:741345247229116416; fivem:2549877; license2:036e90b4fe69bcc6cad0a290b3aac80944571a47]
[6:58:55 PM] [HBLTJ#5] easymoneylu: died from Pistol by JustDC5Chris
[7:01:50 PM] [HBLTJ#5] easymoneylu: said "/cuff"
[7:04:37 PM] [HBLTJ#4] JustDC5Chris: said "/me"
[7:04:58 PM] [HBLTJ#5] easymoneylu: died from Pistol by oriet
[7:05:53 PM] [HBLTJ#3] trist: healed player [#5] easymoneylu
[7:05:57 PM] [HBLTJ#2] Eddy_Galapagos: said "/mechmenu"
[7:05:57 PM] [HBLTJ#5] easymoneylu: died from suicide (Falling)
[7:06:03 PM] [HBLTJ#1] oriet: said "/ems revive 5"
[7:09:39 PM] [HBLTJ#6] 2PieceGlock: joined with identifiers [steam:110000109a92358; license:b50abb1da965d44247c43c56304b355c6b84c8bd; xbl:2533274861584024; live:914800551864010; discord:743604264173043822; fivem:2549879; license2:c4e0a9955cc47d6445811ae365965203381e2620]
[7:12:16 PM] [HBLTJ#4] JustDC5Chris: said "/mechanicMenu'"
[7:15:29 PM] [HBLTJ#4] JustDC5Chris: disconnected (Server shutting down: Server restarting (Tristen_Rodriguez).)
[7:15:29 PM] [HBLTJ#3] trist: disconnected (Server shutting down: Server restarting (Tristen_Rodriguez).)
[7:15:29 PM] [HBLTJ#2] Eddy_Galapagos: disconnected (Server shutting down: Server restarting (Tristen_Rodriguez).)
[7:15:29 PM] [HBLTJ#1] oriet: disconnected (Server shutting down: Server restarting (Tristen_Rodriguez).)
[7:15:29 PM] [HBLTJ#5] easymoneylu: disconnected (Server shutting down: Server restarting (Tristen_Rodriguez).)
[7:15:29 PM] [HBLTJ#6] 2PieceGlock: disconnected (Server shutting down: Server restarting (Tristen_Rodriguez).)
[7:15:35 PM] txAdmin: Logger started
[7:15:51 PM] [JBedE#1] 2PieceGlock: joined with identifiers [steam:110000109a92358; license:b50abb1da965d44247c43c56304b355c6b84c8bd; xbl:2533274861584024; live:914800551864010; discord:743604264173043822; fivem:2549879; license2:c4e0a9955cc47d6445811ae365965203381e2620]
[7:15:56 PM] [JBedE#2] oriet: joined with identifiers [license:6fe86f782b48d558b27a9a4e163d54cae806aba6; xbl:2533274829899171; live:985156248450191; discord:803069931209097217; fivem:7634620; license2:6fe86f782b48d558b27a9a4e163d54cae806aba6]
[7:15:59 PM] [JBedE#3] Eddy_Galapagos: joined with identifiers [steam:1100001046b0419; license:35c7810a0f67b382c1b40b8fcacbfd9d60e393c9; xbl:2533274894145646; live:985156417703726; discord:533928210962972673; fivem:2246200; license2:35c7810a0f67b382c1b40b8fcacbfd9d60e393c9]
[7:16:03 PM] [JBedE#4] JustDC5Chris: joined with identifiers [steam:110000147e908da; license:17cf7d256e0b2b98a8b8d7451c229b4cd73ea58d; xbl:2535448309510376; live:914801504916470; discord:823035223641686047; fivem:7644619; license2:17cf7d256e0b2b98a8b8d7451c229b4cd73ea58d]
[7:16:46 PM] [JBedE#5] easymoneylu: joined with identifiers [steam:110000142c1fcfc; license:fcf7687c739a0744481a29d4c71cbba9ec5cae64; xbl:2535472615004035; live:844428492441357; discord:741345247229116416; fivem:2549877; license2:036e90b4fe69bcc6cad0a290b3aac80944571a47]
[7:17:39 PM] [JBedE#6] trist: joined with identifiers [license:628dc61d93a30424ed1d0dfd1349167666993687; xbl:2535440257277580; live:914798168668122; discord:825590084870471730; fivem:1734549; license2:628dc61d93a30424ed1d0dfd1349167666993687]
[7:17:40 PM] [JBedE#4] JustDC5Chris: said "/me"
[7:22:28 PM] [JBedE#4] JustDC5Chris: disconnected (Game crashed: GTA5_b1604.exe!_runReaderThreadTick (0xee))
[7:23:00 PM] [JBedE#7] JustDC5Chris: joined with identifiers [steam:110000147e908da; license:17cf7d256e0b2b98a8b8d7451c229b4cd73ea58d; xbl:2535448309510376; live:914801504916470; discord:823035223641686047; fivem:7644619; license2:17cf7d256e0b2b98a8b8d7451c229b4cd73ea58d]
[7:23:32 PM] [JBedE#3] Eddy_Galapagos: said "t"
[7:27:29 PM] [JBedE#3] Eddy_Galapagos: repaired their vehicle
[7:27:40 PM] [JBedE#3] Eddy_Galapagos: repaired their vehicle
[7:27:55 PM] [JBedE#3] Eddy_Galapagos: repaired their vehicle
[7:28:34 PM] [JBedE#3] Eddy_Galapagos: triggered wild attack on [#1] 2PieceGlock
[7:28:34 PM] [JBedE#3] Eddy_Galapagos: triggered wild attack on [#1] 2PieceGlock
[7:28:34 PM] [JBedE#3] Eddy_Galapagos: triggered wild attack on [#1] 2PieceGlock
[7:28:35 PM] [JBedE#3] Eddy_Galapagos: triggered wild attack on [#1] 2PieceGlock
[7:28:35 PM] [JBedE#3] Eddy_Galapagos: triggered wild attack on [#1] 2PieceGlock
[7:28:35 PM] [JBedE#3] Eddy_Galapagos: triggered wild attack on [#1] 2PieceGlock
[7:28:35 PM] [JBedE#3] Eddy_Galapagos: triggered wild attack on [#1] 2PieceGlock
[7:28:35 PM] [JBedE#3] Eddy_Galapagos: triggered wild attack on [#1] 2PieceGlock
[7:29:04 PM] [JBedE#1] 2PieceGlock: died from Pistol by JustDC5Chris
[7:32:38 PM] [JBedE#3] Eddy_Galapagos: toggled freeze on player [#5] easymoneylu
[7:33:00 PM] [JBedE#3] Eddy_Galapagos: healed player [#7] JustDC5Chris
[7:33:08 PM] [JBedE#3] Eddy_Galapagos: teleported to player [??] unknown (x=894.066, y=8.453, z=78.195)
[7:34:21 PM] [JBedE#3] Eddy_Galapagos: said "/medkit"
[7:35:39 PM] [JBedE#1] 2PieceGlock: said "/spawn"
[7:35:58 PM] [JBedE#3] Eddy_Galapagos: toggled freeze on player [#5] easymoneylu
[7:36:01 PM] [JBedE#3] Eddy_Galapagos: triggered drunk effect on [#5] easymoneylu
[7:36:11 PM] [JBedE#3] Eddy_Galapagos: healed player [#1] 2PieceGlock
[7:36:51 PM] [JBedE#1] 2PieceGlock: died from Pistol by Eddy_Galapagos
[7:37:05 PM] [JBedE#3] Eddy_Galapagos: healed player [#1] 2PieceGlock
[7:37:51 PM] [JBedE#3] Eddy_Galapagos: repaired their vehicle
[7:41:33 PM] [JBedE#3] Eddy_Galapagos: healed player [#7] JustDC5Chris
[7:41:39 PM] [JBedE#3] Eddy_Galapagos: triggered wild attack on [#7] JustDC5Chris
[7:41:40 PM] [JBedE#3] Eddy_Galapagos: triggered wild attack on [#7] JustDC5Chris
[7:41:40 PM] [JBedE#3] Eddy_Galapagos: triggered wild attack on [#7] JustDC5Chris
[7:41:46 PM] [JBedE#7] JustDC5Chris: died from Night Stick by easymoneylu
[7:41:50 PM] [JBedE#6] trist: healed player [#3] Eddy_Galapagos
[7:41:53 PM] [JBedE#6] trist: healed player [#7] JustDC5Chris
[7:41:55 PM] [JBedE#6] trist: healed player [#7] JustDC5Chris
[7:41:55 PM] [JBedE#6] trist: healed player [#7] JustDC5Chris
[7:41:56 PM] [JBedE#3] Eddy_Galapagos: healed player [#7] JustDC5Chris
[7:41:58 PM] [JBedE#1] 2PieceGlock: died from Night Stick by easymoneylu
[7:41:58 PM] [JBedE#6] trist: healed player [#1] 2PieceGlock
[7:41:59 PM] [JBedE#6] trist: healed player [#1] 2PieceGlock
[7:41:59 PM] [JBedE#3] Eddy_Galapagos: healed player [#1] 2PieceGlock
[7:42:00 PM] [JBedE#6] trist: healed player [#1] 2PieceGlock
[7:43:04 PM] [JBedE#7] JustDC5Chris: died from suicide
[7:43:14 PM] [JBedE#3] Eddy_Galapagos: healed player [#7] JustDC5Chris
[7:43:16 PM] [JBedE#3] Eddy_Galapagos: summoned player [#7] JustDC5Chris
[7:43:40 PM] [JBedE#3] Eddy_Galapagos: repaired their vehicle
[7:43:58 PM] [JBedE#7] JustDC5Chris: died from suicide
[7:44:15 PM] [JBedE#3] Eddy_Galapagos: started spectating player [#7] JustDC5Chris
[7:44:20 PM] [JBedE#1] 2PieceGlock: died from Ranover by Vehicle by easymoneylu
[7:44:32 PM] [JBedE#3] Eddy_Galapagos: healed player [#7] JustDC5Chris
[7:44:35 PM] [JBedE#3] Eddy_Galapagos: healed player [#1] 2PieceGlock
[7:44:42 PM] [JBedE#3] Eddy_Galapagos: repaired their vehicle
[7:45:33 PM] [JBedE#5] easymoneylu: died from Pistol by Eddy_Galapagos
[7:46:03 PM] [JBedE#3] Eddy_Galapagos: said "/tx\"
[7:46:10 PM] [JBedE#3] Eddy_Galapagos: healed player [#5] easymoneylu
[7:46:18 PM] [JBedE#7] JustDC5Chris: disconnected (	[txAdmin] (eddy_galapagos) Kick reason: relog)
[7:46:34 PM] [JBedE#5] easymoneylu: disconnected (	[txAdmin] (eddy_galapagos) Kick reason: relog)
[7:46:41 PM] [JBedE#3] Eddy_Galapagos: healed player [#3] Eddy_Galapagos
[7:46:48 PM] [JBedE#8] JustDC5Chris: joined with identifiers [steam:110000147e908da; license:17cf7d256e0b2b98a8b8d7451c229b4cd73ea58d; xbl:2535448309510376; live:914801504916470; discord:823035223641686047; fivem:7644619; license2:17cf7d256e0b2b98a8b8d7451c229b4cd73ea58d]
[7:47:06 PM] [JBedE#9] easymoneylu: joined with identifiers [steam:110000142c1fcfc; license:fcf7687c739a0744481a29d4c71cbba9ec5cae64; xbl:2535472615004035; live:844428492441357; discord:741345247229116416; fivem:2549877; license2:036e90b4fe69bcc6cad0a290b3aac80944571a47]
[7:47:45 PM] [JBedE#8] JustDC5Chris: died from Fist by easymoneylu
[7:47:57 PM] [JBedE#3] Eddy_Galapagos: died from Fist by easymoneylu
[7:48:01 PM] [JBedE#3] Eddy_Galapagos: healed player [#3] Eddy_Galapagos
[7:48:07 PM] [JBedE#3] Eddy_Galapagos: healed player [#8] JustDC5Chris
[7:48:25 PM] [JBedE#3] Eddy_Galapagos: repaired their vehicle
[7:48:50 PM] [JBedE#1] 2PieceGlock: died from Pistol by JustDC5Chris
[7:49:00 PM] [JBedE#3] Eddy_Galapagos: healed player [#1] 2PieceGlock
[7:49:05 PM] [JBedE#3] Eddy_Galapagos: triggered wild attack on [#9] easymoneylu
[7:49:20 PM] [JBedE#3] Eddy_Galapagos: triggered wild attack on [#1] 2PieceGlock
[7:49:21 PM] [JBedE#3] Eddy_Galapagos: triggered wild attack on [#1] 2PieceGlock
[7:49:21 PM] [JBedE#3] Eddy_Galapagos: triggered wild attack on [#1] 2PieceGlock
[7:49:21 PM] [JBedE#3] Eddy_Galapagos: triggered wild attack on [#1] 2PieceGlock
[7:49:21 PM] [JBedE#3] Eddy_Galapagos: triggered wild attack on [#1] 2PieceGlock
[7:49:22 PM] [JBedE#3] Eddy_Galapagos: triggered wild attack on [#1] 2PieceGlock
[7:49:22 PM] [JBedE#3] Eddy_Galapagos: triggered wild attack on [#1] 2PieceGlock
[7:49:22 PM] [JBedE#3] Eddy_Galapagos: triggered wild attack on [#1] 2PieceGlock
[7:49:45 PM] [JBedE#3] Eddy_Galapagos: repaired their vehicle
[7:50:33 PM] [JBedE#3] Eddy_Galapagos: repaired their vehicle
[7:51:55 PM] [JBedE#3] Eddy_Galapagos: died from Pistol by easymoneylu
[7:52:06 PM] [JBedE#3] Eddy_Galapagos: healed player [#3] Eddy_Galapagos
[7:52:11 PM] [JBedE#3] Eddy_Galapagos: set [#9] easymoneylu on fire
[7:52:14 PM] [JBedE#9] easymoneylu: died from suicide (Fire)
[7:52:22 PM] [JBedE#3] Eddy_Galapagos: repaired their vehicle
[7:52:41 PM] [JBedE#9] easymoneylu: disconnected (Exiting)
[7:53:41 PM] [JBedE#8] JustDC5Chris: disconnected (Game crashed: GTA5_b1604.exe!_runReaderThreadTick (0xee))
[7:53:50 PM] [JBedE#1] 2PieceGlock: said "t"
[8:02:22 PM] [JBedE#10] JustDC5Chris: joined with identifiers [steam:110000147e908da; license:17cf7d256e0b2b98a8b8d7451c229b4cd73ea58d; xbl:2535448309510376; live:914801504916470; discord:823035223641686047; fivem:7644619; license2:17cf7d256e0b2b98a8b8d7451c229b4cd73ea58d]
[8:03:57 PM] [JBedE#10] JustDC5Chris: disconnected (Server->client connection timed out. Last seen 48927 msec ago.)
[8:04:37 PM] [JBedE#3] Eddy_Galapagos: deleted a vehicle
[8:04:39 PM] [JBedE#3] Eddy_Galapagos: said "tx"
[8:04:43 PM] [JBedE#3] Eddy_Galapagos: said "t"
[8:11:33 PM] [JBedE#11] JustDC5Chris: joined with identifiers [steam:110000147e908da; license:17cf7d256e0b2b98a8b8d7451c229b4cd73ea58d; xbl:2535448309510376; live:914801504916470; discord:823035223641686047; fivem:7644619; license2:17cf7d256e0b2b98a8b8d7451c229b4cd73ea58d]
[8:17:23 PM] [JBedE#3] Eddy_Galapagos: summoned player [#11] JustDC5Chris
[8:19:57 PM] [JBedE#6] trist: healed player [#3] Eddy_Galapagos
[8:20:00 PM] [JBedE#6] trist: healed player [#2] oriet
[8:20:02 PM] [JBedE#6] trist: healed player [#1] 2PieceGlock
[8:20:09 PM] [JBedE#6] trist: teleported to player [??] unknown (x=71.618, y=-1262.624, z=28.623)
[8:20:33 PM] [JBedE#6] trist: teleported to player [??] unknown (x=428.440, y=-799.833, z=29.482)
[8:23:36 PM] [JBedE#6] trist: died from suicide (Falling)
[8:23:36 PM] [JBedE#3] Eddy_Galapagos: deleted a vehicle
[8:23:48 PM] [JBedE#6] trist: healed player [#6] trist
[8:24:05 PM] [JBedE#6] trist: teleported to player [??] unknown (x=-40.510, y=-1098.185, z=26.415)
[8:24:43 PM] [JBedE#1] 2PieceGlock: died from Pistol by oriet
[8:24:54 PM] [JBedE#3] Eddy_Galapagos: healed player [#1] 2PieceGlock
[8:25:04 PM] [JBedE#1] 2PieceGlock: died from Pistol by oriet
[8:25:09 PM] [JBedE#3] Eddy_Galapagos: healed player [#1] 2PieceGlock
[8:25:21 PM] [JBedE#1] 2PieceGlock: died from Pistol by oriet
[8:25:27 PM] [JBedE#3] Eddy_Galapagos: healed player [#1] 2PieceGlock
[8:27:45 PM] [JBedE#3] Eddy_Galapagos: deleted a vehicle
[8:28:09 PM] [JBedE#2] oriet: died from Bat by JustDC5Chris
[8:28:35 PM] [JBedE#1] 2PieceGlock: died from Bat by JustDC5Chris
[8:28:51 PM] [JBedE#3] Eddy_Galapagos: healed player [#1] 2PieceGlock
[8:28:54 PM] [JBedE#3] Eddy_Galapagos: healed player [#2] oriet
[8:29:03 PM] [JBedE#2] oriet: died from Fist by 2PieceGlock
[8:29:07 PM] [JBedE#1] 2PieceGlock: died from Bat by JustDC5Chris
[8:31:33 PM] [JBedE#11] JustDC5Chris: died from Pistol by Eddy_Galapagos
[8:31:38 PM] [JBedE#1] 2PieceGlock: disconnected (Server shutting down: Server restarting (Tristen_Rodriguez).)
[8:31:38 PM] [JBedE#3] Eddy_Galapagos: disconnected (Server shutting down: Server restarting (Tristen_Rodriguez).)
[8:31:38 PM] [JBedE#2] oriet: disconnected (Server shutting down: Server restarting (Tristen_Rodriguez).)
[8:31:38 PM] [JBedE#6] trist: disconnected (Server shutting down: Server restarting (Tristen_Rodriguez).)
[8:31:38 PM] [JBedE#11] JustDC5Chris: disconnected (Server shutting down: Server restarting (Tristen_Rodriguez).)
[8:31:44 PM] txAdmin: Logger started
[8:32:02 PM] [W4gHf#1] 2PieceGlock: joined with identifiers [steam:110000109a92358; license:b50abb1da965d44247c43c56304b355c6b84c8bd; xbl:2533274861584024; live:914800551864010; discord:743604264173043822; fivem:2549879; license2:c4e0a9955cc47d6445811ae365965203381e2620]
[8:32:05 PM] [W4gHf#2] oriet: joined with identifiers [license:6fe86f782b48d558b27a9a4e163d54cae806aba6; xbl:2533274829899171; live:985156248450191; discord:803069931209097217; fivem:7634620; license2:6fe86f782b48d558b27a9a4e163d54cae806aba6]
[8:32:10 PM] [W4gHf#3] JustDC5Chris: joined with identifiers [steam:110000147e908da; license:17cf7d256e0b2b98a8b8d7451c229b4cd73ea58d; xbl:2535448309510376; live:914801504916470; discord:823035223641686047; fivem:7644619; license2:17cf7d256e0b2b98a8b8d7451c229b4cd73ea58d]
[8:32:18 PM] [W4gHf#4] Eddy_Galapagos: joined with identifiers [steam:1100001046b0419; license:35c7810a0f67b382c1b40b8fcacbfd9d60e393c9; xbl:2533274894145646; live:985156417703726; discord:533928210962972673; fivem:2246200; license2:35c7810a0f67b382c1b40b8fcacbfd9d60e393c9]
[8:33:07 PM] [W4gHf#3] JustDC5Chris: died from suicide (Falling)
[8:33:26 PM] [W4gHf#4] Eddy_Galapagos: healed player [#3] JustDC5Chris
[8:35:55 PM] [W4gHf#3] JustDC5Chris: died from Bat by oriet
[8:36:08 PM] [W4gHf#4] Eddy_Galapagos: healed player [#3] JustDC5Chris
[8:44:41 PM] [W4gHf#4] Eddy_Galapagos: died from suicide (Pistol)
[8:44:57 PM] [W4gHf#3] JustDC5Chris: died from suicide (Pistol)
[8:45:07 PM] [W4gHf#4] Eddy_Galapagos: healed player [#4] Eddy_Galapagos
[8:45:09 PM] [W4gHf#4] Eddy_Galapagos: healed player [#3] JustDC5Chris
[8:45:15 PM] [W4gHf#1] 2PieceGlock: died from suicide (Pistol)
[8:45:35 PM] [W4gHf#4] Eddy_Galapagos: healed player [#1] 2PieceGlock
[8:46:07 PM] [W4gHf#4] Eddy_Galapagos: repaired their vehicle
[8:46:48 PM] [W4gHf#3] JustDC5Chris: disconnected (Game crashed: GTA5_b1604.exe!_runReaderThreadTick (0xee))
[8:46:59 PM] [W4gHf#2] oriet: died from suicide (Animal)
[8:47:14 PM] [W4gHf#5] JustDC5Chris: joined with identifiers [steam:110000147e908da; license:17cf7d256e0b2b98a8b8d7451c229b4cd73ea58d; xbl:2535448309510376; live:914801504916470; discord:823035223641686047; fivem:7644619; license2:17cf7d256e0b2b98a8b8d7451c229b4cd73ea58d]
[8:47:23 PM] [W4gHf#1] 2PieceGlock: died from suicide (Pistol)
[8:47:33 PM] [W4gHf#4] Eddy_Galapagos: died from suicide (Pistol)
[8:47:52 PM] [W4gHf#4] Eddy_Galapagos: healed player [#1] 2PieceGlock
[8:47:55 PM] [W4gHf#4] Eddy_Galapagos: healed player [#2] oriet
[8:47:57 PM] [W4gHf#4] Eddy_Galapagos: healed player [#4] Eddy_Galapagos
[8:48:23 PM] [W4gHf#5] JustDC5Chris: died from Pistol by 2PieceGlock
[8:49:07 PM] [W4gHf#4] Eddy_Galapagos: healed player [#5] JustDC5Chris
[8:50:12 PM] [W4gHf#1] 2PieceGlock: died from suicide (Pistol)
[8:50:34 PM] [W4gHf#5] JustDC5Chris: died from suicide (Animal)
[8:50:35 PM] [W4gHf#4] Eddy_Galapagos: healed player [#1] 2PieceGlock
[8:50:39 PM] [W4gHf#4] Eddy_Galapagos: healed player [#5] JustDC5Chris
[8:50:41 PM] [W4gHf#4] Eddy_Galapagos: healed player [#4] Eddy_Galapagos
[8:50:46 PM] [W4gHf#4] Eddy_Galapagos: healed player [#2] oriet
[8:51:17 PM] [W4gHf#2] oriet: died from suicide (Pistol)
[8:51:23 PM] [W4gHf#4] Eddy_Galapagos: healed player [#2] oriet
[8:51:26 PM] [W4gHf#4] Eddy_Galapagos: summoned player [#5] JustDC5Chris
[8:51:37 PM] [W4gHf#2] oriet: died from suicide (Pistol)
[8:51:50 PM] [W4gHf#4] Eddy_Galapagos: healed player [#2] oriet
[8:51:54 PM] [W4gHf#4] Eddy_Galapagos: teleported to player [??] unknown (x=80.479, y=-1920.000, z=20.434)
[8:52:03 PM] [W4gHf#4] Eddy_Galapagos: summoned player [#5] JustDC5Chris
[8:52:08 PM] [W4gHf#2] oriet: caused an explosion (BIKE)
[8:52:08 PM] [W4gHf#2] oriet: died from suicide (Explosion)
[8:52:16 PM] [W4gHf#2] oriet: caused an explosion (CAR)
[8:55:50 PM] [W4gHf#2] oriet: disconnected (Exiting)
[8:57:13 PM] [W4gHf#5] JustDC5Chris: disconnected (Game crashed: GTA5_b1604.exe!_runReaderThreadTick (0xee))
[9:00:20 PM] [W4gHf#1] 2PieceGlock: disconnected (Exiting)
[9:00:26 PM] [W4gHf#4] Eddy_Galapagos: disconnected (Disconnected.)
[9:16:22 PM] [W4gHf#6] trist: joined with identifiers [license:628dc61d93a30424ed1d0dfd1349167666993687; xbl:2535440257277580; live:914798168668122; discord:825590084870471730; fivem:1734549; license2:628dc61d93a30424ed1d0dfd1349167666993687]
[9:18:18 PM] [W4gHf#7] JustDC5Chris: joined with identifiers [steam:110000147e908da; license:17cf7d256e0b2b98a8b8d7451c229b4cd73ea58d; xbl:2535448309510376; live:914801504916470; discord:823035223641686047; fivem:7644619; license2:17cf7d256e0b2b98a8b8d7451c229b4cd73ea58d]
[9:22:16 PM] [W4gHf#8] 2PieceGlock: joined with identifiers [steam:110000109a92358; license:b50abb1da965d44247c43c56304b355c6b84c8bd; xbl:2533274861584024; live:914800551864010; discord:743604264173043822; fivem:2549879; license2:c4e0a9955cc47d6445811ae365965203381e2620]
[9:24:12 PM] [W4gHf#7] JustDC5Chris: died from Pistol by trist
[9:29:42 PM] [W4gHf#9] Eddy_Galapagos: joined with identifiers [steam:1100001046b0419; license:35c7810a0f67b382c1b40b8fcacbfd9d60e393c9; xbl:2533274894145646; live:985156417703726; discord:533928210962972673; fivem:2246200; license2:35c7810a0f67b382c1b40b8fcacbfd9d60e393c9]
[9:29:54 PM] txAdmin: Logger started
[9:30:28 PM] [9nxLq#1] Eddy_Galapagos: joined with identifiers [steam:1100001046b0419; license:35c7810a0f67b382c1b40b8fcacbfd9d60e393c9; xbl:2533274894145646; live:985156417703726; discord:533928210962972673; fivem:2246200; license2:35c7810a0f67b382c1b40b8fcacbfd9d60e393c9]
[9:30:32 PM] [9nxLq#2] trist: joined with identifiers [license:628dc61d93a30424ed1d0dfd1349167666993687; xbl:2535440257277580; live:914798168668122; discord:825590084870471730; fivem:1734549; license2:628dc61d93a30424ed1d0dfd1349167666993687]
[9:30:45 PM] [9nxLq#2] trist: disconnected (Game crashed: gta-net-five.dll!SendGameEventRaw (0x80))
[9:31:26 PM] [9nxLq#3] trist: joined with identifiers [license:628dc61d93a30424ed1d0dfd1349167666993687; xbl:2535440257277580; live:914798168668122; discord:825590084870471730; fivem:1734549; license2:628dc61d93a30424ed1d0dfd1349167666993687]
[9:34:12 PM] [9nxLq#1] Eddy_Galapagos: teleported to player [??] unknown (x=259.029, y=-1358.993, z=24.528)
[9:45:50 PM] [9nxLq#1] Eddy_Galapagos: disconnected (Server shutting down: Server restarting (Tristen_Rodriguez).)
[9:45:50 PM] [9nxLq#3] trist: disconnected (Server shutting down: Server restarting (Tristen_Rodriguez).)
[9:45:56 PM] txAdmin: Logger started
[9:47:21 PM] txAdmin: Logger started
[9:47:38 PM] [PyCyD#1] trist: joined with identifiers [license:628dc61d93a30424ed1d0dfd1349167666993687; xbl:2535440257277580; live:914798168668122; discord:825590084870471730; fivem:1734549; license2:628dc61d93a30424ed1d0dfd1349167666993687]
[9:54:10 PM] [PyCyD#1] trist: disconnected (Server shutting down: Server restarting (Tristen_Rodriguez).)
[9:54:15 PM] txAdmin: Logger started
[9:54:35 PM] [NUGdk#1] trist: joined with identifiers [license:628dc61d93a30424ed1d0dfd1349167666993687; xbl:2535440257277580; live:914798168668122; discord:825590084870471730; fivem:1734549; license2:628dc61d93a30424ed1d0dfd1349167666993687]
[10:05:31 PM] txAdmin: Logger started
[10:12:25 PM] txAdmin: Logger started
[10:12:31 PM] [kJgi6#1] trist: joined with identifiers [license:628dc61d93a30424ed1d0dfd1349167666993687; xbl:2535440257277580; live:914798168668122; discord:825590084870471730; fivem:1734549; license2:628dc61d93a30424ed1d0dfd1349167666993687]
[10:20:07 PM] txAdmin: Logger started
[10:21:39 PM] txAdmin: Logger started
[10:26:09 PM] [Xz7Wg#1] trist: joined with identifiers [license:628dc61d93a30424ed1d0dfd1349167666993687; xbl:2535440257277580; live:914798168668122; discord:825590084870471730; fivem:1734549; license2:628dc61d93a30424ed1d0dfd1349167666993687]
[10:31:27 PM] [Xz7Wg#1] trist: disconnected (Server shutting down: Server restarting (Tristen_Rodriguez).)
[10:31:33 PM] txAdmin: Logger started
[10:32:02 PM] [HdxjK#1] trist: joined with identifiers [license:628dc61d93a30424ed1d0dfd1349167666993687; xbl:2535440257277580; live:914798168668122; discord:825590084870471730; fivem:1734549; license2:628dc61d93a30424ed1d0dfd1349167666993687]
[10:37:21 PM] txAdmin: Logger started
[10:37:48 PM] [XfAjM#1] trist: joined with identifiers [license:628dc61d93a30424ed1d0dfd1349167666993687; xbl:2535440257277580; live:914798168668122; discord:825590084870471730; fivem:1734549; license2:628dc61d93a30424ed1d0dfd1349167666993687]
[10:39:59 PM] txAdmin: Logger started
[10:40:58 PM] [yqtyT#1] trist: joined with identifiers [license:628dc61d93a30424ed1d0dfd1349167666993687; xbl:2535440257277580; live:914798168668122; discord:825590084870471730; fivem:1734549; license2:628dc61d93a30424ed1d0dfd1349167666993687]
[10:43:08 PM] txAdmin: Logger started
[10:43:15 PM] txAdmin: Logger started
[10:48:41 PM] [XJCkM#1] trist: joined with identifiers [license:628dc61d93a30424ed1d0dfd1349167666993687; xbl:2535440257277580; live:914798168668122; discord:825590084870471730; fivem:1734549; license2:628dc61d93a30424ed1d0dfd1349167666993687]
[10:55:17 PM] txAdmin: Logger started
[10:55:38 PM] [C6xba#1] trist: joined with identifiers [license:628dc61d93a30424ed1d0dfd1349167666993687; xbl:2535440257277580; live:914798168668122; discord:825590084870471730; fivem:1734549; license2:628dc61d93a30424ed1d0dfd1349167666993687]
[11:01:01 PM] txAdmin: Logger started
[11:01:17 PM] [CzhGR#1] trist: joined with identifiers [license:628dc61d93a30424ed1d0dfd1349167666993687; xbl:2535440257277580; live:914798168668122; discord:825590084870471730; fivem:1734549; license2:628dc61d93a30424ed1d0dfd1349167666993687]
[11:05:01 PM] [CzhGR#1] trist: disconnected (Server shutting down: Server restarting (Tristen_Rodriguez).)
[11:05:06 PM] txAdmin: Logger started
[11:05:24 PM] [g9RfL#1] trist: joined with identifiers [license:628dc61d93a30424ed1d0dfd1349167666993687; xbl:2535440257277580; live:914798168668122; discord:825590084870471730; fivem:1734549; license2:628dc61d93a30424ed1d0dfd1349167666993687]
[11:10:35 PM] [g9RfL#1] trist: disconnected (Server shutting down: Server restarting (Tristen_Rodriguez).)
[11:10:41 PM] txAdmin: Logger started
[11:10:56 PM] [jWqCX#1] trist: joined with identifiers [license:628dc61d93a30424ed1d0dfd1349167666993687; xbl:2535440257277580; live:914798168668122; discord:825590084870471730; fivem:1734549; license2:628dc61d93a30424ed1d0dfd1349167666993687]
[11:12:51 PM] [jWqCX#1] trist: disconnected (Server shutting down: Server restarting (Tristen_Rodriguez).)
[11:12:56 PM] txAdmin: Logger started
[11:13:14 PM] [8MRx7#1] trist: joined with identifiers [license:628dc61d93a30424ed1d0dfd1349167666993687; xbl:2535440257277580; live:914798168668122; discord:825590084870471730; fivem:1734549; license2:628dc61d93a30424ed1d0dfd1349167666993687]
[11:20:11 PM] txAdmin: Logger started
[11:21:27 PM] [Ychn3#1] trist: joined with identifiers [license:628dc61d93a30424ed1d0dfd1349167666993687; xbl:2535440257277580; live:914798168668122; discord:825590084870471730; fivem:1734549; license2:628dc61d93a30424ed1d0dfd1349167666993687]
[11:24:18 PM] [Ychn3#1] trist: disconnected (Server shutting down: Server restarting (Tristen_Rodriguez).)
[11:24:24 PM] txAdmin: Logger started
[11:24:49 PM] [Wt6Di#1] trist: joined with identifiers [license:628dc61d93a30424ed1d0dfd1349167666993687; xbl:2535440257277580; live:914798168668122; discord:825590084870471730; fivem:1734549; license2:628dc61d93a30424ed1d0dfd1349167666993687]
[11:31:33 PM] txAdmin: Logger started
[11:34:46 PM] [n3NQG#1] trist: joined with identifiers [license:628dc61d93a30424ed1d0dfd1349167666993687; xbl:2535440257277580; live:914798168668122; discord:825590084870471730; fivem:1734549; license2:628dc61d93a30424ed1d0dfd1349167666993687]
[11:44:01 PM] txAdmin: Logger started
[11:45:50 PM] [m84Eh#1] trist: joined with identifiers [license:628dc61d93a30424ed1d0dfd1349167666993687; xbl:2535440257277580; live:914798168668122; discord:825590084870471730; fivem:1734549; license2:628dc61d93a30424ed1d0dfd1349167666993687]
[11:52:15 PM] txAdmin: Logger started
[11:52:37 PM] [VjFW9#1] trist: joined with identifiers [license:628dc61d93a30424ed1d0dfd1349167666993687; xbl:2535440257277580; live:914798168668122; discord:825590084870471730; fivem:1734549; license2:628dc61d93a30424ed1d0dfd1349167666993687]
[11:55:44 PM] [VjFW9#1] trist: disconnected (Server shutting down: Server restarting (Tristen_Rodriguez).)
[11:55:49 PM] txAdmin: Logger started
[11:56:52 PM] [YHNBG#1] trist: joined with identifiers [license:628dc61d93a30424ed1d0dfd1349167666993687; xbl:2535440257277580; live:914798168668122; discord:825590084870471730; fivem:1734549; license2:628dc61d93a30424ed1d0dfd1349167666993687]
[11:57:58 PM] txAdmin: Logger started
[11:58:39 PM] [RVTHQ#1] trist: joined with identifiers [license:628dc61d93a30424ed1d0dfd1349167666993687; xbl:2535440257277580; live:914798168668122; discord:825590084870471730; fivem:1734549; license2:628dc61d93a30424ed1d0dfd1349167666993687]
